 line   address	contents
    1                      ; Linked by DLX-LD.
    2                      ; MemSize 24576
    3                      ; Data size: 238
    4                      ; Text size: 4740
    5                      ; Stack size: 8192
    6  00000000          	.text 0x1000
    7  00001000          	.data 0x3000
    8                      ; Compiled by GCC
    9  00003000          	.text
   10  00001000          	.align 2
   11  00001000          	.proc _isspace
   12  00001000          	.global _isspace
   13  00001000          	_isspace:
   14                      ;  Function 'isspace'; 0 bytes of locals, 1 regs to save.
   15  00001000  afbefffc	sw	-4(r29),r30; push fp
   16  00001004  001df020	add	r30,r0,r29; fp = sp
   17  00001008  afbffff8	sw	-8(r29),r31; push ret addr
   18  0000100c  2fbd0010	subui	r29,r29,#16; alloc local storage
   19  00001010  afa20000	sw	0(r29),r2
   20  00001014  83c20003	lb	r2,3(r30)
   21  00001018  201f0000	addi	r31,r0,#0
   22  0000101c  304100ff	andi	r1,r2,#0x00ff
   23  00001020  60210020	seqi	r1,r1,#32
   24  00001024  14200018	bnez	r1,L6_LF0
   25  00001028  54000000	nop; not filled.
   26  0000102c  2041fff7	addi	r1,r2,#-9
   27  00001030  302100ff	andi	r1,r1,#0x00ff
   28  00001034  70210001	sleui	r1,r1,#1
   29  00001038  10200008	beqz	r1,L5_LF0
   30  0000103c  54000000	nop; not filled.
   31  00001040          	L6_LF0:
   32  00001040  201f0001	addi	r31,r0,#1
   33  00001044          	L5_LF0:
   34  00001044  001f0820	add	r1,r0,r31
   35  00001048  8fa20000	lw	r2,0(r29)
   36  0000104c  8fdffff8	lw	r31,-8(r30)
   37  00001050  001ee820	add	r29,r0,r30
   38  00001054  8fdefffc	lw	r30,-4(r30)
   39  00001058  4be00000	jr	r31
   40  0000105c  54000000	nop
   41  00001060          	.endproc _isspace
   42  00001060          	.align 2
   43  00001060          	.proc _isxdigit
   44  00001060          	.global _isxdigit
   45  00001060          	_isxdigit:
   46                      ;  Function 'isxdigit'; 0 bytes of locals, 1 regs to save.
   47  00001060  afbefffc	sw	-4(r29),r30; push fp
   48  00001064  001df020	add	r30,r0,r29; fp = sp
   49  00001068  afbffff8	sw	-8(r29),r31; push ret addr
   50  0000106c  2fbd0010	subui	r29,r29,#16; alloc local storage
   51  00001070  afa20000	sw	0(r29),r2
   52  00001074  83df0003	lb	r31,3(r30)
   53  00001078  20020000	addi	r2,r0,#0
   54  0000107c  23e1ffd0	addi	r1,r31,#-48
   55  00001080  302100ff	andi	r1,r1,#0x00ff
   56  00001084  70210009	sleui	r1,r1,#9
   57  00001088  14200028	bnez	r1,L12_LF0
   58  0000108c  54000000	nop; not filled.
   59  00001090  23e1ff9f	addi	r1,r31,#-97
   60  00001094  302100ff	andi	r1,r1,#0x00ff
   61  00001098  70210005	sleui	r1,r1,#5
   62  0000109c  14200014	bnez	r1,L12_LF0
   63  000010a0  54000000	nop; not filled.
   64  000010a4  33e100ff	andi	r1,r31,#0x00ff
   65  000010a8  64210041	snei	r1,r1,#65
   66  000010ac  14200008	bnez	r1,L11_LF0
   67  000010b0  54000000	nop; not filled.
   68  000010b4          	L12_LF0:
   69  000010b4  20020001	addi	r2,r0,#1
   70  000010b8          	L11_LF0:
   71  000010b8  00020820	add	r1,r0,r2
   72  000010bc  8fa20000	lw	r2,0(r29)
   73  000010c0  8fdffff8	lw	r31,-8(r30)
   74  000010c4  001ee820	add	r29,r0,r30
   75  000010c8  8fdefffc	lw	r30,-4(r30)
   76  000010cc  4be00000	jr	r31
   77  000010d0  54000000	nop
   78  000010d4          	.endproc _isxdigit
   79  000010d4          	.data
   80  00003000          	.align 2
   81  00003000          	LC0_LF0:
   82  00003000  55736167	.ascii "Usage:\000"
   82  00003004  653a00  	
   83  00003007          	.align 2
   84  00003008          	LC1_LF0:
   85  00003008  25642000	.ascii "%d \000"
   86  0000300c          	.align 2
   87  0000300c          	LC2_LF0:
   88  0000300c  203c6861	.ascii " <handle_to_shared_memory_page> <handle_to_page_mapped_semaphore>\n\000"
   88  00003010  6e646c65	
   88  00003014  5f746f5f	
   88  00003018  73686172	
   88  0000301c  65645f6d	
   88  00003020  656d6f72	
   88  00003024  795f7061	
   88  00003028  67653e20	
   88  0000302c  3c68616e	
   88  00003030  646c655f	
   88  00003034  746f5f70	
   88  00003038  6167655f	
   88  0000303c  6d617070	
   88  00003040  65645f73	
   88  00003044  656d6170	
   88  00003048  686f7265	
   88  0000304c  3e0a00  	
   89  0000304f          	.align 2
   90  00003050          	LC3_LF0:
   91  00003050  42616420	.ascii "Bad sem_create in \000"
   91  00003054  73656d5f	
   91  00003058  63726561	
   91  0000305c  74652069	
   91  00003060  6e2000  	
   92  00003063          	.align 2
   93  00003064          	LC4_LF0:
   94  00003064  0a00    	.ascii "\n\000"
   95  00003066          	.align 2
   96  00003068          	LC5_LF0:
   97  00003068  436f756c	.ascii "Could not send message to mailbox %d in %s (%d)\n\000"
   97  0000306c  64206e6f	
   97  00003070  74207365	
   97  00003074  6e64206d	
   97  00003078  65737361	
   97  0000307c  67652074	
   97  00003080  6f206d61	
   97  00003084  696c626f	
   97  00003088  78202564	
   97  0000308c  20696e20	
   97  00003090  25732028	
   97  00003094  2564290a	
   97  00003098  00      	
   98  00003099          	.align 2
   99  0000309c          	LC6_LF0:
  100  0000309c  496e6a65	.ascii "Injection: NO PID %d\n\000"
  100  000030a0  6374696f	
  100  000030a4  6e3a204e	
  100  000030a8  4f205049	
  100  000030ac  44202564	
  100  000030b0  0a00    	
  101  000030b2          	.align 2
  102  000030b4          	LC7_LF0:
  103  000030b4  42616420	.ascii "Bad semaphore s_procs_completed (%d) in \000"
  103  000030b8  73656d61	
  103  000030bc  70686f72	
  103  000030c0  6520735f	
  103  000030c4  70726f63	
  103  000030c8  735f636f	
  103  000030cc  6d706c65	
  103  000030d0  74656420	
  103  000030d4  28256429	
  103  000030d8  20696e20	
  103  000030dc  00      	
  104  000030dd          	.align 2
  105  000030e0          	LC8_LF0:
  106  000030e0  2c206578	.ascii ", exiting...\n\000"
  106  000030e4  6974696e	
  106  000030e8  672e2e2e	
  106  000030ec  0a00    	
  107  000030ee          	.text
  108  000010d4          	.align 2
  109  000010d4          	.proc _main
  110  000010d4          	.global _main
  111  000010d4          	_main:
  112                      ;  Function 'main'; 8 bytes of locals, 0 regs to save.
  113  000010d4  afbefffc	sw	-4(r29),r30; push fp
  114  000010d8  001df020	add	r30,r0,r29; fp = sp
  115  000010dc  afbffff8	sw	-8(r29),r31; push ret addr
  116  000010e0  2fbd0010	subui	r29,r29,#16; alloc local storage
  117  000010e4  8fc20000	lw	r2,(r30)
  118  000010e8  8fc30004	lw	r3,4(r30)
  119  000010ec  0c00118c	jal	___main
  120  000010f0  54000000	nop; not filled.
  121  000010f4  0c0002e0	jal	_getpid
  122  000010f8  54000000	nop; not filled.
  123  000010fc  afc1fff4	sw	-12(r30),r1
  124  00001100  64410003	snei	r1,r2,#3
  125  00001104  10200064	beqz	r1,L14_LF0
  126  00001108  54000000	nop; not filled.
  127  0000110c  23bdfff8	addi	r29,r29,#-8
  128  00001110  3c050000	lhi	r5,((LC0_LF0)>>16)&0xffff
  129  00001114  24a53000	addui	r5,r5,(LC0_LF0)&0xffff
  130  00001118  afa50000	sw	(r29),r5
  131  0000111c  0c0002ac	jal	_Printf
  132  00001120  54000000	nop; not filled.
  133  00001124  3c050000	lhi	r5,((LC1_LF0)>>16)&0xffff
  134  00001128  24a53008	addui	r5,r5,(LC1_LF0)&0xffff
  135  0000112c  afa50000	sw	(r29),r5
  136  00001130  afa20004	sw	4(r29),r2
  137  00001134  0c000294	jal	_Printf
  138  00001138  54000000	nop; not filled.
  139  0000113c  8c650000	lw	r5,(r3)
  140  00001140  afa50000	sw	(r29),r5
  141  00001144  0c000284	jal	_Printf
  142  00001148  54000000	nop; not filled.
  143  0000114c  3c050000	lhi	r5,((LC2_LF0)>>16)&0xffff
  144  00001150  24a5300c	addui	r5,r5,(LC2_LF0)&0xffff
  145  00001154  afa50000	sw	(r29),r5
  146  00001158  0c000270	jal	_Printf
  147  0000115c  54000000	nop; not filled.
  148  00001160  0c000370	jal	_Exit
  149  00001164  54000000	nop; not filled.
  150  00001168  23bd0008	addi	r29,r29,#8
  151  0000116c          	L14_LF0:
  152  0000116c  23bdfff0	addi	r29,r29,#-16
  153  00001170  8c650004	lw	r5,4(r3)
  154  00001174  afa50000	sw	(r29),r5
  155  00001178  20050000	addi	r5,r0,#0
  156  0000117c  afa50004	sw	4(r29),r5
  157  00001180  2005000a	addi	r5,r0,#10
  158  00001184  afa50008	sw	8(r29),r5
  159  00001188  0c000bf4	jal	_dstrtol
  160  0000118c  54000000	nop; not filled.
  161  00001190  00011020	add	r2,r0,r1
  162  00001194  8c650008	lw	r5,8(r3)
  163  00001198  afa50000	sw	(r29),r5
  164  0000119c  20050000	addi	r5,r0,#0
  165  000011a0  afa50004	sw	4(r29),r5
  166  000011a4  2005000a	addi	r5,r0,#10
  167  000011a8  afa50008	sw	8(r29),r5
  168  000011ac  0c000bd0	jal	_dstrtol
  169  000011b0  54000000	nop; not filled.
  170  000011b4  00012020	add	r4,r0,r1
  171  000011b8  afa20000	sw	(r29),r2
  172  000011bc  0c0002cc	jal	_mbox_open
  173  000011c0  54000000	nop; not filled.
  174  000011c4  23bd0010	addi	r29,r29,#16
  175  000011c8  6021ffff	seqi	r1,r1,#-1
  176  000011cc  1020004c	beqz	r1,L15_LF0
  177  000011d0  54000000	nop; not filled.
  178  000011d4  23bdfff8	addi	r29,r29,#-8
  179  000011d8  3c050000	lhi	r5,((LC3_LF0)>>16)&0xffff
  180  000011dc  24a53050	addui	r5,r5,(LC3_LF0)&0xffff
  181  000011e0  afa50000	sw	(r29),r5
  182  000011e4  0c0001e4	jal	_Printf
  183  000011e8  54000000	nop; not filled.
  184  000011ec  8c650000	lw	r5,(r3)
  185  000011f0  afa50000	sw	(r29),r5
  186  000011f4  0c0001d4	jal	_Printf
  187  000011f8  54000000	nop; not filled.
  188  000011fc  3c050000	lhi	r5,((LC4_LF0)>>16)&0xffff
  189  00001200  24a53064	addui	r5,r5,(LC4_LF0)&0xffff
  190  00001204  afa50000	sw	(r29),r5
  191  00001208  0c0001c0	jal	_Printf
  192  0000120c  54000000	nop; not filled.
  193  00001210  0c0002c0	jal	_Exit
  194  00001214  54000000	nop; not filled.
  195  00001218  23bd0008	addi	r29,r29,#8
  196  0000121c          	L15_LF0:
  197  0000121c  23bdfff0	addi	r29,r29,#-16
  198  00001220  afa20000	sw	(r29),r2
  199  00001224  20050004	addi	r5,r0,#4
  200  00001228  afa50004	sw	4(r29),r5
  201  0000122c  23c1fff4	addi	r1,r30,#-12
  202  00001230  afa10008	sw	8(r29),r1
  203  00001234  0c00026c	jal	_mbox_send
  204  00001238  54000000	nop; not filled.
  205  0000123c  23bd0010	addi	r29,r29,#16
  206  00001240  6021ffff	seqi	r1,r1,#-1
  207  00001244  10200040	beqz	r1,L16_LF0
  208  00001248  54000000	nop; not filled.
  209  0000124c  0c000188	jal	_getpid
  210  00001250  54000000	nop; not filled.
  211  00001254  23bdfff0	addi	r29,r29,#-16
  212  00001258  3c050000	lhi	r5,((LC5_LF0)>>16)&0xffff
  213  0000125c  24a53068	addui	r5,r5,(LC5_LF0)&0xffff
  214  00001260  afa50000	sw	(r29),r5
  215  00001264  afa20004	sw	4(r29),r2
  216  00001268  8c650000	lw	r5,(r3)
  217  0000126c  afa50008	sw	8(r29),r5
  218  00001270  afa1000c	sw	12(r29),r1
  219  00001274  0c000154	jal	_Printf
  220  00001278  54000000	nop; not filled.
  221  0000127c  0c000254	jal	_Exit
  222  00001280  54000000	nop; not filled.
  223  00001284  23bd0010	addi	r29,r29,#16
  224  00001288          	L16_LF0:
  225  00001288  0c00014c	jal	_getpid
  226  0000128c  54000000	nop; not filled.
  227  00001290  23bdfff8	addi	r29,r29,#-8
  228  00001294  3c050000	lhi	r5,((LC6_LF0)>>16)&0xffff
  229  00001298  24a5309c	addui	r5,r5,(LC6_LF0)&0xffff
  230  0000129c  afa50000	sw	(r29),r5
  231  000012a0  afa10004	sw	4(r29),r1
  232  000012a4  0c000124	jal	_Printf
  233  000012a8  54000000	nop; not filled.
  234  000012ac  afa20000	sw	(r29),r2
  235  000012b0  0c0001e4	jal	_mbox_close
  236  000012b4  54000000	nop; not filled.
  237  000012b8  23bd0008	addi	r29,r29,#8
  238  000012bc  6021ffff	seqi	r1,r1,#-1
  239  000012c0  1020004c	beqz	r1,L17_LF0
  240  000012c4  54000000	nop; not filled.
  241  000012c8  23bdfff8	addi	r29,r29,#-8
  242  000012cc  3c050000	lhi	r5,((LC3_LF0)>>16)&0xffff
  243  000012d0  24a53050	addui	r5,r5,(LC3_LF0)&0xffff
  244  000012d4  afa50000	sw	(r29),r5
  245  000012d8  0c0000f0	jal	_Printf
  246  000012dc  54000000	nop; not filled.
  247  000012e0  8c650000	lw	r5,(r3)
  248  000012e4  afa50000	sw	(r29),r5
  249  000012e8  0c0000e0	jal	_Printf
  250  000012ec  54000000	nop; not filled.
  251  000012f0  3c050000	lhi	r5,((LC4_LF0)>>16)&0xffff
  252  000012f4  24a53064	addui	r5,r5,(LC4_LF0)&0xffff
  253  000012f8  afa50000	sw	(r29),r5
  254  000012fc  0c0000cc	jal	_Printf
  255  00001300  54000000	nop; not filled.
  256  00001304  0c0001cc	jal	_Exit
  257  00001308  54000000	nop; not filled.
  258  0000130c  23bd0008	addi	r29,r29,#8
  259  00001310          	L17_LF0:
  260  00001310  23bdfff8	addi	r29,r29,#-8
  261  00001314  afa40000	sw	(r29),r4
  262  00001318  0c000104	jal	_sem_signal
  263  0000131c  54000000	nop; not filled.
  264  00001320  23bd0008	addi	r29,r29,#8
  265  00001324  64210001	snei	r1,r1,#1
  266  00001328  10200050	beqz	r1,L18_LF0
  267  0000132c  54000000	nop; not filled.
  268  00001330  23bdfff8	addi	r29,r29,#-8
  269  00001334  3c050000	lhi	r5,((LC7_LF0)>>16)&0xffff
  270  00001338  24a530b4	addui	r5,r5,(LC7_LF0)&0xffff
  271  0000133c  afa50000	sw	(r29),r5
  272  00001340  afa40004	sw	4(r29),r4
  273  00001344  0c000084	jal	_Printf
  274  00001348  54000000	nop; not filled.
  275  0000134c  8c630000	lw	r3,(r3)
  276  00001350  afa30000	sw	(r29),r3
  277  00001354  0c000074	jal	_Printf
  278  00001358  54000000	nop; not filled.
  279  0000135c  3c050000	lhi	r5,((LC8_LF0)>>16)&0xffff
  280  00001360  24a530e0	addui	r5,r5,(LC8_LF0)&0xffff
  281  00001364  afa50000	sw	(r29),r5
  282  00001368  0c000060	jal	_Printf
  283  0000136c  54000000	nop; not filled.
  284  00001370  0c000160	jal	_Exit
  285  00001374  54000000	nop; not filled.
  286  00001378  23bd0008	addi	r29,r29,#8
  287  0000137c          	L18_LF0:
  288  0000137c  0c000ef0	jal	_exit
  289  00001380  54000000	nop
  290  00001384          	.endproc _main
  291                      ;;;
  292                      ;;; Stub functions for DLX traps.
  293                      ;;;
  294                      ;;; Ethan L. Miller, 1999.  Released to the public domain.
  295                      ;;;
  296                      ;;; The traps such as Open and Close
  297                      ;;; (note the capital letters) are for use by user programs.  The traps
  298                      ;;; with names such as open and close (lower case) are for use by the OS.
  299                      ;;;
  302  00001384          	.align 2
  304                      ;;; The following are the traps to be used by user-level programs
  305                      ;;;
  307  00001384          	.align 2
  308  00001384          	.proc _Open
  309  00001384          	.global _Open
  310  00001384          	_Open:
  311                      ;;; Note that trap #0x213 actually causes a trap vector in the OS of
  312                      ;;; 0x1213.  The same is true for other user traps.  Thus, a user trap
  313                      ;;; with trap #0x240 will result in a trap vector of 0x1240 in the OS.
  314  00001384  44000213	trap	#0x213
  315  00001388  4be00000	jr	r31
  316  0000138c  54000000	nop
  317  00001390          	.endproc _Open
  319  00001390          	.proc _Close
  320  00001390          	.global _Close
  321  00001390          	_Close:
  322  00001390  44000214	trap	#0x214
  323  00001394  4be00000	jr	r31
  324  00001398  54000000	nop
  325  0000139c          	.endproc _Close
  327  0000139c          	.proc _Read
  328  0000139c          	.global _Read
  329  0000139c          	_Read:
  330  0000139c  44000210	trap	#0x210
  331  000013a0  4be00000	jr	r31
  332  000013a4  54000000	nop
  333  000013a8          	.endproc _Read
  335  000013a8          	.proc _Write
  336  000013a8          	.global _Write
  337  000013a8          	_Write:
  338  000013a8  44000211	trap	#0x211
  339  000013ac  4be00000	jr	r31
  340  000013b0  54000000	nop
  341  000013b4          	.endproc _Write
  343  000013b4          	.proc _Lseek
  344  000013b4          	.global _Lseek
  345  000013b4          	_Lseek:
  346  000013b4  44000212	trap	#0x212
  347  000013b8  4be00000	jr	r31
  348  000013bc  54000000	nop
  349  000013c0          	.endproc _Lseek
  351  000013c0          	.proc _Putchar
  352  000013c0          	.global _Putchar
  353  000013c0          	_Putchar:
  354  000013c0  44000280	trap	#0x280
  355  000013c4  4be00000	jr	r31
  356  000013c8  54000000	nop
  357  000013cc          	.endproc _Putchar
  359  000013cc          	.proc _Printf
  360  000013cc          	.global _Printf
  361  000013cc          	_Printf:
  362  000013cc  44000201	trap	#0x201
  363  000013d0  4be00000	jr	r31
  364  000013d4  54000000	nop
  365  000013d8          	.endproc _Printf
  367  000013d8          	.proc _getpid
  368  000013d8          	.global _getpid
  369  000013d8          	_getpid:
  370  000013d8  44000431	trap	#0x431
  371  000013dc  4be00000	jr	r31
  372  000013e0  54000000	nop
  373  000013e4          	.endproc _getpid
  375  000013e4          	.proc _process_create
  376  000013e4          	.global _process_create
  377  000013e4          	_process_create:
  378  000013e4  44000432	trap	#0x432
  379  000013e8  4be00000	jr	r31
  380  000013ec  54000000	nop
  381  000013f0          	.endproc _process_create
  383  000013f0          	.proc _shmget
  384  000013f0          	.global _shmget
  385  000013f0          	_shmget:
  386  000013f0  44000440	trap	#0x440
  387  000013f4  4be00000	jr	r31
  388  000013f8  54000000	nop
  389  000013fc          	.endproc _shmget
  391  000013fc          	.proc _shmat
  392  000013fc          	.global _shmat
  393  000013fc          	_shmat:
  394  000013fc  44000441	trap	#0x441
  395  00001400  4be00000	jr	r31
  396  00001404  54000000	nop
  397  00001408          	.endproc _shmat
  399  00001408          	.proc _sem_create
  400  00001408          	.global _sem_create
  401  00001408          	_sem_create:
  402  00001408  44000450	trap	#0x450
  403  0000140c  4be00000	jr	r31
  404  00001410  54000000	nop
  405  00001414          	.endproc _sem_create
  407  00001414          	.proc _sem_wait
  408  00001414          	.global _sem_wait
  409  00001414          	_sem_wait:
  410  00001414  44000451	trap	#0x451
  411  00001418  4be00000	jr	r31
  412  0000141c  54000000	nop
  413  00001420          	.endproc _sem_wait
  415  00001420          	.proc _sem_signal
  416  00001420          	.global _sem_signal
  417  00001420          	_sem_signal:
  418  00001420  44000452	trap	#0x452
  419  00001424  4be00000	jr	r31
  420  00001428  54000000	nop
  421  0000142c          	.endproc _sem_signal
  423  0000142c          	.proc _lock_create
  424  0000142c          	.global _lock_create
  425  0000142c          	_lock_create:
  426  0000142c  44000453	trap	#0x453
  427  00001430  4be00000	jr	r31
  428  00001434  54000000	nop
  429  00001438          	.endproc _lock_create
  431  00001438          	.proc _lock_acquire
  432  00001438          	.global _lock_acquire
  433  00001438          	_lock_acquire:
  434  00001438  44000454	trap	#0x454
  435  0000143c  4be00000	jr	r31
  436  00001440  54000000	nop
  437  00001444          	.endproc _lock_acquire
  439  00001444          	.proc _lock_release
  440  00001444          	.global _lock_release
  441  00001444          	_lock_release:
  442  00001444  44000455	trap	#0x455
  443  00001448  4be00000	jr	r31
  444  0000144c  54000000	nop
  445  00001450          	.endproc _lock_release
  447  00001450          	.proc _cond_create
  448  00001450          	.global _cond_create
  449  00001450          	_cond_create:
  450  00001450  44000456	trap	#0x456
  451  00001454  4be00000	jr	r31
  452  00001458  54000000	nop
  453  0000145c          	.endproc _cond_create
  455  0000145c          	.proc _cond_wait
  456  0000145c          	.global _cond_wait
  457  0000145c          	_cond_wait:
  458  0000145c  44000457	trap	#0x457
  459  00001460  4be00000	jr	r31
  460  00001464  54000000	nop
  461  00001468          	.endproc _cond_wait
  463  00001468          	.proc _cond_signal
  464  00001468          	.global _cond_signal
  465  00001468          	_cond_signal:
  466  00001468  44000458	trap	#0x458
  467  0000146c  4be00000	jr	r31
  468  00001470  54000000	nop
  469  00001474          	.endproc _cond_signal
  471  00001474          	.proc _cond_broadcast
  472  00001474          	.global _cond_broadcast
  473  00001474          	_cond_broadcast:
  474  00001474  44000459	trap	#0x459
  475  00001478  4be00000	jr	r31
  476  0000147c  54000000	nop
  477  00001480          	.endproc _cond_broadcast
  479  00001480          	.proc _mbox_create
  480  00001480          	.global _mbox_create
  481  00001480          	_mbox_create:
  482  00001480  44000460	trap	#0x460
  483  00001484  4be00000	jr	r31
  484  00001488  54000000	nop
  485  0000148c          	.endproc _mbox_create
  487  0000148c          	.proc _mbox_open
  488  0000148c          	.global _mbox_open
  489  0000148c          	_mbox_open:
  490  0000148c  44000461	trap	#0x461
  491  00001490  4be00000	jr	r31
  492  00001494  54000000	nop
  493  00001498          	.endproc _mbox_open
  495  00001498          	.proc _mbox_close
  496  00001498          	.global _mbox_close
  497  00001498          	_mbox_close:
  498  00001498  44000462	trap	#0x462
  499  0000149c  4be00000	jr	r31
  500  000014a0  54000000	nop
  501  000014a4          	.endproc _mbox_close
  503  000014a4          	.proc _mbox_send
  504  000014a4          	.global _mbox_send
  505  000014a4          	_mbox_send:
  506  000014a4  44000463	trap	#0x463
  507  000014a8  4be00000	jr	r31
  508  000014ac  54000000	nop
  509  000014b0          	.endproc _mbox_send
  511  000014b0          	.proc _mbox_recv
  512  000014b0          	.global _mbox_recv
  513  000014b0          	_mbox_recv:
  514  000014b0  44000464	trap	#0x464
  515  000014b4  4be00000	jr	r31
  516  000014b8  54000000	nop
  517  000014bc          	.endproc _mbox_recv
  519  000014bc          	.proc _sleep
  520  000014bc          	.global _sleep
  521  000014bc          	_sleep:
  522  000014bc  44000465	trap	#0x465
  523  000014c0  4be00000	jr	r31
  524  000014c4  54000000	nop
  525  000014c8          	.endproc _sleep
  527  000014c8          	.proc _yield
  528  000014c8          	.global _yield
  529  000014c8          	_yield:
  530  000014c8  44000466	trap	#0x466
  531  000014cc  4be00000	jr	r31
  532  000014d0  54000000	nop
  533  000014d4          	.endproc _yield
  536  000014d4          	.proc _Exit
  537  000014d4          	.global _Exit
  538  000014d4          	_Exit:
  539  000014d4  44000500	trap	#0x500
  540  000014d8  4be00000	jr	r31
  541  000014dc  54000000	nop
  542  000014e0          	.endproc _Exit
  543                      ; Compiled by GCC
  545  000014e0          	.align 2
  546  000014e0          	.proc _isspace
  547  000014e0          	.global _isspace
  548  000014e0          	_isspace:
  549                      ;  Function 'isspace'; 0 bytes of locals, 3 regs to save.
  550  000014e0  afbefffc	sw	-4(r29),r30; push fp
  551  000014e4  001df020	add	r30,r0,r29; fp = sp
  552  000014e8  afbffff8	sw	-8(r29),r31; push ret addr
  553  000014ec  2fbd0018	subui	r29,r29,#24; alloc local storage
  554  000014f0  afa20000	sw	0(r29),r2
  555  000014f4  afa30004	sw	4(r29),r3
  556  000014f8  afa40008	sw	8(r29),r4
  557  000014fc  83c20003	lb	r2,3(r30)
  558  00001500  20010000	addi	r1,r0,#0
  559  00001504  304300ff	andi	r3,r2,#0x00ff
  560  00001508  60640020	seqi	r4,r3,#32
  561  0000150c  1480002c	bnez	r4,L3_LF2
  562  00001510  54000000	nop; delay slot nop
  563  00001514  304300ff	andi	r3,r2,#0x00ff
  564  00001518  60640009	seqi	r4,r3,#9
  565  0000151c  1480001c	bnez	r4,L3_LF2
  566  00001520  54000000	nop; delay slot nop
  567  00001524  304300ff	andi	r3,r2,#0x00ff
  568  00001528  6064000a	seqi	r4,r3,#10
  569  0000152c  1480000c	bnez	r4,L3_LF2
  570  00001530  54000000	nop; delay slot nop
  571  00001534  08000008	j	L2_LF2
  572  00001538  54000000	nop; delay slot nop
  573  0000153c          	L3_LF2:
  574  0000153c  20010001	addi	r1,r0,#1
  575  00001540          	L2_LF2:
  576  00001540  08000004	j	L1_LF2
  577  00001544  54000000	nop; delay slot nop
  578  00001548          	L1_LF2:
  579  00001548  8fa20000	lw	r2,0(r29)
  580  0000154c  8fa30004	lw	r3,4(r29)
  581  00001550  8fa40008	lw	r4,8(r29)
  582  00001554  8fdffff8	lw	r31,-8(r30)
  583  00001558  001ee820	add	r29,r0,r30
  584  0000155c  8fdefffc	lw	r30,-4(r30)
  585  00001560  4be00000	jr	r31
  586  00001564  54000000	nop
  587  00001568          	.endproc _isspace
  588  00001568          	.align 2
  589  00001568          	.proc _isxdigit
  590  00001568          	.global _isxdigit
  591  00001568          	_isxdigit:
  592                      ;  Function 'isxdigit'; 0 bytes of locals, 3 regs to save.
  593  00001568  afbefffc	sw	-4(r29),r30; push fp
  594  0000156c  001df020	add	r30,r0,r29; fp = sp
  595  00001570  afbffff8	sw	-8(r29),r31; push ret addr
  596  00001574  2fbd0018	subui	r29,r29,#24; alloc local storage
  597  00001578  afa20000	sw	0(r29),r2
  598  0000157c  afa30004	sw	4(r29),r3
  599  00001580  afa40008	sw	8(r29),r4
  600  00001584  83c20003	lb	r2,3(r30)
  601  00001588  20010000	addi	r1,r0,#0
  602  0000158c  304300ff	andi	r3,r2,#0x00ff
  603  00001590  6c64002f	sgtui	r4,r3,#47
  604  00001594  1080001c	beqz	r4,L7_LF2
  605  00001598  54000000	nop; delay slot nop
  606  0000159c  304300ff	andi	r3,r2,#0x00ff
  607  000015a0  70640039	sleui	r4,r3,#57
  608  000015a4  1480005c	bnez	r4,L6_LF2
  609  000015a8  54000000	nop; delay slot nop
  610  000015ac  08000004	j	L7_LF2
  611  000015b0  54000000	nop; delay slot nop
  612  000015b4          	L7_LF2:
  613  000015b4  304300ff	andi	r3,r2,#0x00ff
  614  000015b8  6c640060	sgtui	r4,r3,#96
  615  000015bc  1080001c	beqz	r4,L8_LF2
  616  000015c0  54000000	nop; delay slot nop
  617  000015c4  304300ff	andi	r3,r2,#0x00ff
  618  000015c8  70640066	sleui	r4,r3,#102
  619  000015cc  14800034	bnez	r4,L6_LF2
  620  000015d0  54000000	nop; delay slot nop
  621  000015d4  08000004	j	L8_LF2
  622  000015d8  54000000	nop; delay slot nop
  623  000015dc          	L8_LF2:
  624  000015dc  304300ff	andi	r3,r2,#0x00ff
  625  000015e0  6c640040	sgtui	r4,r3,#64
  626  000015e4  10800020	beqz	r4,L5_LF2
  627  000015e8  54000000	nop; delay slot nop
  628  000015ec  304300ff	andi	r3,r2,#0x00ff
  629  000015f0  70640041	sleui	r4,r3,#65
  630  000015f4  1480000c	bnez	r4,L6_LF2
  631  000015f8  54000000	nop; delay slot nop
  632  000015fc  08000008	j	L5_LF2
  633  00001600  54000000	nop; delay slot nop
  634  00001604          	L6_LF2:
  635  00001604  20010001	addi	r1,r0,#1
  636  00001608          	L5_LF2:
  637  00001608  08000004	j	L4_LF2
  638  0000160c  54000000	nop; delay slot nop
  639  00001610          	L4_LF2:
  640  00001610  8fa20000	lw	r2,0(r29)
  641  00001614  8fa30004	lw	r3,4(r29)
  642  00001618  8fa40008	lw	r4,8(r29)
  643  0000161c  8fdffff8	lw	r31,-8(r30)
  644  00001620  001ee820	add	r29,r0,r30
  645  00001624  8fdefffc	lw	r30,-4(r30)
  646  00001628  4be00000	jr	r31
  647  0000162c  54000000	nop
  648  00001630          	.endproc _isxdigit
  649  00001630          	.align 2
  650  00001630          	.proc _dstrcpy
  651  00001630          	.global _dstrcpy
  652  00001630          	_dstrcpy:
  653                      ;  Function 'dstrcpy'; 8 bytes of locals, 2 regs to save.
  654  00001630  afbefffc	sw	-4(r29),r30; push fp
  655  00001634  001df020	add	r30,r0,r29; fp = sp
  656  00001638  afbffff8	sw	-8(r29),r31; push ret addr
  657  0000163c  2fbd0018	subui	r29,r29,#24; alloc local storage
  658  00001640  afa20000	sw	0(r29),r2
  659  00001644  afa30004	sw	4(r29),r3
  660  00001648  8fc10000	lw	r1,(r30)
  661  0000164c  afc1fff4	sw	-12(r30),r1
  662  00001650          	L10_LF2:
  663  00001650  8fc10000	lw	r1,(r30)
  664  00001654  20220001	addi	r2,r1,#1
  665  00001658  afc20000	sw	(r30),r2
  666  0000165c  8fc20004	lw	r2,4(r30)
  667  00001660  20430001	addi	r3,r2,#1
  668  00001664  afc30004	sw	4(r30),r3
  669  00001668  80420000	lb	r2,(r2)
  670  0000166c  a0220000	sb	(r1),r2
  671  00001670  a3c2fff3	sb	-13(r30),r2
  672  00001674          	L12_LF2:
  673  00001674  93c1fff3	lbu	r1,-13(r30)
  674  00001678  64220000	snei	r2,r1,#0
  675  0000167c  1440000c	bnez	r2,L13_LF2
  676  00001680  54000000	nop; delay slot nop
  677  00001684  0800000c	j	L11_LF2
  678  00001688  54000000	nop; delay slot nop
  679  0000168c          	L13_LF2:
  680  0000168c  0bffffc0	j	L10_LF2
  681  00001690  54000000	nop; delay slot nop
  682  00001694          	L11_LF2:
  683  00001694  8fc1fff4	lw	r1,-12(r30)
  684  00001698  08000004	j	L9_LF2
  685  0000169c  54000000	nop; delay slot nop
  686  000016a0          	L9_LF2:
  687  000016a0  8fa20000	lw	r2,0(r29)
  688  000016a4  8fa30004	lw	r3,4(r29)
  689  000016a8  8fdffff8	lw	r31,-8(r30)
  690  000016ac  001ee820	add	r29,r0,r30
  691  000016b0  8fdefffc	lw	r30,-4(r30)
  692  000016b4  4be00000	jr	r31
  693  000016b8  54000000	nop
  694  000016bc          	.endproc _dstrcpy
  695  000016bc          	.align 2
  696  000016bc          	.proc _dstrncpy
  697  000016bc          	.global _dstrncpy
  698  000016bc          	_dstrncpy:
  699                      ;  Function 'dstrncpy'; 8 bytes of locals, 2 regs to save.
  700  000016bc  afbefffc	sw	-4(r29),r30; push fp
  701  000016c0  001df020	add	r30,r0,r29; fp = sp
  702  000016c4  afbffff8	sw	-8(r29),r31; push ret addr
  703  000016c8  2fbd0018	subui	r29,r29,#24; alloc local storage
  704  000016cc  afa20000	sw	0(r29),r2
  705  000016d0  afa30004	sw	4(r29),r3
  706  000016d4  8fc10000	lw	r1,(r30)
  707  000016d8  afc1fff4	sw	-12(r30),r1
  708  000016dc          	L15_LF2:
  709  000016dc  8fc10008	lw	r1,8(r30)
  710  000016e0  2022ffff	addi	r2,r1,#-1
  711  000016e4  afc20008	sw	8(r30),r2
  712  000016e8  70210000	slei	r1,r1,#0
  713  000016ec  1020000c	beqz	r1,L18_LF2
  714  000016f0  54000000	nop; delay slot nop
  715  000016f4  08000048	j	L16_LF2
  716  000016f8  54000000	nop; delay slot nop
  717  000016fc          	L18_LF2:
  718  000016fc  8fc10000	lw	r1,(r30)
  719  00001700  20220001	addi	r2,r1,#1
  720  00001704  afc20000	sw	(r30),r2
  721  00001708  8fc20004	lw	r2,4(r30)
  722  0000170c  20430001	addi	r3,r2,#1
  723  00001710  afc30004	sw	4(r30),r3
  724  00001714  80420000	lb	r2,(r2)
  725  00001718  a0220000	sb	(r1),r2
  726  0000171c  a3c2fff3	sb	-13(r30),r2
  727  00001720          	L17_LF2:
  728  00001720  93c1fff3	lbu	r1,-13(r30)
  729  00001724  64220000	snei	r2,r1,#0
  730  00001728  1440000c	bnez	r2,L19_LF2
  731  0000172c  54000000	nop; delay slot nop
  732  00001730  0800000c	j	L16_LF2
  733  00001734  54000000	nop; delay slot nop
  734  00001738          	L19_LF2:
  735  00001738  0bffffa0	j	L15_LF2
  736  0000173c  54000000	nop; delay slot nop
  737  00001740          	L16_LF2:
  738  00001740  8fc1fff4	lw	r1,-12(r30)
  739  00001744  08000004	j	L14_LF2
  740  00001748  54000000	nop; delay slot nop
  741  0000174c          	L14_LF2:
  742  0000174c  8fa20000	lw	r2,0(r29)
  743  00001750  8fa30004	lw	r3,4(r29)
  744  00001754  8fdffff8	lw	r31,-8(r30)
  745  00001758  001ee820	add	r29,r0,r30
  746  0000175c  8fdefffc	lw	r30,-4(r30)
  747  00001760  4be00000	jr	r31
  748  00001764  54000000	nop
  749  00001768          	.endproc _dstrncpy
  750  00001768          	.align 2
  751  00001768          	.proc _dstrcat
  752  00001768          	.global _dstrcat
  753  00001768          	_dstrcat:
  754                      ;  Function 'dstrcat'; 8 bytes of locals, 1 regs to save.
  755  00001768  afbefffc	sw	-4(r29),r30; push fp
  756  0000176c  001df020	add	r30,r0,r29; fp = sp
  757  00001770  afbffff8	sw	-8(r29),r31; push ret addr
  758  00001774  2fbd0018	subui	r29,r29,#24; alloc local storage
  759  00001778  afa20000	sw	0(r29),r2
  760  0000177c  8fc10000	lw	r1,(r30)
  761  00001780  afc1fff4	sw	-12(r30),r1
  762  00001784          	L21_LF2:
  763  00001784  8fc10000	lw	r1,(r30)
  764  00001788  90220000	lbu	r2,(r1)
  765  0000178c  64410000	snei	r1,r2,#0
  766  00001790  1420000c	bnez	r1,L23_LF2
  767  00001794  54000000	nop; delay slot nop
  768  00001798  0800001c	j	L22_LF2
  769  0000179c  54000000	nop; delay slot nop
  770  000017a0          	L23_LF2:
  771  000017a0  8fc20000	lw	r2,(r30)
  772  000017a4  20410001	addi	r1,r2,#1
  773  000017a8  00011020	add	r2,r0,r1
  774  000017ac  afc20000	sw	(r30),r2
  775  000017b0  0bffffd0	j	L21_LF2
  776  000017b4  54000000	nop; delay slot nop
  777  000017b8          	L22_LF2:
  778  000017b8  23bdfff8	addi	r29,r29,#-8
  779  000017bc  001d0820	add	r1,r0,r29
  780  000017c0  8fc20000	lw	r2,(r30)
  781  000017c4  ac220000	sw	(r1),r2
  782  000017c8  8fc20004	lw	r2,4(r30)
  783  000017cc  ac220004	sw	4(r1),r2
  784  000017d0  0ffffe5c	jal	_dstrcpy
  785  000017d4  54000000	nop; delay slot nop
  786  000017d8  23bd0008	addi	r29,r29,#8
  787  000017dc  8fc1fff4	lw	r1,-12(r30)
  788  000017e0  08000004	j	L20_LF2
  789  000017e4  54000000	nop; delay slot nop
  790  000017e8          	L20_LF2:
  791  000017e8  8fa20000	lw	r2,0(r29)
  792  000017ec  8fdffff8	lw	r31,-8(r30)
  793  000017f0  001ee820	add	r29,r0,r30
  794  000017f4  8fdefffc	lw	r30,-4(r30)
  795  000017f8  4be00000	jr	r31
  796  000017fc  54000000	nop
  797  00001800          	.endproc _dstrcat
  798  00001800          	.align 2
  799  00001800          	.proc _dstrncmp
  800  00001800          	.global _dstrncmp
  801  00001800          	_dstrncmp:
  802                      ;  Function 'dstrncmp'; 8 bytes of locals, 2 regs to save.
  803  00001800  afbefffc	sw	-4(r29),r30; push fp
  804  00001804  001df020	add	r30,r0,r29; fp = sp
  805  00001808  afbffff8	sw	-8(r29),r31; push ret addr
  806  0000180c  2fbd0018	subui	r29,r29,#24; alloc local storage
  807  00001810  afa20000	sw	0(r29),r2
  808  00001814  afa30004	sw	4(r29),r3
  809  00001818  54000000	nop
  810  0000181c  20010000	addi	r1,r0,#0
  811  00001820  afc1fff4	sw	-12(r30),r1
  812  00001824          	L25_LF2:
  813  00001824  8fc1fff4	lw	r1,-12(r30)
  814  00001828  8fc20008	lw	r2,8(r30)
  815  0000182c  0022082a	slt	r1,r1,r2
  816  00001830  1420000c	bnez	r1,L28_LF2
  817  00001834  54000000	nop; delay slot nop
  818  00001838  08000088	j	L26_LF2
  819  0000183c  54000000	nop; delay slot nop
  820  00001840          	L28_LF2:
  821  00001840  8fc10004	lw	r1,4(r30)
  822  00001844  90220000	lbu	r2,(r1)
  823  00001848  64410000	snei	r1,r2,#0
  824  0000184c  14200018	bnez	r1,L29_LF2
  825  00001850  54000000	nop; delay slot nop
  826  00001854  20010000	addi	r1,r0,#0
  827  00001858  080000d8	j	L24_LF2
  828  0000185c  54000000	nop; delay slot nop
  829  00001860  08000028	j	L30_LF2
  830  00001864  54000000	nop; delay slot nop
  831  00001868          	L29_LF2:
  832  00001868  8fc10000	lw	r1,(r30)
  833  0000186c  8fc20004	lw	r2,4(r30)
  834  00001870  90210000	lbu	r1,(r1)
  835  00001874  90420000	lbu	r2,(r2)
  836  00001878  00220829	sne	r1,r1,r2
  837  0000187c  1020000c	beqz	r1,L30_LF2
  838  00001880  54000000	nop; delay slot nop
  839  00001884  0800003c	j	L26_LF2
  840  00001888  54000000	nop; delay slot nop
  841  0000188c          	L31_LF2:
  842  0000188c          	L30_LF2:
  843  0000188c  8fc20000	lw	r2,(r30)
  844  00001890  20410001	addi	r1,r2,#1
  845  00001894  00011020	add	r2,r0,r1
  846  00001898  afc20000	sw	(r30),r2
  847  0000189c  8fc20004	lw	r2,4(r30)
  848  000018a0  20410001	addi	r1,r2,#1
  849  000018a4  00011020	add	r2,r0,r1
  850  000018a8  afc20004	sw	4(r30),r2
  851  000018ac          	L27_LF2:
  852  000018ac  8fc2fff4	lw	r2,-12(r30)
  853  000018b0  20410001	addi	r1,r2,#1
  854  000018b4  00011020	add	r2,r0,r1
  855  000018b8  afc2fff4	sw	-12(r30),r2
  856  000018bc  0bffff64	j	L25_LF2
  857  000018c0  54000000	nop; delay slot nop
  858  000018c4          	L26_LF2:
  859  000018c4  8fc1fff4	lw	r1,-12(r30)
  860  000018c8  8fc20008	lw	r2,8(r30)
  861  000018cc  00220828	seq	r1,r1,r2
  862  000018d0  10200018	beqz	r1,L32_LF2
  863  000018d4  54000000	nop; delay slot nop
  864  000018d8  20010000	addi	r1,r0,#0
  865  000018dc  08000054	j	L24_LF2
  866  000018e0  54000000	nop; delay slot nop
  867  000018e4  0800004c	j	L33_LF2
  868  000018e8  54000000	nop; delay slot nop
  869  000018ec          	L32_LF2:
  870  000018ec  8fc20000	lw	r2,(r30)
  871  000018f0  90410000	lbu	r1,(r2)
  872  000018f4  8fc20004	lw	r2,4(r30)
  873  000018f8  90430000	lbu	r3,(r2)
  874  000018fc  00230822	sub	r1,r1,r3
  875  00001900  74220000	sgei	r2,r1,#0
  876  00001904  10400020	beqz	r2,L34_LF2
  877  00001908  54000000	nop; delay slot nop
  878  0000190c  8fc10000	lw	r1,(r30)
  879  00001910  8fc20004	lw	r2,4(r30)
  880  00001914  90210000	lbu	r1,(r1)
  881  00001918  90420000	lbu	r2,(r2)
  882  0000191c  00220829	sne	r1,r1,r2
  883  00001920  08000008	j	L35_LF2
  884  00001924  54000000	nop; delay slot nop
  885  00001928          	L34_LF2:
  886  00001928  2001ffff	addi	r1,r0,#-1
  887  0000192c          	L35_LF2:
  888  0000192c  08000004	j	L24_LF2
  889  00001930  54000000	nop; delay slot nop
  890  00001934          	L33_LF2:
  891  00001934          	L24_LF2:
  892  00001934  8fa20000	lw	r2,0(r29)
  893  00001938  8fa30004	lw	r3,4(r29)
  894  0000193c  8fdffff8	lw	r31,-8(r30)
  895  00001940  001ee820	add	r29,r0,r30
  896  00001944  8fdefffc	lw	r30,-4(r30)
  897  00001948  4be00000	jr	r31
  898  0000194c  54000000	nop
  899  00001950          	.endproc _dstrncmp
  900  00001950          	.align 2
  901  00001950          	.proc _dstrlen
  902  00001950          	.global _dstrlen
  903  00001950          	_dstrlen:
  904                      ;  Function 'dstrlen'; 8 bytes of locals, 1 regs to save.
  905  00001950  afbefffc	sw	-4(r29),r30; push fp
  906  00001954  001df020	add	r30,r0,r29; fp = sp
  907  00001958  afbffff8	sw	-8(r29),r31; push ret addr
  908  0000195c  2fbd0018	subui	r29,r29,#24; alloc local storage
  909  00001960  afa20000	sw	0(r29),r2
  910  00001964  20010000	addi	r1,r0,#0
  911  00001968  afc1fff4	sw	-12(r30),r1
  912  0000196c          	L37_LF2:
  913  0000196c  8fc10000	lw	r1,(r30)
  914  00001970  20220001	addi	r2,r1,#1
  915  00001974  afc20000	sw	(r30),r2
  916  00001978  90210000	lbu	r1,(r1)
  917  0000197c  64220000	snei	r2,r1,#0
  918  00001980  1440000c	bnez	r2,L39_LF2
  919  00001984  54000000	nop; delay slot nop
  920  00001988  0800001c	j	L38_LF2
  921  0000198c  54000000	nop; delay slot nop
  922  00001990          	L39_LF2:
  923  00001990  8fc2fff4	lw	r2,-12(r30)
  924  00001994  20410001	addi	r1,r2,#1
  925  00001998  00011020	add	r2,r0,r1
  926  0000199c  afc2fff4	sw	-12(r30),r2
  927  000019a0  0bffffc8	j	L37_LF2
  928  000019a4  54000000	nop; delay slot nop
  929  000019a8          	L38_LF2:
  930  000019a8  8fc1fff4	lw	r1,-12(r30)
  931  000019ac  08000004	j	L36_LF2
  932  000019b0  54000000	nop; delay slot nop
  933  000019b4          	L36_LF2:
  934  000019b4  8fa20000	lw	r2,0(r29)
  935  000019b8  8fdffff8	lw	r31,-8(r30)
  936  000019bc  001ee820	add	r29,r0,r30
  937  000019c0  8fdefffc	lw	r30,-4(r30)
  938  000019c4  4be00000	jr	r31
  939  000019c8  54000000	nop
  940  000019cc          	.endproc _dstrlen
  941  000019cc          	.align 2
  942  000019cc          	.proc _dstrstr
  943  000019cc          	.global _dstrstr
  944  000019cc          	_dstrstr:
  945                      ;  Function 'dstrstr'; 8 bytes of locals, 1 regs to save.
  946  000019cc  afbefffc	sw	-4(r29),r30; push fp
  947  000019d0  001df020	add	r30,r0,r29; fp = sp
  948  000019d4  afbffff8	sw	-8(r29),r31; push ret addr
  949  000019d8  2fbd0018	subui	r29,r29,#24; alloc local storage
  950  000019dc  afa20000	sw	0(r29),r2
  951  000019e0  23bdfff8	addi	r29,r29,#-8
  952  000019e4  001d0820	add	r1,r0,r29
  953  000019e8  8fc20004	lw	r2,4(r30)
  954  000019ec  ac220000	sw	(r1),r2
  955  000019f0  0fffff5c	jal	_dstrlen
  956  000019f4  54000000	nop; delay slot nop
  957  000019f8  23bd0008	addi	r29,r29,#8
  958  000019fc  afc1fff4	sw	-12(r30),r1
  959  00001a00          	L41_LF2:
  960  00001a00  8fc10000	lw	r1,(r30)
  961  00001a04  90220000	lbu	r2,(r1)
  962  00001a08  64410000	snei	r1,r2,#0
  963  00001a0c  1420000c	bnez	r1,L43_LF2
  964  00001a10  54000000	nop; delay slot nop
  965  00001a14  08000060	j	L42_LF2
  966  00001a18  54000000	nop; delay slot nop
  967  00001a1c          	L43_LF2:
  968  00001a1c  23bdfff0	addi	r29,r29,#-16
  969  00001a20  001d0820	add	r1,r0,r29
  970  00001a24  8fc20000	lw	r2,(r30)
  971  00001a28  ac220000	sw	(r1),r2
  972  00001a2c  8fc20004	lw	r2,4(r30)
  973  00001a30  ac220004	sw	4(r1),r2
  974  00001a34  8fc2fff4	lw	r2,-12(r30)
  975  00001a38  ac220008	sw	8(r1),r2
  976  00001a3c  0ffffdc0	jal	_dstrncmp
  977  00001a40  54000000	nop; delay slot nop
  978  00001a44  23bd0010	addi	r29,r29,#16
  979  00001a48  64220000	snei	r2,r1,#0
  980  00001a4c  14400010	bnez	r2,L44_LF2
  981  00001a50  54000000	nop; delay slot nop
  982  00001a54  8fc10000	lw	r1,(r30)
  983  00001a58  08000028	j	L40_LF2
  984  00001a5c  54000000	nop; delay slot nop
  985  00001a60          	L44_LF2:
  986  00001a60  8fc20000	lw	r2,(r30)
  987  00001a64  20410001	addi	r1,r2,#1
  988  00001a68  00011020	add	r2,r0,r1
  989  00001a6c  afc20000	sw	(r30),r2
  990  00001a70  0bffff8c	j	L41_LF2
  991  00001a74  54000000	nop; delay slot nop
  992  00001a78          	L42_LF2:
  993  00001a78  20010000	addi	r1,r0,#0
  994  00001a7c  08000004	j	L40_LF2
  995  00001a80  54000000	nop; delay slot nop
  996  00001a84          	L40_LF2:
  997  00001a84  8fa20000	lw	r2,0(r29)
  998  00001a88  8fdffff8	lw	r31,-8(r30)
  999  00001a8c  001ee820	add	r29,r0,r30
 1000  00001a90  8fdefffc	lw	r30,-4(r30)
 1001  00001a94  4be00000	jr	r31
 1002  00001a98  54000000	nop
 1003  00001a9c          	.endproc _dstrstr
 1004  00001a9c          	.align 2
 1005  00001a9c          	.proc _dmindex
 1006  00001a9c          	.global _dmindex
 1007  00001a9c          	_dmindex:
 1008                      ;  Function 'dmindex'; 8 bytes of locals, 1 regs to save.
 1009  00001a9c  afbefffc	sw	-4(r29),r30; push fp
 1010  00001aa0  001df020	add	r30,r0,r29; fp = sp
 1011  00001aa4  afbffff8	sw	-8(r29),r31; push ret addr
 1012  00001aa8  2fbd0018	subui	r29,r29,#24; alloc local storage
 1013  00001aac  afa20000	sw	0(r29),r2
 1014  00001ab0  54000000	nop
 1015  00001ab4          	L46_LF2:
 1016  00001ab4  8fc10000	lw	r1,(r30)
 1017  00001ab8  90220000	lbu	r2,(r1)
 1018  00001abc  64410000	snei	r1,r2,#0
 1019  00001ac0  1420000c	bnez	r1,L48_LF2
 1020  00001ac4  54000000	nop; delay slot nop
 1021  00001ac8  08000070	j	L47_LF2
 1022  00001acc  54000000	nop; delay slot nop
 1023  00001ad0          	L48_LF2:
 1024  00001ad0  8fc10004	lw	r1,4(r30)
 1025  00001ad4  afc1fff4	sw	-12(r30),r1
 1026  00001ad8          	L49_LF2:
 1027  00001ad8  8fc1fff4	lw	r1,-12(r30)
 1028  00001adc  90220000	lbu	r2,(r1)
 1029  00001ae0  64410000	snei	r1,r2,#0
 1030  00001ae4  1420000c	bnez	r1,L52_LF2
 1031  00001ae8  54000000	nop; delay slot nop
 1032  00001aec  08000044	j	L50_LF2
 1033  00001af0  54000000	nop; delay slot nop
 1034  00001af4          	L52_LF2:
 1035  00001af4  8fc10000	lw	r1,(r30)
 1036  00001af8  8fc2fff4	lw	r2,-12(r30)
 1037  00001afc  90210000	lbu	r1,(r1)
 1038  00001b00  90420000	lbu	r2,(r2)
 1039  00001b04  00220828	seq	r1,r1,r2
 1040  00001b08  10200010	beqz	r1,L51_LF2
 1041  00001b0c  54000000	nop; delay slot nop
 1042  00001b10  8fc10000	lw	r1,(r30)
 1043  00001b14  08000030	j	L45_LF2
 1044  00001b18  54000000	nop; delay slot nop
 1045  00001b1c          	L53_LF2:
 1046  00001b1c          	L51_LF2:
 1047  00001b1c  8fc2fff4	lw	r2,-12(r30)
 1048  00001b20  20410001	addi	r1,r2,#1
 1049  00001b24  00011020	add	r2,r0,r1
 1050  00001b28  afc2fff4	sw	-12(r30),r2
 1051  00001b2c  0bffffa8	j	L49_LF2
 1052  00001b30  54000000	nop; delay slot nop
 1053  00001b34          	L50_LF2:
 1054  00001b34  0bffff7c	j	L46_LF2
 1055  00001b38  54000000	nop; delay slot nop
 1056  00001b3c          	L47_LF2:
 1057  00001b3c  20010000	addi	r1,r0,#0
 1058  00001b40  08000004	j	L45_LF2
 1059  00001b44  54000000	nop; delay slot nop
 1060  00001b48          	L45_LF2:
 1061  00001b48  8fa20000	lw	r2,0(r29)
 1062  00001b4c  8fdffff8	lw	r31,-8(r30)
 1063  00001b50  001ee820	add	r29,r0,r30
 1064  00001b54  8fdefffc	lw	r30,-4(r30)
 1065  00001b58  4be00000	jr	r31
 1066  00001b5c  54000000	nop
 1067  00001b60          	.endproc _dmindex
 1068  00001b60          	.align 2
 1069  00001b60          	.proc _dindex
 1070  00001b60          	.global _dindex
 1071  00001b60          	_dindex:
 1072                      ;  Function 'dindex'; 0 bytes of locals, 1 regs to save.
 1073  00001b60  afbefffc	sw	-4(r29),r30; push fp
 1074  00001b64  001df020	add	r30,r0,r29; fp = sp
 1075  00001b68  afbffff8	sw	-8(r29),r31; push ret addr
 1076  00001b6c  2fbd0010	subui	r29,r29,#16; alloc local storage
 1077  00001b70  afa20000	sw	0(r29),r2
 1078  00001b74  54000000	nop
 1079  00001b78          	L55_LF2:
 1080  00001b78  8fc10000	lw	r1,(r30)
 1081  00001b7c  90220000	lbu	r2,(r1)
 1082  00001b80  64410000	snei	r1,r2,#0
 1083  00001b84  1420000c	bnez	r1,L57_LF2
 1084  00001b88  54000000	nop; delay slot nop
 1085  00001b8c  08000040	j	L56_LF2
 1086  00001b90  54000000	nop; delay slot nop
 1087  00001b94          	L57_LF2:
 1088  00001b94  8fc10000	lw	r1,(r30)
 1089  00001b98  90220000	lbu	r2,(r1)
 1090  00001b9c  8fc10004	lw	r1,4(r30)
 1091  00001ba0  00411028	seq	r2,r2,r1
 1092  00001ba4  10400010	beqz	r2,L58_LF2
 1093  00001ba8  54000000	nop; delay slot nop
 1094  00001bac  8fc10000	lw	r1,(r30)
 1095  00001bb0  08000028	j	L54_LF2
 1096  00001bb4  54000000	nop; delay slot nop
 1097  00001bb8          	L58_LF2:
 1098  00001bb8  8fc20000	lw	r2,(r30)
 1099  00001bbc  20410001	addi	r1,r2,#1
 1100  00001bc0  00011020	add	r2,r0,r1
 1101  00001bc4  afc20000	sw	(r30),r2
 1102  00001bc8  0bffffac	j	L55_LF2
 1103  00001bcc  54000000	nop; delay slot nop
 1104  00001bd0          	L56_LF2:
 1105  00001bd0  20010000	addi	r1,r0,#0
 1106  00001bd4  08000004	j	L54_LF2
 1107  00001bd8  54000000	nop; delay slot nop
 1108  00001bdc          	L54_LF2:
 1109  00001bdc  8fa20000	lw	r2,0(r29)
 1110  00001be0  8fdffff8	lw	r31,-8(r30)
 1111  00001be4  001ee820	add	r29,r0,r30
 1112  00001be8  8fdefffc	lw	r30,-4(r30)
 1113  00001bec  4be00000	jr	r31
 1114  00001bf0  54000000	nop
 1115  00001bf4          	.endproc _dindex
 1116  00001bf4          	.align 2
 1117  00001bf4          	.proc _ditoa
 1118  00001bf4          	.global _ditoa
 1119  00001bf4          	_ditoa:
 1120                      ;  Function 'ditoa'; 8 bytes of locals, 2 regs to save.
 1121  00001bf4  afbefffc	sw	-4(r29),r30; push fp
 1122  00001bf8  001df020	add	r30,r0,r29; fp = sp
 1123  00001bfc  afbffff8	sw	-8(r29),r31; push ret addr
 1124  00001c00  2fbd0018	subui	r29,r29,#24; alloc local storage
 1125  00001c04  afa20000	sw	0(r29),r2
 1126  00001c08  afa30004	sw	4(r29),r3
 1127  00001c0c  8fc10000	lw	r1,(r30)
 1128  00001c10  68220000	slti	r2,r1,#0
 1129  00001c14  1040002c	beqz	r2,L60_LF2
 1130  00001c18  54000000	nop; delay slot nop
 1131  00001c1c  8fc10004	lw	r1,4(r30)
 1132  00001c20  20220001	addi	r2,r1,#1
 1133  00001c24  afc20004	sw	4(r30),r2
 1134  00001c28  2002002d	addi	r2,r0,(#0x2d)&0xff
 1135  00001c2c  a0220000	sb	(r1),r2
 1136  00001c30  8fc10000	lw	r1,(r30)
 1137  00001c34  00011022	sub	r2,r0,r1
 1138  00001c38  afc20000	sw	(r30),r2
 1139  00001c3c  08000118	j	L61_LF2
 1140  00001c40  54000000	nop; delay slot nop
 1141  00001c44          	L60_LF2:
 1142  00001c44  8fc10000	lw	r1,(r30)
 1143  00001c48  64220000	snei	r2,r1,#0
 1144  00001c4c  14400020	bnez	r2,L62_LF2
 1145  00001c50  54000000	nop; delay slot nop
 1146  00001c54  8fc10004	lw	r1,4(r30)
 1147  00001c58  20220001	addi	r2,r1,#1
 1148  00001c5c  afc20004	sw	4(r30),r2
 1149  00001c60  20020030	addi	r2,r0,(#0x30)&0xff
 1150  00001c64  a0220000	sb	(r1),r2
 1151  00001c68  080000ec	j	L61_LF2
 1152  00001c6c  54000000	nop; delay slot nop
 1153  00001c70          	L62_LF2:
 1154  00001c70  20010001	addi	r1,r0,#1
 1155  00001c74  afc1fff4	sw	-12(r30),r1
 1156  00001c78          	L64_LF2:
 1157  00001c78  8fc1fff4	lw	r1,-12(r30)
 1158  00001c7c  8fc20000	lw	r2,(r30)
 1159  00001c80  0022082c	sle	r1,r1,r2
 1160  00001c84  1420000c	bnez	r1,L66_LF2
 1161  00001c88  54000000	nop; delay slot nop
 1162  00001c8c  08000024	j	L65_LF2
 1163  00001c90  54000000	nop; delay slot nop
 1164  00001c94          	L67_LF2:
 1165  00001c94          	L66_LF2:
 1166  00001c94  8fc1fff4	lw	r1,-12(r30)
 1167  00001c98  00011820	add	r3,r0,r1
 1168  00001c9c  50620002	slli	r2,r3,#0x2
 1169  00001ca0  00411020	add	r2,r2,r1
 1170  00001ca4  50410001	slli	r1,r2,#0x1
 1171  00001ca8  afc1fff4	sw	-12(r30),r1
 1172  00001cac  0bffffc8	j	L64_LF2
 1173  00001cb0  54000000	nop; delay slot nop
 1174  00001cb4          	L65_LF2:
 1175  00001cb4  54000000	nop
 1176  00001cb8          	L68_LF2:
 1177  00001cb8  8fc1fff4	lw	r1,-12(r30)
 1178  00001cbc  2002000a	addi	r2,r0,#10
 1179  00001cc0  00200035	movi2fp	f0,r1
 1180  00001cc4  00400835	movi2fp	f1,r2
 1181  00001cc8  0401000f	div	f0,f0,f1
 1182  00001ccc  00000834	movfp2i	r1,f0
 1183  00001cd0  afc1fff4	sw	-12(r30),r1
 1184  00001cd4  8fc10004	lw	r1,4(r30)
 1185  00001cd8  20220001	addi	r2,r1,#1
 1186  00001cdc  afc20004	sw	4(r30),r2
 1187  00001ce0  8fc20000	lw	r2,(r30)
 1188  00001ce4  8fc3fff4	lw	r3,-12(r30)
 1189  00001ce8  00400035	movi2fp	f0,r2
 1190  00001cec  00600835	movi2fp	f1,r3
 1191  00001cf0  0401000f	div	f0,f0,f1
 1192  00001cf4  00001034	movfp2i	r2,f0
 1193  00001cf8  00021820	add	r3,r0,r2
 1194  00001cfc  20620030	addi	r2,r3,#48
 1195  00001d00  a0220000	sb	(r1),r2
 1196  00001d04  8fc10000	lw	r1,(r30)
 1197  00001d08  8fc3fff4	lw	r3,-12(r30)
 1198  00001d0c  00200035	movi2fp	f0,r1
 1199  00001d10  00600835	movi2fp	f1,r3
 1200  00001d14  0401000f	div	f0,f0,f1
 1201  00001d18  00001034	movfp2i	r2,f0
 1202  00001d1c  8fc3fff4	lw	r3,-12(r30)
 1203  00001d20  00400035	movi2fp	f0,r2
 1204  00001d24  00600835	movi2fp	f1,r3
 1205  00001d28  0401000e	mult	f0,f0,f1
 1206  00001d2c  00001034	movfp2i	r2,f0
 1207  00001d30  00220822	sub	r1,r1,r2
 1208  00001d34  afc10000	sw	(r30),r1
 1209  00001d38          	L70_LF2:
 1210  00001d38  8fc1fff4	lw	r1,-12(r30)
 1211  00001d3c  6c220001	sgti	r2,r1,#1
 1212  00001d40  1440000c	bnez	r2,L71_LF2
 1213  00001d44  54000000	nop; delay slot nop
 1214  00001d48  0800000c	j	L61_LF2
 1215  00001d4c  54000000	nop; delay slot nop
 1216  00001d50          	L71_LF2:
 1217  00001d50  0bffff64	j	L68_LF2
 1218  00001d54  54000000	nop; delay slot nop
 1219  00001d58          	L69_LF2:
 1220  00001d58          	L63_LF2:
 1221  00001d58          	L61_LF2:
 1222  00001d58  8fc10004	lw	r1,4(r30)
 1223  00001d5c  20020000	addi	r2,r0,(#0x0)&0xff
 1224  00001d60  a0220000	sb	(r1),r2
 1225  00001d64          	L59_LF2:
 1226  00001d64  8fa20000	lw	r2,0(r29)
 1227  00001d68  8fa30004	lw	r3,4(r29)
 1228  00001d6c  8fdffff8	lw	r31,-8(r30)
 1229  00001d70  001ee820	add	r29,r0,r30
 1230  00001d74  8fdefffc	lw	r30,-4(r30)
 1231  00001d78  4be00000	jr	r31
 1232  00001d7c  54000000	nop
 1233  00001d80          	.endproc _ditoa
 1234  00001d80          	.align 2
 1235  00001d80          	.proc _dstrtol
 1236  00001d80          	.global _dstrtol
 1237  00001d80          	_dstrtol:
 1238                      ;  Function 'dstrtol'; 16 bytes of locals, 1 regs to save.
 1239  00001d80  afbefffc	sw	-4(r29),r30; push fp
 1240  00001d84  001df020	add	r30,r0,r29; fp = sp
 1241  00001d88  afbffff8	sw	-8(r29),r31; push ret addr
 1242  00001d8c  2fbd0020	subui	r29,r29,#32; alloc local storage
 1243  00001d90  afa20000	sw	0(r29),r2
 1244  00001d94  20010000	addi	r1,r0,#0
 1245  00001d98  afc1fff4	sw	-12(r30),r1
 1246  00001d9c          	L73_LF2:
 1247  00001d9c  8fc10000	lw	r1,(r30)
 1248  00001da0  90220000	lbu	r2,(r1)
 1249  00001da4  60410020	seqi	r1,r2,#32
 1250  00001da8  14200034	bnez	r1,L75_LF2
 1251  00001dac  54000000	nop; delay slot nop
 1252  00001db0  8fc10000	lw	r1,(r30)
 1253  00001db4  90220000	lbu	r2,(r1)
 1254  00001db8  60410009	seqi	r1,r2,#9
 1255  00001dbc  14200020	bnez	r1,L75_LF2
 1256  00001dc0  54000000	nop; delay slot nop
 1257  00001dc4  8fc10000	lw	r1,(r30)
 1258  00001dc8  90220000	lbu	r2,(r1)
 1259  00001dcc  6041000a	seqi	r1,r2,#10
 1260  00001dd0  1420000c	bnez	r1,L75_LF2
 1261  00001dd4  54000000	nop; delay slot nop
 1262  00001dd8  0800001c	j	L74_LF2
 1263  00001ddc  54000000	nop; delay slot nop
 1264  00001de0          	L75_LF2:
 1265  00001de0  8fc20000	lw	r2,(r30)
 1266  00001de4  20410001	addi	r1,r2,#1
 1267  00001de8  00011020	add	r2,r0,r1
 1268  00001dec  afc20000	sw	(r30),r2
 1269  00001df0  0bffffa8	j	L73_LF2
 1270  00001df4  54000000	nop; delay slot nop
 1271  00001df8          	L74_LF2:
 1272  00001df8  8fc10004	lw	r1,4(r30)
 1273  00001dfc  64220000	snei	r2,r1,#0
 1274  00001e00  10400010	beqz	r2,L76_LF2
 1275  00001e04  54000000	nop; delay slot nop
 1276  00001e08  8fc10004	lw	r1,4(r30)
 1277  00001e0c  8fc20000	lw	r2,(r30)
 1278  00001e10  ac220000	sw	(r1),r2
 1279  00001e14          	L76_LF2:
 1280  00001e14  8fc10000	lw	r1,(r30)
 1281  00001e18  90220000	lbu	r2,(r1)
 1282  00001e1c  64410000	snei	r1,r2,#0
 1283  00001e20  14200010	bnez	r1,L77_LF2
 1284  00001e24  54000000	nop; delay slot nop
 1285  00001e28  8fc1fff4	lw	r1,-12(r30)
 1286  00001e2c  08000294	j	L72_LF2
 1287  00001e30  54000000	nop; delay slot nop
 1288  00001e34          	L77_LF2:
 1289  00001e34  8fc10000	lw	r1,(r30)
 1290  00001e38  90220000	lbu	r2,(r1)
 1291  00001e3c  6041002d	seqi	r1,r2,#45
 1292  00001e40  10200024	beqz	r1,L78_LF2
 1293  00001e44  54000000	nop; delay slot nop
 1294  00001e48  2001ffff	addi	r1,r0,#-1
 1295  00001e4c  afc1ffec	sw	-20(r30),r1
 1296  00001e50  8fc20000	lw	r2,(r30)
 1297  00001e54  20410001	addi	r1,r2,#1
 1298  00001e58  00011020	add	r2,r0,r1
 1299  00001e5c  afc20000	sw	(r30),r2
 1300  00001e60  0800000c	j	L79_LF2
 1301  00001e64  54000000	nop; delay slot nop
 1302  00001e68          	L78_LF2:
 1303  00001e68  20010001	addi	r1,r0,#1
 1304  00001e6c  afc1ffec	sw	-20(r30),r1
 1305  00001e70          	L79_LF2:
 1306  00001e70  8fc10008	lw	r1,8(r30)
 1307  00001e74  64220000	snei	r2,r1,#0
 1308  00001e78  14400090	bnez	r2,L80_LF2
 1309  00001e7c  54000000	nop; delay slot nop
 1310  00001e80  8fc10000	lw	r1,(r30)
 1311  00001e84  90220000	lbu	r2,(r1)
 1312  00001e88  60410030	seqi	r1,r2,#48
 1313  00001e8c  10200074	beqz	r1,L81_LF2
 1314  00001e90  54000000	nop; delay slot nop
 1315  00001e94  8fc20000	lw	r2,(r30)
 1316  00001e98  20410001	addi	r1,r2,#1
 1317  00001e9c  00011020	add	r2,r0,r1
 1318  00001ea0  afc20000	sw	(r30),r2
 1319  00001ea4  8fc10000	lw	r1,(r30)
 1320  00001ea8  90220000	lbu	r2,(r1)
 1321  00001eac  60410078	seqi	r1,r2,#120
 1322  00001eb0  14200020	bnez	r1,L83_LF2
 1323  00001eb4  54000000	nop; delay slot nop
 1324  00001eb8  8fc10000	lw	r1,(r30)
 1325  00001ebc  90220000	lbu	r2,(r1)
 1326  00001ec0  60410058	seqi	r1,r2,#88
 1327  00001ec4  1420000c	bnez	r1,L83_LF2
 1328  00001ec8  54000000	nop; delay slot nop
 1329  00001ecc  08000024	j	L82_LF2
 1330  00001ed0  54000000	nop; delay slot nop
 1331  00001ed4          	L83_LF2:
 1332  00001ed4  20010010	addi	r1,r0,#16
 1333  00001ed8  afc10008	sw	8(r30),r1
 1334  00001edc  8fc20000	lw	r2,(r30)
 1335  00001ee0  20410001	addi	r1,r2,#1
 1336  00001ee4  00011020	add	r2,r0,r1
 1337  00001ee8  afc20000	sw	(r30),r2
 1338  00001eec  0800000c	j	L84_LF2
 1339  00001ef0  54000000	nop; delay slot nop
 1340  00001ef4          	L82_LF2:
 1341  00001ef4  20010008	addi	r1,r0,#8
 1342  00001ef8  afc10008	sw	8(r30),r1
 1343  00001efc          	L84_LF2:
 1344  00001efc  0800000c	j	L80_LF2
 1345  00001f00  54000000	nop; delay slot nop
 1346  00001f04          	L81_LF2:
 1347  00001f04  2001000a	addi	r1,r0,#10
 1348  00001f08  afc10008	sw	8(r30),r1
 1349  00001f0c          	L85_LF2:
 1350  00001f0c          	L80_LF2:
 1351  00001f0c  8fc10008	lw	r1,8(r30)
 1352  00001f10  70220000	slei	r2,r1,#0
 1353  00001f14  1440001c	bnez	r2,L87_LF2
 1354  00001f18  54000000	nop; delay slot nop
 1355  00001f1c  8fc10008	lw	r1,8(r30)
 1356  00001f20  6c220010	sgti	r2,r1,#16
 1357  00001f24  1440000c	bnez	r2,L87_LF2
 1358  00001f28  54000000	nop; delay slot nop
 1359  00001f2c  08000010	j	L86_LF2
 1360  00001f30  54000000	nop; delay slot nop
 1361  00001f34          	L87_LF2:
 1362  00001f34  8fc1fff4	lw	r1,-12(r30)
 1363  00001f38  08000188	j	L72_LF2
 1364  00001f3c  54000000	nop; delay slot nop
 1365  00001f40          	L86_LF2:
 1366  00001f40  54000000	nop
 1367  00001f44          	L88_LF2:
 1368  00001f44  8fc10000	lw	r1,(r30)
 1369  00001f48  90220000	lbu	r2,(r1)
 1370  00001f4c  6c41002f	sgtui	r1,r2,#47
 1371  00001f50  10200030	beqz	r1,L91_LF2
 1372  00001f54  54000000	nop; delay slot nop
 1373  00001f58  8fc10000	lw	r1,(r30)
 1374  00001f5c  90220000	lbu	r2,(r1)
 1375  00001f60  70410039	sleui	r1,r2,#57
 1376  00001f64  1020001c	beqz	r1,L91_LF2
 1377  00001f68  54000000	nop; delay slot nop
 1378  00001f6c  8fc10000	lw	r1,(r30)
 1379  00001f70  90220000	lbu	r2,(r1)
 1380  00001f74  2041ffd0	addi	r1,r2,#-48
 1381  00001f78  afc1fff0	sw	-16(r30),r1
 1382  00001f7c  0800008c	j	L92_LF2
 1383  00001f80  54000000	nop; delay slot nop
 1384  00001f84          	L91_LF2:
 1385  00001f84  8fc10000	lw	r1,(r30)
 1386  00001f88  90220000	lbu	r2,(r1)
 1387  00001f8c  6c410060	sgtui	r1,r2,#96
 1388  00001f90  10200030	beqz	r1,L93_LF2
 1389  00001f94  54000000	nop; delay slot nop
 1390  00001f98  8fc10000	lw	r1,(r30)
 1391  00001f9c  90220000	lbu	r2,(r1)
 1392  00001fa0  7041007a	sleui	r1,r2,#122
 1393  00001fa4  1020001c	beqz	r1,L93_LF2
 1394  00001fa8  54000000	nop; delay slot nop
 1395  00001fac  8fc10000	lw	r1,(r30)
 1396  00001fb0  90220000	lbu	r2,(r1)
 1397  00001fb4  2041ffa9	addi	r1,r2,#-87
 1398  00001fb8  afc1fff0	sw	-16(r30),r1
 1399  00001fbc  0800004c	j	L92_LF2
 1400  00001fc0  54000000	nop; delay slot nop
 1401  00001fc4          	L93_LF2:
 1402  00001fc4  8fc10000	lw	r1,(r30)
 1403  00001fc8  90220000	lbu	r2,(r1)
 1404  00001fcc  6c410040	sgtui	r1,r2,#64
 1405  00001fd0  10200030	beqz	r1,L95_LF2
 1406  00001fd4  54000000	nop; delay slot nop
 1407  00001fd8  8fc10000	lw	r1,(r30)
 1408  00001fdc  90220000	lbu	r2,(r1)
 1409  00001fe0  7041005a	sleui	r1,r2,#90
 1410  00001fe4  1020001c	beqz	r1,L95_LF2
 1411  00001fe8  54000000	nop; delay slot nop
 1412  00001fec  8fc10000	lw	r1,(r30)
 1413  00001ff0  90220000	lbu	r2,(r1)
 1414  00001ff4  2041ffc9	addi	r1,r2,#-55
 1415  00001ff8  afc1fff0	sw	-16(r30),r1
 1416  00001ffc  0800000c	j	L92_LF2
 1417  00002000  54000000	nop; delay slot nop
 1418  00002004          	L95_LF2:
 1419  00002004  200103e8	addi	r1,r0,#1000
 1420  00002008  afc1fff0	sw	-16(r30),r1
 1421  0000200c          	L96_LF2:
 1422  0000200c          	L94_LF2:
 1423  0000200c          	L92_LF2:
 1424  0000200c  8fc1fff0	lw	r1,-16(r30)
 1425  00002010  8fc20008	lw	r2,8(r30)
 1426  00002014  0022082a	slt	r1,r1,r2
 1427  00002018  10200040	beqz	r1,L90_LF2
 1428  0000201c  54000000	nop; delay slot nop
 1429  00002020  8fc1fff4	lw	r1,-12(r30)
 1430  00002024  8fc20008	lw	r2,8(r30)
 1431  00002028  00200035	movi2fp	f0,r1
 1432  0000202c  00400835	movi2fp	f1,r2
 1433  00002030  0401000e	mult	f0,f0,f1
 1434  00002034  00000834	movfp2i	r1,f0
 1435  00002038  afc1fff4	sw	-12(r30),r1
 1436  0000203c  8fc1fff4	lw	r1,-12(r30)
 1437  00002040  8fc2fff0	lw	r2,-16(r30)
 1438  00002044  00220820	add	r1,r1,r2
 1439  00002048  afc1fff4	sw	-12(r30),r1
 1440  0000204c  8fc20000	lw	r2,(r30)
 1441  00002050  20410001	addi	r1,r2,#1
 1442  00002054  00011020	add	r2,r0,r1
 1443  00002058  afc20000	sw	(r30),r2
 1444  0000205c          	L97_LF2:
 1445  0000205c          	L90_LF2:
 1446  0000205c  8fc1fff0	lw	r1,-16(r30)
 1447  00002060  8fc20008	lw	r2,8(r30)
 1448  00002064  0022082a	slt	r1,r1,r2
 1449  00002068  1420000c	bnez	r1,L98_LF2
 1450  0000206c  54000000	nop; delay slot nop
 1451  00002070  0800000c	j	L89_LF2
 1452  00002074  54000000	nop; delay slot nop
 1453  00002078          	L98_LF2:
 1454  00002078  0bfffec8	j	L88_LF2
 1455  0000207c  54000000	nop; delay slot nop
 1456  00002080          	L89_LF2:
 1457  00002080  8fc10004	lw	r1,4(r30)
 1458  00002084  64220000	snei	r2,r1,#0
 1459  00002088  10400010	beqz	r2,L99_LF2
 1460  0000208c  54000000	nop; delay slot nop
 1461  00002090  8fc10004	lw	r1,4(r30)
 1462  00002094  8fc20000	lw	r2,(r30)
 1463  00002098  ac220000	sw	(r1),r2
 1464  0000209c          	L99_LF2:
 1465  0000209c  8fc1fff4	lw	r1,-12(r30)
 1466  000020a0  8fc2ffec	lw	r2,-20(r30)
 1467  000020a4  00200035	movi2fp	f0,r1
 1468  000020a8  00400835	movi2fp	f1,r2
 1469  000020ac  0401000e	mult	f0,f0,f1
 1470  000020b0  00000834	movfp2i	r1,f0
 1471  000020b4  afc1fff4	sw	-12(r30),r1
 1472  000020b8  8fc1fff4	lw	r1,-12(r30)
 1473  000020bc  08000004	j	L72_LF2
 1474  000020c0  54000000	nop; delay slot nop
 1475  000020c4          	L72_LF2:
 1476  000020c4  8fa20000	lw	r2,0(r29)
 1477  000020c8  8fdffff8	lw	r31,-8(r30)
 1478  000020cc  001ee820	add	r29,r0,r30
 1479  000020d0  8fdefffc	lw	r30,-4(r30)
 1480  000020d4  4be00000	jr	r31
 1481  000020d8  54000000	nop
 1482  000020dc          	.endproc _dstrtol
 1483  000020dc          	.align 2
 1484  000020dc          	.proc _bcopy
 1485  000020dc          	.global _bcopy
 1486  000020dc          	_bcopy:
 1487                      ;  Function 'bcopy'; 0 bytes of locals, 2 regs to save.
 1488  000020dc  afbefffc	sw	-4(r29),r30; push fp
 1489  000020e0  001df020	add	r30,r0,r29; fp = sp
 1490  000020e4  afbffff8	sw	-8(r29),r31; push ret addr
 1491  000020e8  2fbd0010	subui	r29,r29,#16; alloc local storage
 1492  000020ec  afa20000	sw	0(r29),r2
 1493  000020f0  afa30004	sw	4(r29),r3
 1494  000020f4  54000000	nop
 1495  000020f8          	L101_LF2:
 1496  000020f8  8fc10008	lw	r1,8(r30)
 1497  000020fc  2022ffff	addi	r2,r1,#-1
 1498  00002100  afc20008	sw	8(r30),r2
 1499  00002104  6c210000	sgti	r1,r1,#0
 1500  00002108  1420000c	bnez	r1,L103_LF2
 1501  0000210c  54000000	nop; delay slot nop
 1502  00002110  0800002c	j	L102_LF2
 1503  00002114  54000000	nop; delay slot nop
 1504  00002118          	L103_LF2:
 1505  00002118  8fc10004	lw	r1,4(r30)
 1506  0000211c  20220001	addi	r2,r1,#1
 1507  00002120  afc20004	sw	4(r30),r2
 1508  00002124  8fc20000	lw	r2,(r30)
 1509  00002128  20430001	addi	r3,r2,#1
 1510  0000212c  afc30000	sw	(r30),r3
 1511  00002130  80420000	lb	r2,(r2)
 1512  00002134  a0220000	sb	(r1),r2
 1513  00002138  0bffffbc	j	L101_LF2
 1514  0000213c  54000000	nop; delay slot nop
 1515  00002140          	L102_LF2:
 1516  00002140          	L100_LF2:
 1517  00002140  8fa20000	lw	r2,0(r29)
 1518  00002144  8fa30004	lw	r3,4(r29)
 1519  00002148  8fdffff8	lw	r31,-8(r30)
 1520  0000214c  001ee820	add	r29,r0,r30
 1521  00002150  8fdefffc	lw	r30,-4(r30)
 1522  00002154  4be00000	jr	r31
 1523  00002158  54000000	nop
 1524  0000215c          	.endproc _bcopy
 1525  0000215c          	.align 2
 1526  0000215c          	.proc _bzero
 1527  0000215c          	.global _bzero
 1528  0000215c          	_bzero:
 1529                      ;  Function 'bzero'; 0 bytes of locals, 1 regs to save.
 1530  0000215c  afbefffc	sw	-4(r29),r30; push fp
 1531  00002160  001df020	add	r30,r0,r29; fp = sp
 1532  00002164  afbffff8	sw	-8(r29),r31; push ret addr
 1533  00002168  2fbd0010	subui	r29,r29,#16; alloc local storage
 1534  0000216c  afa20000	sw	0(r29),r2
 1535  00002170  54000000	nop
 1536  00002174          	L105_LF2:
 1537  00002174  8fc10004	lw	r1,4(r30)
 1538  00002178  2022ffff	addi	r2,r1,#-1
 1539  0000217c  afc20004	sw	4(r30),r2
 1540  00002180  6c210000	sgti	r1,r1,#0
 1541  00002184  1420000c	bnez	r1,L107_LF2
 1542  00002188  54000000	nop; delay slot nop
 1543  0000218c  08000020	j	L106_LF2
 1544  00002190  54000000	nop; delay slot nop
 1545  00002194          	L107_LF2:
 1546  00002194  8fc10000	lw	r1,(r30)
 1547  00002198  20220001	addi	r2,r1,#1
 1548  0000219c  afc20000	sw	(r30),r2
 1549  000021a0  20020000	addi	r2,r0,(#0x0)&0xff
 1550  000021a4  a0220000	sb	(r1),r2
 1551  000021a8  0bffffc8	j	L105_LF2
 1552  000021ac  54000000	nop; delay slot nop
 1553  000021b0          	L106_LF2:
 1554  000021b0          	L104_LF2:
 1555  000021b0  8fa20000	lw	r2,0(r29)
 1556  000021b4  8fdffff8	lw	r31,-8(r30)
 1557  000021b8  001ee820	add	r29,r0,r30
 1558  000021bc  8fdefffc	lw	r30,-4(r30)
 1559  000021c0  4be00000	jr	r31
 1560  000021c4  54000000	nop
 1561  000021c8          	.endproc _bzero
 1562  000021c8          	.align 2
 1563  000021c8          	.proc _min
 1564  000021c8          	.global _min
 1565  000021c8          	_min:
 1566                      ;  Function 'min'; 0 bytes of locals, 2 regs to save.
 1567  000021c8  afbefffc	sw	-4(r29),r30; push fp
 1568  000021cc  001df020	add	r30,r0,r29; fp = sp
 1569  000021d0  afbffff8	sw	-8(r29),r31; push ret addr
 1570  000021d4  2fbd0010	subui	r29,r29,#16; alloc local storage
 1571  000021d8  afa20000	sw	0(r29),r2
 1572  000021dc  afa30004	sw	4(r29),r3
 1573  000021e0  8fc10000	lw	r1,(r30)
 1574  000021e4  8fc20004	lw	r2,4(r30)
 1575  000021e8  0022182c	sle	r3,r1,r2
 1576  000021ec  14600008	bnez	r3,L109_LF2
 1577  000021f0  54000000	nop; delay slot nop
 1578  000021f4  8fc10004	lw	r1,4(r30)
 1579  000021f8          	L109_LF2:
 1580  000021f8  08000004	j	L108_LF2
 1581  000021fc  54000000	nop; delay slot nop
 1582  00002200          	L108_LF2:
 1583  00002200  8fa20000	lw	r2,0(r29)
 1584  00002204  8fa30004	lw	r3,4(r29)
 1585  00002208  8fdffff8	lw	r31,-8(r30)
 1586  0000220c  001ee820	add	r29,r0,r30
 1587  00002210  8fdefffc	lw	r30,-4(r30)
 1588  00002214  4be00000	jr	r31
 1589  00002218  54000000	nop
 1590  0000221c          	.endproc _min
 1591  0000221c          	.align 2
 1592  0000221c          	.proc _max
 1593  0000221c          	.global _max
 1594  0000221c          	_max:
 1595                      ;  Function 'max'; 0 bytes of locals, 2 regs to save.
 1596  0000221c  afbefffc	sw	-4(r29),r30; push fp
 1597  00002220  001df020	add	r30,r0,r29; fp = sp
 1598  00002224  afbffff8	sw	-8(r29),r31; push ret addr
 1599  00002228  2fbd0010	subui	r29,r29,#16; alloc local storage
 1600  0000222c  afa20000	sw	0(r29),r2
 1601  00002230  afa30004	sw	4(r29),r3
 1602  00002234  8fc10000	lw	r1,(r30)
 1603  00002238  8fc20004	lw	r2,4(r30)
 1604  0000223c  0022182d	sge	r3,r1,r2
 1605  00002240  14600008	bnez	r3,L111_LF2
 1606  00002244  54000000	nop; delay slot nop
 1607  00002248  8fc10004	lw	r1,4(r30)
 1608  0000224c          	L111_LF2:
 1609  0000224c  08000004	j	L110_LF2
 1610  00002250  54000000	nop; delay slot nop
 1611  00002254          	L110_LF2:
 1612  00002254  8fa20000	lw	r2,0(r29)
 1613  00002258  8fa30004	lw	r3,4(r29)
 1614  0000225c  8fdffff8	lw	r31,-8(r30)
 1615  00002260  001ee820	add	r29,r0,r30
 1616  00002264  8fdefffc	lw	r30,-4(r30)
 1617  00002268  4be00000	jr	r31
 1618  0000226c  54000000	nop
 1619  00002270          	.endproc _max
 1620                      ;;; Ethan L. Miller, 1999.  Released to the public domain
 1621                      ;;;
 1622                      ;;; Most of the traps are called in files from libtraps.
 1625  00002270          	.align 2
 1626  00002270          	.proc _exit
 1627  00002270          	.global _exit
 1628  00002270          	_exit:
 1629  00002270  44000300	trap	#0x300
 1630  00002274  4be00000	jr	r31
 1631  00002278  54000000	nop
 1632  0000227c          	.endproc _exit
 1634                      ; for the benefit of gcc.
 1635  0000227c          	.proc ___main
 1636  0000227c          	.global ___main
 1637  0000227c          	___main:
 1638  0000227c  4be00000	jr	r31
 1639  00002280  54000000	nop
 1640  00002284          	.endproc ___main
 1641  00002284          	.text
 1642  00002284          	.global _etext
 1643  00002284          	_etext:
 1644  00002284          	.align 3
 1645  00002288          	.data
 1646  000030ee          	.global _edata
 1647  000030ee          	_edata:
