 line   address	contents
    1                      ; Linked by DLX-LD.
    2                      ; MemSize 24576
    3                      ; Data size: 306
    4                      ; Text size: 5492
    5                      ; Stack size: 8192
    6  00000000          	.text 0x1000
    7  00001000          	.data 0x3000
    8                      ; Compiled by GCC
    9  00003000          	.text
   10  00001000          	.align 2
   11  00001000          	.proc _isspace
   12  00001000          	.global _isspace
   13  00001000          	_isspace:
   14                      ;  Function 'isspace'; 0 bytes of locals, 1 regs to save.
   15  00001000  afbefffc	sw	-4(r29),r30; push fp
   16  00001004  001df020	add	r30,r0,r29; fp = sp
   17  00001008  afbffff8	sw	-8(r29),r31; push ret addr
   18  0000100c  2fbd0010	subui	r29,r29,#16; alloc local storage
   19  00001010  afa20000	sw	0(r29),r2
   20  00001014  83c20003	lb	r2,3(r30)
   21  00001018  201f0000	addi	r31,r0,#0
   22  0000101c  304100ff	andi	r1,r2,#0x00ff
   23  00001020  60210020	seqi	r1,r1,#32
   24  00001024  14200018	bnez	r1,L6_LF0
   25  00001028  54000000	nop; not filled.
   26  0000102c  2041fff7	addi	r1,r2,#-9
   27  00001030  302100ff	andi	r1,r1,#0x00ff
   28  00001034  70210001	sleui	r1,r1,#1
   29  00001038  10200008	beqz	r1,L5_LF0
   30  0000103c  54000000	nop; not filled.
   31  00001040          	L6_LF0:
   32  00001040  201f0001	addi	r31,r0,#1
   33  00001044          	L5_LF0:
   34  00001044  001f0820	add	r1,r0,r31
   35  00001048  8fa20000	lw	r2,0(r29)
   36  0000104c  8fdffff8	lw	r31,-8(r30)
   37  00001050  001ee820	add	r29,r0,r30
   38  00001054  8fdefffc	lw	r30,-4(r30)
   39  00001058  4be00000	jr	r31
   40  0000105c  54000000	nop
   41  00001060          	.endproc _isspace
   42  00001060          	.align 2
   43  00001060          	.proc _isxdigit
   44  00001060          	.global _isxdigit
   45  00001060          	_isxdigit:
   46                      ;  Function 'isxdigit'; 0 bytes of locals, 1 regs to save.
   47  00001060  afbefffc	sw	-4(r29),r30; push fp
   48  00001064  001df020	add	r30,r0,r29; fp = sp
   49  00001068  afbffff8	sw	-8(r29),r31; push ret addr
   50  0000106c  2fbd0010	subui	r29,r29,#16; alloc local storage
   51  00001070  afa20000	sw	0(r29),r2
   52  00001074  83df0003	lb	r31,3(r30)
   53  00001078  20020000	addi	r2,r0,#0
   54  0000107c  23e1ffd0	addi	r1,r31,#-48
   55  00001080  302100ff	andi	r1,r1,#0x00ff
   56  00001084  70210009	sleui	r1,r1,#9
   57  00001088  14200028	bnez	r1,L12_LF0
   58  0000108c  54000000	nop; not filled.
   59  00001090  23e1ff9f	addi	r1,r31,#-97
   60  00001094  302100ff	andi	r1,r1,#0x00ff
   61  00001098  70210005	sleui	r1,r1,#5
   62  0000109c  14200014	bnez	r1,L12_LF0
   63  000010a0  54000000	nop; not filled.
   64  000010a4  33e100ff	andi	r1,r31,#0x00ff
   65  000010a8  64210041	snei	r1,r1,#65
   66  000010ac  14200008	bnez	r1,L11_LF0
   67  000010b0  54000000	nop; not filled.
   68  000010b4          	L12_LF0:
   69  000010b4  20020001	addi	r2,r0,#1
   70  000010b8          	L11_LF0:
   71  000010b8  00020820	add	r1,r0,r2
   72  000010bc  8fa20000	lw	r2,0(r29)
   73  000010c0  8fdffff8	lw	r31,-8(r30)
   74  000010c4  001ee820	add	r29,r0,r30
   75  000010c8  8fdefffc	lw	r30,-4(r30)
   76  000010cc  4be00000	jr	r31
   77  000010d0  54000000	nop
   78  000010d4          	.endproc _isxdigit
   79  000010d4          	.data
   80  00003000          	.align 2
   81  00003000          	LC0_LF0:
   82  00003000  55736167	.ascii "Usage: \000"
   82  00003004  653a2000	
   83  00003008          	.align 2
   84  00003008          	LC1_LF0:
   85  00003008  203c6861	.ascii " <handle_to_shared_memory_page> <handle_to_page_mapped_semaphore>\n\000"
   85  0000300c  6e646c65	
   85  00003010  5f746f5f	
   85  00003014  73686172	
   85  00003018  65645f6d	
   85  0000301c  656d6f72	
   85  00003020  795f7061	
   85  00003024  67653e20	
   85  00003028  3c68616e	
   85  0000302c  646c655f	
   85  00003030  746f5f70	
   85  00003034  6167655f	
   85  00003038  6d617070	
   85  0000303c  65645f73	
   85  00003040  656d6170	
   85  00003044  686f7265	
   85  00003048  3e0a00  	
   86  0000304b          	.align 2
   87  0000304c          	LC2_LF0:
   88  0000304c  42616420	.ascii "Bad sem_create in \000"
   88  00003050  73656d5f	
   88  00003054  63726561	
   88  00003058  74652069	
   88  0000305c  6e2000  	
   89  0000305f          	.align 2
   90  00003060          	LC3_LF0:
   91  00003060  0a00    	.ascii "\n\000"
   92  00003062          	.align 2
   93  00003064          	LC4_LF0:
   94  00003064  5b524541	.ascii "[REACTION1]spawn_me (%d): Could not map the virtual address to the mem"
   94  00003068  4354494f	
   94  0000306c  4e315d73	
   94  00003070  7061776e	
   94  00003074  5f6d6520	
   94  00003078  28256429	
   94  0000307c  3a20436f	
   94  00003080  756c6420	
   94  00003084  6e6f7420	
   94  00003088  6d617020	
   94  0000308c  74686520	
   94  00003090  76697274	
   94  00003094  75616c20	
   94  00003098  61646472	
   94  0000309c  65737320	
   94  000030a0  746f2074	
   94  000030a4  6865206d	
   94  000030a8  656d    	
   95  000030aa  6f727921	.ascii "ory!\n\000"
   95  000030ae  0a00    	
   96  000030b0          	.align 2
   97  000030b0          	LC5_LF0:
   98  000030b0  436f756c	.ascii "Could not send message to mailbox %d in %s (%d)\n\000"
   98  000030b4  64206e6f	
   98  000030b8  74207365	
   98  000030bc  6e64206d	
   98  000030c0  65737361	
   98  000030c4  67652074	
   98  000030c8  6f206d61	
   98  000030cc  696c626f	
   98  000030d0  78202564	
   98  000030d4  20696e20	
   98  000030d8  25732028	
   98  000030dc  2564290a	
   98  000030e0  00      	
   99  000030e1          	.align 2
  100  000030e4          	LC6_LF0:
  101  000030e4  52656163	.ascii "Reaction 1: PID %d\n\000"
  101  000030e8  74696f6e	
  101  000030ec  20313a20	
  101  000030f0  50494420	
  101  000030f4  25640a00	
  102  000030f8          	.align 2
  103  000030f8          	LC7_LF0:
  104  000030f8  42616420	.ascii "Bad semaphore s_procs_completed (%d) in \000"
  104  000030fc  73656d61	
  104  00003100  70686f72	
  104  00003104  6520735f	
  104  00003108  70726f63	
  104  0000310c  735f636f	
  104  00003110  6d706c65	
  104  00003114  74656420	
  104  00003118  28256429	
  104  0000311c  20696e20	
  104  00003120  00      	
  105  00003121          	.align 2
  106  00003124          	LC8_LF0:
  107  00003124  2c206578	.ascii ", exiting...\n\000"
  107  00003128  6974696e	
  107  0000312c  672e2e2e	
  107  00003130  0a00    	
  108  00003132          	.text
  109  000010d4          	.align 2
  110  000010d4          	.proc _main
  111  000010d4          	.global _main
  112  000010d4          	_main:
  113                      ;  Function 'main'; 8 bytes of locals, 0 regs to save.
  114  000010d4  afbefffc	sw	-4(r29),r30; push fp
  115  000010d8  001df020	add	r30,r0,r29; fp = sp
  116  000010dc  afbffff8	sw	-8(r29),r31; push ret addr
  117  000010e0  2fbd0010	subui	r29,r29,#16; alloc local storage
  118  000010e4  8fc20000	lw	r2,(r30)
  119  000010e8  8fc30004	lw	r3,4(r30)
  120  000010ec  0c00147c	jal	___main
  121  000010f0  54000000	nop; not filled.
  122  000010f4  0c0005d0	jal	_getpid
  123  000010f8  54000000	nop; not filled.
  124  000010fc  afc1fff4	sw	-12(r30),r1
  125  00001100  64410005	snei	r1,r2,#5
  126  00001104  1020004c	beqz	r1,L14_LF0
  127  00001108  54000000	nop; not filled.
  128  0000110c  23bdfff8	addi	r29,r29,#-8
  129  00001110  3c080000	lhi	r8,((LC0_LF0)>>16)&0xffff
  130  00001114  25083000	addui	r8,r8,(LC0_LF0)&0xffff
  131  00001118  afa80000	sw	(r29),r8
  132  0000111c  0c00059c	jal	_Printf
  133  00001120  54000000	nop; not filled.
  134  00001124  8c680000	lw	r8,(r3)
  135  00001128  afa80000	sw	(r29),r8
  136  0000112c  0c00058c	jal	_Printf
  137  00001130  54000000	nop; not filled.
  138  00001134  3c080000	lhi	r8,((LC1_LF0)>>16)&0xffff
  139  00001138  25083008	addui	r8,r8,(LC1_LF0)&0xffff
  140  0000113c  afa80000	sw	(r29),r8
  141  00001140  0c000578	jal	_Printf
  142  00001144  54000000	nop; not filled.
  143  00001148  0c000678	jal	_Exit
  144  0000114c  54000000	nop; not filled.
  145  00001150  23bd0008	addi	r29,r29,#8
  146  00001154          	L14_LF0:
  147  00001154  23bdfff0	addi	r29,r29,#-16
  148  00001158  8c680004	lw	r8,4(r3)
  149  0000115c  afa80000	sw	(r29),r8
  150  00001160  20080000	addi	r8,r0,#0
  151  00001164  afa80004	sw	4(r29),r8
  152  00001168  2008000a	addi	r8,r0,#10
  153  0000116c  afa80008	sw	8(r29),r8
  154  00001170  0c000efc	jal	_dstrtol
  155  00001174  54000000	nop; not filled.
  156  00001178  00012820	add	r5,r0,r1
  157  0000117c  8c680008	lw	r8,8(r3)
  158  00001180  afa80000	sw	(r29),r8
  159  00001184  20080000	addi	r8,r0,#0
  160  00001188  afa80004	sw	4(r29),r8
  161  0000118c  2008000a	addi	r8,r0,#10
  162  00001190  afa80008	sw	8(r29),r8
  163  00001194  0c000ed8	jal	_dstrtol
  164  00001198  54000000	nop; not filled.
  165  0000119c  00012020	add	r4,r0,r1
  166  000011a0  8c68000c	lw	r8,12(r3)
  167  000011a4  afa80000	sw	(r29),r8
  168  000011a8  20080000	addi	r8,r0,#0
  169  000011ac  afa80004	sw	4(r29),r8
  170  000011b0  2008000a	addi	r8,r0,#10
  171  000011b4  afa80008	sw	8(r29),r8
  172  000011b8  0c000eb4	jal	_dstrtol
  173  000011bc  54000000	nop; not filled.
  174  000011c0  00013020	add	r6,r0,r1
  175  000011c4  8c680010	lw	r8,16(r3)
  176  000011c8  afa80000	sw	(r29),r8
  177  000011cc  20080000	addi	r8,r0,#0
  178  000011d0  afa80004	sw	4(r29),r8
  179  000011d4  2008000a	addi	r8,r0,#10
  180  000011d8  afa80008	sw	8(r29),r8
  181  000011dc  0c000e90	jal	_dstrtol
  182  000011e0  54000000	nop; not filled.
  183  000011e4  00013820	add	r7,r0,r1
  184  000011e8  afa50000	sw	(r29),r5
  185  000011ec  0c00058c	jal	_mbox_open
  186  000011f0  54000000	nop; not filled.
  187  000011f4  23bd0010	addi	r29,r29,#16
  188  000011f8  6021ffff	seqi	r1,r1,#-1
  189  000011fc  1020004c	beqz	r1,L15_LF0
  190  00001200  54000000	nop; not filled.
  191  00001204  23bdfff8	addi	r29,r29,#-8
  192  00001208  3c080000	lhi	r8,((LC2_LF0)>>16)&0xffff
  193  0000120c  2508304c	addui	r8,r8,(LC2_LF0)&0xffff
  194  00001210  afa80000	sw	(r29),r8
  195  00001214  0c0004a4	jal	_Printf
  196  00001218  54000000	nop; not filled.
  197  0000121c  8c680000	lw	r8,(r3)
  198  00001220  afa80000	sw	(r29),r8
  199  00001224  0c000494	jal	_Printf
  200  00001228  54000000	nop; not filled.
  201  0000122c  3c080000	lhi	r8,((LC3_LF0)>>16)&0xffff
  202  00001230  25083060	addui	r8,r8,(LC3_LF0)&0xffff
  203  00001234  afa80000	sw	(r29),r8
  204  00001238  0c000480	jal	_Printf
  205  0000123c  54000000	nop; not filled.
  206  00001240  0c000580	jal	_Exit
  207  00001244  54000000	nop; not filled.
  208  00001248  23bd0008	addi	r29,r29,#8
  209  0000124c          	L15_LF0:
  210  0000124c  23bdfff8	addi	r29,r29,#-8
  211  00001250  afa40000	sw	(r29),r4
  212  00001254  0c000524	jal	_mbox_open
  213  00001258  54000000	nop; not filled.
  214  0000125c  23bd0008	addi	r29,r29,#8
  215  00001260  6021ffff	seqi	r1,r1,#-1
  216  00001264  1020004c	beqz	r1,L16_LF0
  217  00001268  54000000	nop; not filled.
  218  0000126c  23bdfff8	addi	r29,r29,#-8
  219  00001270  3c080000	lhi	r8,((LC2_LF0)>>16)&0xffff
  220  00001274  2508304c	addui	r8,r8,(LC2_LF0)&0xffff
  221  00001278  afa80000	sw	(r29),r8
  222  0000127c  0c00043c	jal	_Printf
  223  00001280  54000000	nop; not filled.
  224  00001284  8c680000	lw	r8,(r3)
  225  00001288  afa80000	sw	(r29),r8
  226  0000128c  0c00042c	jal	_Printf
  227  00001290  54000000	nop; not filled.
  228  00001294  3c080000	lhi	r8,((LC3_LF0)>>16)&0xffff
  229  00001298  25083060	addui	r8,r8,(LC3_LF0)&0xffff
  230  0000129c  afa80000	sw	(r29),r8
  231  000012a0  0c000418	jal	_Printf
  232  000012a4  54000000	nop; not filled.
  233  000012a8  0c000518	jal	_Exit
  234  000012ac  54000000	nop; not filled.
  235  000012b0  23bd0008	addi	r29,r29,#8
  236  000012b4          	L16_LF0:
  237  000012b4  23bdfff8	addi	r29,r29,#-8
  238  000012b8  afa60000	sw	(r29),r6
  239  000012bc  0c0004bc	jal	_mbox_open
  240  000012c0  54000000	nop; not filled.
  241  000012c4  23bd0008	addi	r29,r29,#8
  242  000012c8  6021ffff	seqi	r1,r1,#-1
  243  000012cc  1020004c	beqz	r1,L17_LF0
  244  000012d0  54000000	nop; not filled.
  245  000012d4  23bdfff8	addi	r29,r29,#-8
  246  000012d8  3c080000	lhi	r8,((LC2_LF0)>>16)&0xffff
  247  000012dc  2508304c	addui	r8,r8,(LC2_LF0)&0xffff
  248  000012e0  afa80000	sw	(r29),r8
  249  000012e4  0c0003d4	jal	_Printf
  250  000012e8  54000000	nop; not filled.
  251  000012ec  8c680000	lw	r8,(r3)
  252  000012f0  afa80000	sw	(r29),r8
  253  000012f4  0c0003c4	jal	_Printf
  254  000012f8  54000000	nop; not filled.
  255  000012fc  3c080000	lhi	r8,((LC3_LF0)>>16)&0xffff
  256  00001300  25083060	addui	r8,r8,(LC3_LF0)&0xffff
  257  00001304  afa80000	sw	(r29),r8
  258  00001308  0c0003b0	jal	_Printf
  259  0000130c  54000000	nop; not filled.
  260  00001310  0c0004b0	jal	_Exit
  261  00001314  54000000	nop; not filled.
  262  00001318  23bd0008	addi	r29,r29,#8
  263  0000131c          	L17_LF0:
  264  0000131c  23bdfff0	addi	r29,r29,#-16
  265  00001320  afa50000	sw	(r29),r5
  266  00001324  20080004	addi	r8,r0,#4
  267  00001328  afa80004	sw	4(r29),r8
  268  0000132c  23c2fff4	addi	r2,r30,#-12
  269  00001330  afa20008	sw	8(r29),r2
  270  00001334  0c000468	jal	_mbox_recv
  271  00001338  54000000	nop; not filled.
  272  0000133c  23bd0010	addi	r29,r29,#16
  273  00001340  6021ffff	seqi	r1,r1,#-1
  274  00001344  10200034	beqz	r1,L18_LF0
  275  00001348  54000000	nop; not filled.
  276  0000134c  0c000378	jal	_getpid
  277  00001350  54000000	nop; not filled.
  278  00001354  23bdfff8	addi	r29,r29,#-8
  279  00001358  3c080000	lhi	r8,((LC4_LF0)>>16)&0xffff
  280  0000135c  25083064	addui	r8,r8,(LC4_LF0)&0xffff
  281  00001360  afa80000	sw	(r29),r8
  282  00001364  afa10004	sw	4(r29),r1
  283  00001368  0c000350	jal	_Printf
  284  0000136c  54000000	nop; not filled.
  285  00001370  0c000450	jal	_Exit
  286  00001374  54000000	nop; not filled.
  287  00001378  23bd0008	addi	r29,r29,#8
  288  0000137c          	L18_LF0:
  289  0000137c  23bdfff0	addi	r29,r29,#-16
  290  00001380  afa50000	sw	(r29),r5
  291  00001384  20080004	addi	r8,r0,#4
  292  00001388  afa80004	sw	4(r29),r8
  293  0000138c  afa20008	sw	8(r29),r2
  294  00001390  0c00040c	jal	_mbox_recv
  295  00001394  54000000	nop; not filled.
  296  00001398  23bd0010	addi	r29,r29,#16
  297  0000139c  6021ffff	seqi	r1,r1,#-1
  298  000013a0  10200034	beqz	r1,L19_LF0
  299  000013a4  54000000	nop; not filled.
  300  000013a8  0c00031c	jal	_getpid
  301  000013ac  54000000	nop; not filled.
  302  000013b0  23bdfff8	addi	r29,r29,#-8
  303  000013b4  3c080000	lhi	r8,((LC4_LF0)>>16)&0xffff
  304  000013b8  25083064	addui	r8,r8,(LC4_LF0)&0xffff
  305  000013bc  afa80000	sw	(r29),r8
  306  000013c0  afa10004	sw	4(r29),r1
  307  000013c4  0c0002f4	jal	_Printf
  308  000013c8  54000000	nop; not filled.
  309  000013cc  0c0003f4	jal	_Exit
  310  000013d0  54000000	nop; not filled.
  311  000013d4  23bd0008	addi	r29,r29,#8
  312  000013d8          	L19_LF0:
  313  000013d8  23bdfff0	addi	r29,r29,#-16
  314  000013dc  afa40000	sw	(r29),r4
  315  000013e0  20080004	addi	r8,r0,#4
  316  000013e4  afa80004	sw	4(r29),r8
  317  000013e8  afa20008	sw	8(r29),r2
  318  000013ec  0c0003a4	jal	_mbox_send
  319  000013f0  54000000	nop; not filled.
  320  000013f4  23bd0010	addi	r29,r29,#16
  321  000013f8  6021ffff	seqi	r1,r1,#-1
  322  000013fc  10200040	beqz	r1,L20_LF0
  323  00001400  54000000	nop; not filled.
  324  00001404  0c0002c0	jal	_getpid
  325  00001408  54000000	nop; not filled.
  326  0000140c  23bdfff0	addi	r29,r29,#-16
  327  00001410  3c080000	lhi	r8,((LC5_LF0)>>16)&0xffff
  328  00001414  250830b0	addui	r8,r8,(LC5_LF0)&0xffff
  329  00001418  afa80000	sw	(r29),r8
  330  0000141c  afa40004	sw	4(r29),r4
  331  00001420  8c680000	lw	r8,(r3)
  332  00001424  afa80008	sw	8(r29),r8
  333  00001428  afa1000c	sw	12(r29),r1
  334  0000142c  0c00028c	jal	_Printf
  335  00001430  54000000	nop; not filled.
  336  00001434  0c00038c	jal	_Exit
  337  00001438  54000000	nop; not filled.
  338  0000143c  23bd0010	addi	r29,r29,#16
  339  00001440          	L20_LF0:
  340  00001440  23bdfff0	addi	r29,r29,#-16
  341  00001444  afa60000	sw	(r29),r6
  342  00001448  20080004	addi	r8,r0,#4
  343  0000144c  afa80004	sw	4(r29),r8
  344  00001450  afa20008	sw	8(r29),r2
  345  00001454  0c00033c	jal	_mbox_send
  346  00001458  54000000	nop; not filled.
  347  0000145c  23bd0010	addi	r29,r29,#16
  348  00001460  6021ffff	seqi	r1,r1,#-1
  349  00001464  10200040	beqz	r1,L21_LF0
  350  00001468  54000000	nop; not filled.
  351  0000146c  0c000258	jal	_getpid
  352  00001470  54000000	nop; not filled.
  353  00001474  23bdfff0	addi	r29,r29,#-16
  354  00001478  3c080000	lhi	r8,((LC5_LF0)>>16)&0xffff
  355  0000147c  250830b0	addui	r8,r8,(LC5_LF0)&0xffff
  356  00001480  afa80000	sw	(r29),r8
  357  00001484  afa40004	sw	4(r29),r4
  358  00001488  8c680000	lw	r8,(r3)
  359  0000148c  afa80008	sw	8(r29),r8
  360  00001490  afa1000c	sw	12(r29),r1
  361  00001494  0c000224	jal	_Printf
  362  00001498  54000000	nop; not filled.
  363  0000149c  0c000324	jal	_Exit
  364  000014a0  54000000	nop; not filled.
  365  000014a4  23bd0010	addi	r29,r29,#16
  366  000014a8          	L21_LF0:
  367  000014a8  0c00021c	jal	_getpid
  368  000014ac  54000000	nop; not filled.
  369  000014b0  23bdfff8	addi	r29,r29,#-8
  370  000014b4  3c080000	lhi	r8,((LC6_LF0)>>16)&0xffff
  371  000014b8  250830e4	addui	r8,r8,(LC6_LF0)&0xffff
  372  000014bc  afa80000	sw	(r29),r8
  373  000014c0  afa10004	sw	4(r29),r1
  374  000014c4  0c0001f4	jal	_Printf
  375  000014c8  54000000	nop; not filled.
  376  000014cc  afa50000	sw	(r29),r5
  377  000014d0  0c0002b4	jal	_mbox_close
  378  000014d4  54000000	nop; not filled.
  379  000014d8  23bd0008	addi	r29,r29,#8
  380  000014dc  6021ffff	seqi	r1,r1,#-1
  381  000014e0  1020004c	beqz	r1,L22_LF0
  382  000014e4  54000000	nop; not filled.
  383  000014e8  23bdfff8	addi	r29,r29,#-8
  384  000014ec  3c080000	lhi	r8,((LC2_LF0)>>16)&0xffff
  385  000014f0  2508304c	addui	r8,r8,(LC2_LF0)&0xffff
  386  000014f4  afa80000	sw	(r29),r8
  387  000014f8  0c0001c0	jal	_Printf
  388  000014fc  54000000	nop; not filled.
  389  00001500  8c680000	lw	r8,(r3)
  390  00001504  afa80000	sw	(r29),r8
  391  00001508  0c0001b0	jal	_Printf
  392  0000150c  54000000	nop; not filled.
  393  00001510  3c080000	lhi	r8,((LC3_LF0)>>16)&0xffff
  394  00001514  25083060	addui	r8,r8,(LC3_LF0)&0xffff
  395  00001518  afa80000	sw	(r29),r8
  396  0000151c  0c00019c	jal	_Printf
  397  00001520  54000000	nop; not filled.
  398  00001524  0c00029c	jal	_Exit
  399  00001528  54000000	nop; not filled.
  400  0000152c  23bd0008	addi	r29,r29,#8
  401  00001530          	L22_LF0:
  402  00001530  23bdfff8	addi	r29,r29,#-8
  403  00001534  afa40000	sw	(r29),r4
  404  00001538  0c00024c	jal	_mbox_close
  405  0000153c  54000000	nop; not filled.
  406  00001540  23bd0008	addi	r29,r29,#8
  407  00001544  6021ffff	seqi	r1,r1,#-1
  408  00001548  1020004c	beqz	r1,L23_LF0
  409  0000154c  54000000	nop; not filled.
  410  00001550  23bdfff8	addi	r29,r29,#-8
  411  00001554  3c080000	lhi	r8,((LC2_LF0)>>16)&0xffff
  412  00001558  2508304c	addui	r8,r8,(LC2_LF0)&0xffff
  413  0000155c  afa80000	sw	(r29),r8
  414  00001560  0c000158	jal	_Printf
  415  00001564  54000000	nop; not filled.
  416  00001568  8c680000	lw	r8,(r3)
  417  0000156c  afa80000	sw	(r29),r8
  418  00001570  0c000148	jal	_Printf
  419  00001574  54000000	nop; not filled.
  420  00001578  3c080000	lhi	r8,((LC3_LF0)>>16)&0xffff
  421  0000157c  25083060	addui	r8,r8,(LC3_LF0)&0xffff
  422  00001580  afa80000	sw	(r29),r8
  423  00001584  0c000134	jal	_Printf
  424  00001588  54000000	nop; not filled.
  425  0000158c  0c000234	jal	_Exit
  426  00001590  54000000	nop; not filled.
  427  00001594  23bd0008	addi	r29,r29,#8
  428  00001598          	L23_LF0:
  429  00001598  23bdfff8	addi	r29,r29,#-8
  430  0000159c  afa60000	sw	(r29),r6
  431  000015a0  0c0001e4	jal	_mbox_close
  432  000015a4  54000000	nop; not filled.
  433  000015a8  23bd0008	addi	r29,r29,#8
  434  000015ac  6021ffff	seqi	r1,r1,#-1
  435  000015b0  1020004c	beqz	r1,L24_LF0
  436  000015b4  54000000	nop; not filled.
  437  000015b8  23bdfff8	addi	r29,r29,#-8
  438  000015bc  3c080000	lhi	r8,((LC2_LF0)>>16)&0xffff
  439  000015c0  2508304c	addui	r8,r8,(LC2_LF0)&0xffff
  440  000015c4  afa80000	sw	(r29),r8
  441  000015c8  0c0000f0	jal	_Printf
  442  000015cc  54000000	nop; not filled.
  443  000015d0  8c680000	lw	r8,(r3)
  444  000015d4  afa80000	sw	(r29),r8
  445  000015d8  0c0000e0	jal	_Printf
  446  000015dc  54000000	nop; not filled.
  447  000015e0  3c080000	lhi	r8,((LC3_LF0)>>16)&0xffff
  448  000015e4  25083060	addui	r8,r8,(LC3_LF0)&0xffff
  449  000015e8  afa80000	sw	(r29),r8
  450  000015ec  0c0000cc	jal	_Printf
  451  000015f0  54000000	nop; not filled.
  452  000015f4  0c0001cc	jal	_Exit
  453  000015f8  54000000	nop; not filled.
  454  000015fc  23bd0008	addi	r29,r29,#8
  455  00001600          	L24_LF0:
  456  00001600  23bdfff8	addi	r29,r29,#-8
  457  00001604  afa70000	sw	(r29),r7
  458  00001608  0c000104	jal	_sem_signal
  459  0000160c  54000000	nop; not filled.
  460  00001610  23bd0008	addi	r29,r29,#8
  461  00001614  64210001	snei	r1,r1,#1
  462  00001618  10200050	beqz	r1,L25_LF0
  463  0000161c  54000000	nop; not filled.
  464  00001620  23bdfff8	addi	r29,r29,#-8
  465  00001624  3c080000	lhi	r8,((LC7_LF0)>>16)&0xffff
  466  00001628  250830f8	addui	r8,r8,(LC7_LF0)&0xffff
  467  0000162c  afa80000	sw	(r29),r8
  468  00001630  afa70004	sw	4(r29),r7
  469  00001634  0c000084	jal	_Printf
  470  00001638  54000000	nop; not filled.
  471  0000163c  8c630000	lw	r3,(r3)
  472  00001640  afa30000	sw	(r29),r3
  473  00001644  0c000074	jal	_Printf
  474  00001648  54000000	nop; not filled.
  475  0000164c  3c080000	lhi	r8,((LC8_LF0)>>16)&0xffff
  476  00001650  25083124	addui	r8,r8,(LC8_LF0)&0xffff
  477  00001654  afa80000	sw	(r29),r8
  478  00001658  0c000060	jal	_Printf
  479  0000165c  54000000	nop; not filled.
  480  00001660  0c000160	jal	_Exit
  481  00001664  54000000	nop; not filled.
  482  00001668  23bd0008	addi	r29,r29,#8
  483  0000166c          	L25_LF0:
  484  0000166c  0c000ef0	jal	_exit
  485  00001670  54000000	nop
  486  00001674          	.endproc _main
  487                      ;;;
  488                      ;;; Stub functions for DLX traps.
  489                      ;;;
  490                      ;;; Ethan L. Miller, 1999.  Released to the public domain.
  491                      ;;;
  492                      ;;; The traps such as Open and Close
  493                      ;;; (note the capital letters) are for use by user programs.  The traps
  494                      ;;; with names such as open and close (lower case) are for use by the OS.
  495                      ;;;
  498  00001674          	.align 2
  500                      ;;; The following are the traps to be used by user-level programs
  501                      ;;;
  503  00001674          	.align 2
  504  00001674          	.proc _Open
  505  00001674          	.global _Open
  506  00001674          	_Open:
  507                      ;;; Note that trap #0x213 actually causes a trap vector in the OS of
  508                      ;;; 0x1213.  The same is true for other user traps.  Thus, a user trap
  509                      ;;; with trap #0x240 will result in a trap vector of 0x1240 in the OS.
  510  00001674  44000213	trap	#0x213
  511  00001678  4be00000	jr	r31
  512  0000167c  54000000	nop
  513  00001680          	.endproc _Open
  515  00001680          	.proc _Close
  516  00001680          	.global _Close
  517  00001680          	_Close:
  518  00001680  44000214	trap	#0x214
  519  00001684  4be00000	jr	r31
  520  00001688  54000000	nop
  521  0000168c          	.endproc _Close
  523  0000168c          	.proc _Read
  524  0000168c          	.global _Read
  525  0000168c          	_Read:
  526  0000168c  44000210	trap	#0x210
  527  00001690  4be00000	jr	r31
  528  00001694  54000000	nop
  529  00001698          	.endproc _Read
  531  00001698          	.proc _Write
  532  00001698          	.global _Write
  533  00001698          	_Write:
  534  00001698  44000211	trap	#0x211
  535  0000169c  4be00000	jr	r31
  536  000016a0  54000000	nop
  537  000016a4          	.endproc _Write
  539  000016a4          	.proc _Lseek
  540  000016a4          	.global _Lseek
  541  000016a4          	_Lseek:
  542  000016a4  44000212	trap	#0x212
  543  000016a8  4be00000	jr	r31
  544  000016ac  54000000	nop
  545  000016b0          	.endproc _Lseek
  547  000016b0          	.proc _Putchar
  548  000016b0          	.global _Putchar
  549  000016b0          	_Putchar:
  550  000016b0  44000280	trap	#0x280
  551  000016b4  4be00000	jr	r31
  552  000016b8  54000000	nop
  553  000016bc          	.endproc _Putchar
  555  000016bc          	.proc _Printf
  556  000016bc          	.global _Printf
  557  000016bc          	_Printf:
  558  000016bc  44000201	trap	#0x201
  559  000016c0  4be00000	jr	r31
  560  000016c4  54000000	nop
  561  000016c8          	.endproc _Printf
  563  000016c8          	.proc _getpid
  564  000016c8          	.global _getpid
  565  000016c8          	_getpid:
  566  000016c8  44000431	trap	#0x431
  567  000016cc  4be00000	jr	r31
  568  000016d0  54000000	nop
  569  000016d4          	.endproc _getpid
  571  000016d4          	.proc _process_create
  572  000016d4          	.global _process_create
  573  000016d4          	_process_create:
  574  000016d4  44000432	trap	#0x432
  575  000016d8  4be00000	jr	r31
  576  000016dc  54000000	nop
  577  000016e0          	.endproc _process_create
  579  000016e0          	.proc _shmget
  580  000016e0          	.global _shmget
  581  000016e0          	_shmget:
  582  000016e0  44000440	trap	#0x440
  583  000016e4  4be00000	jr	r31
  584  000016e8  54000000	nop
  585  000016ec          	.endproc _shmget
  587  000016ec          	.proc _shmat
  588  000016ec          	.global _shmat
  589  000016ec          	_shmat:
  590  000016ec  44000441	trap	#0x441
  591  000016f0  4be00000	jr	r31
  592  000016f4  54000000	nop
  593  000016f8          	.endproc _shmat
  595  000016f8          	.proc _sem_create
  596  000016f8          	.global _sem_create
  597  000016f8          	_sem_create:
  598  000016f8  44000450	trap	#0x450
  599  000016fc  4be00000	jr	r31
  600  00001700  54000000	nop
  601  00001704          	.endproc _sem_create
  603  00001704          	.proc _sem_wait
  604  00001704          	.global _sem_wait
  605  00001704          	_sem_wait:
  606  00001704  44000451	trap	#0x451
  607  00001708  4be00000	jr	r31
  608  0000170c  54000000	nop
  609  00001710          	.endproc _sem_wait
  611  00001710          	.proc _sem_signal
  612  00001710          	.global _sem_signal
  613  00001710          	_sem_signal:
  614  00001710  44000452	trap	#0x452
  615  00001714  4be00000	jr	r31
  616  00001718  54000000	nop
  617  0000171c          	.endproc _sem_signal
  619  0000171c          	.proc _lock_create
  620  0000171c          	.global _lock_create
  621  0000171c          	_lock_create:
  622  0000171c  44000453	trap	#0x453
  623  00001720  4be00000	jr	r31
  624  00001724  54000000	nop
  625  00001728          	.endproc _lock_create
  627  00001728          	.proc _lock_acquire
  628  00001728          	.global _lock_acquire
  629  00001728          	_lock_acquire:
  630  00001728  44000454	trap	#0x454
  631  0000172c  4be00000	jr	r31
  632  00001730  54000000	nop
  633  00001734          	.endproc _lock_acquire
  635  00001734          	.proc _lock_release
  636  00001734          	.global _lock_release
  637  00001734          	_lock_release:
  638  00001734  44000455	trap	#0x455
  639  00001738  4be00000	jr	r31
  640  0000173c  54000000	nop
  641  00001740          	.endproc _lock_release
  643  00001740          	.proc _cond_create
  644  00001740          	.global _cond_create
  645  00001740          	_cond_create:
  646  00001740  44000456	trap	#0x456
  647  00001744  4be00000	jr	r31
  648  00001748  54000000	nop
  649  0000174c          	.endproc _cond_create
  651  0000174c          	.proc _cond_wait
  652  0000174c          	.global _cond_wait
  653  0000174c          	_cond_wait:
  654  0000174c  44000457	trap	#0x457
  655  00001750  4be00000	jr	r31
  656  00001754  54000000	nop
  657  00001758          	.endproc _cond_wait
  659  00001758          	.proc _cond_signal
  660  00001758          	.global _cond_signal
  661  00001758          	_cond_signal:
  662  00001758  44000458	trap	#0x458
  663  0000175c  4be00000	jr	r31
  664  00001760  54000000	nop
  665  00001764          	.endproc _cond_signal
  667  00001764          	.proc _cond_broadcast
  668  00001764          	.global _cond_broadcast
  669  00001764          	_cond_broadcast:
  670  00001764  44000459	trap	#0x459
  671  00001768  4be00000	jr	r31
  672  0000176c  54000000	nop
  673  00001770          	.endproc _cond_broadcast
  675  00001770          	.proc _mbox_create
  676  00001770          	.global _mbox_create
  677  00001770          	_mbox_create:
  678  00001770  44000460	trap	#0x460
  679  00001774  4be00000	jr	r31
  680  00001778  54000000	nop
  681  0000177c          	.endproc _mbox_create
  683  0000177c          	.proc _mbox_open
  684  0000177c          	.global _mbox_open
  685  0000177c          	_mbox_open:
  686  0000177c  44000461	trap	#0x461
  687  00001780  4be00000	jr	r31
  688  00001784  54000000	nop
  689  00001788          	.endproc _mbox_open
  691  00001788          	.proc _mbox_close
  692  00001788          	.global _mbox_close
  693  00001788          	_mbox_close:
  694  00001788  44000462	trap	#0x462
  695  0000178c  4be00000	jr	r31
  696  00001790  54000000	nop
  697  00001794          	.endproc _mbox_close
  699  00001794          	.proc _mbox_send
  700  00001794          	.global _mbox_send
  701  00001794          	_mbox_send:
  702  00001794  44000463	trap	#0x463
  703  00001798  4be00000	jr	r31
  704  0000179c  54000000	nop
  705  000017a0          	.endproc _mbox_send
  707  000017a0          	.proc _mbox_recv
  708  000017a0          	.global _mbox_recv
  709  000017a0          	_mbox_recv:
  710  000017a0  44000464	trap	#0x464
  711  000017a4  4be00000	jr	r31
  712  000017a8  54000000	nop
  713  000017ac          	.endproc _mbox_recv
  715  000017ac          	.proc _sleep
  716  000017ac          	.global _sleep
  717  000017ac          	_sleep:
  718  000017ac  44000465	trap	#0x465
  719  000017b0  4be00000	jr	r31
  720  000017b4  54000000	nop
  721  000017b8          	.endproc _sleep
  723  000017b8          	.proc _yield
  724  000017b8          	.global _yield
  725  000017b8          	_yield:
  726  000017b8  44000466	trap	#0x466
  727  000017bc  4be00000	jr	r31
  728  000017c0  54000000	nop
  729  000017c4          	.endproc _yield
  732  000017c4          	.proc _Exit
  733  000017c4          	.global _Exit
  734  000017c4          	_Exit:
  735  000017c4  44000500	trap	#0x500
  736  000017c8  4be00000	jr	r31
  737  000017cc  54000000	nop
  738  000017d0          	.endproc _Exit
  739                      ; Compiled by GCC
  741  000017d0          	.align 2
  742  000017d0          	.proc _isspace
  743  000017d0          	.global _isspace
  744  000017d0          	_isspace:
  745                      ;  Function 'isspace'; 0 bytes of locals, 3 regs to save.
  746  000017d0  afbefffc	sw	-4(r29),r30; push fp
  747  000017d4  001df020	add	r30,r0,r29; fp = sp
  748  000017d8  afbffff8	sw	-8(r29),r31; push ret addr
  749  000017dc  2fbd0018	subui	r29,r29,#24; alloc local storage
  750  000017e0  afa20000	sw	0(r29),r2
  751  000017e4  afa30004	sw	4(r29),r3
  752  000017e8  afa40008	sw	8(r29),r4
  753  000017ec  83c20003	lb	r2,3(r30)
  754  000017f0  20010000	addi	r1,r0,#0
  755  000017f4  304300ff	andi	r3,r2,#0x00ff
  756  000017f8  60640020	seqi	r4,r3,#32
  757  000017fc  1480002c	bnez	r4,L3_LF2
  758  00001800  54000000	nop; delay slot nop
  759  00001804  304300ff	andi	r3,r2,#0x00ff
  760  00001808  60640009	seqi	r4,r3,#9
  761  0000180c  1480001c	bnez	r4,L3_LF2
  762  00001810  54000000	nop; delay slot nop
  763  00001814  304300ff	andi	r3,r2,#0x00ff
  764  00001818  6064000a	seqi	r4,r3,#10
  765  0000181c  1480000c	bnez	r4,L3_LF2
  766  00001820  54000000	nop; delay slot nop
  767  00001824  08000008	j	L2_LF2
  768  00001828  54000000	nop; delay slot nop
  769  0000182c          	L3_LF2:
  770  0000182c  20010001	addi	r1,r0,#1
  771  00001830          	L2_LF2:
  772  00001830  08000004	j	L1_LF2
  773  00001834  54000000	nop; delay slot nop
  774  00001838          	L1_LF2:
  775  00001838  8fa20000	lw	r2,0(r29)
  776  0000183c  8fa30004	lw	r3,4(r29)
  777  00001840  8fa40008	lw	r4,8(r29)
  778  00001844  8fdffff8	lw	r31,-8(r30)
  779  00001848  001ee820	add	r29,r0,r30
  780  0000184c  8fdefffc	lw	r30,-4(r30)
  781  00001850  4be00000	jr	r31
  782  00001854  54000000	nop
  783  00001858          	.endproc _isspace
  784  00001858          	.align 2
  785  00001858          	.proc _isxdigit
  786  00001858          	.global _isxdigit
  787  00001858          	_isxdigit:
  788                      ;  Function 'isxdigit'; 0 bytes of locals, 3 regs to save.
  789  00001858  afbefffc	sw	-4(r29),r30; push fp
  790  0000185c  001df020	add	r30,r0,r29; fp = sp
  791  00001860  afbffff8	sw	-8(r29),r31; push ret addr
  792  00001864  2fbd0018	subui	r29,r29,#24; alloc local storage
  793  00001868  afa20000	sw	0(r29),r2
  794  0000186c  afa30004	sw	4(r29),r3
  795  00001870  afa40008	sw	8(r29),r4
  796  00001874  83c20003	lb	r2,3(r30)
  797  00001878  20010000	addi	r1,r0,#0
  798  0000187c  304300ff	andi	r3,r2,#0x00ff
  799  00001880  6c64002f	sgtui	r4,r3,#47
  800  00001884  1080001c	beqz	r4,L7_LF2
  801  00001888  54000000	nop; delay slot nop
  802  0000188c  304300ff	andi	r3,r2,#0x00ff
  803  00001890  70640039	sleui	r4,r3,#57
  804  00001894  1480005c	bnez	r4,L6_LF2
  805  00001898  54000000	nop; delay slot nop
  806  0000189c  08000004	j	L7_LF2
  807  000018a0  54000000	nop; delay slot nop
  808  000018a4          	L7_LF2:
  809  000018a4  304300ff	andi	r3,r2,#0x00ff
  810  000018a8  6c640060	sgtui	r4,r3,#96
  811  000018ac  1080001c	beqz	r4,L8_LF2
  812  000018b0  54000000	nop; delay slot nop
  813  000018b4  304300ff	andi	r3,r2,#0x00ff
  814  000018b8  70640066	sleui	r4,r3,#102
  815  000018bc  14800034	bnez	r4,L6_LF2
  816  000018c0  54000000	nop; delay slot nop
  817  000018c4  08000004	j	L8_LF2
  818  000018c8  54000000	nop; delay slot nop
  819  000018cc          	L8_LF2:
  820  000018cc  304300ff	andi	r3,r2,#0x00ff
  821  000018d0  6c640040	sgtui	r4,r3,#64
  822  000018d4  10800020	beqz	r4,L5_LF2
  823  000018d8  54000000	nop; delay slot nop
  824  000018dc  304300ff	andi	r3,r2,#0x00ff
  825  000018e0  70640041	sleui	r4,r3,#65
  826  000018e4  1480000c	bnez	r4,L6_LF2
  827  000018e8  54000000	nop; delay slot nop
  828  000018ec  08000008	j	L5_LF2
  829  000018f0  54000000	nop; delay slot nop
  830  000018f4          	L6_LF2:
  831  000018f4  20010001	addi	r1,r0,#1
  832  000018f8          	L5_LF2:
  833  000018f8  08000004	j	L4_LF2
  834  000018fc  54000000	nop; delay slot nop
  835  00001900          	L4_LF2:
  836  00001900  8fa20000	lw	r2,0(r29)
  837  00001904  8fa30004	lw	r3,4(r29)
  838  00001908  8fa40008	lw	r4,8(r29)
  839  0000190c  8fdffff8	lw	r31,-8(r30)
  840  00001910  001ee820	add	r29,r0,r30
  841  00001914  8fdefffc	lw	r30,-4(r30)
  842  00001918  4be00000	jr	r31
  843  0000191c  54000000	nop
  844  00001920          	.endproc _isxdigit
  845  00001920          	.align 2
  846  00001920          	.proc _dstrcpy
  847  00001920          	.global _dstrcpy
  848  00001920          	_dstrcpy:
  849                      ;  Function 'dstrcpy'; 8 bytes of locals, 2 regs to save.
  850  00001920  afbefffc	sw	-4(r29),r30; push fp
  851  00001924  001df020	add	r30,r0,r29; fp = sp
  852  00001928  afbffff8	sw	-8(r29),r31; push ret addr
  853  0000192c  2fbd0018	subui	r29,r29,#24; alloc local storage
  854  00001930  afa20000	sw	0(r29),r2
  855  00001934  afa30004	sw	4(r29),r3
  856  00001938  8fc10000	lw	r1,(r30)
  857  0000193c  afc1fff4	sw	-12(r30),r1
  858  00001940          	L10_LF2:
  859  00001940  8fc10000	lw	r1,(r30)
  860  00001944  20220001	addi	r2,r1,#1
  861  00001948  afc20000	sw	(r30),r2
  862  0000194c  8fc20004	lw	r2,4(r30)
  863  00001950  20430001	addi	r3,r2,#1
  864  00001954  afc30004	sw	4(r30),r3
  865  00001958  80420000	lb	r2,(r2)
  866  0000195c  a0220000	sb	(r1),r2
  867  00001960  a3c2fff3	sb	-13(r30),r2
  868  00001964          	L12_LF2:
  869  00001964  93c1fff3	lbu	r1,-13(r30)
  870  00001968  64220000	snei	r2,r1,#0
  871  0000196c  1440000c	bnez	r2,L13_LF2
  872  00001970  54000000	nop; delay slot nop
  873  00001974  0800000c	j	L11_LF2
  874  00001978  54000000	nop; delay slot nop
  875  0000197c          	L13_LF2:
  876  0000197c  0bffffc0	j	L10_LF2
  877  00001980  54000000	nop; delay slot nop
  878  00001984          	L11_LF2:
  879  00001984  8fc1fff4	lw	r1,-12(r30)
  880  00001988  08000004	j	L9_LF2
  881  0000198c  54000000	nop; delay slot nop
  882  00001990          	L9_LF2:
  883  00001990  8fa20000	lw	r2,0(r29)
  884  00001994  8fa30004	lw	r3,4(r29)
  885  00001998  8fdffff8	lw	r31,-8(r30)
  886  0000199c  001ee820	add	r29,r0,r30
  887  000019a0  8fdefffc	lw	r30,-4(r30)
  888  000019a4  4be00000	jr	r31
  889  000019a8  54000000	nop
  890  000019ac          	.endproc _dstrcpy
  891  000019ac          	.align 2
  892  000019ac          	.proc _dstrncpy
  893  000019ac          	.global _dstrncpy
  894  000019ac          	_dstrncpy:
  895                      ;  Function 'dstrncpy'; 8 bytes of locals, 2 regs to save.
  896  000019ac  afbefffc	sw	-4(r29),r30; push fp
  897  000019b0  001df020	add	r30,r0,r29; fp = sp
  898  000019b4  afbffff8	sw	-8(r29),r31; push ret addr
  899  000019b8  2fbd0018	subui	r29,r29,#24; alloc local storage
  900  000019bc  afa20000	sw	0(r29),r2
  901  000019c0  afa30004	sw	4(r29),r3
  902  000019c4  8fc10000	lw	r1,(r30)
  903  000019c8  afc1fff4	sw	-12(r30),r1
  904  000019cc          	L15_LF2:
  905  000019cc  8fc10008	lw	r1,8(r30)
  906  000019d0  2022ffff	addi	r2,r1,#-1
  907  000019d4  afc20008	sw	8(r30),r2
  908  000019d8  70210000	slei	r1,r1,#0
  909  000019dc  1020000c	beqz	r1,L18_LF2
  910  000019e0  54000000	nop; delay slot nop
  911  000019e4  08000048	j	L16_LF2
  912  000019e8  54000000	nop; delay slot nop
  913  000019ec          	L18_LF2:
  914  000019ec  8fc10000	lw	r1,(r30)
  915  000019f0  20220001	addi	r2,r1,#1
  916  000019f4  afc20000	sw	(r30),r2
  917  000019f8  8fc20004	lw	r2,4(r30)
  918  000019fc  20430001	addi	r3,r2,#1
  919  00001a00  afc30004	sw	4(r30),r3
  920  00001a04  80420000	lb	r2,(r2)
  921  00001a08  a0220000	sb	(r1),r2
  922  00001a0c  a3c2fff3	sb	-13(r30),r2
  923  00001a10          	L17_LF2:
  924  00001a10  93c1fff3	lbu	r1,-13(r30)
  925  00001a14  64220000	snei	r2,r1,#0
  926  00001a18  1440000c	bnez	r2,L19_LF2
  927  00001a1c  54000000	nop; delay slot nop
  928  00001a20  0800000c	j	L16_LF2
  929  00001a24  54000000	nop; delay slot nop
  930  00001a28          	L19_LF2:
  931  00001a28  0bffffa0	j	L15_LF2
  932  00001a2c  54000000	nop; delay slot nop
  933  00001a30          	L16_LF2:
  934  00001a30  8fc1fff4	lw	r1,-12(r30)
  935  00001a34  08000004	j	L14_LF2
  936  00001a38  54000000	nop; delay slot nop
  937  00001a3c          	L14_LF2:
  938  00001a3c  8fa20000	lw	r2,0(r29)
  939  00001a40  8fa30004	lw	r3,4(r29)
  940  00001a44  8fdffff8	lw	r31,-8(r30)
  941  00001a48  001ee820	add	r29,r0,r30
  942  00001a4c  8fdefffc	lw	r30,-4(r30)
  943  00001a50  4be00000	jr	r31
  944  00001a54  54000000	nop
  945  00001a58          	.endproc _dstrncpy
  946  00001a58          	.align 2
  947  00001a58          	.proc _dstrcat
  948  00001a58          	.global _dstrcat
  949  00001a58          	_dstrcat:
  950                      ;  Function 'dstrcat'; 8 bytes of locals, 1 regs to save.
  951  00001a58  afbefffc	sw	-4(r29),r30; push fp
  952  00001a5c  001df020	add	r30,r0,r29; fp = sp
  953  00001a60  afbffff8	sw	-8(r29),r31; push ret addr
  954  00001a64  2fbd0018	subui	r29,r29,#24; alloc local storage
  955  00001a68  afa20000	sw	0(r29),r2
  956  00001a6c  8fc10000	lw	r1,(r30)
  957  00001a70  afc1fff4	sw	-12(r30),r1
  958  00001a74          	L21_LF2:
  959  00001a74  8fc10000	lw	r1,(r30)
  960  00001a78  90220000	lbu	r2,(r1)
  961  00001a7c  64410000	snei	r1,r2,#0
  962  00001a80  1420000c	bnez	r1,L23_LF2
  963  00001a84  54000000	nop; delay slot nop
  964  00001a88  0800001c	j	L22_LF2
  965  00001a8c  54000000	nop; delay slot nop
  966  00001a90          	L23_LF2:
  967  00001a90  8fc20000	lw	r2,(r30)
  968  00001a94  20410001	addi	r1,r2,#1
  969  00001a98  00011020	add	r2,r0,r1
  970  00001a9c  afc20000	sw	(r30),r2
  971  00001aa0  0bffffd0	j	L21_LF2
  972  00001aa4  54000000	nop; delay slot nop
  973  00001aa8          	L22_LF2:
  974  00001aa8  23bdfff8	addi	r29,r29,#-8
  975  00001aac  001d0820	add	r1,r0,r29
  976  00001ab0  8fc20000	lw	r2,(r30)
  977  00001ab4  ac220000	sw	(r1),r2
  978  00001ab8  8fc20004	lw	r2,4(r30)
  979  00001abc  ac220004	sw	4(r1),r2
  980  00001ac0  0ffffe5c	jal	_dstrcpy
  981  00001ac4  54000000	nop; delay slot nop
  982  00001ac8  23bd0008	addi	r29,r29,#8
  983  00001acc  8fc1fff4	lw	r1,-12(r30)
  984  00001ad0  08000004	j	L20_LF2
  985  00001ad4  54000000	nop; delay slot nop
  986  00001ad8          	L20_LF2:
  987  00001ad8  8fa20000	lw	r2,0(r29)
  988  00001adc  8fdffff8	lw	r31,-8(r30)
  989  00001ae0  001ee820	add	r29,r0,r30
  990  00001ae4  8fdefffc	lw	r30,-4(r30)
  991  00001ae8  4be00000	jr	r31
  992  00001aec  54000000	nop
  993  00001af0          	.endproc _dstrcat
  994  00001af0          	.align 2
  995  00001af0          	.proc _dstrncmp
  996  00001af0          	.global _dstrncmp
  997  00001af0          	_dstrncmp:
  998                      ;  Function 'dstrncmp'; 8 bytes of locals, 2 regs to save.
  999  00001af0  afbefffc	sw	-4(r29),r30; push fp
 1000  00001af4  001df020	add	r30,r0,r29; fp = sp
 1001  00001af8  afbffff8	sw	-8(r29),r31; push ret addr
 1002  00001afc  2fbd0018	subui	r29,r29,#24; alloc local storage
 1003  00001b00  afa20000	sw	0(r29),r2
 1004  00001b04  afa30004	sw	4(r29),r3
 1005  00001b08  54000000	nop
 1006  00001b0c  20010000	addi	r1,r0,#0
 1007  00001b10  afc1fff4	sw	-12(r30),r1
 1008  00001b14          	L25_LF2:
 1009  00001b14  8fc1fff4	lw	r1,-12(r30)
 1010  00001b18  8fc20008	lw	r2,8(r30)
 1011  00001b1c  0022082a	slt	r1,r1,r2
 1012  00001b20  1420000c	bnez	r1,L28_LF2
 1013  00001b24  54000000	nop; delay slot nop
 1014  00001b28  08000088	j	L26_LF2
 1015  00001b2c  54000000	nop; delay slot nop
 1016  00001b30          	L28_LF2:
 1017  00001b30  8fc10004	lw	r1,4(r30)
 1018  00001b34  90220000	lbu	r2,(r1)
 1019  00001b38  64410000	snei	r1,r2,#0
 1020  00001b3c  14200018	bnez	r1,L29_LF2
 1021  00001b40  54000000	nop; delay slot nop
 1022  00001b44  20010000	addi	r1,r0,#0
 1023  00001b48  080000d8	j	L24_LF2
 1024  00001b4c  54000000	nop; delay slot nop
 1025  00001b50  08000028	j	L30_LF2
 1026  00001b54  54000000	nop; delay slot nop
 1027  00001b58          	L29_LF2:
 1028  00001b58  8fc10000	lw	r1,(r30)
 1029  00001b5c  8fc20004	lw	r2,4(r30)
 1030  00001b60  90210000	lbu	r1,(r1)
 1031  00001b64  90420000	lbu	r2,(r2)
 1032  00001b68  00220829	sne	r1,r1,r2
 1033  00001b6c  1020000c	beqz	r1,L30_LF2
 1034  00001b70  54000000	nop; delay slot nop
 1035  00001b74  0800003c	j	L26_LF2
 1036  00001b78  54000000	nop; delay slot nop
 1037  00001b7c          	L31_LF2:
 1038  00001b7c          	L30_LF2:
 1039  00001b7c  8fc20000	lw	r2,(r30)
 1040  00001b80  20410001	addi	r1,r2,#1
 1041  00001b84  00011020	add	r2,r0,r1
 1042  00001b88  afc20000	sw	(r30),r2
 1043  00001b8c  8fc20004	lw	r2,4(r30)
 1044  00001b90  20410001	addi	r1,r2,#1
 1045  00001b94  00011020	add	r2,r0,r1
 1046  00001b98  afc20004	sw	4(r30),r2
 1047  00001b9c          	L27_LF2:
 1048  00001b9c  8fc2fff4	lw	r2,-12(r30)
 1049  00001ba0  20410001	addi	r1,r2,#1
 1050  00001ba4  00011020	add	r2,r0,r1
 1051  00001ba8  afc2fff4	sw	-12(r30),r2
 1052  00001bac  0bffff64	j	L25_LF2
 1053  00001bb0  54000000	nop; delay slot nop
 1054  00001bb4          	L26_LF2:
 1055  00001bb4  8fc1fff4	lw	r1,-12(r30)
 1056  00001bb8  8fc20008	lw	r2,8(r30)
 1057  00001bbc  00220828	seq	r1,r1,r2
 1058  00001bc0  10200018	beqz	r1,L32_LF2
 1059  00001bc4  54000000	nop; delay slot nop
 1060  00001bc8  20010000	addi	r1,r0,#0
 1061  00001bcc  08000054	j	L24_LF2
 1062  00001bd0  54000000	nop; delay slot nop
 1063  00001bd4  0800004c	j	L33_LF2
 1064  00001bd8  54000000	nop; delay slot nop
 1065  00001bdc          	L32_LF2:
 1066  00001bdc  8fc20000	lw	r2,(r30)
 1067  00001be0  90410000	lbu	r1,(r2)
 1068  00001be4  8fc20004	lw	r2,4(r30)
 1069  00001be8  90430000	lbu	r3,(r2)
 1070  00001bec  00230822	sub	r1,r1,r3
 1071  00001bf0  74220000	sgei	r2,r1,#0
 1072  00001bf4  10400020	beqz	r2,L34_LF2
 1073  00001bf8  54000000	nop; delay slot nop
 1074  00001bfc  8fc10000	lw	r1,(r30)
 1075  00001c00  8fc20004	lw	r2,4(r30)
 1076  00001c04  90210000	lbu	r1,(r1)
 1077  00001c08  90420000	lbu	r2,(r2)
 1078  00001c0c  00220829	sne	r1,r1,r2
 1079  00001c10  08000008	j	L35_LF2
 1080  00001c14  54000000	nop; delay slot nop
 1081  00001c18          	L34_LF2:
 1082  00001c18  2001ffff	addi	r1,r0,#-1
 1083  00001c1c          	L35_LF2:
 1084  00001c1c  08000004	j	L24_LF2
 1085  00001c20  54000000	nop; delay slot nop
 1086  00001c24          	L33_LF2:
 1087  00001c24          	L24_LF2:
 1088  00001c24  8fa20000	lw	r2,0(r29)
 1089  00001c28  8fa30004	lw	r3,4(r29)
 1090  00001c2c  8fdffff8	lw	r31,-8(r30)
 1091  00001c30  001ee820	add	r29,r0,r30
 1092  00001c34  8fdefffc	lw	r30,-4(r30)
 1093  00001c38  4be00000	jr	r31
 1094  00001c3c  54000000	nop
 1095  00001c40          	.endproc _dstrncmp
 1096  00001c40          	.align 2
 1097  00001c40          	.proc _dstrlen
 1098  00001c40          	.global _dstrlen
 1099  00001c40          	_dstrlen:
 1100                      ;  Function 'dstrlen'; 8 bytes of locals, 1 regs to save.
 1101  00001c40  afbefffc	sw	-4(r29),r30; push fp
 1102  00001c44  001df020	add	r30,r0,r29; fp = sp
 1103  00001c48  afbffff8	sw	-8(r29),r31; push ret addr
 1104  00001c4c  2fbd0018	subui	r29,r29,#24; alloc local storage
 1105  00001c50  afa20000	sw	0(r29),r2
 1106  00001c54  20010000	addi	r1,r0,#0
 1107  00001c58  afc1fff4	sw	-12(r30),r1
 1108  00001c5c          	L37_LF2:
 1109  00001c5c  8fc10000	lw	r1,(r30)
 1110  00001c60  20220001	addi	r2,r1,#1
 1111  00001c64  afc20000	sw	(r30),r2
 1112  00001c68  90210000	lbu	r1,(r1)
 1113  00001c6c  64220000	snei	r2,r1,#0
 1114  00001c70  1440000c	bnez	r2,L39_LF2
 1115  00001c74  54000000	nop; delay slot nop
 1116  00001c78  0800001c	j	L38_LF2
 1117  00001c7c  54000000	nop; delay slot nop
 1118  00001c80          	L39_LF2:
 1119  00001c80  8fc2fff4	lw	r2,-12(r30)
 1120  00001c84  20410001	addi	r1,r2,#1
 1121  00001c88  00011020	add	r2,r0,r1
 1122  00001c8c  afc2fff4	sw	-12(r30),r2
 1123  00001c90  0bffffc8	j	L37_LF2
 1124  00001c94  54000000	nop; delay slot nop
 1125  00001c98          	L38_LF2:
 1126  00001c98  8fc1fff4	lw	r1,-12(r30)
 1127  00001c9c  08000004	j	L36_LF2
 1128  00001ca0  54000000	nop; delay slot nop
 1129  00001ca4          	L36_LF2:
 1130  00001ca4  8fa20000	lw	r2,0(r29)
 1131  00001ca8  8fdffff8	lw	r31,-8(r30)
 1132  00001cac  001ee820	add	r29,r0,r30
 1133  00001cb0  8fdefffc	lw	r30,-4(r30)
 1134  00001cb4  4be00000	jr	r31
 1135  00001cb8  54000000	nop
 1136  00001cbc          	.endproc _dstrlen
 1137  00001cbc          	.align 2
 1138  00001cbc          	.proc _dstrstr
 1139  00001cbc          	.global _dstrstr
 1140  00001cbc          	_dstrstr:
 1141                      ;  Function 'dstrstr'; 8 bytes of locals, 1 regs to save.
 1142  00001cbc  afbefffc	sw	-4(r29),r30; push fp
 1143  00001cc0  001df020	add	r30,r0,r29; fp = sp
 1144  00001cc4  afbffff8	sw	-8(r29),r31; push ret addr
 1145  00001cc8  2fbd0018	subui	r29,r29,#24; alloc local storage
 1146  00001ccc  afa20000	sw	0(r29),r2
 1147  00001cd0  23bdfff8	addi	r29,r29,#-8
 1148  00001cd4  001d0820	add	r1,r0,r29
 1149  00001cd8  8fc20004	lw	r2,4(r30)
 1150  00001cdc  ac220000	sw	(r1),r2
 1151  00001ce0  0fffff5c	jal	_dstrlen
 1152  00001ce4  54000000	nop; delay slot nop
 1153  00001ce8  23bd0008	addi	r29,r29,#8
 1154  00001cec  afc1fff4	sw	-12(r30),r1
 1155  00001cf0          	L41_LF2:
 1156  00001cf0  8fc10000	lw	r1,(r30)
 1157  00001cf4  90220000	lbu	r2,(r1)
 1158  00001cf8  64410000	snei	r1,r2,#0
 1159  00001cfc  1420000c	bnez	r1,L43_LF2
 1160  00001d00  54000000	nop; delay slot nop
 1161  00001d04  08000060	j	L42_LF2
 1162  00001d08  54000000	nop; delay slot nop
 1163  00001d0c          	L43_LF2:
 1164  00001d0c  23bdfff0	addi	r29,r29,#-16
 1165  00001d10  001d0820	add	r1,r0,r29
 1166  00001d14  8fc20000	lw	r2,(r30)
 1167  00001d18  ac220000	sw	(r1),r2
 1168  00001d1c  8fc20004	lw	r2,4(r30)
 1169  00001d20  ac220004	sw	4(r1),r2
 1170  00001d24  8fc2fff4	lw	r2,-12(r30)
 1171  00001d28  ac220008	sw	8(r1),r2
 1172  00001d2c  0ffffdc0	jal	_dstrncmp
 1173  00001d30  54000000	nop; delay slot nop
 1174  00001d34  23bd0010	addi	r29,r29,#16
 1175  00001d38  64220000	snei	r2,r1,#0
 1176  00001d3c  14400010	bnez	r2,L44_LF2
 1177  00001d40  54000000	nop; delay slot nop
 1178  00001d44  8fc10000	lw	r1,(r30)
 1179  00001d48  08000028	j	L40_LF2
 1180  00001d4c  54000000	nop; delay slot nop
 1181  00001d50          	L44_LF2:
 1182  00001d50  8fc20000	lw	r2,(r30)
 1183  00001d54  20410001	addi	r1,r2,#1
 1184  00001d58  00011020	add	r2,r0,r1
 1185  00001d5c  afc20000	sw	(r30),r2
 1186  00001d60  0bffff8c	j	L41_LF2
 1187  00001d64  54000000	nop; delay slot nop
 1188  00001d68          	L42_LF2:
 1189  00001d68  20010000	addi	r1,r0,#0
 1190  00001d6c  08000004	j	L40_LF2
 1191  00001d70  54000000	nop; delay slot nop
 1192  00001d74          	L40_LF2:
 1193  00001d74  8fa20000	lw	r2,0(r29)
 1194  00001d78  8fdffff8	lw	r31,-8(r30)
 1195  00001d7c  001ee820	add	r29,r0,r30
 1196  00001d80  8fdefffc	lw	r30,-4(r30)
 1197  00001d84  4be00000	jr	r31
 1198  00001d88  54000000	nop
 1199  00001d8c          	.endproc _dstrstr
 1200  00001d8c          	.align 2
 1201  00001d8c          	.proc _dmindex
 1202  00001d8c          	.global _dmindex
 1203  00001d8c          	_dmindex:
 1204                      ;  Function 'dmindex'; 8 bytes of locals, 1 regs to save.
 1205  00001d8c  afbefffc	sw	-4(r29),r30; push fp
 1206  00001d90  001df020	add	r30,r0,r29; fp = sp
 1207  00001d94  afbffff8	sw	-8(r29),r31; push ret addr
 1208  00001d98  2fbd0018	subui	r29,r29,#24; alloc local storage
 1209  00001d9c  afa20000	sw	0(r29),r2
 1210  00001da0  54000000	nop
 1211  00001da4          	L46_LF2:
 1212  00001da4  8fc10000	lw	r1,(r30)
 1213  00001da8  90220000	lbu	r2,(r1)
 1214  00001dac  64410000	snei	r1,r2,#0
 1215  00001db0  1420000c	bnez	r1,L48_LF2
 1216  00001db4  54000000	nop; delay slot nop
 1217  00001db8  08000070	j	L47_LF2
 1218  00001dbc  54000000	nop; delay slot nop
 1219  00001dc0          	L48_LF2:
 1220  00001dc0  8fc10004	lw	r1,4(r30)
 1221  00001dc4  afc1fff4	sw	-12(r30),r1
 1222  00001dc8          	L49_LF2:
 1223  00001dc8  8fc1fff4	lw	r1,-12(r30)
 1224  00001dcc  90220000	lbu	r2,(r1)
 1225  00001dd0  64410000	snei	r1,r2,#0
 1226  00001dd4  1420000c	bnez	r1,L52_LF2
 1227  00001dd8  54000000	nop; delay slot nop
 1228  00001ddc  08000044	j	L50_LF2
 1229  00001de0  54000000	nop; delay slot nop
 1230  00001de4          	L52_LF2:
 1231  00001de4  8fc10000	lw	r1,(r30)
 1232  00001de8  8fc2fff4	lw	r2,-12(r30)
 1233  00001dec  90210000	lbu	r1,(r1)
 1234  00001df0  90420000	lbu	r2,(r2)
 1235  00001df4  00220828	seq	r1,r1,r2
 1236  00001df8  10200010	beqz	r1,L51_LF2
 1237  00001dfc  54000000	nop; delay slot nop
 1238  00001e00  8fc10000	lw	r1,(r30)
 1239  00001e04  08000030	j	L45_LF2
 1240  00001e08  54000000	nop; delay slot nop
 1241  00001e0c          	L53_LF2:
 1242  00001e0c          	L51_LF2:
 1243  00001e0c  8fc2fff4	lw	r2,-12(r30)
 1244  00001e10  20410001	addi	r1,r2,#1
 1245  00001e14  00011020	add	r2,r0,r1
 1246  00001e18  afc2fff4	sw	-12(r30),r2
 1247  00001e1c  0bffffa8	j	L49_LF2
 1248  00001e20  54000000	nop; delay slot nop
 1249  00001e24          	L50_LF2:
 1250  00001e24  0bffff7c	j	L46_LF2
 1251  00001e28  54000000	nop; delay slot nop
 1252  00001e2c          	L47_LF2:
 1253  00001e2c  20010000	addi	r1,r0,#0
 1254  00001e30  08000004	j	L45_LF2
 1255  00001e34  54000000	nop; delay slot nop
 1256  00001e38          	L45_LF2:
 1257  00001e38  8fa20000	lw	r2,0(r29)
 1258  00001e3c  8fdffff8	lw	r31,-8(r30)
 1259  00001e40  001ee820	add	r29,r0,r30
 1260  00001e44  8fdefffc	lw	r30,-4(r30)
 1261  00001e48  4be00000	jr	r31
 1262  00001e4c  54000000	nop
 1263  00001e50          	.endproc _dmindex
 1264  00001e50          	.align 2
 1265  00001e50          	.proc _dindex
 1266  00001e50          	.global _dindex
 1267  00001e50          	_dindex:
 1268                      ;  Function 'dindex'; 0 bytes of locals, 1 regs to save.
 1269  00001e50  afbefffc	sw	-4(r29),r30; push fp
 1270  00001e54  001df020	add	r30,r0,r29; fp = sp
 1271  00001e58  afbffff8	sw	-8(r29),r31; push ret addr
 1272  00001e5c  2fbd0010	subui	r29,r29,#16; alloc local storage
 1273  00001e60  afa20000	sw	0(r29),r2
 1274  00001e64  54000000	nop
 1275  00001e68          	L55_LF2:
 1276  00001e68  8fc10000	lw	r1,(r30)
 1277  00001e6c  90220000	lbu	r2,(r1)
 1278  00001e70  64410000	snei	r1,r2,#0
 1279  00001e74  1420000c	bnez	r1,L57_LF2
 1280  00001e78  54000000	nop; delay slot nop
 1281  00001e7c  08000040	j	L56_LF2
 1282  00001e80  54000000	nop; delay slot nop
 1283  00001e84          	L57_LF2:
 1284  00001e84  8fc10000	lw	r1,(r30)
 1285  00001e88  90220000	lbu	r2,(r1)
 1286  00001e8c  8fc10004	lw	r1,4(r30)
 1287  00001e90  00411028	seq	r2,r2,r1
 1288  00001e94  10400010	beqz	r2,L58_LF2
 1289  00001e98  54000000	nop; delay slot nop
 1290  00001e9c  8fc10000	lw	r1,(r30)
 1291  00001ea0  08000028	j	L54_LF2
 1292  00001ea4  54000000	nop; delay slot nop
 1293  00001ea8          	L58_LF2:
 1294  00001ea8  8fc20000	lw	r2,(r30)
 1295  00001eac  20410001	addi	r1,r2,#1
 1296  00001eb0  00011020	add	r2,r0,r1
 1297  00001eb4  afc20000	sw	(r30),r2
 1298  00001eb8  0bffffac	j	L55_LF2
 1299  00001ebc  54000000	nop; delay slot nop
 1300  00001ec0          	L56_LF2:
 1301  00001ec0  20010000	addi	r1,r0,#0
 1302  00001ec4  08000004	j	L54_LF2
 1303  00001ec8  54000000	nop; delay slot nop
 1304  00001ecc          	L54_LF2:
 1305  00001ecc  8fa20000	lw	r2,0(r29)
 1306  00001ed0  8fdffff8	lw	r31,-8(r30)
 1307  00001ed4  001ee820	add	r29,r0,r30
 1308  00001ed8  8fdefffc	lw	r30,-4(r30)
 1309  00001edc  4be00000	jr	r31
 1310  00001ee0  54000000	nop
 1311  00001ee4          	.endproc _dindex
 1312  00001ee4          	.align 2
 1313  00001ee4          	.proc _ditoa
 1314  00001ee4          	.global _ditoa
 1315  00001ee4          	_ditoa:
 1316                      ;  Function 'ditoa'; 8 bytes of locals, 2 regs to save.
 1317  00001ee4  afbefffc	sw	-4(r29),r30; push fp
 1318  00001ee8  001df020	add	r30,r0,r29; fp = sp
 1319  00001eec  afbffff8	sw	-8(r29),r31; push ret addr
 1320  00001ef0  2fbd0018	subui	r29,r29,#24; alloc local storage
 1321  00001ef4  afa20000	sw	0(r29),r2
 1322  00001ef8  afa30004	sw	4(r29),r3
 1323  00001efc  8fc10000	lw	r1,(r30)
 1324  00001f00  68220000	slti	r2,r1,#0
 1325  00001f04  1040002c	beqz	r2,L60_LF2
 1326  00001f08  54000000	nop; delay slot nop
 1327  00001f0c  8fc10004	lw	r1,4(r30)
 1328  00001f10  20220001	addi	r2,r1,#1
 1329  00001f14  afc20004	sw	4(r30),r2
 1330  00001f18  2002002d	addi	r2,r0,(#0x2d)&0xff
 1331  00001f1c  a0220000	sb	(r1),r2
 1332  00001f20  8fc10000	lw	r1,(r30)
 1333  00001f24  00011022	sub	r2,r0,r1
 1334  00001f28  afc20000	sw	(r30),r2
 1335  00001f2c  08000118	j	L61_LF2
 1336  00001f30  54000000	nop; delay slot nop
 1337  00001f34          	L60_LF2:
 1338  00001f34  8fc10000	lw	r1,(r30)
 1339  00001f38  64220000	snei	r2,r1,#0
 1340  00001f3c  14400020	bnez	r2,L62_LF2
 1341  00001f40  54000000	nop; delay slot nop
 1342  00001f44  8fc10004	lw	r1,4(r30)
 1343  00001f48  20220001	addi	r2,r1,#1
 1344  00001f4c  afc20004	sw	4(r30),r2
 1345  00001f50  20020030	addi	r2,r0,(#0x30)&0xff
 1346  00001f54  a0220000	sb	(r1),r2
 1347  00001f58  080000ec	j	L61_LF2
 1348  00001f5c  54000000	nop; delay slot nop
 1349  00001f60          	L62_LF2:
 1350  00001f60  20010001	addi	r1,r0,#1
 1351  00001f64  afc1fff4	sw	-12(r30),r1
 1352  00001f68          	L64_LF2:
 1353  00001f68  8fc1fff4	lw	r1,-12(r30)
 1354  00001f6c  8fc20000	lw	r2,(r30)
 1355  00001f70  0022082c	sle	r1,r1,r2
 1356  00001f74  1420000c	bnez	r1,L66_LF2
 1357  00001f78  54000000	nop; delay slot nop
 1358  00001f7c  08000024	j	L65_LF2
 1359  00001f80  54000000	nop; delay slot nop
 1360  00001f84          	L67_LF2:
 1361  00001f84          	L66_LF2:
 1362  00001f84  8fc1fff4	lw	r1,-12(r30)
 1363  00001f88  00011820	add	r3,r0,r1
 1364  00001f8c  50620002	slli	r2,r3,#0x2
 1365  00001f90  00411020	add	r2,r2,r1
 1366  00001f94  50410001	slli	r1,r2,#0x1
 1367  00001f98  afc1fff4	sw	-12(r30),r1
 1368  00001f9c  0bffffc8	j	L64_LF2
 1369  00001fa0  54000000	nop; delay slot nop
 1370  00001fa4          	L65_LF2:
 1371  00001fa4  54000000	nop
 1372  00001fa8          	L68_LF2:
 1373  00001fa8  8fc1fff4	lw	r1,-12(r30)
 1374  00001fac  2002000a	addi	r2,r0,#10
 1375  00001fb0  00200035	movi2fp	f0,r1
 1376  00001fb4  00400835	movi2fp	f1,r2
 1377  00001fb8  0401000f	div	f0,f0,f1
 1378  00001fbc  00000834	movfp2i	r1,f0
 1379  00001fc0  afc1fff4	sw	-12(r30),r1
 1380  00001fc4  8fc10004	lw	r1,4(r30)
 1381  00001fc8  20220001	addi	r2,r1,#1
 1382  00001fcc  afc20004	sw	4(r30),r2
 1383  00001fd0  8fc20000	lw	r2,(r30)
 1384  00001fd4  8fc3fff4	lw	r3,-12(r30)
 1385  00001fd8  00400035	movi2fp	f0,r2
 1386  00001fdc  00600835	movi2fp	f1,r3
 1387  00001fe0  0401000f	div	f0,f0,f1
 1388  00001fe4  00001034	movfp2i	r2,f0
 1389  00001fe8  00021820	add	r3,r0,r2
 1390  00001fec  20620030	addi	r2,r3,#48
 1391  00001ff0  a0220000	sb	(r1),r2
 1392  00001ff4  8fc10000	lw	r1,(r30)
 1393  00001ff8  8fc3fff4	lw	r3,-12(r30)
 1394  00001ffc  00200035	movi2fp	f0,r1
 1395  00002000  00600835	movi2fp	f1,r3
 1396  00002004  0401000f	div	f0,f0,f1
 1397  00002008  00001034	movfp2i	r2,f0
 1398  0000200c  8fc3fff4	lw	r3,-12(r30)
 1399  00002010  00400035	movi2fp	f0,r2
 1400  00002014  00600835	movi2fp	f1,r3
 1401  00002018  0401000e	mult	f0,f0,f1
 1402  0000201c  00001034	movfp2i	r2,f0
 1403  00002020  00220822	sub	r1,r1,r2
 1404  00002024  afc10000	sw	(r30),r1
 1405  00002028          	L70_LF2:
 1406  00002028  8fc1fff4	lw	r1,-12(r30)
 1407  0000202c  6c220001	sgti	r2,r1,#1
 1408  00002030  1440000c	bnez	r2,L71_LF2
 1409  00002034  54000000	nop; delay slot nop
 1410  00002038  0800000c	j	L61_LF2
 1411  0000203c  54000000	nop; delay slot nop
 1412  00002040          	L71_LF2:
 1413  00002040  0bffff64	j	L68_LF2
 1414  00002044  54000000	nop; delay slot nop
 1415  00002048          	L69_LF2:
 1416  00002048          	L63_LF2:
 1417  00002048          	L61_LF2:
 1418  00002048  8fc10004	lw	r1,4(r30)
 1419  0000204c  20020000	addi	r2,r0,(#0x0)&0xff
 1420  00002050  a0220000	sb	(r1),r2
 1421  00002054          	L59_LF2:
 1422  00002054  8fa20000	lw	r2,0(r29)
 1423  00002058  8fa30004	lw	r3,4(r29)
 1424  0000205c  8fdffff8	lw	r31,-8(r30)
 1425  00002060  001ee820	add	r29,r0,r30
 1426  00002064  8fdefffc	lw	r30,-4(r30)
 1427  00002068  4be00000	jr	r31
 1428  0000206c  54000000	nop
 1429  00002070          	.endproc _ditoa
 1430  00002070          	.align 2
 1431  00002070          	.proc _dstrtol
 1432  00002070          	.global _dstrtol
 1433  00002070          	_dstrtol:
 1434                      ;  Function 'dstrtol'; 16 bytes of locals, 1 regs to save.
 1435  00002070  afbefffc	sw	-4(r29),r30; push fp
 1436  00002074  001df020	add	r30,r0,r29; fp = sp
 1437  00002078  afbffff8	sw	-8(r29),r31; push ret addr
 1438  0000207c  2fbd0020	subui	r29,r29,#32; alloc local storage
 1439  00002080  afa20000	sw	0(r29),r2
 1440  00002084  20010000	addi	r1,r0,#0
 1441  00002088  afc1fff4	sw	-12(r30),r1
 1442  0000208c          	L73_LF2:
 1443  0000208c  8fc10000	lw	r1,(r30)
 1444  00002090  90220000	lbu	r2,(r1)
 1445  00002094  60410020	seqi	r1,r2,#32
 1446  00002098  14200034	bnez	r1,L75_LF2
 1447  0000209c  54000000	nop; delay slot nop
 1448  000020a0  8fc10000	lw	r1,(r30)
 1449  000020a4  90220000	lbu	r2,(r1)
 1450  000020a8  60410009	seqi	r1,r2,#9
 1451  000020ac  14200020	bnez	r1,L75_LF2
 1452  000020b0  54000000	nop; delay slot nop
 1453  000020b4  8fc10000	lw	r1,(r30)
 1454  000020b8  90220000	lbu	r2,(r1)
 1455  000020bc  6041000a	seqi	r1,r2,#10
 1456  000020c0  1420000c	bnez	r1,L75_LF2
 1457  000020c4  54000000	nop; delay slot nop
 1458  000020c8  0800001c	j	L74_LF2
 1459  000020cc  54000000	nop; delay slot nop
 1460  000020d0          	L75_LF2:
 1461  000020d0  8fc20000	lw	r2,(r30)
 1462  000020d4  20410001	addi	r1,r2,#1
 1463  000020d8  00011020	add	r2,r0,r1
 1464  000020dc  afc20000	sw	(r30),r2
 1465  000020e0  0bffffa8	j	L73_LF2
 1466  000020e4  54000000	nop; delay slot nop
 1467  000020e8          	L74_LF2:
 1468  000020e8  8fc10004	lw	r1,4(r30)
 1469  000020ec  64220000	snei	r2,r1,#0
 1470  000020f0  10400010	beqz	r2,L76_LF2
 1471  000020f4  54000000	nop; delay slot nop
 1472  000020f8  8fc10004	lw	r1,4(r30)
 1473  000020fc  8fc20000	lw	r2,(r30)
 1474  00002100  ac220000	sw	(r1),r2
 1475  00002104          	L76_LF2:
 1476  00002104  8fc10000	lw	r1,(r30)
 1477  00002108  90220000	lbu	r2,(r1)
 1478  0000210c  64410000	snei	r1,r2,#0
 1479  00002110  14200010	bnez	r1,L77_LF2
 1480  00002114  54000000	nop; delay slot nop
 1481  00002118  8fc1fff4	lw	r1,-12(r30)
 1482  0000211c  08000294	j	L72_LF2
 1483  00002120  54000000	nop; delay slot nop
 1484  00002124          	L77_LF2:
 1485  00002124  8fc10000	lw	r1,(r30)
 1486  00002128  90220000	lbu	r2,(r1)
 1487  0000212c  6041002d	seqi	r1,r2,#45
 1488  00002130  10200024	beqz	r1,L78_LF2
 1489  00002134  54000000	nop; delay slot nop
 1490  00002138  2001ffff	addi	r1,r0,#-1
 1491  0000213c  afc1ffec	sw	-20(r30),r1
 1492  00002140  8fc20000	lw	r2,(r30)
 1493  00002144  20410001	addi	r1,r2,#1
 1494  00002148  00011020	add	r2,r0,r1
 1495  0000214c  afc20000	sw	(r30),r2
 1496  00002150  0800000c	j	L79_LF2
 1497  00002154  54000000	nop; delay slot nop
 1498  00002158          	L78_LF2:
 1499  00002158  20010001	addi	r1,r0,#1
 1500  0000215c  afc1ffec	sw	-20(r30),r1
 1501  00002160          	L79_LF2:
 1502  00002160  8fc10008	lw	r1,8(r30)
 1503  00002164  64220000	snei	r2,r1,#0
 1504  00002168  14400090	bnez	r2,L80_LF2
 1505  0000216c  54000000	nop; delay slot nop
 1506  00002170  8fc10000	lw	r1,(r30)
 1507  00002174  90220000	lbu	r2,(r1)
 1508  00002178  60410030	seqi	r1,r2,#48
 1509  0000217c  10200074	beqz	r1,L81_LF2
 1510  00002180  54000000	nop; delay slot nop
 1511  00002184  8fc20000	lw	r2,(r30)
 1512  00002188  20410001	addi	r1,r2,#1
 1513  0000218c  00011020	add	r2,r0,r1
 1514  00002190  afc20000	sw	(r30),r2
 1515  00002194  8fc10000	lw	r1,(r30)
 1516  00002198  90220000	lbu	r2,(r1)
 1517  0000219c  60410078	seqi	r1,r2,#120
 1518  000021a0  14200020	bnez	r1,L83_LF2
 1519  000021a4  54000000	nop; delay slot nop
 1520  000021a8  8fc10000	lw	r1,(r30)
 1521  000021ac  90220000	lbu	r2,(r1)
 1522  000021b0  60410058	seqi	r1,r2,#88
 1523  000021b4  1420000c	bnez	r1,L83_LF2
 1524  000021b8  54000000	nop; delay slot nop
 1525  000021bc  08000024	j	L82_LF2
 1526  000021c0  54000000	nop; delay slot nop
 1527  000021c4          	L83_LF2:
 1528  000021c4  20010010	addi	r1,r0,#16
 1529  000021c8  afc10008	sw	8(r30),r1
 1530  000021cc  8fc20000	lw	r2,(r30)
 1531  000021d0  20410001	addi	r1,r2,#1
 1532  000021d4  00011020	add	r2,r0,r1
 1533  000021d8  afc20000	sw	(r30),r2
 1534  000021dc  0800000c	j	L84_LF2
 1535  000021e0  54000000	nop; delay slot nop
 1536  000021e4          	L82_LF2:
 1537  000021e4  20010008	addi	r1,r0,#8
 1538  000021e8  afc10008	sw	8(r30),r1
 1539  000021ec          	L84_LF2:
 1540  000021ec  0800000c	j	L80_LF2
 1541  000021f0  54000000	nop; delay slot nop
 1542  000021f4          	L81_LF2:
 1543  000021f4  2001000a	addi	r1,r0,#10
 1544  000021f8  afc10008	sw	8(r30),r1
 1545  000021fc          	L85_LF2:
 1546  000021fc          	L80_LF2:
 1547  000021fc  8fc10008	lw	r1,8(r30)
 1548  00002200  70220000	slei	r2,r1,#0
 1549  00002204  1440001c	bnez	r2,L87_LF2
 1550  00002208  54000000	nop; delay slot nop
 1551  0000220c  8fc10008	lw	r1,8(r30)
 1552  00002210  6c220010	sgti	r2,r1,#16
 1553  00002214  1440000c	bnez	r2,L87_LF2
 1554  00002218  54000000	nop; delay slot nop
 1555  0000221c  08000010	j	L86_LF2
 1556  00002220  54000000	nop; delay slot nop
 1557  00002224          	L87_LF2:
 1558  00002224  8fc1fff4	lw	r1,-12(r30)
 1559  00002228  08000188	j	L72_LF2
 1560  0000222c  54000000	nop; delay slot nop
 1561  00002230          	L86_LF2:
 1562  00002230  54000000	nop
 1563  00002234          	L88_LF2:
 1564  00002234  8fc10000	lw	r1,(r30)
 1565  00002238  90220000	lbu	r2,(r1)
 1566  0000223c  6c41002f	sgtui	r1,r2,#47
 1567  00002240  10200030	beqz	r1,L91_LF2
 1568  00002244  54000000	nop; delay slot nop
 1569  00002248  8fc10000	lw	r1,(r30)
 1570  0000224c  90220000	lbu	r2,(r1)
 1571  00002250  70410039	sleui	r1,r2,#57
 1572  00002254  1020001c	beqz	r1,L91_LF2
 1573  00002258  54000000	nop; delay slot nop
 1574  0000225c  8fc10000	lw	r1,(r30)
 1575  00002260  90220000	lbu	r2,(r1)
 1576  00002264  2041ffd0	addi	r1,r2,#-48
 1577  00002268  afc1fff0	sw	-16(r30),r1
 1578  0000226c  0800008c	j	L92_LF2
 1579  00002270  54000000	nop; delay slot nop
 1580  00002274          	L91_LF2:
 1581  00002274  8fc10000	lw	r1,(r30)
 1582  00002278  90220000	lbu	r2,(r1)
 1583  0000227c  6c410060	sgtui	r1,r2,#96
 1584  00002280  10200030	beqz	r1,L93_LF2
 1585  00002284  54000000	nop; delay slot nop
 1586  00002288  8fc10000	lw	r1,(r30)
 1587  0000228c  90220000	lbu	r2,(r1)
 1588  00002290  7041007a	sleui	r1,r2,#122
 1589  00002294  1020001c	beqz	r1,L93_LF2
 1590  00002298  54000000	nop; delay slot nop
 1591  0000229c  8fc10000	lw	r1,(r30)
 1592  000022a0  90220000	lbu	r2,(r1)
 1593  000022a4  2041ffa9	addi	r1,r2,#-87
 1594  000022a8  afc1fff0	sw	-16(r30),r1
 1595  000022ac  0800004c	j	L92_LF2
 1596  000022b0  54000000	nop; delay slot nop
 1597  000022b4          	L93_LF2:
 1598  000022b4  8fc10000	lw	r1,(r30)
 1599  000022b8  90220000	lbu	r2,(r1)
 1600  000022bc  6c410040	sgtui	r1,r2,#64
 1601  000022c0  10200030	beqz	r1,L95_LF2
 1602  000022c4  54000000	nop; delay slot nop
 1603  000022c8  8fc10000	lw	r1,(r30)
 1604  000022cc  90220000	lbu	r2,(r1)
 1605  000022d0  7041005a	sleui	r1,r2,#90
 1606  000022d4  1020001c	beqz	r1,L95_LF2
 1607  000022d8  54000000	nop; delay slot nop
 1608  000022dc  8fc10000	lw	r1,(r30)
 1609  000022e0  90220000	lbu	r2,(r1)
 1610  000022e4  2041ffc9	addi	r1,r2,#-55
 1611  000022e8  afc1fff0	sw	-16(r30),r1
 1612  000022ec  0800000c	j	L92_LF2
 1613  000022f0  54000000	nop; delay slot nop
 1614  000022f4          	L95_LF2:
 1615  000022f4  200103e8	addi	r1,r0,#1000
 1616  000022f8  afc1fff0	sw	-16(r30),r1
 1617  000022fc          	L96_LF2:
 1618  000022fc          	L94_LF2:
 1619  000022fc          	L92_LF2:
 1620  000022fc  8fc1fff0	lw	r1,-16(r30)
 1621  00002300  8fc20008	lw	r2,8(r30)
 1622  00002304  0022082a	slt	r1,r1,r2
 1623  00002308  10200040	beqz	r1,L90_LF2
 1624  0000230c  54000000	nop; delay slot nop
 1625  00002310  8fc1fff4	lw	r1,-12(r30)
 1626  00002314  8fc20008	lw	r2,8(r30)
 1627  00002318  00200035	movi2fp	f0,r1
 1628  0000231c  00400835	movi2fp	f1,r2
 1629  00002320  0401000e	mult	f0,f0,f1
 1630  00002324  00000834	movfp2i	r1,f0
 1631  00002328  afc1fff4	sw	-12(r30),r1
 1632  0000232c  8fc1fff4	lw	r1,-12(r30)
 1633  00002330  8fc2fff0	lw	r2,-16(r30)
 1634  00002334  00220820	add	r1,r1,r2
 1635  00002338  afc1fff4	sw	-12(r30),r1
 1636  0000233c  8fc20000	lw	r2,(r30)
 1637  00002340  20410001	addi	r1,r2,#1
 1638  00002344  00011020	add	r2,r0,r1
 1639  00002348  afc20000	sw	(r30),r2
 1640  0000234c          	L97_LF2:
 1641  0000234c          	L90_LF2:
 1642  0000234c  8fc1fff0	lw	r1,-16(r30)
 1643  00002350  8fc20008	lw	r2,8(r30)
 1644  00002354  0022082a	slt	r1,r1,r2
 1645  00002358  1420000c	bnez	r1,L98_LF2
 1646  0000235c  54000000	nop; delay slot nop
 1647  00002360  0800000c	j	L89_LF2
 1648  00002364  54000000	nop; delay slot nop
 1649  00002368          	L98_LF2:
 1650  00002368  0bfffec8	j	L88_LF2
 1651  0000236c  54000000	nop; delay slot nop
 1652  00002370          	L89_LF2:
 1653  00002370  8fc10004	lw	r1,4(r30)
 1654  00002374  64220000	snei	r2,r1,#0
 1655  00002378  10400010	beqz	r2,L99_LF2
 1656  0000237c  54000000	nop; delay slot nop
 1657  00002380  8fc10004	lw	r1,4(r30)
 1658  00002384  8fc20000	lw	r2,(r30)
 1659  00002388  ac220000	sw	(r1),r2
 1660  0000238c          	L99_LF2:
 1661  0000238c  8fc1fff4	lw	r1,-12(r30)
 1662  00002390  8fc2ffec	lw	r2,-20(r30)
 1663  00002394  00200035	movi2fp	f0,r1
 1664  00002398  00400835	movi2fp	f1,r2
 1665  0000239c  0401000e	mult	f0,f0,f1
 1666  000023a0  00000834	movfp2i	r1,f0
 1667  000023a4  afc1fff4	sw	-12(r30),r1
 1668  000023a8  8fc1fff4	lw	r1,-12(r30)
 1669  000023ac  08000004	j	L72_LF2
 1670  000023b0  54000000	nop; delay slot nop
 1671  000023b4          	L72_LF2:
 1672  000023b4  8fa20000	lw	r2,0(r29)
 1673  000023b8  8fdffff8	lw	r31,-8(r30)
 1674  000023bc  001ee820	add	r29,r0,r30
 1675  000023c0  8fdefffc	lw	r30,-4(r30)
 1676  000023c4  4be00000	jr	r31
 1677  000023c8  54000000	nop
 1678  000023cc          	.endproc _dstrtol
 1679  000023cc          	.align 2
 1680  000023cc          	.proc _bcopy
 1681  000023cc          	.global _bcopy
 1682  000023cc          	_bcopy:
 1683                      ;  Function 'bcopy'; 0 bytes of locals, 2 regs to save.
 1684  000023cc  afbefffc	sw	-4(r29),r30; push fp
 1685  000023d0  001df020	add	r30,r0,r29; fp = sp
 1686  000023d4  afbffff8	sw	-8(r29),r31; push ret addr
 1687  000023d8  2fbd0010	subui	r29,r29,#16; alloc local storage
 1688  000023dc  afa20000	sw	0(r29),r2
 1689  000023e0  afa30004	sw	4(r29),r3
 1690  000023e4  54000000	nop
 1691  000023e8          	L101_LF2:
 1692  000023e8  8fc10008	lw	r1,8(r30)
 1693  000023ec  2022ffff	addi	r2,r1,#-1
 1694  000023f0  afc20008	sw	8(r30),r2
 1695  000023f4  6c210000	sgti	r1,r1,#0
 1696  000023f8  1420000c	bnez	r1,L103_LF2
 1697  000023fc  54000000	nop; delay slot nop
 1698  00002400  0800002c	j	L102_LF2
 1699  00002404  54000000	nop; delay slot nop
 1700  00002408          	L103_LF2:
 1701  00002408  8fc10004	lw	r1,4(r30)
 1702  0000240c  20220001	addi	r2,r1,#1
 1703  00002410  afc20004	sw	4(r30),r2
 1704  00002414  8fc20000	lw	r2,(r30)
 1705  00002418  20430001	addi	r3,r2,#1
 1706  0000241c  afc30000	sw	(r30),r3
 1707  00002420  80420000	lb	r2,(r2)
 1708  00002424  a0220000	sb	(r1),r2
 1709  00002428  0bffffbc	j	L101_LF2
 1710  0000242c  54000000	nop; delay slot nop
 1711  00002430          	L102_LF2:
 1712  00002430          	L100_LF2:
 1713  00002430  8fa20000	lw	r2,0(r29)
 1714  00002434  8fa30004	lw	r3,4(r29)
 1715  00002438  8fdffff8	lw	r31,-8(r30)
 1716  0000243c  001ee820	add	r29,r0,r30
 1717  00002440  8fdefffc	lw	r30,-4(r30)
 1718  00002444  4be00000	jr	r31
 1719  00002448  54000000	nop
 1720  0000244c          	.endproc _bcopy
 1721  0000244c          	.align 2
 1722  0000244c          	.proc _bzero
 1723  0000244c          	.global _bzero
 1724  0000244c          	_bzero:
 1725                      ;  Function 'bzero'; 0 bytes of locals, 1 regs to save.
 1726  0000244c  afbefffc	sw	-4(r29),r30; push fp
 1727  00002450  001df020	add	r30,r0,r29; fp = sp
 1728  00002454  afbffff8	sw	-8(r29),r31; push ret addr
 1729  00002458  2fbd0010	subui	r29,r29,#16; alloc local storage
 1730  0000245c  afa20000	sw	0(r29),r2
 1731  00002460  54000000	nop
 1732  00002464          	L105_LF2:
 1733  00002464  8fc10004	lw	r1,4(r30)
 1734  00002468  2022ffff	addi	r2,r1,#-1
 1735  0000246c  afc20004	sw	4(r30),r2
 1736  00002470  6c210000	sgti	r1,r1,#0
 1737  00002474  1420000c	bnez	r1,L107_LF2
 1738  00002478  54000000	nop; delay slot nop
 1739  0000247c  08000020	j	L106_LF2
 1740  00002480  54000000	nop; delay slot nop
 1741  00002484          	L107_LF2:
 1742  00002484  8fc10000	lw	r1,(r30)
 1743  00002488  20220001	addi	r2,r1,#1
 1744  0000248c  afc20000	sw	(r30),r2
 1745  00002490  20020000	addi	r2,r0,(#0x0)&0xff
 1746  00002494  a0220000	sb	(r1),r2
 1747  00002498  0bffffc8	j	L105_LF2
 1748  0000249c  54000000	nop; delay slot nop
 1749  000024a0          	L106_LF2:
 1750  000024a0          	L104_LF2:
 1751  000024a0  8fa20000	lw	r2,0(r29)
 1752  000024a4  8fdffff8	lw	r31,-8(r30)
 1753  000024a8  001ee820	add	r29,r0,r30
 1754  000024ac  8fdefffc	lw	r30,-4(r30)
 1755  000024b0  4be00000	jr	r31
 1756  000024b4  54000000	nop
 1757  000024b8          	.endproc _bzero
 1758  000024b8          	.align 2
 1759  000024b8          	.proc _min
 1760  000024b8          	.global _min
 1761  000024b8          	_min:
 1762                      ;  Function 'min'; 0 bytes of locals, 2 regs to save.
 1763  000024b8  afbefffc	sw	-4(r29),r30; push fp
 1764  000024bc  001df020	add	r30,r0,r29; fp = sp
 1765  000024c0  afbffff8	sw	-8(r29),r31; push ret addr
 1766  000024c4  2fbd0010	subui	r29,r29,#16; alloc local storage
 1767  000024c8  afa20000	sw	0(r29),r2
 1768  000024cc  afa30004	sw	4(r29),r3
 1769  000024d0  8fc10000	lw	r1,(r30)
 1770  000024d4  8fc20004	lw	r2,4(r30)
 1771  000024d8  0022182c	sle	r3,r1,r2
 1772  000024dc  14600008	bnez	r3,L109_LF2
 1773  000024e0  54000000	nop; delay slot nop
 1774  000024e4  8fc10004	lw	r1,4(r30)
 1775  000024e8          	L109_LF2:
 1776  000024e8  08000004	j	L108_LF2
 1777  000024ec  54000000	nop; delay slot nop
 1778  000024f0          	L108_LF2:
 1779  000024f0  8fa20000	lw	r2,0(r29)
 1780  000024f4  8fa30004	lw	r3,4(r29)
 1781  000024f8  8fdffff8	lw	r31,-8(r30)
 1782  000024fc  001ee820	add	r29,r0,r30
 1783  00002500  8fdefffc	lw	r30,-4(r30)
 1784  00002504  4be00000	jr	r31
 1785  00002508  54000000	nop
 1786  0000250c          	.endproc _min
 1787  0000250c          	.align 2
 1788  0000250c          	.proc _max
 1789  0000250c          	.global _max
 1790  0000250c          	_max:
 1791                      ;  Function 'max'; 0 bytes of locals, 2 regs to save.
 1792  0000250c  afbefffc	sw	-4(r29),r30; push fp
 1793  00002510  001df020	add	r30,r0,r29; fp = sp
 1794  00002514  afbffff8	sw	-8(r29),r31; push ret addr
 1795  00002518  2fbd0010	subui	r29,r29,#16; alloc local storage
 1796  0000251c  afa20000	sw	0(r29),r2
 1797  00002520  afa30004	sw	4(r29),r3
 1798  00002524  8fc10000	lw	r1,(r30)
 1799  00002528  8fc20004	lw	r2,4(r30)
 1800  0000252c  0022182d	sge	r3,r1,r2
 1801  00002530  14600008	bnez	r3,L111_LF2
 1802  00002534  54000000	nop; delay slot nop
 1803  00002538  8fc10004	lw	r1,4(r30)
 1804  0000253c          	L111_LF2:
 1805  0000253c  08000004	j	L110_LF2
 1806  00002540  54000000	nop; delay slot nop
 1807  00002544          	L110_LF2:
 1808  00002544  8fa20000	lw	r2,0(r29)
 1809  00002548  8fa30004	lw	r3,4(r29)
 1810  0000254c  8fdffff8	lw	r31,-8(r30)
 1811  00002550  001ee820	add	r29,r0,r30
 1812  00002554  8fdefffc	lw	r30,-4(r30)
 1813  00002558  4be00000	jr	r31
 1814  0000255c  54000000	nop
 1815  00002560          	.endproc _max
 1816                      ;;; Ethan L. Miller, 1999.  Released to the public domain
 1817                      ;;;
 1818                      ;;; Most of the traps are called in files from libtraps.
 1821  00002560          	.align 2
 1822  00002560          	.proc _exit
 1823  00002560          	.global _exit
 1824  00002560          	_exit:
 1825  00002560  44000300	trap	#0x300
 1826  00002564  4be00000	jr	r31
 1827  00002568  54000000	nop
 1828  0000256c          	.endproc _exit
 1830                      ; for the benefit of gcc.
 1831  0000256c          	.proc ___main
 1832  0000256c          	.global ___main
 1833  0000256c          	___main:
 1834  0000256c  4be00000	jr	r31
 1835  00002570  54000000	nop
 1836  00002574          	.endproc ___main
 1837  00002574          	.text
 1838  00002574          	.global _etext
 1839  00002574          	_etext:
 1840  00002574          	.align 3
 1841  00002578          	.data
 1842  00003132          	.global _edata
 1843  00003132          	_edata:
