 line   address	contents
    1                      ; Linked by DLX-LD.
    2                      ; MemSize 24576
    3                      ; Data size: 306
    4                      ; Text size: 5596
    5                      ; Stack size: 8192
    6  00000000          	.text 0x1000
    7  00001000          	.data 0x3000
    8                      ; Compiled by GCC
    9  00003000          	.text
   10  00001000          	.align 2
   11  00001000          	.proc _isspace
   12  00001000          	.global _isspace
   13  00001000          	_isspace:
   14                      ;  Function 'isspace'; 0 bytes of locals, 1 regs to save.
   15  00001000  afbefffc	sw	-4(r29),r30; push fp
   16  00001004  001df020	add	r30,r0,r29; fp = sp
   17  00001008  afbffff8	sw	-8(r29),r31; push ret addr
   18  0000100c  2fbd0010	subui	r29,r29,#16; alloc local storage
   19  00001010  afa20000	sw	0(r29),r2
   20  00001014  83c20003	lb	r2,3(r30)
   21  00001018  201f0000	addi	r31,r0,#0
   22  0000101c  304100ff	andi	r1,r2,#0x00ff
   23  00001020  60210020	seqi	r1,r1,#32
   24  00001024  14200018	bnez	r1,L6_LF0
   25  00001028  54000000	nop; not filled.
   26  0000102c  2041fff7	addi	r1,r2,#-9
   27  00001030  302100ff	andi	r1,r1,#0x00ff
   28  00001034  70210001	sleui	r1,r1,#1
   29  00001038  10200008	beqz	r1,L5_LF0
   30  0000103c  54000000	nop; not filled.
   31  00001040          	L6_LF0:
   32  00001040  201f0001	addi	r31,r0,#1
   33  00001044          	L5_LF0:
   34  00001044  001f0820	add	r1,r0,r31
   35  00001048  8fa20000	lw	r2,0(r29)
   36  0000104c  8fdffff8	lw	r31,-8(r30)
   37  00001050  001ee820	add	r29,r0,r30
   38  00001054  8fdefffc	lw	r30,-4(r30)
   39  00001058  4be00000	jr	r31
   40  0000105c  54000000	nop
   41  00001060          	.endproc _isspace
   42  00001060          	.align 2
   43  00001060          	.proc _isxdigit
   44  00001060          	.global _isxdigit
   45  00001060          	_isxdigit:
   46                      ;  Function 'isxdigit'; 0 bytes of locals, 1 regs to save.
   47  00001060  afbefffc	sw	-4(r29),r30; push fp
   48  00001064  001df020	add	r30,r0,r29; fp = sp
   49  00001068  afbffff8	sw	-8(r29),r31; push ret addr
   50  0000106c  2fbd0010	subui	r29,r29,#16; alloc local storage
   51  00001070  afa20000	sw	0(r29),r2
   52  00001074  83df0003	lb	r31,3(r30)
   53  00001078  20020000	addi	r2,r0,#0
   54  0000107c  23e1ffd0	addi	r1,r31,#-48
   55  00001080  302100ff	andi	r1,r1,#0x00ff
   56  00001084  70210009	sleui	r1,r1,#9
   57  00001088  14200028	bnez	r1,L12_LF0
   58  0000108c  54000000	nop; not filled.
   59  00001090  23e1ff9f	addi	r1,r31,#-97
   60  00001094  302100ff	andi	r1,r1,#0x00ff
   61  00001098  70210005	sleui	r1,r1,#5
   62  0000109c  14200014	bnez	r1,L12_LF0
   63  000010a0  54000000	nop; not filled.
   64  000010a4  33e100ff	andi	r1,r31,#0x00ff
   65  000010a8  64210041	snei	r1,r1,#65
   66  000010ac  14200008	bnez	r1,L11_LF0
   67  000010b0  54000000	nop; not filled.
   68  000010b4          	L12_LF0:
   69  000010b4  20020001	addi	r2,r0,#1
   70  000010b8          	L11_LF0:
   71  000010b8  00020820	add	r1,r0,r2
   72  000010bc  8fa20000	lw	r2,0(r29)
   73  000010c0  8fdffff8	lw	r31,-8(r30)
   74  000010c4  001ee820	add	r29,r0,r30
   75  000010c8  8fdefffc	lw	r30,-4(r30)
   76  000010cc  4be00000	jr	r31
   77  000010d0  54000000	nop
   78  000010d4          	.endproc _isxdigit
   79  000010d4          	.data
   80  00003000          	.align 2
   81  00003000          	LC0_LF0:
   82  00003000  55736167	.ascii "Usage: \000"
   82  00003004  653a2000	
   83  00003008          	.align 2
   84  00003008          	LC1_LF0:
   85  00003008  203c6861	.ascii " <handle_to_shared_memory_page> <handle_to_page_mapped_semaphore>\n\000"
   85  0000300c  6e646c65	
   85  00003010  5f746f5f	
   85  00003014  73686172	
   85  00003018  65645f6d	
   85  0000301c  656d6f72	
   85  00003020  795f7061	
   85  00003024  67653e20	
   85  00003028  3c68616e	
   85  0000302c  646c655f	
   85  00003030  746f5f70	
   85  00003034  6167655f	
   85  00003038  6d617070	
   85  0000303c  65645f73	
   85  00003040  656d6170	
   85  00003044  686f7265	
   85  00003048  3e0a00  	
   86  0000304b          	.align 2
   87  0000304c          	LC2_LF0:
   88  0000304c  42616420	.ascii "Bad sem_create in \000"
   88  00003050  73656d5f	
   88  00003054  63726561	
   88  00003058  74652069	
   88  0000305c  6e2000  	
   89  0000305f          	.align 2
   90  00003060          	LC3_LF0:
   91  00003060  0a00    	.ascii "\n\000"
   92  00003062          	.align 2
   93  00003064          	LC4_LF0:
   94  00003064  5b524541	.ascii "[REACTION2]spawn_me (%d): Could not map the virtual address to the mem"
   94  00003068  4354494f	
   94  0000306c  4e325d73	
   94  00003070  7061776e	
   94  00003074  5f6d6520	
   94  00003078  28256429	
   94  0000307c  3a20436f	
   94  00003080  756c6420	
   94  00003084  6e6f7420	
   94  00003088  6d617020	
   94  0000308c  74686520	
   94  00003090  76697274	
   94  00003094  75616c20	
   94  00003098  61646472	
   94  0000309c  65737320	
   94  000030a0  746f2074	
   94  000030a4  6865206d	
   94  000030a8  656d    	
   95  000030aa  6f727921	.ascii "ory!\n\000"
   95  000030ae  0a00    	
   96  000030b0          	.align 2
   97  000030b0          	LC5_LF0:
   98  000030b0  436f756c	.ascii "Could not send message to mailbox %d in %s (%d)\n\000"
   98  000030b4  64206e6f	
   98  000030b8  74207365	
   98  000030bc  6e64206d	
   98  000030c0  65737361	
   98  000030c4  67652074	
   98  000030c8  6f206d61	
   98  000030cc  696c626f	
   98  000030d0  78202564	
   98  000030d4  20696e20	
   98  000030d8  25732028	
   98  000030dc  2564290a	
   98  000030e0  00      	
   99  000030e1          	.align 2
  100  000030e4          	LC6_LF0:
  101  000030e4  52656163	.ascii "Reaction 2: PID %d\n\000"
  101  000030e8  74696f6e	
  101  000030ec  20323a20	
  101  000030f0  50494420	
  101  000030f4  25640a00	
  102  000030f8          	.align 2
  103  000030f8          	LC7_LF0:
  104  000030f8  42616420	.ascii "Bad semaphore s_procs_completed (%d) in \000"
  104  000030fc  73656d61	
  104  00003100  70686f72	
  104  00003104  6520735f	
  104  00003108  70726f63	
  104  0000310c  735f636f	
  104  00003110  6d706c65	
  104  00003114  74656420	
  104  00003118  28256429	
  104  0000311c  20696e20	
  104  00003120  00      	
  105  00003121          	.align 2
  106  00003124          	LC8_LF0:
  107  00003124  2c206578	.ascii ", exiting...\n\000"
  107  00003128  6974696e	
  107  0000312c  672e2e2e	
  107  00003130  0a00    	
  108  00003132          	.text
  109  000010d4          	.align 2
  110  000010d4          	.proc _main
  111  000010d4          	.global _main
  112  000010d4          	_main:
  113                      ;  Function 'main'; 8 bytes of locals, 0 regs to save.
  114  000010d4  afbefffc	sw	-4(r29),r30; push fp
  115  000010d8  001df020	add	r30,r0,r29; fp = sp
  116  000010dc  afbffff8	sw	-8(r29),r31; push ret addr
  117  000010e0  2fbd0010	subui	r29,r29,#16; alloc local storage
  118  000010e4  8fc20000	lw	r2,(r30)
  119  000010e8  8fc30004	lw	r3,4(r30)
  120  000010ec  0c0014e4	jal	___main
  121  000010f0  54000000	nop; not filled.
  122  000010f4  0c000638	jal	_getpid
  123  000010f8  54000000	nop; not filled.
  124  000010fc  afc1fff4	sw	-12(r30),r1
  125  00001100  64410005	snei	r1,r2,#5
  126  00001104  1020004c	beqz	r1,L14_LF0
  127  00001108  54000000	nop; not filled.
  128  0000110c  23bdfff8	addi	r29,r29,#-8
  129  00001110  3c080000	lhi	r8,((LC0_LF0)>>16)&0xffff
  130  00001114  25083000	addui	r8,r8,(LC0_LF0)&0xffff
  131  00001118  afa80000	sw	(r29),r8
  132  0000111c  0c000604	jal	_Printf
  133  00001120  54000000	nop; not filled.
  134  00001124  8c680000	lw	r8,(r3)
  135  00001128  afa80000	sw	(r29),r8
  136  0000112c  0c0005f4	jal	_Printf
  137  00001130  54000000	nop; not filled.
  138  00001134  3c080000	lhi	r8,((LC1_LF0)>>16)&0xffff
  139  00001138  25083008	addui	r8,r8,(LC1_LF0)&0xffff
  140  0000113c  afa80000	sw	(r29),r8
  141  00001140  0c0005e0	jal	_Printf
  142  00001144  54000000	nop; not filled.
  143  00001148  0c0006e0	jal	_Exit
  144  0000114c  54000000	nop; not filled.
  145  00001150  23bd0008	addi	r29,r29,#8
  146  00001154          	L14_LF0:
  147  00001154  23bdfff0	addi	r29,r29,#-16
  148  00001158  8c680004	lw	r8,4(r3)
  149  0000115c  afa80000	sw	(r29),r8
  150  00001160  20080000	addi	r8,r0,#0
  151  00001164  afa80004	sw	4(r29),r8
  152  00001168  2008000a	addi	r8,r0,#10
  153  0000116c  afa80008	sw	8(r29),r8
  154  00001170  0c000f64	jal	_dstrtol
  155  00001174  54000000	nop; not filled.
  156  00001178  00012820	add	r5,r0,r1
  157  0000117c  8c680008	lw	r8,8(r3)
  158  00001180  afa80000	sw	(r29),r8
  159  00001184  20080000	addi	r8,r0,#0
  160  00001188  afa80004	sw	4(r29),r8
  161  0000118c  2008000a	addi	r8,r0,#10
  162  00001190  afa80008	sw	8(r29),r8
  163  00001194  0c000f40	jal	_dstrtol
  164  00001198  54000000	nop; not filled.
  165  0000119c  00012020	add	r4,r0,r1
  166  000011a0  8c68000c	lw	r8,12(r3)
  167  000011a4  afa80000	sw	(r29),r8
  168  000011a8  20080000	addi	r8,r0,#0
  169  000011ac  afa80004	sw	4(r29),r8
  170  000011b0  2008000a	addi	r8,r0,#10
  171  000011b4  afa80008	sw	8(r29),r8
  172  000011b8  0c000f1c	jal	_dstrtol
  173  000011bc  54000000	nop; not filled.
  174  000011c0  00013020	add	r6,r0,r1
  175  000011c4  8c680010	lw	r8,16(r3)
  176  000011c8  afa80000	sw	(r29),r8
  177  000011cc  20080000	addi	r8,r0,#0
  178  000011d0  afa80004	sw	4(r29),r8
  179  000011d4  2008000a	addi	r8,r0,#10
  180  000011d8  afa80008	sw	8(r29),r8
  181  000011dc  0c000ef8	jal	_dstrtol
  182  000011e0  54000000	nop; not filled.
  183  000011e4  00013820	add	r7,r0,r1
  184  000011e8  afa50000	sw	(r29),r5
  185  000011ec  0c0005f4	jal	_mbox_open
  186  000011f0  54000000	nop; not filled.
  187  000011f4  23bd0010	addi	r29,r29,#16
  188  000011f8  6021ffff	seqi	r1,r1,#-1
  189  000011fc  1020004c	beqz	r1,L15_LF0
  190  00001200  54000000	nop; not filled.
  191  00001204  23bdfff8	addi	r29,r29,#-8
  192  00001208  3c080000	lhi	r8,((LC2_LF0)>>16)&0xffff
  193  0000120c  2508304c	addui	r8,r8,(LC2_LF0)&0xffff
  194  00001210  afa80000	sw	(r29),r8
  195  00001214  0c00050c	jal	_Printf
  196  00001218  54000000	nop; not filled.
  197  0000121c  8c680000	lw	r8,(r3)
  198  00001220  afa80000	sw	(r29),r8
  199  00001224  0c0004fc	jal	_Printf
  200  00001228  54000000	nop; not filled.
  201  0000122c  3c080000	lhi	r8,((LC3_LF0)>>16)&0xffff
  202  00001230  25083060	addui	r8,r8,(LC3_LF0)&0xffff
  203  00001234  afa80000	sw	(r29),r8
  204  00001238  0c0004e8	jal	_Printf
  205  0000123c  54000000	nop; not filled.
  206  00001240  0c0005e8	jal	_Exit
  207  00001244  54000000	nop; not filled.
  208  00001248  23bd0008	addi	r29,r29,#8
  209  0000124c          	L15_LF0:
  210  0000124c  23bdfff8	addi	r29,r29,#-8
  211  00001250  afa40000	sw	(r29),r4
  212  00001254  0c00058c	jal	_mbox_open
  213  00001258  54000000	nop; not filled.
  214  0000125c  23bd0008	addi	r29,r29,#8
  215  00001260  6021ffff	seqi	r1,r1,#-1
  216  00001264  1020004c	beqz	r1,L16_LF0
  217  00001268  54000000	nop; not filled.
  218  0000126c  23bdfff8	addi	r29,r29,#-8
  219  00001270  3c080000	lhi	r8,((LC2_LF0)>>16)&0xffff
  220  00001274  2508304c	addui	r8,r8,(LC2_LF0)&0xffff
  221  00001278  afa80000	sw	(r29),r8
  222  0000127c  0c0004a4	jal	_Printf
  223  00001280  54000000	nop; not filled.
  224  00001284  8c680000	lw	r8,(r3)
  225  00001288  afa80000	sw	(r29),r8
  226  0000128c  0c000494	jal	_Printf
  227  00001290  54000000	nop; not filled.
  228  00001294  3c080000	lhi	r8,((LC3_LF0)>>16)&0xffff
  229  00001298  25083060	addui	r8,r8,(LC3_LF0)&0xffff
  230  0000129c  afa80000	sw	(r29),r8
  231  000012a0  0c000480	jal	_Printf
  232  000012a4  54000000	nop; not filled.
  233  000012a8  0c000580	jal	_Exit
  234  000012ac  54000000	nop; not filled.
  235  000012b0  23bd0008	addi	r29,r29,#8
  236  000012b4          	L16_LF0:
  237  000012b4  23bdfff8	addi	r29,r29,#-8
  238  000012b8  afa60000	sw	(r29),r6
  239  000012bc  0c000524	jal	_mbox_open
  240  000012c0  54000000	nop; not filled.
  241  000012c4  23bd0008	addi	r29,r29,#8
  242  000012c8  6021ffff	seqi	r1,r1,#-1
  243  000012cc  1020004c	beqz	r1,L17_LF0
  244  000012d0  54000000	nop; not filled.
  245  000012d4  23bdfff8	addi	r29,r29,#-8
  246  000012d8  3c080000	lhi	r8,((LC2_LF0)>>16)&0xffff
  247  000012dc  2508304c	addui	r8,r8,(LC2_LF0)&0xffff
  248  000012e0  afa80000	sw	(r29),r8
  249  000012e4  0c00043c	jal	_Printf
  250  000012e8  54000000	nop; not filled.
  251  000012ec  8c680000	lw	r8,(r3)
  252  000012f0  afa80000	sw	(r29),r8
  253  000012f4  0c00042c	jal	_Printf
  254  000012f8  54000000	nop; not filled.
  255  000012fc  3c080000	lhi	r8,((LC3_LF0)>>16)&0xffff
  256  00001300  25083060	addui	r8,r8,(LC3_LF0)&0xffff
  257  00001304  afa80000	sw	(r29),r8
  258  00001308  0c000418	jal	_Printf
  259  0000130c  54000000	nop; not filled.
  260  00001310  0c000518	jal	_Exit
  261  00001314  54000000	nop; not filled.
  262  00001318  23bd0008	addi	r29,r29,#8
  263  0000131c          	L17_LF0:
  264  0000131c  23bdfff0	addi	r29,r29,#-16
  265  00001320  afa50000	sw	(r29),r5
  266  00001324  20080004	addi	r8,r0,#4
  267  00001328  afa80004	sw	4(r29),r8
  268  0000132c  23c2fff4	addi	r2,r30,#-12
  269  00001330  afa20008	sw	8(r29),r2
  270  00001334  0c0004d0	jal	_mbox_recv
  271  00001338  54000000	nop; not filled.
  272  0000133c  23bd0010	addi	r29,r29,#16
  273  00001340  6021ffff	seqi	r1,r1,#-1
  274  00001344  10200034	beqz	r1,L18_LF0
  275  00001348  54000000	nop; not filled.
  276  0000134c  0c0003e0	jal	_getpid
  277  00001350  54000000	nop; not filled.
  278  00001354  23bdfff8	addi	r29,r29,#-8
  279  00001358  3c080000	lhi	r8,((LC4_LF0)>>16)&0xffff
  280  0000135c  25083064	addui	r8,r8,(LC4_LF0)&0xffff
  281  00001360  afa80000	sw	(r29),r8
  282  00001364  afa10004	sw	4(r29),r1
  283  00001368  0c0003b8	jal	_Printf
  284  0000136c  54000000	nop; not filled.
  285  00001370  0c0004b8	jal	_Exit
  286  00001374  54000000	nop; not filled.
  287  00001378  23bd0008	addi	r29,r29,#8
  288  0000137c          	L18_LF0:
  289  0000137c  23bdfff0	addi	r29,r29,#-16
  290  00001380  afa50000	sw	(r29),r5
  291  00001384  20080004	addi	r8,r0,#4
  292  00001388  afa80004	sw	4(r29),r8
  293  0000138c  afa20008	sw	8(r29),r2
  294  00001390  0c000474	jal	_mbox_recv
  295  00001394  54000000	nop; not filled.
  296  00001398  23bd0010	addi	r29,r29,#16
  297  0000139c  6021ffff	seqi	r1,r1,#-1
  298  000013a0  10200034	beqz	r1,L19_LF0
  299  000013a4  54000000	nop; not filled.
  300  000013a8  0c000384	jal	_getpid
  301  000013ac  54000000	nop; not filled.
  302  000013b0  23bdfff8	addi	r29,r29,#-8
  303  000013b4  3c080000	lhi	r8,((LC4_LF0)>>16)&0xffff
  304  000013b8  25083064	addui	r8,r8,(LC4_LF0)&0xffff
  305  000013bc  afa80000	sw	(r29),r8
  306  000013c0  afa10004	sw	4(r29),r1
  307  000013c4  0c00035c	jal	_Printf
  308  000013c8  54000000	nop; not filled.
  309  000013cc  0c00045c	jal	_Exit
  310  000013d0  54000000	nop; not filled.
  311  000013d4  23bd0008	addi	r29,r29,#8
  312  000013d8          	L19_LF0:
  313  000013d8  23bdfff0	addi	r29,r29,#-16
  314  000013dc  afa40000	sw	(r29),r4
  315  000013e0  20080004	addi	r8,r0,#4
  316  000013e4  afa80004	sw	4(r29),r8
  317  000013e8  afa20008	sw	8(r29),r2
  318  000013ec  0c00040c	jal	_mbox_send
  319  000013f0  54000000	nop; not filled.
  320  000013f4  23bd0010	addi	r29,r29,#16
  321  000013f8  6021ffff	seqi	r1,r1,#-1
  322  000013fc  10200040	beqz	r1,L20_LF0
  323  00001400  54000000	nop; not filled.
  324  00001404  0c000328	jal	_getpid
  325  00001408  54000000	nop; not filled.
  326  0000140c  23bdfff0	addi	r29,r29,#-16
  327  00001410  3c080000	lhi	r8,((LC5_LF0)>>16)&0xffff
  328  00001414  250830b0	addui	r8,r8,(LC5_LF0)&0xffff
  329  00001418  afa80000	sw	(r29),r8
  330  0000141c  afa40004	sw	4(r29),r4
  331  00001420  8c680000	lw	r8,(r3)
  332  00001424  afa80008	sw	8(r29),r8
  333  00001428  afa1000c	sw	12(r29),r1
  334  0000142c  0c0002f4	jal	_Printf
  335  00001430  54000000	nop; not filled.
  336  00001434  0c0003f4	jal	_Exit
  337  00001438  54000000	nop; not filled.
  338  0000143c  23bd0010	addi	r29,r29,#16
  339  00001440          	L20_LF0:
  340  00001440  23bdfff0	addi	r29,r29,#-16
  341  00001444  afa40000	sw	(r29),r4
  342  00001448  20080004	addi	r8,r0,#4
  343  0000144c  afa80004	sw	4(r29),r8
  344  00001450  afa20008	sw	8(r29),r2
  345  00001454  0c0003a4	jal	_mbox_send
  346  00001458  54000000	nop; not filled.
  347  0000145c  23bd0010	addi	r29,r29,#16
  348  00001460  6021ffff	seqi	r1,r1,#-1
  349  00001464  10200040	beqz	r1,L21_LF0
  350  00001468  54000000	nop; not filled.
  351  0000146c  0c0002c0	jal	_getpid
  352  00001470  54000000	nop; not filled.
  353  00001474  23bdfff0	addi	r29,r29,#-16
  354  00001478  3c080000	lhi	r8,((LC5_LF0)>>16)&0xffff
  355  0000147c  250830b0	addui	r8,r8,(LC5_LF0)&0xffff
  356  00001480  afa80000	sw	(r29),r8
  357  00001484  afa40004	sw	4(r29),r4
  358  00001488  8c680000	lw	r8,(r3)
  359  0000148c  afa80008	sw	8(r29),r8
  360  00001490  afa1000c	sw	12(r29),r1
  361  00001494  0c00028c	jal	_Printf
  362  00001498  54000000	nop; not filled.
  363  0000149c  0c00038c	jal	_Exit
  364  000014a0  54000000	nop; not filled.
  365  000014a4  23bd0010	addi	r29,r29,#16
  366  000014a8          	L21_LF0:
  367  000014a8  23bdfff0	addi	r29,r29,#-16
  368  000014ac  afa60000	sw	(r29),r6
  369  000014b0  20080004	addi	r8,r0,#4
  370  000014b4  afa80004	sw	4(r29),r8
  371  000014b8  afa20008	sw	8(r29),r2
  372  000014bc  0c00033c	jal	_mbox_send
  373  000014c0  54000000	nop; not filled.
  374  000014c4  23bd0010	addi	r29,r29,#16
  375  000014c8  6021ffff	seqi	r1,r1,#-1
  376  000014cc  10200040	beqz	r1,L22_LF0
  377  000014d0  54000000	nop; not filled.
  378  000014d4  0c000258	jal	_getpid
  379  000014d8  54000000	nop; not filled.
  380  000014dc  23bdfff0	addi	r29,r29,#-16
  381  000014e0  3c080000	lhi	r8,((LC5_LF0)>>16)&0xffff
  382  000014e4  250830b0	addui	r8,r8,(LC5_LF0)&0xffff
  383  000014e8  afa80000	sw	(r29),r8
  384  000014ec  afa60004	sw	4(r29),r6
  385  000014f0  8c680000	lw	r8,(r3)
  386  000014f4  afa80008	sw	8(r29),r8
  387  000014f8  afa1000c	sw	12(r29),r1
  388  000014fc  0c000224	jal	_Printf
  389  00001500  54000000	nop; not filled.
  390  00001504  0c000324	jal	_Exit
  391  00001508  54000000	nop; not filled.
  392  0000150c  23bd0010	addi	r29,r29,#16
  393  00001510          	L22_LF0:
  394  00001510  0c00021c	jal	_getpid
  395  00001514  54000000	nop; not filled.
  396  00001518  23bdfff8	addi	r29,r29,#-8
  397  0000151c  3c080000	lhi	r8,((LC6_LF0)>>16)&0xffff
  398  00001520  250830e4	addui	r8,r8,(LC6_LF0)&0xffff
  399  00001524  afa80000	sw	(r29),r8
  400  00001528  afa10004	sw	4(r29),r1
  401  0000152c  0c0001f4	jal	_Printf
  402  00001530  54000000	nop; not filled.
  403  00001534  afa50000	sw	(r29),r5
  404  00001538  0c0002b4	jal	_mbox_close
  405  0000153c  54000000	nop; not filled.
  406  00001540  23bd0008	addi	r29,r29,#8
  407  00001544  6021ffff	seqi	r1,r1,#-1
  408  00001548  1020004c	beqz	r1,L23_LF0
  409  0000154c  54000000	nop; not filled.
  410  00001550  23bdfff8	addi	r29,r29,#-8
  411  00001554  3c080000	lhi	r8,((LC2_LF0)>>16)&0xffff
  412  00001558  2508304c	addui	r8,r8,(LC2_LF0)&0xffff
  413  0000155c  afa80000	sw	(r29),r8
  414  00001560  0c0001c0	jal	_Printf
  415  00001564  54000000	nop; not filled.
  416  00001568  8c680000	lw	r8,(r3)
  417  0000156c  afa80000	sw	(r29),r8
  418  00001570  0c0001b0	jal	_Printf
  419  00001574  54000000	nop; not filled.
  420  00001578  3c080000	lhi	r8,((LC3_LF0)>>16)&0xffff
  421  0000157c  25083060	addui	r8,r8,(LC3_LF0)&0xffff
  422  00001580  afa80000	sw	(r29),r8
  423  00001584  0c00019c	jal	_Printf
  424  00001588  54000000	nop; not filled.
  425  0000158c  0c00029c	jal	_Exit
  426  00001590  54000000	nop; not filled.
  427  00001594  23bd0008	addi	r29,r29,#8
  428  00001598          	L23_LF0:
  429  00001598  23bdfff8	addi	r29,r29,#-8
  430  0000159c  afa40000	sw	(r29),r4
  431  000015a0  0c00024c	jal	_mbox_close
  432  000015a4  54000000	nop; not filled.
  433  000015a8  23bd0008	addi	r29,r29,#8
  434  000015ac  6021ffff	seqi	r1,r1,#-1
  435  000015b0  1020004c	beqz	r1,L24_LF0
  436  000015b4  54000000	nop; not filled.
  437  000015b8  23bdfff8	addi	r29,r29,#-8
  438  000015bc  3c080000	lhi	r8,((LC2_LF0)>>16)&0xffff
  439  000015c0  2508304c	addui	r8,r8,(LC2_LF0)&0xffff
  440  000015c4  afa80000	sw	(r29),r8
  441  000015c8  0c000158	jal	_Printf
  442  000015cc  54000000	nop; not filled.
  443  000015d0  8c680000	lw	r8,(r3)
  444  000015d4  afa80000	sw	(r29),r8
  445  000015d8  0c000148	jal	_Printf
  446  000015dc  54000000	nop; not filled.
  447  000015e0  3c080000	lhi	r8,((LC3_LF0)>>16)&0xffff
  448  000015e4  25083060	addui	r8,r8,(LC3_LF0)&0xffff
  449  000015e8  afa80000	sw	(r29),r8
  450  000015ec  0c000134	jal	_Printf
  451  000015f0  54000000	nop; not filled.
  452  000015f4  0c000234	jal	_Exit
  453  000015f8  54000000	nop; not filled.
  454  000015fc  23bd0008	addi	r29,r29,#8
  455  00001600          	L24_LF0:
  456  00001600  23bdfff8	addi	r29,r29,#-8
  457  00001604  afa60000	sw	(r29),r6
  458  00001608  0c0001e4	jal	_mbox_close
  459  0000160c  54000000	nop; not filled.
  460  00001610  23bd0008	addi	r29,r29,#8
  461  00001614  6021ffff	seqi	r1,r1,#-1
  462  00001618  1020004c	beqz	r1,L25_LF0
  463  0000161c  54000000	nop; not filled.
  464  00001620  23bdfff8	addi	r29,r29,#-8
  465  00001624  3c080000	lhi	r8,((LC2_LF0)>>16)&0xffff
  466  00001628  2508304c	addui	r8,r8,(LC2_LF0)&0xffff
  467  0000162c  afa80000	sw	(r29),r8
  468  00001630  0c0000f0	jal	_Printf
  469  00001634  54000000	nop; not filled.
  470  00001638  8c680000	lw	r8,(r3)
  471  0000163c  afa80000	sw	(r29),r8
  472  00001640  0c0000e0	jal	_Printf
  473  00001644  54000000	nop; not filled.
  474  00001648  3c080000	lhi	r8,((LC3_LF0)>>16)&0xffff
  475  0000164c  25083060	addui	r8,r8,(LC3_LF0)&0xffff
  476  00001650  afa80000	sw	(r29),r8
  477  00001654  0c0000cc	jal	_Printf
  478  00001658  54000000	nop; not filled.
  479  0000165c  0c0001cc	jal	_Exit
  480  00001660  54000000	nop; not filled.
  481  00001664  23bd0008	addi	r29,r29,#8
  482  00001668          	L25_LF0:
  483  00001668  23bdfff8	addi	r29,r29,#-8
  484  0000166c  afa70000	sw	(r29),r7
  485  00001670  0c000104	jal	_sem_signal
  486  00001674  54000000	nop; not filled.
  487  00001678  23bd0008	addi	r29,r29,#8
  488  0000167c  64210001	snei	r1,r1,#1
  489  00001680  10200050	beqz	r1,L26_LF0
  490  00001684  54000000	nop; not filled.
  491  00001688  23bdfff8	addi	r29,r29,#-8
  492  0000168c  3c080000	lhi	r8,((LC7_LF0)>>16)&0xffff
  493  00001690  250830f8	addui	r8,r8,(LC7_LF0)&0xffff
  494  00001694  afa80000	sw	(r29),r8
  495  00001698  afa70004	sw	4(r29),r7
  496  0000169c  0c000084	jal	_Printf
  497  000016a0  54000000	nop; not filled.
  498  000016a4  8c630000	lw	r3,(r3)
  499  000016a8  afa30000	sw	(r29),r3
  500  000016ac  0c000074	jal	_Printf
  501  000016b0  54000000	nop; not filled.
  502  000016b4  3c080000	lhi	r8,((LC8_LF0)>>16)&0xffff
  503  000016b8  25083124	addui	r8,r8,(LC8_LF0)&0xffff
  504  000016bc  afa80000	sw	(r29),r8
  505  000016c0  0c000060	jal	_Printf
  506  000016c4  54000000	nop; not filled.
  507  000016c8  0c000160	jal	_Exit
  508  000016cc  54000000	nop; not filled.
  509  000016d0  23bd0008	addi	r29,r29,#8
  510  000016d4          	L26_LF0:
  511  000016d4  0c000ef0	jal	_exit
  512  000016d8  54000000	nop
  513  000016dc          	.endproc _main
  514                      ;;;
  515                      ;;; Stub functions for DLX traps.
  516                      ;;;
  517                      ;;; Ethan L. Miller, 1999.  Released to the public domain.
  518                      ;;;
  519                      ;;; The traps such as Open and Close
  520                      ;;; (note the capital letters) are for use by user programs.  The traps
  521                      ;;; with names such as open and close (lower case) are for use by the OS.
  522                      ;;;
  525  000016dc          	.align 2
  527                      ;;; The following are the traps to be used by user-level programs
  528                      ;;;
  530  000016dc          	.align 2
  531  000016dc          	.proc _Open
  532  000016dc          	.global _Open
  533  000016dc          	_Open:
  534                      ;;; Note that trap #0x213 actually causes a trap vector in the OS of
  535                      ;;; 0x1213.  The same is true for other user traps.  Thus, a user trap
  536                      ;;; with trap #0x240 will result in a trap vector of 0x1240 in the OS.
  537  000016dc  44000213	trap	#0x213
  538  000016e0  4be00000	jr	r31
  539  000016e4  54000000	nop
  540  000016e8          	.endproc _Open
  542  000016e8          	.proc _Close
  543  000016e8          	.global _Close
  544  000016e8          	_Close:
  545  000016e8  44000214	trap	#0x214
  546  000016ec  4be00000	jr	r31
  547  000016f0  54000000	nop
  548  000016f4          	.endproc _Close
  550  000016f4          	.proc _Read
  551  000016f4          	.global _Read
  552  000016f4          	_Read:
  553  000016f4  44000210	trap	#0x210
  554  000016f8  4be00000	jr	r31
  555  000016fc  54000000	nop
  556  00001700          	.endproc _Read
  558  00001700          	.proc _Write
  559  00001700          	.global _Write
  560  00001700          	_Write:
  561  00001700  44000211	trap	#0x211
  562  00001704  4be00000	jr	r31
  563  00001708  54000000	nop
  564  0000170c          	.endproc _Write
  566  0000170c          	.proc _Lseek
  567  0000170c          	.global _Lseek
  568  0000170c          	_Lseek:
  569  0000170c  44000212	trap	#0x212
  570  00001710  4be00000	jr	r31
  571  00001714  54000000	nop
  572  00001718          	.endproc _Lseek
  574  00001718          	.proc _Putchar
  575  00001718          	.global _Putchar
  576  00001718          	_Putchar:
  577  00001718  44000280	trap	#0x280
  578  0000171c  4be00000	jr	r31
  579  00001720  54000000	nop
  580  00001724          	.endproc _Putchar
  582  00001724          	.proc _Printf
  583  00001724          	.global _Printf
  584  00001724          	_Printf:
  585  00001724  44000201	trap	#0x201
  586  00001728  4be00000	jr	r31
  587  0000172c  54000000	nop
  588  00001730          	.endproc _Printf
  590  00001730          	.proc _getpid
  591  00001730          	.global _getpid
  592  00001730          	_getpid:
  593  00001730  44000431	trap	#0x431
  594  00001734  4be00000	jr	r31
  595  00001738  54000000	nop
  596  0000173c          	.endproc _getpid
  598  0000173c          	.proc _process_create
  599  0000173c          	.global _process_create
  600  0000173c          	_process_create:
  601  0000173c  44000432	trap	#0x432
  602  00001740  4be00000	jr	r31
  603  00001744  54000000	nop
  604  00001748          	.endproc _process_create
  606  00001748          	.proc _shmget
  607  00001748          	.global _shmget
  608  00001748          	_shmget:
  609  00001748  44000440	trap	#0x440
  610  0000174c  4be00000	jr	r31
  611  00001750  54000000	nop
  612  00001754          	.endproc _shmget
  614  00001754          	.proc _shmat
  615  00001754          	.global _shmat
  616  00001754          	_shmat:
  617  00001754  44000441	trap	#0x441
  618  00001758  4be00000	jr	r31
  619  0000175c  54000000	nop
  620  00001760          	.endproc _shmat
  622  00001760          	.proc _sem_create
  623  00001760          	.global _sem_create
  624  00001760          	_sem_create:
  625  00001760  44000450	trap	#0x450
  626  00001764  4be00000	jr	r31
  627  00001768  54000000	nop
  628  0000176c          	.endproc _sem_create
  630  0000176c          	.proc _sem_wait
  631  0000176c          	.global _sem_wait
  632  0000176c          	_sem_wait:
  633  0000176c  44000451	trap	#0x451
  634  00001770  4be00000	jr	r31
  635  00001774  54000000	nop
  636  00001778          	.endproc _sem_wait
  638  00001778          	.proc _sem_signal
  639  00001778          	.global _sem_signal
  640  00001778          	_sem_signal:
  641  00001778  44000452	trap	#0x452
  642  0000177c  4be00000	jr	r31
  643  00001780  54000000	nop
  644  00001784          	.endproc _sem_signal
  646  00001784          	.proc _lock_create
  647  00001784          	.global _lock_create
  648  00001784          	_lock_create:
  649  00001784  44000453	trap	#0x453
  650  00001788  4be00000	jr	r31
  651  0000178c  54000000	nop
  652  00001790          	.endproc _lock_create
  654  00001790          	.proc _lock_acquire
  655  00001790          	.global _lock_acquire
  656  00001790          	_lock_acquire:
  657  00001790  44000454	trap	#0x454
  658  00001794  4be00000	jr	r31
  659  00001798  54000000	nop
  660  0000179c          	.endproc _lock_acquire
  662  0000179c          	.proc _lock_release
  663  0000179c          	.global _lock_release
  664  0000179c          	_lock_release:
  665  0000179c  44000455	trap	#0x455
  666  000017a0  4be00000	jr	r31
  667  000017a4  54000000	nop
  668  000017a8          	.endproc _lock_release
  670  000017a8          	.proc _cond_create
  671  000017a8          	.global _cond_create
  672  000017a8          	_cond_create:
  673  000017a8  44000456	trap	#0x456
  674  000017ac  4be00000	jr	r31
  675  000017b0  54000000	nop
  676  000017b4          	.endproc _cond_create
  678  000017b4          	.proc _cond_wait
  679  000017b4          	.global _cond_wait
  680  000017b4          	_cond_wait:
  681  000017b4  44000457	trap	#0x457
  682  000017b8  4be00000	jr	r31
  683  000017bc  54000000	nop
  684  000017c0          	.endproc _cond_wait
  686  000017c0          	.proc _cond_signal
  687  000017c0          	.global _cond_signal
  688  000017c0          	_cond_signal:
  689  000017c0  44000458	trap	#0x458
  690  000017c4  4be00000	jr	r31
  691  000017c8  54000000	nop
  692  000017cc          	.endproc _cond_signal
  694  000017cc          	.proc _cond_broadcast
  695  000017cc          	.global _cond_broadcast
  696  000017cc          	_cond_broadcast:
  697  000017cc  44000459	trap	#0x459
  698  000017d0  4be00000	jr	r31
  699  000017d4  54000000	nop
  700  000017d8          	.endproc _cond_broadcast
  702  000017d8          	.proc _mbox_create
  703  000017d8          	.global _mbox_create
  704  000017d8          	_mbox_create:
  705  000017d8  44000460	trap	#0x460
  706  000017dc  4be00000	jr	r31
  707  000017e0  54000000	nop
  708  000017e4          	.endproc _mbox_create
  710  000017e4          	.proc _mbox_open
  711  000017e4          	.global _mbox_open
  712  000017e4          	_mbox_open:
  713  000017e4  44000461	trap	#0x461
  714  000017e8  4be00000	jr	r31
  715  000017ec  54000000	nop
  716  000017f0          	.endproc _mbox_open
  718  000017f0          	.proc _mbox_close
  719  000017f0          	.global _mbox_close
  720  000017f0          	_mbox_close:
  721  000017f0  44000462	trap	#0x462
  722  000017f4  4be00000	jr	r31
  723  000017f8  54000000	nop
  724  000017fc          	.endproc _mbox_close
  726  000017fc          	.proc _mbox_send
  727  000017fc          	.global _mbox_send
  728  000017fc          	_mbox_send:
  729  000017fc  44000463	trap	#0x463
  730  00001800  4be00000	jr	r31
  731  00001804  54000000	nop
  732  00001808          	.endproc _mbox_send
  734  00001808          	.proc _mbox_recv
  735  00001808          	.global _mbox_recv
  736  00001808          	_mbox_recv:
  737  00001808  44000464	trap	#0x464
  738  0000180c  4be00000	jr	r31
  739  00001810  54000000	nop
  740  00001814          	.endproc _mbox_recv
  742  00001814          	.proc _sleep
  743  00001814          	.global _sleep
  744  00001814          	_sleep:
  745  00001814  44000465	trap	#0x465
  746  00001818  4be00000	jr	r31
  747  0000181c  54000000	nop
  748  00001820          	.endproc _sleep
  750  00001820          	.proc _yield
  751  00001820          	.global _yield
  752  00001820          	_yield:
  753  00001820  44000466	trap	#0x466
  754  00001824  4be00000	jr	r31
  755  00001828  54000000	nop
  756  0000182c          	.endproc _yield
  759  0000182c          	.proc _Exit
  760  0000182c          	.global _Exit
  761  0000182c          	_Exit:
  762  0000182c  44000500	trap	#0x500
  763  00001830  4be00000	jr	r31
  764  00001834  54000000	nop
  765  00001838          	.endproc _Exit
  766                      ; Compiled by GCC
  768  00001838          	.align 2
  769  00001838          	.proc _isspace
  770  00001838          	.global _isspace
  771  00001838          	_isspace:
  772                      ;  Function 'isspace'; 0 bytes of locals, 3 regs to save.
  773  00001838  afbefffc	sw	-4(r29),r30; push fp
  774  0000183c  001df020	add	r30,r0,r29; fp = sp
  775  00001840  afbffff8	sw	-8(r29),r31; push ret addr
  776  00001844  2fbd0018	subui	r29,r29,#24; alloc local storage
  777  00001848  afa20000	sw	0(r29),r2
  778  0000184c  afa30004	sw	4(r29),r3
  779  00001850  afa40008	sw	8(r29),r4
  780  00001854  83c20003	lb	r2,3(r30)
  781  00001858  20010000	addi	r1,r0,#0
  782  0000185c  304300ff	andi	r3,r2,#0x00ff
  783  00001860  60640020	seqi	r4,r3,#32
  784  00001864  1480002c	bnez	r4,L3_LF2
  785  00001868  54000000	nop; delay slot nop
  786  0000186c  304300ff	andi	r3,r2,#0x00ff
  787  00001870  60640009	seqi	r4,r3,#9
  788  00001874  1480001c	bnez	r4,L3_LF2
  789  00001878  54000000	nop; delay slot nop
  790  0000187c  304300ff	andi	r3,r2,#0x00ff
  791  00001880  6064000a	seqi	r4,r3,#10
  792  00001884  1480000c	bnez	r4,L3_LF2
  793  00001888  54000000	nop; delay slot nop
  794  0000188c  08000008	j	L2_LF2
  795  00001890  54000000	nop; delay slot nop
  796  00001894          	L3_LF2:
  797  00001894  20010001	addi	r1,r0,#1
  798  00001898          	L2_LF2:
  799  00001898  08000004	j	L1_LF2
  800  0000189c  54000000	nop; delay slot nop
  801  000018a0          	L1_LF2:
  802  000018a0  8fa20000	lw	r2,0(r29)
  803  000018a4  8fa30004	lw	r3,4(r29)
  804  000018a8  8fa40008	lw	r4,8(r29)
  805  000018ac  8fdffff8	lw	r31,-8(r30)
  806  000018b0  001ee820	add	r29,r0,r30
  807  000018b4  8fdefffc	lw	r30,-4(r30)
  808  000018b8  4be00000	jr	r31
  809  000018bc  54000000	nop
  810  000018c0          	.endproc _isspace
  811  000018c0          	.align 2
  812  000018c0          	.proc _isxdigit
  813  000018c0          	.global _isxdigit
  814  000018c0          	_isxdigit:
  815                      ;  Function 'isxdigit'; 0 bytes of locals, 3 regs to save.
  816  000018c0  afbefffc	sw	-4(r29),r30; push fp
  817  000018c4  001df020	add	r30,r0,r29; fp = sp
  818  000018c8  afbffff8	sw	-8(r29),r31; push ret addr
  819  000018cc  2fbd0018	subui	r29,r29,#24; alloc local storage
  820  000018d0  afa20000	sw	0(r29),r2
  821  000018d4  afa30004	sw	4(r29),r3
  822  000018d8  afa40008	sw	8(r29),r4
  823  000018dc  83c20003	lb	r2,3(r30)
  824  000018e0  20010000	addi	r1,r0,#0
  825  000018e4  304300ff	andi	r3,r2,#0x00ff
  826  000018e8  6c64002f	sgtui	r4,r3,#47
  827  000018ec  1080001c	beqz	r4,L7_LF2
  828  000018f0  54000000	nop; delay slot nop
  829  000018f4  304300ff	andi	r3,r2,#0x00ff
  830  000018f8  70640039	sleui	r4,r3,#57
  831  000018fc  1480005c	bnez	r4,L6_LF2
  832  00001900  54000000	nop; delay slot nop
  833  00001904  08000004	j	L7_LF2
  834  00001908  54000000	nop; delay slot nop
  835  0000190c          	L7_LF2:
  836  0000190c  304300ff	andi	r3,r2,#0x00ff
  837  00001910  6c640060	sgtui	r4,r3,#96
  838  00001914  1080001c	beqz	r4,L8_LF2
  839  00001918  54000000	nop; delay slot nop
  840  0000191c  304300ff	andi	r3,r2,#0x00ff
  841  00001920  70640066	sleui	r4,r3,#102
  842  00001924  14800034	bnez	r4,L6_LF2
  843  00001928  54000000	nop; delay slot nop
  844  0000192c  08000004	j	L8_LF2
  845  00001930  54000000	nop; delay slot nop
  846  00001934          	L8_LF2:
  847  00001934  304300ff	andi	r3,r2,#0x00ff
  848  00001938  6c640040	sgtui	r4,r3,#64
  849  0000193c  10800020	beqz	r4,L5_LF2
  850  00001940  54000000	nop; delay slot nop
  851  00001944  304300ff	andi	r3,r2,#0x00ff
  852  00001948  70640041	sleui	r4,r3,#65
  853  0000194c  1480000c	bnez	r4,L6_LF2
  854  00001950  54000000	nop; delay slot nop
  855  00001954  08000008	j	L5_LF2
  856  00001958  54000000	nop; delay slot nop
  857  0000195c          	L6_LF2:
  858  0000195c  20010001	addi	r1,r0,#1
  859  00001960          	L5_LF2:
  860  00001960  08000004	j	L4_LF2
  861  00001964  54000000	nop; delay slot nop
  862  00001968          	L4_LF2:
  863  00001968  8fa20000	lw	r2,0(r29)
  864  0000196c  8fa30004	lw	r3,4(r29)
  865  00001970  8fa40008	lw	r4,8(r29)
  866  00001974  8fdffff8	lw	r31,-8(r30)
  867  00001978  001ee820	add	r29,r0,r30
  868  0000197c  8fdefffc	lw	r30,-4(r30)
  869  00001980  4be00000	jr	r31
  870  00001984  54000000	nop
  871  00001988          	.endproc _isxdigit
  872  00001988          	.align 2
  873  00001988          	.proc _dstrcpy
  874  00001988          	.global _dstrcpy
  875  00001988          	_dstrcpy:
  876                      ;  Function 'dstrcpy'; 8 bytes of locals, 2 regs to save.
  877  00001988  afbefffc	sw	-4(r29),r30; push fp
  878  0000198c  001df020	add	r30,r0,r29; fp = sp
  879  00001990  afbffff8	sw	-8(r29),r31; push ret addr
  880  00001994  2fbd0018	subui	r29,r29,#24; alloc local storage
  881  00001998  afa20000	sw	0(r29),r2
  882  0000199c  afa30004	sw	4(r29),r3
  883  000019a0  8fc10000	lw	r1,(r30)
  884  000019a4  afc1fff4	sw	-12(r30),r1
  885  000019a8          	L10_LF2:
  886  000019a8  8fc10000	lw	r1,(r30)
  887  000019ac  20220001	addi	r2,r1,#1
  888  000019b0  afc20000	sw	(r30),r2
  889  000019b4  8fc20004	lw	r2,4(r30)
  890  000019b8  20430001	addi	r3,r2,#1
  891  000019bc  afc30004	sw	4(r30),r3
  892  000019c0  80420000	lb	r2,(r2)
  893  000019c4  a0220000	sb	(r1),r2
  894  000019c8  a3c2fff3	sb	-13(r30),r2
  895  000019cc          	L12_LF2:
  896  000019cc  93c1fff3	lbu	r1,-13(r30)
  897  000019d0  64220000	snei	r2,r1,#0
  898  000019d4  1440000c	bnez	r2,L13_LF2
  899  000019d8  54000000	nop; delay slot nop
  900  000019dc  0800000c	j	L11_LF2
  901  000019e0  54000000	nop; delay slot nop
  902  000019e4          	L13_LF2:
  903  000019e4  0bffffc0	j	L10_LF2
  904  000019e8  54000000	nop; delay slot nop
  905  000019ec          	L11_LF2:
  906  000019ec  8fc1fff4	lw	r1,-12(r30)
  907  000019f0  08000004	j	L9_LF2
  908  000019f4  54000000	nop; delay slot nop
  909  000019f8          	L9_LF2:
  910  000019f8  8fa20000	lw	r2,0(r29)
  911  000019fc  8fa30004	lw	r3,4(r29)
  912  00001a00  8fdffff8	lw	r31,-8(r30)
  913  00001a04  001ee820	add	r29,r0,r30
  914  00001a08  8fdefffc	lw	r30,-4(r30)
  915  00001a0c  4be00000	jr	r31
  916  00001a10  54000000	nop
  917  00001a14          	.endproc _dstrcpy
  918  00001a14          	.align 2
  919  00001a14          	.proc _dstrncpy
  920  00001a14          	.global _dstrncpy
  921  00001a14          	_dstrncpy:
  922                      ;  Function 'dstrncpy'; 8 bytes of locals, 2 regs to save.
  923  00001a14  afbefffc	sw	-4(r29),r30; push fp
  924  00001a18  001df020	add	r30,r0,r29; fp = sp
  925  00001a1c  afbffff8	sw	-8(r29),r31; push ret addr
  926  00001a20  2fbd0018	subui	r29,r29,#24; alloc local storage
  927  00001a24  afa20000	sw	0(r29),r2
  928  00001a28  afa30004	sw	4(r29),r3
  929  00001a2c  8fc10000	lw	r1,(r30)
  930  00001a30  afc1fff4	sw	-12(r30),r1
  931  00001a34          	L15_LF2:
  932  00001a34  8fc10008	lw	r1,8(r30)
  933  00001a38  2022ffff	addi	r2,r1,#-1
  934  00001a3c  afc20008	sw	8(r30),r2
  935  00001a40  70210000	slei	r1,r1,#0
  936  00001a44  1020000c	beqz	r1,L18_LF2
  937  00001a48  54000000	nop; delay slot nop
  938  00001a4c  08000048	j	L16_LF2
  939  00001a50  54000000	nop; delay slot nop
  940  00001a54          	L18_LF2:
  941  00001a54  8fc10000	lw	r1,(r30)
  942  00001a58  20220001	addi	r2,r1,#1
  943  00001a5c  afc20000	sw	(r30),r2
  944  00001a60  8fc20004	lw	r2,4(r30)
  945  00001a64  20430001	addi	r3,r2,#1
  946  00001a68  afc30004	sw	4(r30),r3
  947  00001a6c  80420000	lb	r2,(r2)
  948  00001a70  a0220000	sb	(r1),r2
  949  00001a74  a3c2fff3	sb	-13(r30),r2
  950  00001a78          	L17_LF2:
  951  00001a78  93c1fff3	lbu	r1,-13(r30)
  952  00001a7c  64220000	snei	r2,r1,#0
  953  00001a80  1440000c	bnez	r2,L19_LF2
  954  00001a84  54000000	nop; delay slot nop
  955  00001a88  0800000c	j	L16_LF2
  956  00001a8c  54000000	nop; delay slot nop
  957  00001a90          	L19_LF2:
  958  00001a90  0bffffa0	j	L15_LF2
  959  00001a94  54000000	nop; delay slot nop
  960  00001a98          	L16_LF2:
  961  00001a98  8fc1fff4	lw	r1,-12(r30)
  962  00001a9c  08000004	j	L14_LF2
  963  00001aa0  54000000	nop; delay slot nop
  964  00001aa4          	L14_LF2:
  965  00001aa4  8fa20000	lw	r2,0(r29)
  966  00001aa8  8fa30004	lw	r3,4(r29)
  967  00001aac  8fdffff8	lw	r31,-8(r30)
  968  00001ab0  001ee820	add	r29,r0,r30
  969  00001ab4  8fdefffc	lw	r30,-4(r30)
  970  00001ab8  4be00000	jr	r31
  971  00001abc  54000000	nop
  972  00001ac0          	.endproc _dstrncpy
  973  00001ac0          	.align 2
  974  00001ac0          	.proc _dstrcat
  975  00001ac0          	.global _dstrcat
  976  00001ac0          	_dstrcat:
  977                      ;  Function 'dstrcat'; 8 bytes of locals, 1 regs to save.
  978  00001ac0  afbefffc	sw	-4(r29),r30; push fp
  979  00001ac4  001df020	add	r30,r0,r29; fp = sp
  980  00001ac8  afbffff8	sw	-8(r29),r31; push ret addr
  981  00001acc  2fbd0018	subui	r29,r29,#24; alloc local storage
  982  00001ad0  afa20000	sw	0(r29),r2
  983  00001ad4  8fc10000	lw	r1,(r30)
  984  00001ad8  afc1fff4	sw	-12(r30),r1
  985  00001adc          	L21_LF2:
  986  00001adc  8fc10000	lw	r1,(r30)
  987  00001ae0  90220000	lbu	r2,(r1)
  988  00001ae4  64410000	snei	r1,r2,#0
  989  00001ae8  1420000c	bnez	r1,L23_LF2
  990  00001aec  54000000	nop; delay slot nop
  991  00001af0  0800001c	j	L22_LF2
  992  00001af4  54000000	nop; delay slot nop
  993  00001af8          	L23_LF2:
  994  00001af8  8fc20000	lw	r2,(r30)
  995  00001afc  20410001	addi	r1,r2,#1
  996  00001b00  00011020	add	r2,r0,r1
  997  00001b04  afc20000	sw	(r30),r2
  998  00001b08  0bffffd0	j	L21_LF2
  999  00001b0c  54000000	nop; delay slot nop
 1000  00001b10          	L22_LF2:
 1001  00001b10  23bdfff8	addi	r29,r29,#-8
 1002  00001b14  001d0820	add	r1,r0,r29
 1003  00001b18  8fc20000	lw	r2,(r30)
 1004  00001b1c  ac220000	sw	(r1),r2
 1005  00001b20  8fc20004	lw	r2,4(r30)
 1006  00001b24  ac220004	sw	4(r1),r2
 1007  00001b28  0ffffe5c	jal	_dstrcpy
 1008  00001b2c  54000000	nop; delay slot nop
 1009  00001b30  23bd0008	addi	r29,r29,#8
 1010  00001b34  8fc1fff4	lw	r1,-12(r30)
 1011  00001b38  08000004	j	L20_LF2
 1012  00001b3c  54000000	nop; delay slot nop
 1013  00001b40          	L20_LF2:
 1014  00001b40  8fa20000	lw	r2,0(r29)
 1015  00001b44  8fdffff8	lw	r31,-8(r30)
 1016  00001b48  001ee820	add	r29,r0,r30
 1017  00001b4c  8fdefffc	lw	r30,-4(r30)
 1018  00001b50  4be00000	jr	r31
 1019  00001b54  54000000	nop
 1020  00001b58          	.endproc _dstrcat
 1021  00001b58          	.align 2
 1022  00001b58          	.proc _dstrncmp
 1023  00001b58          	.global _dstrncmp
 1024  00001b58          	_dstrncmp:
 1025                      ;  Function 'dstrncmp'; 8 bytes of locals, 2 regs to save.
 1026  00001b58  afbefffc	sw	-4(r29),r30; push fp
 1027  00001b5c  001df020	add	r30,r0,r29; fp = sp
 1028  00001b60  afbffff8	sw	-8(r29),r31; push ret addr
 1029  00001b64  2fbd0018	subui	r29,r29,#24; alloc local storage
 1030  00001b68  afa20000	sw	0(r29),r2
 1031  00001b6c  afa30004	sw	4(r29),r3
 1032  00001b70  54000000	nop
 1033  00001b74  20010000	addi	r1,r0,#0
 1034  00001b78  afc1fff4	sw	-12(r30),r1
 1035  00001b7c          	L25_LF2:
 1036  00001b7c  8fc1fff4	lw	r1,-12(r30)
 1037  00001b80  8fc20008	lw	r2,8(r30)
 1038  00001b84  0022082a	slt	r1,r1,r2
 1039  00001b88  1420000c	bnez	r1,L28_LF2
 1040  00001b8c  54000000	nop; delay slot nop
 1041  00001b90  08000088	j	L26_LF2
 1042  00001b94  54000000	nop; delay slot nop
 1043  00001b98          	L28_LF2:
 1044  00001b98  8fc10004	lw	r1,4(r30)
 1045  00001b9c  90220000	lbu	r2,(r1)
 1046  00001ba0  64410000	snei	r1,r2,#0
 1047  00001ba4  14200018	bnez	r1,L29_LF2
 1048  00001ba8  54000000	nop; delay slot nop
 1049  00001bac  20010000	addi	r1,r0,#0
 1050  00001bb0  080000d8	j	L24_LF2
 1051  00001bb4  54000000	nop; delay slot nop
 1052  00001bb8  08000028	j	L30_LF2
 1053  00001bbc  54000000	nop; delay slot nop
 1054  00001bc0          	L29_LF2:
 1055  00001bc0  8fc10000	lw	r1,(r30)
 1056  00001bc4  8fc20004	lw	r2,4(r30)
 1057  00001bc8  90210000	lbu	r1,(r1)
 1058  00001bcc  90420000	lbu	r2,(r2)
 1059  00001bd0  00220829	sne	r1,r1,r2
 1060  00001bd4  1020000c	beqz	r1,L30_LF2
 1061  00001bd8  54000000	nop; delay slot nop
 1062  00001bdc  0800003c	j	L26_LF2
 1063  00001be0  54000000	nop; delay slot nop
 1064  00001be4          	L31_LF2:
 1065  00001be4          	L30_LF2:
 1066  00001be4  8fc20000	lw	r2,(r30)
 1067  00001be8  20410001	addi	r1,r2,#1
 1068  00001bec  00011020	add	r2,r0,r1
 1069  00001bf0  afc20000	sw	(r30),r2
 1070  00001bf4  8fc20004	lw	r2,4(r30)
 1071  00001bf8  20410001	addi	r1,r2,#1
 1072  00001bfc  00011020	add	r2,r0,r1
 1073  00001c00  afc20004	sw	4(r30),r2
 1074  00001c04          	L27_LF2:
 1075  00001c04  8fc2fff4	lw	r2,-12(r30)
 1076  00001c08  20410001	addi	r1,r2,#1
 1077  00001c0c  00011020	add	r2,r0,r1
 1078  00001c10  afc2fff4	sw	-12(r30),r2
 1079  00001c14  0bffff64	j	L25_LF2
 1080  00001c18  54000000	nop; delay slot nop
 1081  00001c1c          	L26_LF2:
 1082  00001c1c  8fc1fff4	lw	r1,-12(r30)
 1083  00001c20  8fc20008	lw	r2,8(r30)
 1084  00001c24  00220828	seq	r1,r1,r2
 1085  00001c28  10200018	beqz	r1,L32_LF2
 1086  00001c2c  54000000	nop; delay slot nop
 1087  00001c30  20010000	addi	r1,r0,#0
 1088  00001c34  08000054	j	L24_LF2
 1089  00001c38  54000000	nop; delay slot nop
 1090  00001c3c  0800004c	j	L33_LF2
 1091  00001c40  54000000	nop; delay slot nop
 1092  00001c44          	L32_LF2:
 1093  00001c44  8fc20000	lw	r2,(r30)
 1094  00001c48  90410000	lbu	r1,(r2)
 1095  00001c4c  8fc20004	lw	r2,4(r30)
 1096  00001c50  90430000	lbu	r3,(r2)
 1097  00001c54  00230822	sub	r1,r1,r3
 1098  00001c58  74220000	sgei	r2,r1,#0
 1099  00001c5c  10400020	beqz	r2,L34_LF2
 1100  00001c60  54000000	nop; delay slot nop
 1101  00001c64  8fc10000	lw	r1,(r30)
 1102  00001c68  8fc20004	lw	r2,4(r30)
 1103  00001c6c  90210000	lbu	r1,(r1)
 1104  00001c70  90420000	lbu	r2,(r2)
 1105  00001c74  00220829	sne	r1,r1,r2
 1106  00001c78  08000008	j	L35_LF2
 1107  00001c7c  54000000	nop; delay slot nop
 1108  00001c80          	L34_LF2:
 1109  00001c80  2001ffff	addi	r1,r0,#-1
 1110  00001c84          	L35_LF2:
 1111  00001c84  08000004	j	L24_LF2
 1112  00001c88  54000000	nop; delay slot nop
 1113  00001c8c          	L33_LF2:
 1114  00001c8c          	L24_LF2:
 1115  00001c8c  8fa20000	lw	r2,0(r29)
 1116  00001c90  8fa30004	lw	r3,4(r29)
 1117  00001c94  8fdffff8	lw	r31,-8(r30)
 1118  00001c98  001ee820	add	r29,r0,r30
 1119  00001c9c  8fdefffc	lw	r30,-4(r30)
 1120  00001ca0  4be00000	jr	r31
 1121  00001ca4  54000000	nop
 1122  00001ca8          	.endproc _dstrncmp
 1123  00001ca8          	.align 2
 1124  00001ca8          	.proc _dstrlen
 1125  00001ca8          	.global _dstrlen
 1126  00001ca8          	_dstrlen:
 1127                      ;  Function 'dstrlen'; 8 bytes of locals, 1 regs to save.
 1128  00001ca8  afbefffc	sw	-4(r29),r30; push fp
 1129  00001cac  001df020	add	r30,r0,r29; fp = sp
 1130  00001cb0  afbffff8	sw	-8(r29),r31; push ret addr
 1131  00001cb4  2fbd0018	subui	r29,r29,#24; alloc local storage
 1132  00001cb8  afa20000	sw	0(r29),r2
 1133  00001cbc  20010000	addi	r1,r0,#0
 1134  00001cc0  afc1fff4	sw	-12(r30),r1
 1135  00001cc4          	L37_LF2:
 1136  00001cc4  8fc10000	lw	r1,(r30)
 1137  00001cc8  20220001	addi	r2,r1,#1
 1138  00001ccc  afc20000	sw	(r30),r2
 1139  00001cd0  90210000	lbu	r1,(r1)
 1140  00001cd4  64220000	snei	r2,r1,#0
 1141  00001cd8  1440000c	bnez	r2,L39_LF2
 1142  00001cdc  54000000	nop; delay slot nop
 1143  00001ce0  0800001c	j	L38_LF2
 1144  00001ce4  54000000	nop; delay slot nop
 1145  00001ce8          	L39_LF2:
 1146  00001ce8  8fc2fff4	lw	r2,-12(r30)
 1147  00001cec  20410001	addi	r1,r2,#1
 1148  00001cf0  00011020	add	r2,r0,r1
 1149  00001cf4  afc2fff4	sw	-12(r30),r2
 1150  00001cf8  0bffffc8	j	L37_LF2
 1151  00001cfc  54000000	nop; delay slot nop
 1152  00001d00          	L38_LF2:
 1153  00001d00  8fc1fff4	lw	r1,-12(r30)
 1154  00001d04  08000004	j	L36_LF2
 1155  00001d08  54000000	nop; delay slot nop
 1156  00001d0c          	L36_LF2:
 1157  00001d0c  8fa20000	lw	r2,0(r29)
 1158  00001d10  8fdffff8	lw	r31,-8(r30)
 1159  00001d14  001ee820	add	r29,r0,r30
 1160  00001d18  8fdefffc	lw	r30,-4(r30)
 1161  00001d1c  4be00000	jr	r31
 1162  00001d20  54000000	nop
 1163  00001d24          	.endproc _dstrlen
 1164  00001d24          	.align 2
 1165  00001d24          	.proc _dstrstr
 1166  00001d24          	.global _dstrstr
 1167  00001d24          	_dstrstr:
 1168                      ;  Function 'dstrstr'; 8 bytes of locals, 1 regs to save.
 1169  00001d24  afbefffc	sw	-4(r29),r30; push fp
 1170  00001d28  001df020	add	r30,r0,r29; fp = sp
 1171  00001d2c  afbffff8	sw	-8(r29),r31; push ret addr
 1172  00001d30  2fbd0018	subui	r29,r29,#24; alloc local storage
 1173  00001d34  afa20000	sw	0(r29),r2
 1174  00001d38  23bdfff8	addi	r29,r29,#-8
 1175  00001d3c  001d0820	add	r1,r0,r29
 1176  00001d40  8fc20004	lw	r2,4(r30)
 1177  00001d44  ac220000	sw	(r1),r2
 1178  00001d48  0fffff5c	jal	_dstrlen
 1179  00001d4c  54000000	nop; delay slot nop
 1180  00001d50  23bd0008	addi	r29,r29,#8
 1181  00001d54  afc1fff4	sw	-12(r30),r1
 1182  00001d58          	L41_LF2:
 1183  00001d58  8fc10000	lw	r1,(r30)
 1184  00001d5c  90220000	lbu	r2,(r1)
 1185  00001d60  64410000	snei	r1,r2,#0
 1186  00001d64  1420000c	bnez	r1,L43_LF2
 1187  00001d68  54000000	nop; delay slot nop
 1188  00001d6c  08000060	j	L42_LF2
 1189  00001d70  54000000	nop; delay slot nop
 1190  00001d74          	L43_LF2:
 1191  00001d74  23bdfff0	addi	r29,r29,#-16
 1192  00001d78  001d0820	add	r1,r0,r29
 1193  00001d7c  8fc20000	lw	r2,(r30)
 1194  00001d80  ac220000	sw	(r1),r2
 1195  00001d84  8fc20004	lw	r2,4(r30)
 1196  00001d88  ac220004	sw	4(r1),r2
 1197  00001d8c  8fc2fff4	lw	r2,-12(r30)
 1198  00001d90  ac220008	sw	8(r1),r2
 1199  00001d94  0ffffdc0	jal	_dstrncmp
 1200  00001d98  54000000	nop; delay slot nop
 1201  00001d9c  23bd0010	addi	r29,r29,#16
 1202  00001da0  64220000	snei	r2,r1,#0
 1203  00001da4  14400010	bnez	r2,L44_LF2
 1204  00001da8  54000000	nop; delay slot nop
 1205  00001dac  8fc10000	lw	r1,(r30)
 1206  00001db0  08000028	j	L40_LF2
 1207  00001db4  54000000	nop; delay slot nop
 1208  00001db8          	L44_LF2:
 1209  00001db8  8fc20000	lw	r2,(r30)
 1210  00001dbc  20410001	addi	r1,r2,#1
 1211  00001dc0  00011020	add	r2,r0,r1
 1212  00001dc4  afc20000	sw	(r30),r2
 1213  00001dc8  0bffff8c	j	L41_LF2
 1214  00001dcc  54000000	nop; delay slot nop
 1215  00001dd0          	L42_LF2:
 1216  00001dd0  20010000	addi	r1,r0,#0
 1217  00001dd4  08000004	j	L40_LF2
 1218  00001dd8  54000000	nop; delay slot nop
 1219  00001ddc          	L40_LF2:
 1220  00001ddc  8fa20000	lw	r2,0(r29)
 1221  00001de0  8fdffff8	lw	r31,-8(r30)
 1222  00001de4  001ee820	add	r29,r0,r30
 1223  00001de8  8fdefffc	lw	r30,-4(r30)
 1224  00001dec  4be00000	jr	r31
 1225  00001df0  54000000	nop
 1226  00001df4          	.endproc _dstrstr
 1227  00001df4          	.align 2
 1228  00001df4          	.proc _dmindex
 1229  00001df4          	.global _dmindex
 1230  00001df4          	_dmindex:
 1231                      ;  Function 'dmindex'; 8 bytes of locals, 1 regs to save.
 1232  00001df4  afbefffc	sw	-4(r29),r30; push fp
 1233  00001df8  001df020	add	r30,r0,r29; fp = sp
 1234  00001dfc  afbffff8	sw	-8(r29),r31; push ret addr
 1235  00001e00  2fbd0018	subui	r29,r29,#24; alloc local storage
 1236  00001e04  afa20000	sw	0(r29),r2
 1237  00001e08  54000000	nop
 1238  00001e0c          	L46_LF2:
 1239  00001e0c  8fc10000	lw	r1,(r30)
 1240  00001e10  90220000	lbu	r2,(r1)
 1241  00001e14  64410000	snei	r1,r2,#0
 1242  00001e18  1420000c	bnez	r1,L48_LF2
 1243  00001e1c  54000000	nop; delay slot nop
 1244  00001e20  08000070	j	L47_LF2
 1245  00001e24  54000000	nop; delay slot nop
 1246  00001e28          	L48_LF2:
 1247  00001e28  8fc10004	lw	r1,4(r30)
 1248  00001e2c  afc1fff4	sw	-12(r30),r1
 1249  00001e30          	L49_LF2:
 1250  00001e30  8fc1fff4	lw	r1,-12(r30)
 1251  00001e34  90220000	lbu	r2,(r1)
 1252  00001e38  64410000	snei	r1,r2,#0
 1253  00001e3c  1420000c	bnez	r1,L52_LF2
 1254  00001e40  54000000	nop; delay slot nop
 1255  00001e44  08000044	j	L50_LF2
 1256  00001e48  54000000	nop; delay slot nop
 1257  00001e4c          	L52_LF2:
 1258  00001e4c  8fc10000	lw	r1,(r30)
 1259  00001e50  8fc2fff4	lw	r2,-12(r30)
 1260  00001e54  90210000	lbu	r1,(r1)
 1261  00001e58  90420000	lbu	r2,(r2)
 1262  00001e5c  00220828	seq	r1,r1,r2
 1263  00001e60  10200010	beqz	r1,L51_LF2
 1264  00001e64  54000000	nop; delay slot nop
 1265  00001e68  8fc10000	lw	r1,(r30)
 1266  00001e6c  08000030	j	L45_LF2
 1267  00001e70  54000000	nop; delay slot nop
 1268  00001e74          	L53_LF2:
 1269  00001e74          	L51_LF2:
 1270  00001e74  8fc2fff4	lw	r2,-12(r30)
 1271  00001e78  20410001	addi	r1,r2,#1
 1272  00001e7c  00011020	add	r2,r0,r1
 1273  00001e80  afc2fff4	sw	-12(r30),r2
 1274  00001e84  0bffffa8	j	L49_LF2
 1275  00001e88  54000000	nop; delay slot nop
 1276  00001e8c          	L50_LF2:
 1277  00001e8c  0bffff7c	j	L46_LF2
 1278  00001e90  54000000	nop; delay slot nop
 1279  00001e94          	L47_LF2:
 1280  00001e94  20010000	addi	r1,r0,#0
 1281  00001e98  08000004	j	L45_LF2
 1282  00001e9c  54000000	nop; delay slot nop
 1283  00001ea0          	L45_LF2:
 1284  00001ea0  8fa20000	lw	r2,0(r29)
 1285  00001ea4  8fdffff8	lw	r31,-8(r30)
 1286  00001ea8  001ee820	add	r29,r0,r30
 1287  00001eac  8fdefffc	lw	r30,-4(r30)
 1288  00001eb0  4be00000	jr	r31
 1289  00001eb4  54000000	nop
 1290  00001eb8          	.endproc _dmindex
 1291  00001eb8          	.align 2
 1292  00001eb8          	.proc _dindex
 1293  00001eb8          	.global _dindex
 1294  00001eb8          	_dindex:
 1295                      ;  Function 'dindex'; 0 bytes of locals, 1 regs to save.
 1296  00001eb8  afbefffc	sw	-4(r29),r30; push fp
 1297  00001ebc  001df020	add	r30,r0,r29; fp = sp
 1298  00001ec0  afbffff8	sw	-8(r29),r31; push ret addr
 1299  00001ec4  2fbd0010	subui	r29,r29,#16; alloc local storage
 1300  00001ec8  afa20000	sw	0(r29),r2
 1301  00001ecc  54000000	nop
 1302  00001ed0          	L55_LF2:
 1303  00001ed0  8fc10000	lw	r1,(r30)
 1304  00001ed4  90220000	lbu	r2,(r1)
 1305  00001ed8  64410000	snei	r1,r2,#0
 1306  00001edc  1420000c	bnez	r1,L57_LF2
 1307  00001ee0  54000000	nop; delay slot nop
 1308  00001ee4  08000040	j	L56_LF2
 1309  00001ee8  54000000	nop; delay slot nop
 1310  00001eec          	L57_LF2:
 1311  00001eec  8fc10000	lw	r1,(r30)
 1312  00001ef0  90220000	lbu	r2,(r1)
 1313  00001ef4  8fc10004	lw	r1,4(r30)
 1314  00001ef8  00411028	seq	r2,r2,r1
 1315  00001efc  10400010	beqz	r2,L58_LF2
 1316  00001f00  54000000	nop; delay slot nop
 1317  00001f04  8fc10000	lw	r1,(r30)
 1318  00001f08  08000028	j	L54_LF2
 1319  00001f0c  54000000	nop; delay slot nop
 1320  00001f10          	L58_LF2:
 1321  00001f10  8fc20000	lw	r2,(r30)
 1322  00001f14  20410001	addi	r1,r2,#1
 1323  00001f18  00011020	add	r2,r0,r1
 1324  00001f1c  afc20000	sw	(r30),r2
 1325  00001f20  0bffffac	j	L55_LF2
 1326  00001f24  54000000	nop; delay slot nop
 1327  00001f28          	L56_LF2:
 1328  00001f28  20010000	addi	r1,r0,#0
 1329  00001f2c  08000004	j	L54_LF2
 1330  00001f30  54000000	nop; delay slot nop
 1331  00001f34          	L54_LF2:
 1332  00001f34  8fa20000	lw	r2,0(r29)
 1333  00001f38  8fdffff8	lw	r31,-8(r30)
 1334  00001f3c  001ee820	add	r29,r0,r30
 1335  00001f40  8fdefffc	lw	r30,-4(r30)
 1336  00001f44  4be00000	jr	r31
 1337  00001f48  54000000	nop
 1338  00001f4c          	.endproc _dindex
 1339  00001f4c          	.align 2
 1340  00001f4c          	.proc _ditoa
 1341  00001f4c          	.global _ditoa
 1342  00001f4c          	_ditoa:
 1343                      ;  Function 'ditoa'; 8 bytes of locals, 2 regs to save.
 1344  00001f4c  afbefffc	sw	-4(r29),r30; push fp
 1345  00001f50  001df020	add	r30,r0,r29; fp = sp
 1346  00001f54  afbffff8	sw	-8(r29),r31; push ret addr
 1347  00001f58  2fbd0018	subui	r29,r29,#24; alloc local storage
 1348  00001f5c  afa20000	sw	0(r29),r2
 1349  00001f60  afa30004	sw	4(r29),r3
 1350  00001f64  8fc10000	lw	r1,(r30)
 1351  00001f68  68220000	slti	r2,r1,#0
 1352  00001f6c  1040002c	beqz	r2,L60_LF2
 1353  00001f70  54000000	nop; delay slot nop
 1354  00001f74  8fc10004	lw	r1,4(r30)
 1355  00001f78  20220001	addi	r2,r1,#1
 1356  00001f7c  afc20004	sw	4(r30),r2
 1357  00001f80  2002002d	addi	r2,r0,(#0x2d)&0xff
 1358  00001f84  a0220000	sb	(r1),r2
 1359  00001f88  8fc10000	lw	r1,(r30)
 1360  00001f8c  00011022	sub	r2,r0,r1
 1361  00001f90  afc20000	sw	(r30),r2
 1362  00001f94  08000118	j	L61_LF2
 1363  00001f98  54000000	nop; delay slot nop
 1364  00001f9c          	L60_LF2:
 1365  00001f9c  8fc10000	lw	r1,(r30)
 1366  00001fa0  64220000	snei	r2,r1,#0
 1367  00001fa4  14400020	bnez	r2,L62_LF2
 1368  00001fa8  54000000	nop; delay slot nop
 1369  00001fac  8fc10004	lw	r1,4(r30)
 1370  00001fb0  20220001	addi	r2,r1,#1
 1371  00001fb4  afc20004	sw	4(r30),r2
 1372  00001fb8  20020030	addi	r2,r0,(#0x30)&0xff
 1373  00001fbc  a0220000	sb	(r1),r2
 1374  00001fc0  080000ec	j	L61_LF2
 1375  00001fc4  54000000	nop; delay slot nop
 1376  00001fc8          	L62_LF2:
 1377  00001fc8  20010001	addi	r1,r0,#1
 1378  00001fcc  afc1fff4	sw	-12(r30),r1
 1379  00001fd0          	L64_LF2:
 1380  00001fd0  8fc1fff4	lw	r1,-12(r30)
 1381  00001fd4  8fc20000	lw	r2,(r30)
 1382  00001fd8  0022082c	sle	r1,r1,r2
 1383  00001fdc  1420000c	bnez	r1,L66_LF2
 1384  00001fe0  54000000	nop; delay slot nop
 1385  00001fe4  08000024	j	L65_LF2
 1386  00001fe8  54000000	nop; delay slot nop
 1387  00001fec          	L67_LF2:
 1388  00001fec          	L66_LF2:
 1389  00001fec  8fc1fff4	lw	r1,-12(r30)
 1390  00001ff0  00011820	add	r3,r0,r1
 1391  00001ff4  50620002	slli	r2,r3,#0x2
 1392  00001ff8  00411020	add	r2,r2,r1
 1393  00001ffc  50410001	slli	r1,r2,#0x1
 1394  00002000  afc1fff4	sw	-12(r30),r1
 1395  00002004  0bffffc8	j	L64_LF2
 1396  00002008  54000000	nop; delay slot nop
 1397  0000200c          	L65_LF2:
 1398  0000200c  54000000	nop
 1399  00002010          	L68_LF2:
 1400  00002010  8fc1fff4	lw	r1,-12(r30)
 1401  00002014  2002000a	addi	r2,r0,#10
 1402  00002018  00200035	movi2fp	f0,r1
 1403  0000201c  00400835	movi2fp	f1,r2
 1404  00002020  0401000f	div	f0,f0,f1
 1405  00002024  00000834	movfp2i	r1,f0
 1406  00002028  afc1fff4	sw	-12(r30),r1
 1407  0000202c  8fc10004	lw	r1,4(r30)
 1408  00002030  20220001	addi	r2,r1,#1
 1409  00002034  afc20004	sw	4(r30),r2
 1410  00002038  8fc20000	lw	r2,(r30)
 1411  0000203c  8fc3fff4	lw	r3,-12(r30)
 1412  00002040  00400035	movi2fp	f0,r2
 1413  00002044  00600835	movi2fp	f1,r3
 1414  00002048  0401000f	div	f0,f0,f1
 1415  0000204c  00001034	movfp2i	r2,f0
 1416  00002050  00021820	add	r3,r0,r2
 1417  00002054  20620030	addi	r2,r3,#48
 1418  00002058  a0220000	sb	(r1),r2
 1419  0000205c  8fc10000	lw	r1,(r30)
 1420  00002060  8fc3fff4	lw	r3,-12(r30)
 1421  00002064  00200035	movi2fp	f0,r1
 1422  00002068  00600835	movi2fp	f1,r3
 1423  0000206c  0401000f	div	f0,f0,f1
 1424  00002070  00001034	movfp2i	r2,f0
 1425  00002074  8fc3fff4	lw	r3,-12(r30)
 1426  00002078  00400035	movi2fp	f0,r2
 1427  0000207c  00600835	movi2fp	f1,r3
 1428  00002080  0401000e	mult	f0,f0,f1
 1429  00002084  00001034	movfp2i	r2,f0
 1430  00002088  00220822	sub	r1,r1,r2
 1431  0000208c  afc10000	sw	(r30),r1
 1432  00002090          	L70_LF2:
 1433  00002090  8fc1fff4	lw	r1,-12(r30)
 1434  00002094  6c220001	sgti	r2,r1,#1
 1435  00002098  1440000c	bnez	r2,L71_LF2
 1436  0000209c  54000000	nop; delay slot nop
 1437  000020a0  0800000c	j	L61_LF2
 1438  000020a4  54000000	nop; delay slot nop
 1439  000020a8          	L71_LF2:
 1440  000020a8  0bffff64	j	L68_LF2
 1441  000020ac  54000000	nop; delay slot nop
 1442  000020b0          	L69_LF2:
 1443  000020b0          	L63_LF2:
 1444  000020b0          	L61_LF2:
 1445  000020b0  8fc10004	lw	r1,4(r30)
 1446  000020b4  20020000	addi	r2,r0,(#0x0)&0xff
 1447  000020b8  a0220000	sb	(r1),r2
 1448  000020bc          	L59_LF2:
 1449  000020bc  8fa20000	lw	r2,0(r29)
 1450  000020c0  8fa30004	lw	r3,4(r29)
 1451  000020c4  8fdffff8	lw	r31,-8(r30)
 1452  000020c8  001ee820	add	r29,r0,r30
 1453  000020cc  8fdefffc	lw	r30,-4(r30)
 1454  000020d0  4be00000	jr	r31
 1455  000020d4  54000000	nop
 1456  000020d8          	.endproc _ditoa
 1457  000020d8          	.align 2
 1458  000020d8          	.proc _dstrtol
 1459  000020d8          	.global _dstrtol
 1460  000020d8          	_dstrtol:
 1461                      ;  Function 'dstrtol'; 16 bytes of locals, 1 regs to save.
 1462  000020d8  afbefffc	sw	-4(r29),r30; push fp
 1463  000020dc  001df020	add	r30,r0,r29; fp = sp
 1464  000020e0  afbffff8	sw	-8(r29),r31; push ret addr
 1465  000020e4  2fbd0020	subui	r29,r29,#32; alloc local storage
 1466  000020e8  afa20000	sw	0(r29),r2
 1467  000020ec  20010000	addi	r1,r0,#0
 1468  000020f0  afc1fff4	sw	-12(r30),r1
 1469  000020f4          	L73_LF2:
 1470  000020f4  8fc10000	lw	r1,(r30)
 1471  000020f8  90220000	lbu	r2,(r1)
 1472  000020fc  60410020	seqi	r1,r2,#32
 1473  00002100  14200034	bnez	r1,L75_LF2
 1474  00002104  54000000	nop; delay slot nop
 1475  00002108  8fc10000	lw	r1,(r30)
 1476  0000210c  90220000	lbu	r2,(r1)
 1477  00002110  60410009	seqi	r1,r2,#9
 1478  00002114  14200020	bnez	r1,L75_LF2
 1479  00002118  54000000	nop; delay slot nop
 1480  0000211c  8fc10000	lw	r1,(r30)
 1481  00002120  90220000	lbu	r2,(r1)
 1482  00002124  6041000a	seqi	r1,r2,#10
 1483  00002128  1420000c	bnez	r1,L75_LF2
 1484  0000212c  54000000	nop; delay slot nop
 1485  00002130  0800001c	j	L74_LF2
 1486  00002134  54000000	nop; delay slot nop
 1487  00002138          	L75_LF2:
 1488  00002138  8fc20000	lw	r2,(r30)
 1489  0000213c  20410001	addi	r1,r2,#1
 1490  00002140  00011020	add	r2,r0,r1
 1491  00002144  afc20000	sw	(r30),r2
 1492  00002148  0bffffa8	j	L73_LF2
 1493  0000214c  54000000	nop; delay slot nop
 1494  00002150          	L74_LF2:
 1495  00002150  8fc10004	lw	r1,4(r30)
 1496  00002154  64220000	snei	r2,r1,#0
 1497  00002158  10400010	beqz	r2,L76_LF2
 1498  0000215c  54000000	nop; delay slot nop
 1499  00002160  8fc10004	lw	r1,4(r30)
 1500  00002164  8fc20000	lw	r2,(r30)
 1501  00002168  ac220000	sw	(r1),r2
 1502  0000216c          	L76_LF2:
 1503  0000216c  8fc10000	lw	r1,(r30)
 1504  00002170  90220000	lbu	r2,(r1)
 1505  00002174  64410000	snei	r1,r2,#0
 1506  00002178  14200010	bnez	r1,L77_LF2
 1507  0000217c  54000000	nop; delay slot nop
 1508  00002180  8fc1fff4	lw	r1,-12(r30)
 1509  00002184  08000294	j	L72_LF2
 1510  00002188  54000000	nop; delay slot nop
 1511  0000218c          	L77_LF2:
 1512  0000218c  8fc10000	lw	r1,(r30)
 1513  00002190  90220000	lbu	r2,(r1)
 1514  00002194  6041002d	seqi	r1,r2,#45
 1515  00002198  10200024	beqz	r1,L78_LF2
 1516  0000219c  54000000	nop; delay slot nop
 1517  000021a0  2001ffff	addi	r1,r0,#-1
 1518  000021a4  afc1ffec	sw	-20(r30),r1
 1519  000021a8  8fc20000	lw	r2,(r30)
 1520  000021ac  20410001	addi	r1,r2,#1
 1521  000021b0  00011020	add	r2,r0,r1
 1522  000021b4  afc20000	sw	(r30),r2
 1523  000021b8  0800000c	j	L79_LF2
 1524  000021bc  54000000	nop; delay slot nop
 1525  000021c0          	L78_LF2:
 1526  000021c0  20010001	addi	r1,r0,#1
 1527  000021c4  afc1ffec	sw	-20(r30),r1
 1528  000021c8          	L79_LF2:
 1529  000021c8  8fc10008	lw	r1,8(r30)
 1530  000021cc  64220000	snei	r2,r1,#0
 1531  000021d0  14400090	bnez	r2,L80_LF2
 1532  000021d4  54000000	nop; delay slot nop
 1533  000021d8  8fc10000	lw	r1,(r30)
 1534  000021dc  90220000	lbu	r2,(r1)
 1535  000021e0  60410030	seqi	r1,r2,#48
 1536  000021e4  10200074	beqz	r1,L81_LF2
 1537  000021e8  54000000	nop; delay slot nop
 1538  000021ec  8fc20000	lw	r2,(r30)
 1539  000021f0  20410001	addi	r1,r2,#1
 1540  000021f4  00011020	add	r2,r0,r1
 1541  000021f8  afc20000	sw	(r30),r2
 1542  000021fc  8fc10000	lw	r1,(r30)
 1543  00002200  90220000	lbu	r2,(r1)
 1544  00002204  60410078	seqi	r1,r2,#120
 1545  00002208  14200020	bnez	r1,L83_LF2
 1546  0000220c  54000000	nop; delay slot nop
 1547  00002210  8fc10000	lw	r1,(r30)
 1548  00002214  90220000	lbu	r2,(r1)
 1549  00002218  60410058	seqi	r1,r2,#88
 1550  0000221c  1420000c	bnez	r1,L83_LF2
 1551  00002220  54000000	nop; delay slot nop
 1552  00002224  08000024	j	L82_LF2
 1553  00002228  54000000	nop; delay slot nop
 1554  0000222c          	L83_LF2:
 1555  0000222c  20010010	addi	r1,r0,#16
 1556  00002230  afc10008	sw	8(r30),r1
 1557  00002234  8fc20000	lw	r2,(r30)
 1558  00002238  20410001	addi	r1,r2,#1
 1559  0000223c  00011020	add	r2,r0,r1
 1560  00002240  afc20000	sw	(r30),r2
 1561  00002244  0800000c	j	L84_LF2
 1562  00002248  54000000	nop; delay slot nop
 1563  0000224c          	L82_LF2:
 1564  0000224c  20010008	addi	r1,r0,#8
 1565  00002250  afc10008	sw	8(r30),r1
 1566  00002254          	L84_LF2:
 1567  00002254  0800000c	j	L80_LF2
 1568  00002258  54000000	nop; delay slot nop
 1569  0000225c          	L81_LF2:
 1570  0000225c  2001000a	addi	r1,r0,#10
 1571  00002260  afc10008	sw	8(r30),r1
 1572  00002264          	L85_LF2:
 1573  00002264          	L80_LF2:
 1574  00002264  8fc10008	lw	r1,8(r30)
 1575  00002268  70220000	slei	r2,r1,#0
 1576  0000226c  1440001c	bnez	r2,L87_LF2
 1577  00002270  54000000	nop; delay slot nop
 1578  00002274  8fc10008	lw	r1,8(r30)
 1579  00002278  6c220010	sgti	r2,r1,#16
 1580  0000227c  1440000c	bnez	r2,L87_LF2
 1581  00002280  54000000	nop; delay slot nop
 1582  00002284  08000010	j	L86_LF2
 1583  00002288  54000000	nop; delay slot nop
 1584  0000228c          	L87_LF2:
 1585  0000228c  8fc1fff4	lw	r1,-12(r30)
 1586  00002290  08000188	j	L72_LF2
 1587  00002294  54000000	nop; delay slot nop
 1588  00002298          	L86_LF2:
 1589  00002298  54000000	nop
 1590  0000229c          	L88_LF2:
 1591  0000229c  8fc10000	lw	r1,(r30)
 1592  000022a0  90220000	lbu	r2,(r1)
 1593  000022a4  6c41002f	sgtui	r1,r2,#47
 1594  000022a8  10200030	beqz	r1,L91_LF2
 1595  000022ac  54000000	nop; delay slot nop
 1596  000022b0  8fc10000	lw	r1,(r30)
 1597  000022b4  90220000	lbu	r2,(r1)
 1598  000022b8  70410039	sleui	r1,r2,#57
 1599  000022bc  1020001c	beqz	r1,L91_LF2
 1600  000022c0  54000000	nop; delay slot nop
 1601  000022c4  8fc10000	lw	r1,(r30)
 1602  000022c8  90220000	lbu	r2,(r1)
 1603  000022cc  2041ffd0	addi	r1,r2,#-48
 1604  000022d0  afc1fff0	sw	-16(r30),r1
 1605  000022d4  0800008c	j	L92_LF2
 1606  000022d8  54000000	nop; delay slot nop
 1607  000022dc          	L91_LF2:
 1608  000022dc  8fc10000	lw	r1,(r30)
 1609  000022e0  90220000	lbu	r2,(r1)
 1610  000022e4  6c410060	sgtui	r1,r2,#96
 1611  000022e8  10200030	beqz	r1,L93_LF2
 1612  000022ec  54000000	nop; delay slot nop
 1613  000022f0  8fc10000	lw	r1,(r30)
 1614  000022f4  90220000	lbu	r2,(r1)
 1615  000022f8  7041007a	sleui	r1,r2,#122
 1616  000022fc  1020001c	beqz	r1,L93_LF2
 1617  00002300  54000000	nop; delay slot nop
 1618  00002304  8fc10000	lw	r1,(r30)
 1619  00002308  90220000	lbu	r2,(r1)
 1620  0000230c  2041ffa9	addi	r1,r2,#-87
 1621  00002310  afc1fff0	sw	-16(r30),r1
 1622  00002314  0800004c	j	L92_LF2
 1623  00002318  54000000	nop; delay slot nop
 1624  0000231c          	L93_LF2:
 1625  0000231c  8fc10000	lw	r1,(r30)
 1626  00002320  90220000	lbu	r2,(r1)
 1627  00002324  6c410040	sgtui	r1,r2,#64
 1628  00002328  10200030	beqz	r1,L95_LF2
 1629  0000232c  54000000	nop; delay slot nop
 1630  00002330  8fc10000	lw	r1,(r30)
 1631  00002334  90220000	lbu	r2,(r1)
 1632  00002338  7041005a	sleui	r1,r2,#90
 1633  0000233c  1020001c	beqz	r1,L95_LF2
 1634  00002340  54000000	nop; delay slot nop
 1635  00002344  8fc10000	lw	r1,(r30)
 1636  00002348  90220000	lbu	r2,(r1)
 1637  0000234c  2041ffc9	addi	r1,r2,#-55
 1638  00002350  afc1fff0	sw	-16(r30),r1
 1639  00002354  0800000c	j	L92_LF2
 1640  00002358  54000000	nop; delay slot nop
 1641  0000235c          	L95_LF2:
 1642  0000235c  200103e8	addi	r1,r0,#1000
 1643  00002360  afc1fff0	sw	-16(r30),r1
 1644  00002364          	L96_LF2:
 1645  00002364          	L94_LF2:
 1646  00002364          	L92_LF2:
 1647  00002364  8fc1fff0	lw	r1,-16(r30)
 1648  00002368  8fc20008	lw	r2,8(r30)
 1649  0000236c  0022082a	slt	r1,r1,r2
 1650  00002370  10200040	beqz	r1,L90_LF2
 1651  00002374  54000000	nop; delay slot nop
 1652  00002378  8fc1fff4	lw	r1,-12(r30)
 1653  0000237c  8fc20008	lw	r2,8(r30)
 1654  00002380  00200035	movi2fp	f0,r1
 1655  00002384  00400835	movi2fp	f1,r2
 1656  00002388  0401000e	mult	f0,f0,f1
 1657  0000238c  00000834	movfp2i	r1,f0
 1658  00002390  afc1fff4	sw	-12(r30),r1
 1659  00002394  8fc1fff4	lw	r1,-12(r30)
 1660  00002398  8fc2fff0	lw	r2,-16(r30)
 1661  0000239c  00220820	add	r1,r1,r2
 1662  000023a0  afc1fff4	sw	-12(r30),r1
 1663  000023a4  8fc20000	lw	r2,(r30)
 1664  000023a8  20410001	addi	r1,r2,#1
 1665  000023ac  00011020	add	r2,r0,r1
 1666  000023b0  afc20000	sw	(r30),r2
 1667  000023b4          	L97_LF2:
 1668  000023b4          	L90_LF2:
 1669  000023b4  8fc1fff0	lw	r1,-16(r30)
 1670  000023b8  8fc20008	lw	r2,8(r30)
 1671  000023bc  0022082a	slt	r1,r1,r2
 1672  000023c0  1420000c	bnez	r1,L98_LF2
 1673  000023c4  54000000	nop; delay slot nop
 1674  000023c8  0800000c	j	L89_LF2
 1675  000023cc  54000000	nop; delay slot nop
 1676  000023d0          	L98_LF2:
 1677  000023d0  0bfffec8	j	L88_LF2
 1678  000023d4  54000000	nop; delay slot nop
 1679  000023d8          	L89_LF2:
 1680  000023d8  8fc10004	lw	r1,4(r30)
 1681  000023dc  64220000	snei	r2,r1,#0
 1682  000023e0  10400010	beqz	r2,L99_LF2
 1683  000023e4  54000000	nop; delay slot nop
 1684  000023e8  8fc10004	lw	r1,4(r30)
 1685  000023ec  8fc20000	lw	r2,(r30)
 1686  000023f0  ac220000	sw	(r1),r2
 1687  000023f4          	L99_LF2:
 1688  000023f4  8fc1fff4	lw	r1,-12(r30)
 1689  000023f8  8fc2ffec	lw	r2,-20(r30)
 1690  000023fc  00200035	movi2fp	f0,r1
 1691  00002400  00400835	movi2fp	f1,r2
 1692  00002404  0401000e	mult	f0,f0,f1
 1693  00002408  00000834	movfp2i	r1,f0
 1694  0000240c  afc1fff4	sw	-12(r30),r1
 1695  00002410  8fc1fff4	lw	r1,-12(r30)
 1696  00002414  08000004	j	L72_LF2
 1697  00002418  54000000	nop; delay slot nop
 1698  0000241c          	L72_LF2:
 1699  0000241c  8fa20000	lw	r2,0(r29)
 1700  00002420  8fdffff8	lw	r31,-8(r30)
 1701  00002424  001ee820	add	r29,r0,r30
 1702  00002428  8fdefffc	lw	r30,-4(r30)
 1703  0000242c  4be00000	jr	r31
 1704  00002430  54000000	nop
 1705  00002434          	.endproc _dstrtol
 1706  00002434          	.align 2
 1707  00002434          	.proc _bcopy
 1708  00002434          	.global _bcopy
 1709  00002434          	_bcopy:
 1710                      ;  Function 'bcopy'; 0 bytes of locals, 2 regs to save.
 1711  00002434  afbefffc	sw	-4(r29),r30; push fp
 1712  00002438  001df020	add	r30,r0,r29; fp = sp
 1713  0000243c  afbffff8	sw	-8(r29),r31; push ret addr
 1714  00002440  2fbd0010	subui	r29,r29,#16; alloc local storage
 1715  00002444  afa20000	sw	0(r29),r2
 1716  00002448  afa30004	sw	4(r29),r3
 1717  0000244c  54000000	nop
 1718  00002450          	L101_LF2:
 1719  00002450  8fc10008	lw	r1,8(r30)
 1720  00002454  2022ffff	addi	r2,r1,#-1
 1721  00002458  afc20008	sw	8(r30),r2
 1722  0000245c  6c210000	sgti	r1,r1,#0
 1723  00002460  1420000c	bnez	r1,L103_LF2
 1724  00002464  54000000	nop; delay slot nop
 1725  00002468  0800002c	j	L102_LF2
 1726  0000246c  54000000	nop; delay slot nop
 1727  00002470          	L103_LF2:
 1728  00002470  8fc10004	lw	r1,4(r30)
 1729  00002474  20220001	addi	r2,r1,#1
 1730  00002478  afc20004	sw	4(r30),r2
 1731  0000247c  8fc20000	lw	r2,(r30)
 1732  00002480  20430001	addi	r3,r2,#1
 1733  00002484  afc30000	sw	(r30),r3
 1734  00002488  80420000	lb	r2,(r2)
 1735  0000248c  a0220000	sb	(r1),r2
 1736  00002490  0bffffbc	j	L101_LF2
 1737  00002494  54000000	nop; delay slot nop
 1738  00002498          	L102_LF2:
 1739  00002498          	L100_LF2:
 1740  00002498  8fa20000	lw	r2,0(r29)
 1741  0000249c  8fa30004	lw	r3,4(r29)
 1742  000024a0  8fdffff8	lw	r31,-8(r30)
 1743  000024a4  001ee820	add	r29,r0,r30
 1744  000024a8  8fdefffc	lw	r30,-4(r30)
 1745  000024ac  4be00000	jr	r31
 1746  000024b0  54000000	nop
 1747  000024b4          	.endproc _bcopy
 1748  000024b4          	.align 2
 1749  000024b4          	.proc _bzero
 1750  000024b4          	.global _bzero
 1751  000024b4          	_bzero:
 1752                      ;  Function 'bzero'; 0 bytes of locals, 1 regs to save.
 1753  000024b4  afbefffc	sw	-4(r29),r30; push fp
 1754  000024b8  001df020	add	r30,r0,r29; fp = sp
 1755  000024bc  afbffff8	sw	-8(r29),r31; push ret addr
 1756  000024c0  2fbd0010	subui	r29,r29,#16; alloc local storage
 1757  000024c4  afa20000	sw	0(r29),r2
 1758  000024c8  54000000	nop
 1759  000024cc          	L105_LF2:
 1760  000024cc  8fc10004	lw	r1,4(r30)
 1761  000024d0  2022ffff	addi	r2,r1,#-1
 1762  000024d4  afc20004	sw	4(r30),r2
 1763  000024d8  6c210000	sgti	r1,r1,#0
 1764  000024dc  1420000c	bnez	r1,L107_LF2
 1765  000024e0  54000000	nop; delay slot nop
 1766  000024e4  08000020	j	L106_LF2
 1767  000024e8  54000000	nop; delay slot nop
 1768  000024ec          	L107_LF2:
 1769  000024ec  8fc10000	lw	r1,(r30)
 1770  000024f0  20220001	addi	r2,r1,#1
 1771  000024f4  afc20000	sw	(r30),r2
 1772  000024f8  20020000	addi	r2,r0,(#0x0)&0xff
 1773  000024fc  a0220000	sb	(r1),r2
 1774  00002500  0bffffc8	j	L105_LF2
 1775  00002504  54000000	nop; delay slot nop
 1776  00002508          	L106_LF2:
 1777  00002508          	L104_LF2:
 1778  00002508  8fa20000	lw	r2,0(r29)
 1779  0000250c  8fdffff8	lw	r31,-8(r30)
 1780  00002510  001ee820	add	r29,r0,r30
 1781  00002514  8fdefffc	lw	r30,-4(r30)
 1782  00002518  4be00000	jr	r31
 1783  0000251c  54000000	nop
 1784  00002520          	.endproc _bzero
 1785  00002520          	.align 2
 1786  00002520          	.proc _min
 1787  00002520          	.global _min
 1788  00002520          	_min:
 1789                      ;  Function 'min'; 0 bytes of locals, 2 regs to save.
 1790  00002520  afbefffc	sw	-4(r29),r30; push fp
 1791  00002524  001df020	add	r30,r0,r29; fp = sp
 1792  00002528  afbffff8	sw	-8(r29),r31; push ret addr
 1793  0000252c  2fbd0010	subui	r29,r29,#16; alloc local storage
 1794  00002530  afa20000	sw	0(r29),r2
 1795  00002534  afa30004	sw	4(r29),r3
 1796  00002538  8fc10000	lw	r1,(r30)
 1797  0000253c  8fc20004	lw	r2,4(r30)
 1798  00002540  0022182c	sle	r3,r1,r2
 1799  00002544  14600008	bnez	r3,L109_LF2
 1800  00002548  54000000	nop; delay slot nop
 1801  0000254c  8fc10004	lw	r1,4(r30)
 1802  00002550          	L109_LF2:
 1803  00002550  08000004	j	L108_LF2
 1804  00002554  54000000	nop; delay slot nop
 1805  00002558          	L108_LF2:
 1806  00002558  8fa20000	lw	r2,0(r29)
 1807  0000255c  8fa30004	lw	r3,4(r29)
 1808  00002560  8fdffff8	lw	r31,-8(r30)
 1809  00002564  001ee820	add	r29,r0,r30
 1810  00002568  8fdefffc	lw	r30,-4(r30)
 1811  0000256c  4be00000	jr	r31
 1812  00002570  54000000	nop
 1813  00002574          	.endproc _min
 1814  00002574          	.align 2
 1815  00002574          	.proc _max
 1816  00002574          	.global _max
 1817  00002574          	_max:
 1818                      ;  Function 'max'; 0 bytes of locals, 2 regs to save.
 1819  00002574  afbefffc	sw	-4(r29),r30; push fp
 1820  00002578  001df020	add	r30,r0,r29; fp = sp
 1821  0000257c  afbffff8	sw	-8(r29),r31; push ret addr
 1822  00002580  2fbd0010	subui	r29,r29,#16; alloc local storage
 1823  00002584  afa20000	sw	0(r29),r2
 1824  00002588  afa30004	sw	4(r29),r3
 1825  0000258c  8fc10000	lw	r1,(r30)
 1826  00002590  8fc20004	lw	r2,4(r30)
 1827  00002594  0022182d	sge	r3,r1,r2
 1828  00002598  14600008	bnez	r3,L111_LF2
 1829  0000259c  54000000	nop; delay slot nop
 1830  000025a0  8fc10004	lw	r1,4(r30)
 1831  000025a4          	L111_LF2:
 1832  000025a4  08000004	j	L110_LF2
 1833  000025a8  54000000	nop; delay slot nop
 1834  000025ac          	L110_LF2:
 1835  000025ac  8fa20000	lw	r2,0(r29)
 1836  000025b0  8fa30004	lw	r3,4(r29)
 1837  000025b4  8fdffff8	lw	r31,-8(r30)
 1838  000025b8  001ee820	add	r29,r0,r30
 1839  000025bc  8fdefffc	lw	r30,-4(r30)
 1840  000025c0  4be00000	jr	r31
 1841  000025c4  54000000	nop
 1842  000025c8          	.endproc _max
 1843                      ;;; Ethan L. Miller, 1999.  Released to the public domain
 1844                      ;;;
 1845                      ;;; Most of the traps are called in files from libtraps.
 1848  000025c8          	.align 2
 1849  000025c8          	.proc _exit
 1850  000025c8          	.global _exit
 1851  000025c8          	_exit:
 1852  000025c8  44000300	trap	#0x300
 1853  000025cc  4be00000	jr	r31
 1854  000025d0  54000000	nop
 1855  000025d4          	.endproc _exit
 1857                      ; for the benefit of gcc.
 1858  000025d4          	.proc ___main
 1859  000025d4          	.global ___main
 1860  000025d4          	___main:
 1861  000025d4  4be00000	jr	r31
 1862  000025d8  54000000	nop
 1863  000025dc          	.endproc ___main
 1864  000025dc          	.text
 1865  000025dc          	.global _etext
 1866  000025dc          	_etext:
 1867  000025dc          	.align 3
 1868  000025e0          	.data
 1869  00003132          	.global _edata
 1870  00003132          	_edata:
