 line   address	contents
    1                      ; Linked by DLX-LD.
    2                      ; MemSize 24576
    3                      ; Data size: 522
    4                      ; Text size: 5072
    5                      ; Stack size: 8192
    6  00000000          	.text 0x1000
    7  00001000          	.data 0x3000
    8                      ; Compiled by GCC
    9  00003000          	.text
   10  00001000          	.align 2
   11  00001000          	.proc _isspace
   12  00001000          	.global _isspace
   13  00001000          	_isspace:
   14                      ;  Function 'isspace'; 0 bytes of locals, 1 regs to save.
   15  00001000  afbefffc	sw	-4(r29),r30; push fp
   16  00001004  001df020	add	r30,r0,r29; fp = sp
   17  00001008  afbffff8	sw	-8(r29),r31; push ret addr
   18  0000100c  2fbd0010	subui	r29,r29,#16; alloc local storage
   19  00001010  afa20000	sw	0(r29),r2
   20  00001014  83c20003	lb	r2,3(r30)
   21  00001018  201f0000	addi	r31,r0,#0
   22  0000101c  304100ff	andi	r1,r2,#0x00ff
   23  00001020  60210020	seqi	r1,r1,#32
   24  00001024  14200018	bnez	r1,L6_LF0
   25  00001028  54000000	nop; not filled.
   26  0000102c  2041fff7	addi	r1,r2,#-9
   27  00001030  302100ff	andi	r1,r1,#0x00ff
   28  00001034  70210001	sleui	r1,r1,#1
   29  00001038  10200008	beqz	r1,L5_LF0
   30  0000103c  54000000	nop; not filled.
   31  00001040          	L6_LF0:
   32  00001040  201f0001	addi	r31,r0,#1
   33  00001044          	L5_LF0:
   34  00001044  001f0820	add	r1,r0,r31
   35  00001048  8fa20000	lw	r2,0(r29)
   36  0000104c  8fdffff8	lw	r31,-8(r30)
   37  00001050  001ee820	add	r29,r0,r30
   38  00001054  8fdefffc	lw	r30,-4(r30)
   39  00001058  4be00000	jr	r31
   40  0000105c  54000000	nop
   41  00001060          	.endproc _isspace
   42  00001060          	.align 2
   43  00001060          	.proc _isxdigit
   44  00001060          	.global _isxdigit
   45  00001060          	_isxdigit:
   46                      ;  Function 'isxdigit'; 0 bytes of locals, 1 regs to save.
   47  00001060  afbefffc	sw	-4(r29),r30; push fp
   48  00001064  001df020	add	r30,r0,r29; fp = sp
   49  00001068  afbffff8	sw	-8(r29),r31; push ret addr
   50  0000106c  2fbd0010	subui	r29,r29,#16; alloc local storage
   51  00001070  afa20000	sw	0(r29),r2
   52  00001074  83df0003	lb	r31,3(r30)
   53  00001078  20020000	addi	r2,r0,#0
   54  0000107c  23e1ffd0	addi	r1,r31,#-48
   55  00001080  302100ff	andi	r1,r1,#0x00ff
   56  00001084  70210009	sleui	r1,r1,#9
   57  00001088  14200028	bnez	r1,L12_LF0
   58  0000108c  54000000	nop; not filled.
   59  00001090  23e1ff9f	addi	r1,r31,#-97
   60  00001094  302100ff	andi	r1,r1,#0x00ff
   61  00001098  70210005	sleui	r1,r1,#5
   62  0000109c  14200014	bnez	r1,L12_LF0
   63  000010a0  54000000	nop; not filled.
   64  000010a4  33e100ff	andi	r1,r31,#0x00ff
   65  000010a8  64210041	snei	r1,r1,#65
   66  000010ac  14200008	bnez	r1,L11_LF0
   67  000010b0  54000000	nop; not filled.
   68  000010b4          	L12_LF0:
   69  000010b4  20020001	addi	r2,r0,#1
   70  000010b8          	L11_LF0:
   71  000010b8  00020820	add	r1,r0,r2
   72  000010bc  8fa20000	lw	r2,0(r29)
   73  000010c0  8fdffff8	lw	r31,-8(r30)
   74  000010c4  001ee820	add	r29,r0,r30
   75  000010c8  8fdefffc	lw	r30,-4(r30)
   76  000010cc  4be00000	jr	r31
   77  000010d0  54000000	nop
   78  000010d4          	.endproc _isxdigit
   79  000010d4          	.data
   80  00003000          	.align 2
   81  00003000          	LC0_LF0:
   82  00003000  55736167	.ascii "Usage: %s <number of processes to create\n\000"
   82  00003004  653a2025	
   82  00003008  73203c6e	
   82  0000300c  756d6265	
   82  00003010  72206f66	
   82  00003014  2070726f	
   82  00003018  63657373	
   82  0000301c  65732074	
   82  00003020  6f206372	
   82  00003024  65617465	
   82  00003028  0a00    	
   83  0000302a          	.align 2
   84  0000302c          	LC1_LF0:
   85  0000302c  6d616b65	.ascii "makeprocs (%d): Creating %d processes\n\000"
   85  00003030  70726f63	
   85  00003034  73202825	
   85  00003038  64293a20	
   85  0000303c  43726561	
   85  00003040  74696e67	
   85  00003044  20256420	
   85  00003048  70726f63	
   85  0000304c  65737365	
   85  00003050  730a00  	
   86  00003053          	.align 2
   87  00003054          	LC2_LF0:
   88  00003054  6d616b65	.ascii "makeprocs (%d): ERROR: could not allocate mailbox!\000"
   88  00003058  70726f63	
   88  0000305c  73202825	
   88  00003060  64293a20	
   88  00003064  4552524f	
   88  00003068  523a2063	
   88  0000306c  6f756c64	
   88  00003070  206e6f74	
   88  00003074  20616c6c	
   88  00003078  6f636174	
   88  0000307c  65206d61	
   88  00003080  696c626f	
   88  00003084  782100  	
   89  00003087          	.align 2
   90  00003088          	LC3_LF0:
   91  00003088  6d616b65	.ascii "makeprocs (%d): Could not open mailbox %d!\n\000"
   91  0000308c  70726f63	
   91  00003090  73202825	
   91  00003094  64293a20	
   91  00003098  436f756c	
   91  0000309c  64206e6f	
   91  000030a0  74206f70	
   91  000030a4  656e206d	
   91  000030a8  61696c62	
   91  000030ac  6f782025	
   91  000030b0  64210a00	
   92  000030b4          	.align 2
   93  000030b4          	LC4_LF0:
   94  000030b4  6d616b65	.ascii "makeprocs (%d): Bad sem_create\n\000"
   94  000030b8  70726f63	
   94  000030bc  73202825	
   94  000030c0  64293a20	
   94  000030c4  42616420	
   94  000030c8  73656d5f	
   94  000030cc  63726561	
   94  000030d0  74650a00	
   95  000030d4          	.align 2
   96  000030d4          	LC5_LF0:
   97  000030d4  73706177	.ascii "spawn_me.dlx.obj\000"
   97  000030d8  6e5f6d65	
   97  000030dc  2e646c78	
   97  000030e0  2e6f626a	
   97  000030e4  00      	
   98  000030e5          	.align 2
   99  000030e8          	LC6_LF0:
  100  000030e8  6d616b65	.ascii "makeprocs (%d): Process %d created\n\000"
  100  000030ec  70726f63	
  100  000030f0  73202825	
  100  000030f4  64293a20	
  100  000030f8  50726f63	
  100  000030fc  65737320	
  100  00003100  25642063	
  100  00003104  72656174	
  100  00003108  65640a00	
  101  0000310c          	.align 2
  102  0000310c          	LC7_LF0:
  103  0000310c  436f756c	.ascii "Could not send message to mailbox %d in %s (%d)\n\000"
  103  00003110  64206e6f	
  103  00003114  74207365	
  103  00003118  6e64206d	
  103  0000311c  65737361	
  103  00003120  67652074	
  103  00003124  6f206d61	
  103  00003128  696c626f	
  103  0000312c  78202564	
  103  00003130  20696e20	
  103  00003134  25732028	
  103  00003138  2564290a	
  103  0000313c  00      	
  104  0000313d          	.align 2
  105  00003140          	LC8_LF0:
  106  00003140  6d616b65	.ascii "makeprocs (%d): Sent message %d\n\000"
  106  00003144  70726f63	
  106  00003148  73202825	
  106  0000314c  64293a20	
  106  00003150  53656e74	
  106  00003154  206d6573	
  106  00003158  73616765	
  106  0000315c  2025640a	
  106  00003160  00      	
  107  00003161          	.align 2
  108  00003164          	LC9_LF0:
  109  00003164  42616420	.ascii "Bad semaphore s_procs_completed (%d) in \000"
  109  00003168  73656d61	
  109  0000316c  70686f72	
  109  00003170  6520735f	
  109  00003174  70726f63	
  109  00003178  735f636f	
  109  0000317c  6d706c65	
  109  00003180  74656420	
  109  00003184  28256429	
  109  00003188  20696e20	
  109  0000318c  00      	
  110  0000318d          	.align 2
  111  00003190          	LC10_LF0:
  112  00003190  0a00    	.ascii "\n\000"
  113  00003192          	.align 2
  114  00003194          	LC11_LF0:
  115  00003194  6d616b65	.ascii "makeprocs (%d): Could not close mailbox %d!\n\000"
  115  00003198  70726f63	
  115  0000319c  73202825	
  115  000031a0  64293a20	
  115  000031a4  436f756c	
  115  000031a8  64206e6f	
  115  000031ac  7420636c	
  115  000031b0  6f736520	
  115  000031b4  6d61696c	
  115  000031b8  626f7820	
  115  000031bc  2564210a	
  115  000031c0  00      	
  116  000031c1          	.align 2
  117  000031c4          	LC12_LF0:
  118  000031c4  6d616b65	.ascii "makeprocs (%d): All other processes completed, exiting main process.\n"
  118  000031c8  70726f63	
  118  000031cc  73202825	
  118  000031d0  64293a20	
  118  000031d4  416c6c20	
  118  000031d8  6f746865	
  118  000031dc  72207072	
  118  000031e0  6f636573	
  118  000031e4  73657320	
  118  000031e8  636f6d70	
  118  000031ec  6c657465	
  118  000031f0  642c2065	
  118  000031f4  78697469	
  118  000031f8  6e67206d	
  118  000031fc  61696e20	
  118  00003200  70726f63	
  118  00003204  6573732e	
  118  00003208  0a      	
  119  00003209  00      	.ascii "\000"
  120  0000320a          	.text
  121  000010d4          	.align 2
  122  000010d4          	.proc _main
  123  000010d4          	.global _main
  124  000010d4          	_main:
  125                      ;  Function 'main'; 40 bytes of locals, 0 regs to save.
  126  000010d4  afbefffc	sw	-4(r29),r30; push fp
  127  000010d8  001df020	add	r30,r0,r29; fp = sp
  128  000010dc  afbffff8	sw	-8(r29),r31; push ret addr
  129  000010e0  2fbd0030	subui	r29,r29,#48; alloc local storage
  130  000010e4  8fc20000	lw	r2,(r30)
  131  000010e8  8fc80004	lw	r8,4(r30)
  132  000010ec  0c0012d8	jal	___main
  133  000010f0  54000000	nop; not filled.
  134  000010f4  64410002	snei	r1,r2,#2
  135  000010f8  10200030	beqz	r1,L14_LF0
  136  000010fc  54000000	nop; not filled.
  137  00001100  23bdfff8	addi	r29,r29,#-8
  138  00001104  3c090000	lhi	r9,((LC0_LF0)>>16)&0xffff
  139  00001108  25293000	addui	r9,r9,(LC0_LF0)&0xffff
  140  0000110c  afa90000	sw	(r29),r9
  141  00001110  8d010000	lw	r1,(r8)
  142  00001114  afa10004	sw	4(r29),r1
  143  00001118  0c0003fc	jal	_Printf
  144  0000111c  54000000	nop; not filled.
  145  00001120  0c0004fc	jal	_Exit
  146  00001124  54000000	nop; not filled.
  147  00001128  23bd0008	addi	r29,r29,#8
  148  0000112c          	L14_LF0:
  149  0000112c  23bdfff0	addi	r29,r29,#-16
  150  00001130  8d090004	lw	r9,4(r8)
  151  00001134  afa90000	sw	(r29),r9
  152  00001138  20090000	addi	r9,r0,#0
  153  0000113c  afa90004	sw	4(r29),r9
  154  00001140  2009000a	addi	r9,r0,#10
  155  00001144  afa90008	sw	8(r29),r9
  156  00001148  0c000d80	jal	_dstrtol
  157  0000114c  54000000	nop; not filled.
  158  00001150  00012820	add	r5,r0,r1
  159  00001154  0c0003cc	jal	_getpid
  160  00001158  54000000	nop; not filled.
  161  0000115c  3c090000	lhi	r9,((LC1_LF0)>>16)&0xffff
  162  00001160  2529302c	addui	r9,r9,(LC1_LF0)&0xffff
  163  00001164  afa90000	sw	(r29),r9
  164  00001168  afa10004	sw	4(r29),r1
  165  0000116c  afa50008	sw	8(r29),r5
  166  00001170  0c0003a4	jal	_Printf
  167  00001174  54000000	nop; not filled.
  168  00001178  0c000450	jal	_mbox_create
  169  0000117c  54000000	nop; not filled.
  170  00001180  00013020	add	r6,r0,r1
  171  00001184  23bd0010	addi	r29,r29,#16
  172  00001188  60c1ffff	seqi	r1,r6,#-1
  173  0000118c  10200034	beqz	r1,L15_LF0
  174  00001190  54000000	nop; not filled.
  175  00001194  0c00038c	jal	_getpid
  176  00001198  54000000	nop; not filled.
  177  0000119c  23bdfff8	addi	r29,r29,#-8
  178  000011a0  3c090000	lhi	r9,((LC2_LF0)>>16)&0xffff
  179  000011a4  25293054	addui	r9,r9,(LC2_LF0)&0xffff
  180  000011a8  afa90000	sw	(r29),r9
  181  000011ac  afa10004	sw	4(r29),r1
  182  000011b0  0c000364	jal	_Printf
  183  000011b4  54000000	nop; not filled.
  184  000011b8  0c000464	jal	_Exit
  185  000011bc  54000000	nop; not filled.
  186  000011c0  23bd0008	addi	r29,r29,#8
  187  000011c4          	L15_LF0:
  188  000011c4  23bdfff8	addi	r29,r29,#-8
  189  000011c8  afa60000	sw	(r29),r6
  190  000011cc  0c000408	jal	_mbox_open
  191  000011d0  54000000	nop; not filled.
  192  000011d4  23bd0008	addi	r29,r29,#8
  193  000011d8  6021ffff	seqi	r1,r1,#-1
  194  000011dc  10200038	beqz	r1,L16_LF0
  195  000011e0  54000000	nop; not filled.
  196  000011e4  0c00033c	jal	_getpid
  197  000011e8  54000000	nop; not filled.
  198  000011ec  23bdfff0	addi	r29,r29,#-16
  199  000011f0  3c090000	lhi	r9,((LC3_LF0)>>16)&0xffff
  200  000011f4  25293088	addui	r9,r9,(LC3_LF0)&0xffff
  201  000011f8  afa90000	sw	(r29),r9
  202  000011fc  afa10004	sw	4(r29),r1
  203  00001200  afa60008	sw	8(r29),r6
  204  00001204  0c000310	jal	_Printf
  205  00001208  54000000	nop; not filled.
  206  0000120c  0c000410	jal	_Exit
  207  00001210  54000000	nop; not filled.
  208  00001214  23bd0010	addi	r29,r29,#16
  209  00001218          	L16_LF0:
  210  00001218  afc5fff0	sw	-16(r30),r5
  211  0000121c  20090041	addi	r9,r0,(#0x41)&0xff
  212  00001220  a3c9fff4	sb	-12(r30),r9
  213  00001224  23bdfff8	addi	r29,r29,#-8
  214  00001228  20010001	addi	r1,r0,#1
  215  0000122c  00250822	sub	r1,r1,r5
  216  00001230  afa10000	sw	(r29),r1
  217  00001234  0c00031c	jal	_sem_create
  218  00001238  54000000	nop; not filled.
  219  0000123c  00013820	add	r7,r0,r1
  220  00001240  23bd0008	addi	r29,r29,#8
  221  00001244  60e1ffff	seqi	r1,r7,#-1
  222  00001248  10200034	beqz	r1,L17_LF0
  223  0000124c  54000000	nop; not filled.
  224  00001250  0c0002d0	jal	_getpid
  225  00001254  54000000	nop; not filled.
  226  00001258  23bdfff8	addi	r29,r29,#-8
  227  0000125c  3c090000	lhi	r9,((LC4_LF0)>>16)&0xffff
  228  00001260  252930b4	addui	r9,r9,(LC4_LF0)&0xffff
  229  00001264  afa90000	sw	(r29),r9
  230  00001268  afa10004	sw	4(r29),r1
  231  0000126c  0c0002a8	jal	_Printf
  232  00001270  54000000	nop; not filled.
  233  00001274  0c0003a8	jal	_Exit
  234  00001278  54000000	nop; not filled.
  235  0000127c  23bd0008	addi	r29,r29,#8
  236  00001280          	L17_LF0:
  237  00001280  23bdfff8	addi	r29,r29,#-8
  238  00001284  afa60000	sw	(r29),r6
  239  00001288  23c4ffe0	addi	r4,r30,#-32
  240  0000128c  afa40004	sw	4(r29),r4
  241  00001290  0c000aac	jal	_ditoa
  242  00001294  54000000	nop; not filled.
  243  00001298  afa70000	sw	(r29),r7
  244  0000129c  23c3ffd0	addi	r3,r30,#-48
  245  000012a0  afa30004	sw	4(r29),r3
  246  000012a4  0c000a98	jal	_ditoa
  247  000012a8  54000000	nop; not filled.
  248  000012ac  20020000	addi	r2,r0,#0
  249  000012b0  23bd0008	addi	r29,r29,#8
  250  000012b4  0045082a	slt	r1,r2,r5
  251  000012b8  10200074	beqz	r1,L31_LF0
  252  000012bc  54000000	nop; not filled.
  253  000012c0          	L21_LF0:
  254  000012c0  23bdffe8	addi	r29,r29,#-24
  255  000012c4  3c090000	lhi	r9,((LC5_LF0)>>16)&0xffff
  256  000012c8  252930d4	addui	r9,r9,(LC5_LF0)&0xffff
  257  000012cc  afa90000	sw	(r29),r9
  258  000012d0  20090000	addi	r9,r0,#0
  259  000012d4  afa90004	sw	4(r29),r9
  260  000012d8  afa90008	sw	8(r29),r9
  261  000012dc  afa4000c	sw	12(r29),r4
  262  000012e0  afa30010	sw	16(r29),r3
  263  000012e4  afa90014	sw	20(r29),r9
  264  000012e8  0c000244	jal	_process_create
  265  000012ec  54000000	nop; not filled.
  266  000012f0  0c000230	jal	_getpid
  267  000012f4  54000000	nop; not filled.
  268  000012f8  3c090000	lhi	r9,((LC6_LF0)>>16)&0xffff
  269  000012fc  252930e8	addui	r9,r9,(LC6_LF0)&0xffff
  270  00001300  afa90000	sw	(r29),r9
  271  00001304  afa10004	sw	4(r29),r1
  272  00001308  afa20008	sw	8(r29),r2
  273  0000130c  0c000208	jal	_Printf
  274  00001310  54000000	nop; not filled.
  275  00001314  23bd0018	addi	r29,r29,#24
  276  00001318  20420001	addi	r2,r2,#1
  277  0000131c  0045082a	slt	r1,r2,r5
  278  00001320  1420ff9c	bnez	r1,L21_LF0
  279  00001324  54000000	nop; not filled.
  280  00001328  20020000	addi	r2,r0,#0
  281  0000132c  0045082a	slt	r1,r2,r5
  282  00001330          	L31_LF0:
  283  00001330  102000ac	beqz	r1,L24_LF0
  284  00001334  54000000	nop; not filled.
  285  00001338  23c3fff0	addi	r3,r30,#-16
  286  0000133c          	L26_LF0:
  287  0000133c  23bdfff0	addi	r29,r29,#-16
  288  00001340  afa60000	sw	(r29),r6
  289  00001344  20090008	addi	r9,r0,#8
  290  00001348  afa90004	sw	4(r29),r9
  291  0000134c  afa30008	sw	8(r29),r3
  292  00001350  0c00029c	jal	_mbox_send
  293  00001354  54000000	nop; not filled.
  294  00001358  23bd0010	addi	r29,r29,#16
  295  0000135c  6021ffff	seqi	r1,r1,#-1
  296  00001360  10200040	beqz	r1,L27_LF0
  297  00001364  54000000	nop; not filled.
  298  00001368  0c0001b8	jal	_getpid
  299  0000136c  54000000	nop; not filled.
  300  00001370  23bdfff0	addi	r29,r29,#-16
  301  00001374  3c090000	lhi	r9,((LC7_LF0)>>16)&0xffff
  302  00001378  2529310c	addui	r9,r9,(LC7_LF0)&0xffff
  303  0000137c  afa90000	sw	(r29),r9
  304  00001380  afa60004	sw	4(r29),r6
  305  00001384  8d090000	lw	r9,(r8)
  306  00001388  afa90008	sw	8(r29),r9
  307  0000138c  afa1000c	sw	12(r29),r1
  308  00001390  0c000184	jal	_Printf
  309  00001394  54000000	nop; not filled.
  310  00001398  0c000284	jal	_Exit
  311  0000139c  54000000	nop; not filled.
  312  000013a0  23bd0010	addi	r29,r29,#16
  313  000013a4          	L27_LF0:
  314  000013a4  0c00017c	jal	_getpid
  315  000013a8  54000000	nop; not filled.
  316  000013ac  23bdfff0	addi	r29,r29,#-16
  317  000013b0  3c090000	lhi	r9,((LC8_LF0)>>16)&0xffff
  318  000013b4  25293140	addui	r9,r9,(LC8_LF0)&0xffff
  319  000013b8  afa90000	sw	(r29),r9
  320  000013bc  afa10004	sw	4(r29),r1
  321  000013c0  afa20008	sw	8(r29),r2
  322  000013c4  0c000150	jal	_Printf
  323  000013c8  54000000	nop; not filled.
  324  000013cc  23bd0010	addi	r29,r29,#16
  325  000013d0  20420001	addi	r2,r2,#1
  326  000013d4  0045082a	slt	r1,r2,r5
  327  000013d8  1420ff60	bnez	r1,L26_LF0
  328  000013dc  54000000	nop; not filled.
  329  000013e0          	L24_LF0:
  330  000013e0  23bdfff8	addi	r29,r29,#-8
  331  000013e4  afa70000	sw	(r29),r7
  332  000013e8  0c000174	jal	_sem_wait
  333  000013ec  54000000	nop; not filled.
  334  000013f0  23bd0008	addi	r29,r29,#8
  335  000013f4  64210001	snei	r1,r1,#1
  336  000013f8  10200050	beqz	r1,L29_LF0
  337  000013fc  54000000	nop; not filled.
  338  00001400  23bdfff8	addi	r29,r29,#-8
  339  00001404  3c090000	lhi	r9,((LC9_LF0)>>16)&0xffff
  340  00001408  25293164	addui	r9,r9,(LC9_LF0)&0xffff
  341  0000140c  afa90000	sw	(r29),r9
  342  00001410  afa70004	sw	4(r29),r7
  343  00001414  0c000100	jal	_Printf
  344  00001418  54000000	nop; not filled.
  345  0000141c  8d080000	lw	r8,(r8)
  346  00001420  afa80000	sw	(r29),r8
  347  00001424  0c0000f0	jal	_Printf
  348  00001428  54000000	nop; not filled.
  349  0000142c  3c090000	lhi	r9,((LC10_LF0)>>16)&0xffff
  350  00001430  25293190	addui	r9,r9,(LC10_LF0)&0xffff
  351  00001434  afa90000	sw	(r29),r9
  352  00001438  0c0000dc	jal	_Printf
  353  0000143c  54000000	nop; not filled.
  354  00001440  0c0001dc	jal	_Exit
  355  00001444  54000000	nop; not filled.
  356  00001448  23bd0008	addi	r29,r29,#8
  357  0000144c          	L29_LF0:
  358  0000144c  23bdfff8	addi	r29,r29,#-8
  359  00001450  afa60000	sw	(r29),r6
  360  00001454  0c00018c	jal	_mbox_close
  361  00001458  54000000	nop; not filled.
  362  0000145c  23bd0008	addi	r29,r29,#8
  363  00001460  6021ffff	seqi	r1,r1,#-1
  364  00001464  10200038	beqz	r1,L30_LF0
  365  00001468  54000000	nop; not filled.
  366  0000146c  0c0000b4	jal	_getpid
  367  00001470  54000000	nop; not filled.
  368  00001474  23bdfff0	addi	r29,r29,#-16
  369  00001478  3c090000	lhi	r9,((LC11_LF0)>>16)&0xffff
  370  0000147c  25293194	addui	r9,r9,(LC11_LF0)&0xffff
  371  00001480  afa90000	sw	(r29),r9
  372  00001484  afa10004	sw	4(r29),r1
  373  00001488  afa60008	sw	8(r29),r6
  374  0000148c  0c000088	jal	_Printf
  375  00001490  54000000	nop; not filled.
  376  00001494  0c000188	jal	_Exit
  377  00001498  54000000	nop; not filled.
  378  0000149c  23bd0010	addi	r29,r29,#16
  379  000014a0          	L30_LF0:
  380  000014a0  0c000080	jal	_getpid
  381  000014a4  54000000	nop; not filled.
  382  000014a8  23bdfff8	addi	r29,r29,#-8
  383  000014ac  3c090000	lhi	r9,((LC12_LF0)>>16)&0xffff
  384  000014b0  252931c4	addui	r9,r9,(LC12_LF0)&0xffff
  385  000014b4  afa90000	sw	(r29),r9
  386  000014b8  afa10004	sw	4(r29),r1
  387  000014bc  0c000058	jal	_Printf
  388  000014c0  54000000	nop; not filled.
  389  000014c4  23bd0008	addi	r29,r29,#8
  390  000014c8  0c000ef0	jal	_exit
  391  000014cc  54000000	nop
  392  000014d0          	.endproc _main
  393                      ;;;
  394                      ;;; Stub functions for DLX traps.
  395                      ;;;
  396                      ;;; Ethan L. Miller, 1999.  Released to the public domain.
  397                      ;;;
  398                      ;;; The traps such as Open and Close
  399                      ;;; (note the capital letters) are for use by user programs.  The traps
  400                      ;;; with names such as open and close (lower case) are for use by the OS.
  401                      ;;;
  404  000014d0          	.align 2
  406                      ;;; The following are the traps to be used by user-level programs
  407                      ;;;
  409  000014d0          	.align 2
  410  000014d0          	.proc _Open
  411  000014d0          	.global _Open
  412  000014d0          	_Open:
  413                      ;;; Note that trap #0x213 actually causes a trap vector in the OS of
  414                      ;;; 0x1213.  The same is true for other user traps.  Thus, a user trap
  415                      ;;; with trap #0x240 will result in a trap vector of 0x1240 in the OS.
  416  000014d0  44000213	trap	#0x213
  417  000014d4  4be00000	jr	r31
  418  000014d8  54000000	nop
  419  000014dc          	.endproc _Open
  421  000014dc          	.proc _Close
  422  000014dc          	.global _Close
  423  000014dc          	_Close:
  424  000014dc  44000214	trap	#0x214
  425  000014e0  4be00000	jr	r31
  426  000014e4  54000000	nop
  427  000014e8          	.endproc _Close
  429  000014e8          	.proc _Read
  430  000014e8          	.global _Read
  431  000014e8          	_Read:
  432  000014e8  44000210	trap	#0x210
  433  000014ec  4be00000	jr	r31
  434  000014f0  54000000	nop
  435  000014f4          	.endproc _Read
  437  000014f4          	.proc _Write
  438  000014f4          	.global _Write
  439  000014f4          	_Write:
  440  000014f4  44000211	trap	#0x211
  441  000014f8  4be00000	jr	r31
  442  000014fc  54000000	nop
  443  00001500          	.endproc _Write
  445  00001500          	.proc _Lseek
  446  00001500          	.global _Lseek
  447  00001500          	_Lseek:
  448  00001500  44000212	trap	#0x212
  449  00001504  4be00000	jr	r31
  450  00001508  54000000	nop
  451  0000150c          	.endproc _Lseek
  453  0000150c          	.proc _Putchar
  454  0000150c          	.global _Putchar
  455  0000150c          	_Putchar:
  456  0000150c  44000280	trap	#0x280
  457  00001510  4be00000	jr	r31
  458  00001514  54000000	nop
  459  00001518          	.endproc _Putchar
  461  00001518          	.proc _Printf
  462  00001518          	.global _Printf
  463  00001518          	_Printf:
  464  00001518  44000201	trap	#0x201
  465  0000151c  4be00000	jr	r31
  466  00001520  54000000	nop
  467  00001524          	.endproc _Printf
  469  00001524          	.proc _getpid
  470  00001524          	.global _getpid
  471  00001524          	_getpid:
  472  00001524  44000431	trap	#0x431
  473  00001528  4be00000	jr	r31
  474  0000152c  54000000	nop
  475  00001530          	.endproc _getpid
  477  00001530          	.proc _process_create
  478  00001530          	.global _process_create
  479  00001530          	_process_create:
  480  00001530  44000432	trap	#0x432
  481  00001534  4be00000	jr	r31
  482  00001538  54000000	nop
  483  0000153c          	.endproc _process_create
  485  0000153c          	.proc _shmget
  486  0000153c          	.global _shmget
  487  0000153c          	_shmget:
  488  0000153c  44000440	trap	#0x440
  489  00001540  4be00000	jr	r31
  490  00001544  54000000	nop
  491  00001548          	.endproc _shmget
  493  00001548          	.proc _shmat
  494  00001548          	.global _shmat
  495  00001548          	_shmat:
  496  00001548  44000441	trap	#0x441
  497  0000154c  4be00000	jr	r31
  498  00001550  54000000	nop
  499  00001554          	.endproc _shmat
  501  00001554          	.proc _sem_create
  502  00001554          	.global _sem_create
  503  00001554          	_sem_create:
  504  00001554  44000450	trap	#0x450
  505  00001558  4be00000	jr	r31
  506  0000155c  54000000	nop
  507  00001560          	.endproc _sem_create
  509  00001560          	.proc _sem_wait
  510  00001560          	.global _sem_wait
  511  00001560          	_sem_wait:
  512  00001560  44000451	trap	#0x451
  513  00001564  4be00000	jr	r31
  514  00001568  54000000	nop
  515  0000156c          	.endproc _sem_wait
  517  0000156c          	.proc _sem_signal
  518  0000156c          	.global _sem_signal
  519  0000156c          	_sem_signal:
  520  0000156c  44000452	trap	#0x452
  521  00001570  4be00000	jr	r31
  522  00001574  54000000	nop
  523  00001578          	.endproc _sem_signal
  525  00001578          	.proc _lock_create
  526  00001578          	.global _lock_create
  527  00001578          	_lock_create:
  528  00001578  44000453	trap	#0x453
  529  0000157c  4be00000	jr	r31
  530  00001580  54000000	nop
  531  00001584          	.endproc _lock_create
  533  00001584          	.proc _lock_acquire
  534  00001584          	.global _lock_acquire
  535  00001584          	_lock_acquire:
  536  00001584  44000454	trap	#0x454
  537  00001588  4be00000	jr	r31
  538  0000158c  54000000	nop
  539  00001590          	.endproc _lock_acquire
  541  00001590          	.proc _lock_release
  542  00001590          	.global _lock_release
  543  00001590          	_lock_release:
  544  00001590  44000455	trap	#0x455
  545  00001594  4be00000	jr	r31
  546  00001598  54000000	nop
  547  0000159c          	.endproc _lock_release
  549  0000159c          	.proc _cond_create
  550  0000159c          	.global _cond_create
  551  0000159c          	_cond_create:
  552  0000159c  44000456	trap	#0x456
  553  000015a0  4be00000	jr	r31
  554  000015a4  54000000	nop
  555  000015a8          	.endproc _cond_create
  557  000015a8          	.proc _cond_wait
  558  000015a8          	.global _cond_wait
  559  000015a8          	_cond_wait:
  560  000015a8  44000457	trap	#0x457
  561  000015ac  4be00000	jr	r31
  562  000015b0  54000000	nop
  563  000015b4          	.endproc _cond_wait
  565  000015b4          	.proc _cond_signal
  566  000015b4          	.global _cond_signal
  567  000015b4          	_cond_signal:
  568  000015b4  44000458	trap	#0x458
  569  000015b8  4be00000	jr	r31
  570  000015bc  54000000	nop
  571  000015c0          	.endproc _cond_signal
  573  000015c0          	.proc _cond_broadcast
  574  000015c0          	.global _cond_broadcast
  575  000015c0          	_cond_broadcast:
  576  000015c0  44000459	trap	#0x459
  577  000015c4  4be00000	jr	r31
  578  000015c8  54000000	nop
  579  000015cc          	.endproc _cond_broadcast
  581  000015cc          	.proc _mbox_create
  582  000015cc          	.global _mbox_create
  583  000015cc          	_mbox_create:
  584  000015cc  44000460	trap	#0x460
  585  000015d0  4be00000	jr	r31
  586  000015d4  54000000	nop
  587  000015d8          	.endproc _mbox_create
  589  000015d8          	.proc _mbox_open
  590  000015d8          	.global _mbox_open
  591  000015d8          	_mbox_open:
  592  000015d8  44000461	trap	#0x461
  593  000015dc  4be00000	jr	r31
  594  000015e0  54000000	nop
  595  000015e4          	.endproc _mbox_open
  597  000015e4          	.proc _mbox_close
  598  000015e4          	.global _mbox_close
  599  000015e4          	_mbox_close:
  600  000015e4  44000462	trap	#0x462
  601  000015e8  4be00000	jr	r31
  602  000015ec  54000000	nop
  603  000015f0          	.endproc _mbox_close
  605  000015f0          	.proc _mbox_send
  606  000015f0          	.global _mbox_send
  607  000015f0          	_mbox_send:
  608  000015f0  44000463	trap	#0x463
  609  000015f4  4be00000	jr	r31
  610  000015f8  54000000	nop
  611  000015fc          	.endproc _mbox_send
  613  000015fc          	.proc _mbox_recv
  614  000015fc          	.global _mbox_recv
  615  000015fc          	_mbox_recv:
  616  000015fc  44000464	trap	#0x464
  617  00001600  4be00000	jr	r31
  618  00001604  54000000	nop
  619  00001608          	.endproc _mbox_recv
  621  00001608          	.proc _sleep
  622  00001608          	.global _sleep
  623  00001608          	_sleep:
  624  00001608  44000465	trap	#0x465
  625  0000160c  4be00000	jr	r31
  626  00001610  54000000	nop
  627  00001614          	.endproc _sleep
  629  00001614          	.proc _yield
  630  00001614          	.global _yield
  631  00001614          	_yield:
  632  00001614  44000466	trap	#0x466
  633  00001618  4be00000	jr	r31
  634  0000161c  54000000	nop
  635  00001620          	.endproc _yield
  638  00001620          	.proc _Exit
  639  00001620          	.global _Exit
  640  00001620          	_Exit:
  641  00001620  44000500	trap	#0x500
  642  00001624  4be00000	jr	r31
  643  00001628  54000000	nop
  644  0000162c          	.endproc _Exit
  645                      ; Compiled by GCC
  647  0000162c          	.align 2
  648  0000162c          	.proc _isspace
  649  0000162c          	.global _isspace
  650  0000162c          	_isspace:
  651                      ;  Function 'isspace'; 0 bytes of locals, 3 regs to save.
  652  0000162c  afbefffc	sw	-4(r29),r30; push fp
  653  00001630  001df020	add	r30,r0,r29; fp = sp
  654  00001634  afbffff8	sw	-8(r29),r31; push ret addr
  655  00001638  2fbd0018	subui	r29,r29,#24; alloc local storage
  656  0000163c  afa20000	sw	0(r29),r2
  657  00001640  afa30004	sw	4(r29),r3
  658  00001644  afa40008	sw	8(r29),r4
  659  00001648  83c20003	lb	r2,3(r30)
  660  0000164c  20010000	addi	r1,r0,#0
  661  00001650  304300ff	andi	r3,r2,#0x00ff
  662  00001654  60640020	seqi	r4,r3,#32
  663  00001658  1480002c	bnez	r4,L3_LF2
  664  0000165c  54000000	nop; delay slot nop
  665  00001660  304300ff	andi	r3,r2,#0x00ff
  666  00001664  60640009	seqi	r4,r3,#9
  667  00001668  1480001c	bnez	r4,L3_LF2
  668  0000166c  54000000	nop; delay slot nop
  669  00001670  304300ff	andi	r3,r2,#0x00ff
  670  00001674  6064000a	seqi	r4,r3,#10
  671  00001678  1480000c	bnez	r4,L3_LF2
  672  0000167c  54000000	nop; delay slot nop
  673  00001680  08000008	j	L2_LF2
  674  00001684  54000000	nop; delay slot nop
  675  00001688          	L3_LF2:
  676  00001688  20010001	addi	r1,r0,#1
  677  0000168c          	L2_LF2:
  678  0000168c  08000004	j	L1_LF2
  679  00001690  54000000	nop; delay slot nop
  680  00001694          	L1_LF2:
  681  00001694  8fa20000	lw	r2,0(r29)
  682  00001698  8fa30004	lw	r3,4(r29)
  683  0000169c  8fa40008	lw	r4,8(r29)
  684  000016a0  8fdffff8	lw	r31,-8(r30)
  685  000016a4  001ee820	add	r29,r0,r30
  686  000016a8  8fdefffc	lw	r30,-4(r30)
  687  000016ac  4be00000	jr	r31
  688  000016b0  54000000	nop
  689  000016b4          	.endproc _isspace
  690  000016b4          	.align 2
  691  000016b4          	.proc _isxdigit
  692  000016b4          	.global _isxdigit
  693  000016b4          	_isxdigit:
  694                      ;  Function 'isxdigit'; 0 bytes of locals, 3 regs to save.
  695  000016b4  afbefffc	sw	-4(r29),r30; push fp
  696  000016b8  001df020	add	r30,r0,r29; fp = sp
  697  000016bc  afbffff8	sw	-8(r29),r31; push ret addr
  698  000016c0  2fbd0018	subui	r29,r29,#24; alloc local storage
  699  000016c4  afa20000	sw	0(r29),r2
  700  000016c8  afa30004	sw	4(r29),r3
  701  000016cc  afa40008	sw	8(r29),r4
  702  000016d0  83c20003	lb	r2,3(r30)
  703  000016d4  20010000	addi	r1,r0,#0
  704  000016d8  304300ff	andi	r3,r2,#0x00ff
  705  000016dc  6c64002f	sgtui	r4,r3,#47
  706  000016e0  1080001c	beqz	r4,L7_LF2
  707  000016e4  54000000	nop; delay slot nop
  708  000016e8  304300ff	andi	r3,r2,#0x00ff
  709  000016ec  70640039	sleui	r4,r3,#57
  710  000016f0  1480005c	bnez	r4,L6_LF2
  711  000016f4  54000000	nop; delay slot nop
  712  000016f8  08000004	j	L7_LF2
  713  000016fc  54000000	nop; delay slot nop
  714  00001700          	L7_LF2:
  715  00001700  304300ff	andi	r3,r2,#0x00ff
  716  00001704  6c640060	sgtui	r4,r3,#96
  717  00001708  1080001c	beqz	r4,L8_LF2
  718  0000170c  54000000	nop; delay slot nop
  719  00001710  304300ff	andi	r3,r2,#0x00ff
  720  00001714  70640066	sleui	r4,r3,#102
  721  00001718  14800034	bnez	r4,L6_LF2
  722  0000171c  54000000	nop; delay slot nop
  723  00001720  08000004	j	L8_LF2
  724  00001724  54000000	nop; delay slot nop
  725  00001728          	L8_LF2:
  726  00001728  304300ff	andi	r3,r2,#0x00ff
  727  0000172c  6c640040	sgtui	r4,r3,#64
  728  00001730  10800020	beqz	r4,L5_LF2
  729  00001734  54000000	nop; delay slot nop
  730  00001738  304300ff	andi	r3,r2,#0x00ff
  731  0000173c  70640041	sleui	r4,r3,#65
  732  00001740  1480000c	bnez	r4,L6_LF2
  733  00001744  54000000	nop; delay slot nop
  734  00001748  08000008	j	L5_LF2
  735  0000174c  54000000	nop; delay slot nop
  736  00001750          	L6_LF2:
  737  00001750  20010001	addi	r1,r0,#1
  738  00001754          	L5_LF2:
  739  00001754  08000004	j	L4_LF2
  740  00001758  54000000	nop; delay slot nop
  741  0000175c          	L4_LF2:
  742  0000175c  8fa20000	lw	r2,0(r29)
  743  00001760  8fa30004	lw	r3,4(r29)
  744  00001764  8fa40008	lw	r4,8(r29)
  745  00001768  8fdffff8	lw	r31,-8(r30)
  746  0000176c  001ee820	add	r29,r0,r30
  747  00001770  8fdefffc	lw	r30,-4(r30)
  748  00001774  4be00000	jr	r31
  749  00001778  54000000	nop
  750  0000177c          	.endproc _isxdigit
  751  0000177c          	.align 2
  752  0000177c          	.proc _dstrcpy
  753  0000177c          	.global _dstrcpy
  754  0000177c          	_dstrcpy:
  755                      ;  Function 'dstrcpy'; 8 bytes of locals, 2 regs to save.
  756  0000177c  afbefffc	sw	-4(r29),r30; push fp
  757  00001780  001df020	add	r30,r0,r29; fp = sp
  758  00001784  afbffff8	sw	-8(r29),r31; push ret addr
  759  00001788  2fbd0018	subui	r29,r29,#24; alloc local storage
  760  0000178c  afa20000	sw	0(r29),r2
  761  00001790  afa30004	sw	4(r29),r3
  762  00001794  8fc10000	lw	r1,(r30)
  763  00001798  afc1fff4	sw	-12(r30),r1
  764  0000179c          	L10_LF2:
  765  0000179c  8fc10000	lw	r1,(r30)
  766  000017a0  20220001	addi	r2,r1,#1
  767  000017a4  afc20000	sw	(r30),r2
  768  000017a8  8fc20004	lw	r2,4(r30)
  769  000017ac  20430001	addi	r3,r2,#1
  770  000017b0  afc30004	sw	4(r30),r3
  771  000017b4  80420000	lb	r2,(r2)
  772  000017b8  a0220000	sb	(r1),r2
  773  000017bc  a3c2fff3	sb	-13(r30),r2
  774  000017c0          	L12_LF2:
  775  000017c0  93c1fff3	lbu	r1,-13(r30)
  776  000017c4  64220000	snei	r2,r1,#0
  777  000017c8  1440000c	bnez	r2,L13_LF2
  778  000017cc  54000000	nop; delay slot nop
  779  000017d0  0800000c	j	L11_LF2
  780  000017d4  54000000	nop; delay slot nop
  781  000017d8          	L13_LF2:
  782  000017d8  0bffffc0	j	L10_LF2
  783  000017dc  54000000	nop; delay slot nop
  784  000017e0          	L11_LF2:
  785  000017e0  8fc1fff4	lw	r1,-12(r30)
  786  000017e4  08000004	j	L9_LF2
  787  000017e8  54000000	nop; delay slot nop
  788  000017ec          	L9_LF2:
  789  000017ec  8fa20000	lw	r2,0(r29)
  790  000017f0  8fa30004	lw	r3,4(r29)
  791  000017f4  8fdffff8	lw	r31,-8(r30)
  792  000017f8  001ee820	add	r29,r0,r30
  793  000017fc  8fdefffc	lw	r30,-4(r30)
  794  00001800  4be00000	jr	r31
  795  00001804  54000000	nop
  796  00001808          	.endproc _dstrcpy
  797  00001808          	.align 2
  798  00001808          	.proc _dstrncpy
  799  00001808          	.global _dstrncpy
  800  00001808          	_dstrncpy:
  801                      ;  Function 'dstrncpy'; 8 bytes of locals, 2 regs to save.
  802  00001808  afbefffc	sw	-4(r29),r30; push fp
  803  0000180c  001df020	add	r30,r0,r29; fp = sp
  804  00001810  afbffff8	sw	-8(r29),r31; push ret addr
  805  00001814  2fbd0018	subui	r29,r29,#24; alloc local storage
  806  00001818  afa20000	sw	0(r29),r2
  807  0000181c  afa30004	sw	4(r29),r3
  808  00001820  8fc10000	lw	r1,(r30)
  809  00001824  afc1fff4	sw	-12(r30),r1
  810  00001828          	L15_LF2:
  811  00001828  8fc10008	lw	r1,8(r30)
  812  0000182c  2022ffff	addi	r2,r1,#-1
  813  00001830  afc20008	sw	8(r30),r2
  814  00001834  70210000	slei	r1,r1,#0
  815  00001838  1020000c	beqz	r1,L18_LF2
  816  0000183c  54000000	nop; delay slot nop
  817  00001840  08000048	j	L16_LF2
  818  00001844  54000000	nop; delay slot nop
  819  00001848          	L18_LF2:
  820  00001848  8fc10000	lw	r1,(r30)
  821  0000184c  20220001	addi	r2,r1,#1
  822  00001850  afc20000	sw	(r30),r2
  823  00001854  8fc20004	lw	r2,4(r30)
  824  00001858  20430001	addi	r3,r2,#1
  825  0000185c  afc30004	sw	4(r30),r3
  826  00001860  80420000	lb	r2,(r2)
  827  00001864  a0220000	sb	(r1),r2
  828  00001868  a3c2fff3	sb	-13(r30),r2
  829  0000186c          	L17_LF2:
  830  0000186c  93c1fff3	lbu	r1,-13(r30)
  831  00001870  64220000	snei	r2,r1,#0
  832  00001874  1440000c	bnez	r2,L19_LF2
  833  00001878  54000000	nop; delay slot nop
  834  0000187c  0800000c	j	L16_LF2
  835  00001880  54000000	nop; delay slot nop
  836  00001884          	L19_LF2:
  837  00001884  0bffffa0	j	L15_LF2
  838  00001888  54000000	nop; delay slot nop
  839  0000188c          	L16_LF2:
  840  0000188c  8fc1fff4	lw	r1,-12(r30)
  841  00001890  08000004	j	L14_LF2
  842  00001894  54000000	nop; delay slot nop
  843  00001898          	L14_LF2:
  844  00001898  8fa20000	lw	r2,0(r29)
  845  0000189c  8fa30004	lw	r3,4(r29)
  846  000018a0  8fdffff8	lw	r31,-8(r30)
  847  000018a4  001ee820	add	r29,r0,r30
  848  000018a8  8fdefffc	lw	r30,-4(r30)
  849  000018ac  4be00000	jr	r31
  850  000018b0  54000000	nop
  851  000018b4          	.endproc _dstrncpy
  852  000018b4          	.align 2
  853  000018b4          	.proc _dstrcat
  854  000018b4          	.global _dstrcat
  855  000018b4          	_dstrcat:
  856                      ;  Function 'dstrcat'; 8 bytes of locals, 1 regs to save.
  857  000018b4  afbefffc	sw	-4(r29),r30; push fp
  858  000018b8  001df020	add	r30,r0,r29; fp = sp
  859  000018bc  afbffff8	sw	-8(r29),r31; push ret addr
  860  000018c0  2fbd0018	subui	r29,r29,#24; alloc local storage
  861  000018c4  afa20000	sw	0(r29),r2
  862  000018c8  8fc10000	lw	r1,(r30)
  863  000018cc  afc1fff4	sw	-12(r30),r1
  864  000018d0          	L21_LF2:
  865  000018d0  8fc10000	lw	r1,(r30)
  866  000018d4  90220000	lbu	r2,(r1)
  867  000018d8  64410000	snei	r1,r2,#0
  868  000018dc  1420000c	bnez	r1,L23_LF2
  869  000018e0  54000000	nop; delay slot nop
  870  000018e4  0800001c	j	L22_LF2
  871  000018e8  54000000	nop; delay slot nop
  872  000018ec          	L23_LF2:
  873  000018ec  8fc20000	lw	r2,(r30)
  874  000018f0  20410001	addi	r1,r2,#1
  875  000018f4  00011020	add	r2,r0,r1
  876  000018f8  afc20000	sw	(r30),r2
  877  000018fc  0bffffd0	j	L21_LF2
  878  00001900  54000000	nop; delay slot nop
  879  00001904          	L22_LF2:
  880  00001904  23bdfff8	addi	r29,r29,#-8
  881  00001908  001d0820	add	r1,r0,r29
  882  0000190c  8fc20000	lw	r2,(r30)
  883  00001910  ac220000	sw	(r1),r2
  884  00001914  8fc20004	lw	r2,4(r30)
  885  00001918  ac220004	sw	4(r1),r2
  886  0000191c  0ffffe5c	jal	_dstrcpy
  887  00001920  54000000	nop; delay slot nop
  888  00001924  23bd0008	addi	r29,r29,#8
  889  00001928  8fc1fff4	lw	r1,-12(r30)
  890  0000192c  08000004	j	L20_LF2
  891  00001930  54000000	nop; delay slot nop
  892  00001934          	L20_LF2:
  893  00001934  8fa20000	lw	r2,0(r29)
  894  00001938  8fdffff8	lw	r31,-8(r30)
  895  0000193c  001ee820	add	r29,r0,r30
  896  00001940  8fdefffc	lw	r30,-4(r30)
  897  00001944  4be00000	jr	r31
  898  00001948  54000000	nop
  899  0000194c          	.endproc _dstrcat
  900  0000194c          	.align 2
  901  0000194c          	.proc _dstrncmp
  902  0000194c          	.global _dstrncmp
  903  0000194c          	_dstrncmp:
  904                      ;  Function 'dstrncmp'; 8 bytes of locals, 2 regs to save.
  905  0000194c  afbefffc	sw	-4(r29),r30; push fp
  906  00001950  001df020	add	r30,r0,r29; fp = sp
  907  00001954  afbffff8	sw	-8(r29),r31; push ret addr
  908  00001958  2fbd0018	subui	r29,r29,#24; alloc local storage
  909  0000195c  afa20000	sw	0(r29),r2
  910  00001960  afa30004	sw	4(r29),r3
  911  00001964  54000000	nop
  912  00001968  20010000	addi	r1,r0,#0
  913  0000196c  afc1fff4	sw	-12(r30),r1
  914  00001970          	L25_LF2:
  915  00001970  8fc1fff4	lw	r1,-12(r30)
  916  00001974  8fc20008	lw	r2,8(r30)
  917  00001978  0022082a	slt	r1,r1,r2
  918  0000197c  1420000c	bnez	r1,L28_LF2
  919  00001980  54000000	nop; delay slot nop
  920  00001984  08000088	j	L26_LF2
  921  00001988  54000000	nop; delay slot nop
  922  0000198c          	L28_LF2:
  923  0000198c  8fc10004	lw	r1,4(r30)
  924  00001990  90220000	lbu	r2,(r1)
  925  00001994  64410000	snei	r1,r2,#0
  926  00001998  14200018	bnez	r1,L29_LF2
  927  0000199c  54000000	nop; delay slot nop
  928  000019a0  20010000	addi	r1,r0,#0
  929  000019a4  080000d8	j	L24_LF2
  930  000019a8  54000000	nop; delay slot nop
  931  000019ac  08000028	j	L30_LF2
  932  000019b0  54000000	nop; delay slot nop
  933  000019b4          	L29_LF2:
  934  000019b4  8fc10000	lw	r1,(r30)
  935  000019b8  8fc20004	lw	r2,4(r30)
  936  000019bc  90210000	lbu	r1,(r1)
  937  000019c0  90420000	lbu	r2,(r2)
  938  000019c4  00220829	sne	r1,r1,r2
  939  000019c8  1020000c	beqz	r1,L30_LF2
  940  000019cc  54000000	nop; delay slot nop
  941  000019d0  0800003c	j	L26_LF2
  942  000019d4  54000000	nop; delay slot nop
  943  000019d8          	L31_LF2:
  944  000019d8          	L30_LF2:
  945  000019d8  8fc20000	lw	r2,(r30)
  946  000019dc  20410001	addi	r1,r2,#1
  947  000019e0  00011020	add	r2,r0,r1
  948  000019e4  afc20000	sw	(r30),r2
  949  000019e8  8fc20004	lw	r2,4(r30)
  950  000019ec  20410001	addi	r1,r2,#1
  951  000019f0  00011020	add	r2,r0,r1
  952  000019f4  afc20004	sw	4(r30),r2
  953  000019f8          	L27_LF2:
  954  000019f8  8fc2fff4	lw	r2,-12(r30)
  955  000019fc  20410001	addi	r1,r2,#1
  956  00001a00  00011020	add	r2,r0,r1
  957  00001a04  afc2fff4	sw	-12(r30),r2
  958  00001a08  0bffff64	j	L25_LF2
  959  00001a0c  54000000	nop; delay slot nop
  960  00001a10          	L26_LF2:
  961  00001a10  8fc1fff4	lw	r1,-12(r30)
  962  00001a14  8fc20008	lw	r2,8(r30)
  963  00001a18  00220828	seq	r1,r1,r2
  964  00001a1c  10200018	beqz	r1,L32_LF2
  965  00001a20  54000000	nop; delay slot nop
  966  00001a24  20010000	addi	r1,r0,#0
  967  00001a28  08000054	j	L24_LF2
  968  00001a2c  54000000	nop; delay slot nop
  969  00001a30  0800004c	j	L33_LF2
  970  00001a34  54000000	nop; delay slot nop
  971  00001a38          	L32_LF2:
  972  00001a38  8fc20000	lw	r2,(r30)
  973  00001a3c  90410000	lbu	r1,(r2)
  974  00001a40  8fc20004	lw	r2,4(r30)
  975  00001a44  90430000	lbu	r3,(r2)
  976  00001a48  00230822	sub	r1,r1,r3
  977  00001a4c  74220000	sgei	r2,r1,#0
  978  00001a50  10400020	beqz	r2,L34_LF2
  979  00001a54  54000000	nop; delay slot nop
  980  00001a58  8fc10000	lw	r1,(r30)
  981  00001a5c  8fc20004	lw	r2,4(r30)
  982  00001a60  90210000	lbu	r1,(r1)
  983  00001a64  90420000	lbu	r2,(r2)
  984  00001a68  00220829	sne	r1,r1,r2
  985  00001a6c  08000008	j	L35_LF2
  986  00001a70  54000000	nop; delay slot nop
  987  00001a74          	L34_LF2:
  988  00001a74  2001ffff	addi	r1,r0,#-1
  989  00001a78          	L35_LF2:
  990  00001a78  08000004	j	L24_LF2
  991  00001a7c  54000000	nop; delay slot nop
  992  00001a80          	L33_LF2:
  993  00001a80          	L24_LF2:
  994  00001a80  8fa20000	lw	r2,0(r29)
  995  00001a84  8fa30004	lw	r3,4(r29)
  996  00001a88  8fdffff8	lw	r31,-8(r30)
  997  00001a8c  001ee820	add	r29,r0,r30
  998  00001a90  8fdefffc	lw	r30,-4(r30)
  999  00001a94  4be00000	jr	r31
 1000  00001a98  54000000	nop
 1001  00001a9c          	.endproc _dstrncmp
 1002  00001a9c          	.align 2
 1003  00001a9c          	.proc _dstrlen
 1004  00001a9c          	.global _dstrlen
 1005  00001a9c          	_dstrlen:
 1006                      ;  Function 'dstrlen'; 8 bytes of locals, 1 regs to save.
 1007  00001a9c  afbefffc	sw	-4(r29),r30; push fp
 1008  00001aa0  001df020	add	r30,r0,r29; fp = sp
 1009  00001aa4  afbffff8	sw	-8(r29),r31; push ret addr
 1010  00001aa8  2fbd0018	subui	r29,r29,#24; alloc local storage
 1011  00001aac  afa20000	sw	0(r29),r2
 1012  00001ab0  20010000	addi	r1,r0,#0
 1013  00001ab4  afc1fff4	sw	-12(r30),r1
 1014  00001ab8          	L37_LF2:
 1015  00001ab8  8fc10000	lw	r1,(r30)
 1016  00001abc  20220001	addi	r2,r1,#1
 1017  00001ac0  afc20000	sw	(r30),r2
 1018  00001ac4  90210000	lbu	r1,(r1)
 1019  00001ac8  64220000	snei	r2,r1,#0
 1020  00001acc  1440000c	bnez	r2,L39_LF2
 1021  00001ad0  54000000	nop; delay slot nop
 1022  00001ad4  0800001c	j	L38_LF2
 1023  00001ad8  54000000	nop; delay slot nop
 1024  00001adc          	L39_LF2:
 1025  00001adc  8fc2fff4	lw	r2,-12(r30)
 1026  00001ae0  20410001	addi	r1,r2,#1
 1027  00001ae4  00011020	add	r2,r0,r1
 1028  00001ae8  afc2fff4	sw	-12(r30),r2
 1029  00001aec  0bffffc8	j	L37_LF2
 1030  00001af0  54000000	nop; delay slot nop
 1031  00001af4          	L38_LF2:
 1032  00001af4  8fc1fff4	lw	r1,-12(r30)
 1033  00001af8  08000004	j	L36_LF2
 1034  00001afc  54000000	nop; delay slot nop
 1035  00001b00          	L36_LF2:
 1036  00001b00  8fa20000	lw	r2,0(r29)
 1037  00001b04  8fdffff8	lw	r31,-8(r30)
 1038  00001b08  001ee820	add	r29,r0,r30
 1039  00001b0c  8fdefffc	lw	r30,-4(r30)
 1040  00001b10  4be00000	jr	r31
 1041  00001b14  54000000	nop
 1042  00001b18          	.endproc _dstrlen
 1043  00001b18          	.align 2
 1044  00001b18          	.proc _dstrstr
 1045  00001b18          	.global _dstrstr
 1046  00001b18          	_dstrstr:
 1047                      ;  Function 'dstrstr'; 8 bytes of locals, 1 regs to save.
 1048  00001b18  afbefffc	sw	-4(r29),r30; push fp
 1049  00001b1c  001df020	add	r30,r0,r29; fp = sp
 1050  00001b20  afbffff8	sw	-8(r29),r31; push ret addr
 1051  00001b24  2fbd0018	subui	r29,r29,#24; alloc local storage
 1052  00001b28  afa20000	sw	0(r29),r2
 1053  00001b2c  23bdfff8	addi	r29,r29,#-8
 1054  00001b30  001d0820	add	r1,r0,r29
 1055  00001b34  8fc20004	lw	r2,4(r30)
 1056  00001b38  ac220000	sw	(r1),r2
 1057  00001b3c  0fffff5c	jal	_dstrlen
 1058  00001b40  54000000	nop; delay slot nop
 1059  00001b44  23bd0008	addi	r29,r29,#8
 1060  00001b48  afc1fff4	sw	-12(r30),r1
 1061  00001b4c          	L41_LF2:
 1062  00001b4c  8fc10000	lw	r1,(r30)
 1063  00001b50  90220000	lbu	r2,(r1)
 1064  00001b54  64410000	snei	r1,r2,#0
 1065  00001b58  1420000c	bnez	r1,L43_LF2
 1066  00001b5c  54000000	nop; delay slot nop
 1067  00001b60  08000060	j	L42_LF2
 1068  00001b64  54000000	nop; delay slot nop
 1069  00001b68          	L43_LF2:
 1070  00001b68  23bdfff0	addi	r29,r29,#-16
 1071  00001b6c  001d0820	add	r1,r0,r29
 1072  00001b70  8fc20000	lw	r2,(r30)
 1073  00001b74  ac220000	sw	(r1),r2
 1074  00001b78  8fc20004	lw	r2,4(r30)
 1075  00001b7c  ac220004	sw	4(r1),r2
 1076  00001b80  8fc2fff4	lw	r2,-12(r30)
 1077  00001b84  ac220008	sw	8(r1),r2
 1078  00001b88  0ffffdc0	jal	_dstrncmp
 1079  00001b8c  54000000	nop; delay slot nop
 1080  00001b90  23bd0010	addi	r29,r29,#16
 1081  00001b94  64220000	snei	r2,r1,#0
 1082  00001b98  14400010	bnez	r2,L44_LF2
 1083  00001b9c  54000000	nop; delay slot nop
 1084  00001ba0  8fc10000	lw	r1,(r30)
 1085  00001ba4  08000028	j	L40_LF2
 1086  00001ba8  54000000	nop; delay slot nop
 1087  00001bac          	L44_LF2:
 1088  00001bac  8fc20000	lw	r2,(r30)
 1089  00001bb0  20410001	addi	r1,r2,#1
 1090  00001bb4  00011020	add	r2,r0,r1
 1091  00001bb8  afc20000	sw	(r30),r2
 1092  00001bbc  0bffff8c	j	L41_LF2
 1093  00001bc0  54000000	nop; delay slot nop
 1094  00001bc4          	L42_LF2:
 1095  00001bc4  20010000	addi	r1,r0,#0
 1096  00001bc8  08000004	j	L40_LF2
 1097  00001bcc  54000000	nop; delay slot nop
 1098  00001bd0          	L40_LF2:
 1099  00001bd0  8fa20000	lw	r2,0(r29)
 1100  00001bd4  8fdffff8	lw	r31,-8(r30)
 1101  00001bd8  001ee820	add	r29,r0,r30
 1102  00001bdc  8fdefffc	lw	r30,-4(r30)
 1103  00001be0  4be00000	jr	r31
 1104  00001be4  54000000	nop
 1105  00001be8          	.endproc _dstrstr
 1106  00001be8          	.align 2
 1107  00001be8          	.proc _dmindex
 1108  00001be8          	.global _dmindex
 1109  00001be8          	_dmindex:
 1110                      ;  Function 'dmindex'; 8 bytes of locals, 1 regs to save.
 1111  00001be8  afbefffc	sw	-4(r29),r30; push fp
 1112  00001bec  001df020	add	r30,r0,r29; fp = sp
 1113  00001bf0  afbffff8	sw	-8(r29),r31; push ret addr
 1114  00001bf4  2fbd0018	subui	r29,r29,#24; alloc local storage
 1115  00001bf8  afa20000	sw	0(r29),r2
 1116  00001bfc  54000000	nop
 1117  00001c00          	L46_LF2:
 1118  00001c00  8fc10000	lw	r1,(r30)
 1119  00001c04  90220000	lbu	r2,(r1)
 1120  00001c08  64410000	snei	r1,r2,#0
 1121  00001c0c  1420000c	bnez	r1,L48_LF2
 1122  00001c10  54000000	nop; delay slot nop
 1123  00001c14  08000070	j	L47_LF2
 1124  00001c18  54000000	nop; delay slot nop
 1125  00001c1c          	L48_LF2:
 1126  00001c1c  8fc10004	lw	r1,4(r30)
 1127  00001c20  afc1fff4	sw	-12(r30),r1
 1128  00001c24          	L49_LF2:
 1129  00001c24  8fc1fff4	lw	r1,-12(r30)
 1130  00001c28  90220000	lbu	r2,(r1)
 1131  00001c2c  64410000	snei	r1,r2,#0
 1132  00001c30  1420000c	bnez	r1,L52_LF2
 1133  00001c34  54000000	nop; delay slot nop
 1134  00001c38  08000044	j	L50_LF2
 1135  00001c3c  54000000	nop; delay slot nop
 1136  00001c40          	L52_LF2:
 1137  00001c40  8fc10000	lw	r1,(r30)
 1138  00001c44  8fc2fff4	lw	r2,-12(r30)
 1139  00001c48  90210000	lbu	r1,(r1)
 1140  00001c4c  90420000	lbu	r2,(r2)
 1141  00001c50  00220828	seq	r1,r1,r2
 1142  00001c54  10200010	beqz	r1,L51_LF2
 1143  00001c58  54000000	nop; delay slot nop
 1144  00001c5c  8fc10000	lw	r1,(r30)
 1145  00001c60  08000030	j	L45_LF2
 1146  00001c64  54000000	nop; delay slot nop
 1147  00001c68          	L53_LF2:
 1148  00001c68          	L51_LF2:
 1149  00001c68  8fc2fff4	lw	r2,-12(r30)
 1150  00001c6c  20410001	addi	r1,r2,#1
 1151  00001c70  00011020	add	r2,r0,r1
 1152  00001c74  afc2fff4	sw	-12(r30),r2
 1153  00001c78  0bffffa8	j	L49_LF2
 1154  00001c7c  54000000	nop; delay slot nop
 1155  00001c80          	L50_LF2:
 1156  00001c80  0bffff7c	j	L46_LF2
 1157  00001c84  54000000	nop; delay slot nop
 1158  00001c88          	L47_LF2:
 1159  00001c88  20010000	addi	r1,r0,#0
 1160  00001c8c  08000004	j	L45_LF2
 1161  00001c90  54000000	nop; delay slot nop
 1162  00001c94          	L45_LF2:
 1163  00001c94  8fa20000	lw	r2,0(r29)
 1164  00001c98  8fdffff8	lw	r31,-8(r30)
 1165  00001c9c  001ee820	add	r29,r0,r30
 1166  00001ca0  8fdefffc	lw	r30,-4(r30)
 1167  00001ca4  4be00000	jr	r31
 1168  00001ca8  54000000	nop
 1169  00001cac          	.endproc _dmindex
 1170  00001cac          	.align 2
 1171  00001cac          	.proc _dindex
 1172  00001cac          	.global _dindex
 1173  00001cac          	_dindex:
 1174                      ;  Function 'dindex'; 0 bytes of locals, 1 regs to save.
 1175  00001cac  afbefffc	sw	-4(r29),r30; push fp
 1176  00001cb0  001df020	add	r30,r0,r29; fp = sp
 1177  00001cb4  afbffff8	sw	-8(r29),r31; push ret addr
 1178  00001cb8  2fbd0010	subui	r29,r29,#16; alloc local storage
 1179  00001cbc  afa20000	sw	0(r29),r2
 1180  00001cc0  54000000	nop
 1181  00001cc4          	L55_LF2:
 1182  00001cc4  8fc10000	lw	r1,(r30)
 1183  00001cc8  90220000	lbu	r2,(r1)
 1184  00001ccc  64410000	snei	r1,r2,#0
 1185  00001cd0  1420000c	bnez	r1,L57_LF2
 1186  00001cd4  54000000	nop; delay slot nop
 1187  00001cd8  08000040	j	L56_LF2
 1188  00001cdc  54000000	nop; delay slot nop
 1189  00001ce0          	L57_LF2:
 1190  00001ce0  8fc10000	lw	r1,(r30)
 1191  00001ce4  90220000	lbu	r2,(r1)
 1192  00001ce8  8fc10004	lw	r1,4(r30)
 1193  00001cec  00411028	seq	r2,r2,r1
 1194  00001cf0  10400010	beqz	r2,L58_LF2
 1195  00001cf4  54000000	nop; delay slot nop
 1196  00001cf8  8fc10000	lw	r1,(r30)
 1197  00001cfc  08000028	j	L54_LF2
 1198  00001d00  54000000	nop; delay slot nop
 1199  00001d04          	L58_LF2:
 1200  00001d04  8fc20000	lw	r2,(r30)
 1201  00001d08  20410001	addi	r1,r2,#1
 1202  00001d0c  00011020	add	r2,r0,r1
 1203  00001d10  afc20000	sw	(r30),r2
 1204  00001d14  0bffffac	j	L55_LF2
 1205  00001d18  54000000	nop; delay slot nop
 1206  00001d1c          	L56_LF2:
 1207  00001d1c  20010000	addi	r1,r0,#0
 1208  00001d20  08000004	j	L54_LF2
 1209  00001d24  54000000	nop; delay slot nop
 1210  00001d28          	L54_LF2:
 1211  00001d28  8fa20000	lw	r2,0(r29)
 1212  00001d2c  8fdffff8	lw	r31,-8(r30)
 1213  00001d30  001ee820	add	r29,r0,r30
 1214  00001d34  8fdefffc	lw	r30,-4(r30)
 1215  00001d38  4be00000	jr	r31
 1216  00001d3c  54000000	nop
 1217  00001d40          	.endproc _dindex
 1218  00001d40          	.align 2
 1219  00001d40          	.proc _ditoa
 1220  00001d40          	.global _ditoa
 1221  00001d40          	_ditoa:
 1222                      ;  Function 'ditoa'; 8 bytes of locals, 2 regs to save.
 1223  00001d40  afbefffc	sw	-4(r29),r30; push fp
 1224  00001d44  001df020	add	r30,r0,r29; fp = sp
 1225  00001d48  afbffff8	sw	-8(r29),r31; push ret addr
 1226  00001d4c  2fbd0018	subui	r29,r29,#24; alloc local storage
 1227  00001d50  afa20000	sw	0(r29),r2
 1228  00001d54  afa30004	sw	4(r29),r3
 1229  00001d58  8fc10000	lw	r1,(r30)
 1230  00001d5c  68220000	slti	r2,r1,#0
 1231  00001d60  1040002c	beqz	r2,L60_LF2
 1232  00001d64  54000000	nop; delay slot nop
 1233  00001d68  8fc10004	lw	r1,4(r30)
 1234  00001d6c  20220001	addi	r2,r1,#1
 1235  00001d70  afc20004	sw	4(r30),r2
 1236  00001d74  2002002d	addi	r2,r0,(#0x2d)&0xff
 1237  00001d78  a0220000	sb	(r1),r2
 1238  00001d7c  8fc10000	lw	r1,(r30)
 1239  00001d80  00011022	sub	r2,r0,r1
 1240  00001d84  afc20000	sw	(r30),r2
 1241  00001d88  08000118	j	L61_LF2
 1242  00001d8c  54000000	nop; delay slot nop
 1243  00001d90          	L60_LF2:
 1244  00001d90  8fc10000	lw	r1,(r30)
 1245  00001d94  64220000	snei	r2,r1,#0
 1246  00001d98  14400020	bnez	r2,L62_LF2
 1247  00001d9c  54000000	nop; delay slot nop
 1248  00001da0  8fc10004	lw	r1,4(r30)
 1249  00001da4  20220001	addi	r2,r1,#1
 1250  00001da8  afc20004	sw	4(r30),r2
 1251  00001dac  20020030	addi	r2,r0,(#0x30)&0xff
 1252  00001db0  a0220000	sb	(r1),r2
 1253  00001db4  080000ec	j	L61_LF2
 1254  00001db8  54000000	nop; delay slot nop
 1255  00001dbc          	L62_LF2:
 1256  00001dbc  20010001	addi	r1,r0,#1
 1257  00001dc0  afc1fff4	sw	-12(r30),r1
 1258  00001dc4          	L64_LF2:
 1259  00001dc4  8fc1fff4	lw	r1,-12(r30)
 1260  00001dc8  8fc20000	lw	r2,(r30)
 1261  00001dcc  0022082c	sle	r1,r1,r2
 1262  00001dd0  1420000c	bnez	r1,L66_LF2
 1263  00001dd4  54000000	nop; delay slot nop
 1264  00001dd8  08000024	j	L65_LF2
 1265  00001ddc  54000000	nop; delay slot nop
 1266  00001de0          	L67_LF2:
 1267  00001de0          	L66_LF2:
 1268  00001de0  8fc1fff4	lw	r1,-12(r30)
 1269  00001de4  00011820	add	r3,r0,r1
 1270  00001de8  50620002	slli	r2,r3,#0x2
 1271  00001dec  00411020	add	r2,r2,r1
 1272  00001df0  50410001	slli	r1,r2,#0x1
 1273  00001df4  afc1fff4	sw	-12(r30),r1
 1274  00001df8  0bffffc8	j	L64_LF2
 1275  00001dfc  54000000	nop; delay slot nop
 1276  00001e00          	L65_LF2:
 1277  00001e00  54000000	nop
 1278  00001e04          	L68_LF2:
 1279  00001e04  8fc1fff4	lw	r1,-12(r30)
 1280  00001e08  2002000a	addi	r2,r0,#10
 1281  00001e0c  00200035	movi2fp	f0,r1
 1282  00001e10  00400835	movi2fp	f1,r2
 1283  00001e14  0401000f	div	f0,f0,f1
 1284  00001e18  00000834	movfp2i	r1,f0
 1285  00001e1c  afc1fff4	sw	-12(r30),r1
 1286  00001e20  8fc10004	lw	r1,4(r30)
 1287  00001e24  20220001	addi	r2,r1,#1
 1288  00001e28  afc20004	sw	4(r30),r2
 1289  00001e2c  8fc20000	lw	r2,(r30)
 1290  00001e30  8fc3fff4	lw	r3,-12(r30)
 1291  00001e34  00400035	movi2fp	f0,r2
 1292  00001e38  00600835	movi2fp	f1,r3
 1293  00001e3c  0401000f	div	f0,f0,f1
 1294  00001e40  00001034	movfp2i	r2,f0
 1295  00001e44  00021820	add	r3,r0,r2
 1296  00001e48  20620030	addi	r2,r3,#48
 1297  00001e4c  a0220000	sb	(r1),r2
 1298  00001e50  8fc10000	lw	r1,(r30)
 1299  00001e54  8fc3fff4	lw	r3,-12(r30)
 1300  00001e58  00200035	movi2fp	f0,r1
 1301  00001e5c  00600835	movi2fp	f1,r3
 1302  00001e60  0401000f	div	f0,f0,f1
 1303  00001e64  00001034	movfp2i	r2,f0
 1304  00001e68  8fc3fff4	lw	r3,-12(r30)
 1305  00001e6c  00400035	movi2fp	f0,r2
 1306  00001e70  00600835	movi2fp	f1,r3
 1307  00001e74  0401000e	mult	f0,f0,f1
 1308  00001e78  00001034	movfp2i	r2,f0
 1309  00001e7c  00220822	sub	r1,r1,r2
 1310  00001e80  afc10000	sw	(r30),r1
 1311  00001e84          	L70_LF2:
 1312  00001e84  8fc1fff4	lw	r1,-12(r30)
 1313  00001e88  6c220001	sgti	r2,r1,#1
 1314  00001e8c  1440000c	bnez	r2,L71_LF2
 1315  00001e90  54000000	nop; delay slot nop
 1316  00001e94  0800000c	j	L61_LF2
 1317  00001e98  54000000	nop; delay slot nop
 1318  00001e9c          	L71_LF2:
 1319  00001e9c  0bffff64	j	L68_LF2
 1320  00001ea0  54000000	nop; delay slot nop
 1321  00001ea4          	L69_LF2:
 1322  00001ea4          	L63_LF2:
 1323  00001ea4          	L61_LF2:
 1324  00001ea4  8fc10004	lw	r1,4(r30)
 1325  00001ea8  20020000	addi	r2,r0,(#0x0)&0xff
 1326  00001eac  a0220000	sb	(r1),r2
 1327  00001eb0          	L59_LF2:
 1328  00001eb0  8fa20000	lw	r2,0(r29)
 1329  00001eb4  8fa30004	lw	r3,4(r29)
 1330  00001eb8  8fdffff8	lw	r31,-8(r30)
 1331  00001ebc  001ee820	add	r29,r0,r30
 1332  00001ec0  8fdefffc	lw	r30,-4(r30)
 1333  00001ec4  4be00000	jr	r31
 1334  00001ec8  54000000	nop
 1335  00001ecc          	.endproc _ditoa
 1336  00001ecc          	.align 2
 1337  00001ecc          	.proc _dstrtol
 1338  00001ecc          	.global _dstrtol
 1339  00001ecc          	_dstrtol:
 1340                      ;  Function 'dstrtol'; 16 bytes of locals, 1 regs to save.
 1341  00001ecc  afbefffc	sw	-4(r29),r30; push fp
 1342  00001ed0  001df020	add	r30,r0,r29; fp = sp
 1343  00001ed4  afbffff8	sw	-8(r29),r31; push ret addr
 1344  00001ed8  2fbd0020	subui	r29,r29,#32; alloc local storage
 1345  00001edc  afa20000	sw	0(r29),r2
 1346  00001ee0  20010000	addi	r1,r0,#0
 1347  00001ee4  afc1fff4	sw	-12(r30),r1
 1348  00001ee8          	L73_LF2:
 1349  00001ee8  8fc10000	lw	r1,(r30)
 1350  00001eec  90220000	lbu	r2,(r1)
 1351  00001ef0  60410020	seqi	r1,r2,#32
 1352  00001ef4  14200034	bnez	r1,L75_LF2
 1353  00001ef8  54000000	nop; delay slot nop
 1354  00001efc  8fc10000	lw	r1,(r30)
 1355  00001f00  90220000	lbu	r2,(r1)
 1356  00001f04  60410009	seqi	r1,r2,#9
 1357  00001f08  14200020	bnez	r1,L75_LF2
 1358  00001f0c  54000000	nop; delay slot nop
 1359  00001f10  8fc10000	lw	r1,(r30)
 1360  00001f14  90220000	lbu	r2,(r1)
 1361  00001f18  6041000a	seqi	r1,r2,#10
 1362  00001f1c  1420000c	bnez	r1,L75_LF2
 1363  00001f20  54000000	nop; delay slot nop
 1364  00001f24  0800001c	j	L74_LF2
 1365  00001f28  54000000	nop; delay slot nop
 1366  00001f2c          	L75_LF2:
 1367  00001f2c  8fc20000	lw	r2,(r30)
 1368  00001f30  20410001	addi	r1,r2,#1
 1369  00001f34  00011020	add	r2,r0,r1
 1370  00001f38  afc20000	sw	(r30),r2
 1371  00001f3c  0bffffa8	j	L73_LF2
 1372  00001f40  54000000	nop; delay slot nop
 1373  00001f44          	L74_LF2:
 1374  00001f44  8fc10004	lw	r1,4(r30)
 1375  00001f48  64220000	snei	r2,r1,#0
 1376  00001f4c  10400010	beqz	r2,L76_LF2
 1377  00001f50  54000000	nop; delay slot nop
 1378  00001f54  8fc10004	lw	r1,4(r30)
 1379  00001f58  8fc20000	lw	r2,(r30)
 1380  00001f5c  ac220000	sw	(r1),r2
 1381  00001f60          	L76_LF2:
 1382  00001f60  8fc10000	lw	r1,(r30)
 1383  00001f64  90220000	lbu	r2,(r1)
 1384  00001f68  64410000	snei	r1,r2,#0
 1385  00001f6c  14200010	bnez	r1,L77_LF2
 1386  00001f70  54000000	nop; delay slot nop
 1387  00001f74  8fc1fff4	lw	r1,-12(r30)
 1388  00001f78  08000294	j	L72_LF2
 1389  00001f7c  54000000	nop; delay slot nop
 1390  00001f80          	L77_LF2:
 1391  00001f80  8fc10000	lw	r1,(r30)
 1392  00001f84  90220000	lbu	r2,(r1)
 1393  00001f88  6041002d	seqi	r1,r2,#45
 1394  00001f8c  10200024	beqz	r1,L78_LF2
 1395  00001f90  54000000	nop; delay slot nop
 1396  00001f94  2001ffff	addi	r1,r0,#-1
 1397  00001f98  afc1ffec	sw	-20(r30),r1
 1398  00001f9c  8fc20000	lw	r2,(r30)
 1399  00001fa0  20410001	addi	r1,r2,#1
 1400  00001fa4  00011020	add	r2,r0,r1
 1401  00001fa8  afc20000	sw	(r30),r2
 1402  00001fac  0800000c	j	L79_LF2
 1403  00001fb0  54000000	nop; delay slot nop
 1404  00001fb4          	L78_LF2:
 1405  00001fb4  20010001	addi	r1,r0,#1
 1406  00001fb8  afc1ffec	sw	-20(r30),r1
 1407  00001fbc          	L79_LF2:
 1408  00001fbc  8fc10008	lw	r1,8(r30)
 1409  00001fc0  64220000	snei	r2,r1,#0
 1410  00001fc4  14400090	bnez	r2,L80_LF2
 1411  00001fc8  54000000	nop; delay slot nop
 1412  00001fcc  8fc10000	lw	r1,(r30)
 1413  00001fd0  90220000	lbu	r2,(r1)
 1414  00001fd4  60410030	seqi	r1,r2,#48
 1415  00001fd8  10200074	beqz	r1,L81_LF2
 1416  00001fdc  54000000	nop; delay slot nop
 1417  00001fe0  8fc20000	lw	r2,(r30)
 1418  00001fe4  20410001	addi	r1,r2,#1
 1419  00001fe8  00011020	add	r2,r0,r1
 1420  00001fec  afc20000	sw	(r30),r2
 1421  00001ff0  8fc10000	lw	r1,(r30)
 1422  00001ff4  90220000	lbu	r2,(r1)
 1423  00001ff8  60410078	seqi	r1,r2,#120
 1424  00001ffc  14200020	bnez	r1,L83_LF2
 1425  00002000  54000000	nop; delay slot nop
 1426  00002004  8fc10000	lw	r1,(r30)
 1427  00002008  90220000	lbu	r2,(r1)
 1428  0000200c  60410058	seqi	r1,r2,#88
 1429  00002010  1420000c	bnez	r1,L83_LF2
 1430  00002014  54000000	nop; delay slot nop
 1431  00002018  08000024	j	L82_LF2
 1432  0000201c  54000000	nop; delay slot nop
 1433  00002020          	L83_LF2:
 1434  00002020  20010010	addi	r1,r0,#16
 1435  00002024  afc10008	sw	8(r30),r1
 1436  00002028  8fc20000	lw	r2,(r30)
 1437  0000202c  20410001	addi	r1,r2,#1
 1438  00002030  00011020	add	r2,r0,r1
 1439  00002034  afc20000	sw	(r30),r2
 1440  00002038  0800000c	j	L84_LF2
 1441  0000203c  54000000	nop; delay slot nop
 1442  00002040          	L82_LF2:
 1443  00002040  20010008	addi	r1,r0,#8
 1444  00002044  afc10008	sw	8(r30),r1
 1445  00002048          	L84_LF2:
 1446  00002048  0800000c	j	L80_LF2
 1447  0000204c  54000000	nop; delay slot nop
 1448  00002050          	L81_LF2:
 1449  00002050  2001000a	addi	r1,r0,#10
 1450  00002054  afc10008	sw	8(r30),r1
 1451  00002058          	L85_LF2:
 1452  00002058          	L80_LF2:
 1453  00002058  8fc10008	lw	r1,8(r30)
 1454  0000205c  70220000	slei	r2,r1,#0
 1455  00002060  1440001c	bnez	r2,L87_LF2
 1456  00002064  54000000	nop; delay slot nop
 1457  00002068  8fc10008	lw	r1,8(r30)
 1458  0000206c  6c220010	sgti	r2,r1,#16
 1459  00002070  1440000c	bnez	r2,L87_LF2
 1460  00002074  54000000	nop; delay slot nop
 1461  00002078  08000010	j	L86_LF2
 1462  0000207c  54000000	nop; delay slot nop
 1463  00002080          	L87_LF2:
 1464  00002080  8fc1fff4	lw	r1,-12(r30)
 1465  00002084  08000188	j	L72_LF2
 1466  00002088  54000000	nop; delay slot nop
 1467  0000208c          	L86_LF2:
 1468  0000208c  54000000	nop
 1469  00002090          	L88_LF2:
 1470  00002090  8fc10000	lw	r1,(r30)
 1471  00002094  90220000	lbu	r2,(r1)
 1472  00002098  6c41002f	sgtui	r1,r2,#47
 1473  0000209c  10200030	beqz	r1,L91_LF2
 1474  000020a0  54000000	nop; delay slot nop
 1475  000020a4  8fc10000	lw	r1,(r30)
 1476  000020a8  90220000	lbu	r2,(r1)
 1477  000020ac  70410039	sleui	r1,r2,#57
 1478  000020b0  1020001c	beqz	r1,L91_LF2
 1479  000020b4  54000000	nop; delay slot nop
 1480  000020b8  8fc10000	lw	r1,(r30)
 1481  000020bc  90220000	lbu	r2,(r1)
 1482  000020c0  2041ffd0	addi	r1,r2,#-48
 1483  000020c4  afc1fff0	sw	-16(r30),r1
 1484  000020c8  0800008c	j	L92_LF2
 1485  000020cc  54000000	nop; delay slot nop
 1486  000020d0          	L91_LF2:
 1487  000020d0  8fc10000	lw	r1,(r30)
 1488  000020d4  90220000	lbu	r2,(r1)
 1489  000020d8  6c410060	sgtui	r1,r2,#96
 1490  000020dc  10200030	beqz	r1,L93_LF2
 1491  000020e0  54000000	nop; delay slot nop
 1492  000020e4  8fc10000	lw	r1,(r30)
 1493  000020e8  90220000	lbu	r2,(r1)
 1494  000020ec  7041007a	sleui	r1,r2,#122
 1495  000020f0  1020001c	beqz	r1,L93_LF2
 1496  000020f4  54000000	nop; delay slot nop
 1497  000020f8  8fc10000	lw	r1,(r30)
 1498  000020fc  90220000	lbu	r2,(r1)
 1499  00002100  2041ffa9	addi	r1,r2,#-87
 1500  00002104  afc1fff0	sw	-16(r30),r1
 1501  00002108  0800004c	j	L92_LF2
 1502  0000210c  54000000	nop; delay slot nop
 1503  00002110          	L93_LF2:
 1504  00002110  8fc10000	lw	r1,(r30)
 1505  00002114  90220000	lbu	r2,(r1)
 1506  00002118  6c410040	sgtui	r1,r2,#64
 1507  0000211c  10200030	beqz	r1,L95_LF2
 1508  00002120  54000000	nop; delay slot nop
 1509  00002124  8fc10000	lw	r1,(r30)
 1510  00002128  90220000	lbu	r2,(r1)
 1511  0000212c  7041005a	sleui	r1,r2,#90
 1512  00002130  1020001c	beqz	r1,L95_LF2
 1513  00002134  54000000	nop; delay slot nop
 1514  00002138  8fc10000	lw	r1,(r30)
 1515  0000213c  90220000	lbu	r2,(r1)
 1516  00002140  2041ffc9	addi	r1,r2,#-55
 1517  00002144  afc1fff0	sw	-16(r30),r1
 1518  00002148  0800000c	j	L92_LF2
 1519  0000214c  54000000	nop; delay slot nop
 1520  00002150          	L95_LF2:
 1521  00002150  200103e8	addi	r1,r0,#1000
 1522  00002154  afc1fff0	sw	-16(r30),r1
 1523  00002158          	L96_LF2:
 1524  00002158          	L94_LF2:
 1525  00002158          	L92_LF2:
 1526  00002158  8fc1fff0	lw	r1,-16(r30)
 1527  0000215c  8fc20008	lw	r2,8(r30)
 1528  00002160  0022082a	slt	r1,r1,r2
 1529  00002164  10200040	beqz	r1,L90_LF2
 1530  00002168  54000000	nop; delay slot nop
 1531  0000216c  8fc1fff4	lw	r1,-12(r30)
 1532  00002170  8fc20008	lw	r2,8(r30)
 1533  00002174  00200035	movi2fp	f0,r1
 1534  00002178  00400835	movi2fp	f1,r2
 1535  0000217c  0401000e	mult	f0,f0,f1
 1536  00002180  00000834	movfp2i	r1,f0
 1537  00002184  afc1fff4	sw	-12(r30),r1
 1538  00002188  8fc1fff4	lw	r1,-12(r30)
 1539  0000218c  8fc2fff0	lw	r2,-16(r30)
 1540  00002190  00220820	add	r1,r1,r2
 1541  00002194  afc1fff4	sw	-12(r30),r1
 1542  00002198  8fc20000	lw	r2,(r30)
 1543  0000219c  20410001	addi	r1,r2,#1
 1544  000021a0  00011020	add	r2,r0,r1
 1545  000021a4  afc20000	sw	(r30),r2
 1546  000021a8          	L97_LF2:
 1547  000021a8          	L90_LF2:
 1548  000021a8  8fc1fff0	lw	r1,-16(r30)
 1549  000021ac  8fc20008	lw	r2,8(r30)
 1550  000021b0  0022082a	slt	r1,r1,r2
 1551  000021b4  1420000c	bnez	r1,L98_LF2
 1552  000021b8  54000000	nop; delay slot nop
 1553  000021bc  0800000c	j	L89_LF2
 1554  000021c0  54000000	nop; delay slot nop
 1555  000021c4          	L98_LF2:
 1556  000021c4  0bfffec8	j	L88_LF2
 1557  000021c8  54000000	nop; delay slot nop
 1558  000021cc          	L89_LF2:
 1559  000021cc  8fc10004	lw	r1,4(r30)
 1560  000021d0  64220000	snei	r2,r1,#0
 1561  000021d4  10400010	beqz	r2,L99_LF2
 1562  000021d8  54000000	nop; delay slot nop
 1563  000021dc  8fc10004	lw	r1,4(r30)
 1564  000021e0  8fc20000	lw	r2,(r30)
 1565  000021e4  ac220000	sw	(r1),r2
 1566  000021e8          	L99_LF2:
 1567  000021e8  8fc1fff4	lw	r1,-12(r30)
 1568  000021ec  8fc2ffec	lw	r2,-20(r30)
 1569  000021f0  00200035	movi2fp	f0,r1
 1570  000021f4  00400835	movi2fp	f1,r2
 1571  000021f8  0401000e	mult	f0,f0,f1
 1572  000021fc  00000834	movfp2i	r1,f0
 1573  00002200  afc1fff4	sw	-12(r30),r1
 1574  00002204  8fc1fff4	lw	r1,-12(r30)
 1575  00002208  08000004	j	L72_LF2
 1576  0000220c  54000000	nop; delay slot nop
 1577  00002210          	L72_LF2:
 1578  00002210  8fa20000	lw	r2,0(r29)
 1579  00002214  8fdffff8	lw	r31,-8(r30)
 1580  00002218  001ee820	add	r29,r0,r30
 1581  0000221c  8fdefffc	lw	r30,-4(r30)
 1582  00002220  4be00000	jr	r31
 1583  00002224  54000000	nop
 1584  00002228          	.endproc _dstrtol
 1585  00002228          	.align 2
 1586  00002228          	.proc _bcopy
 1587  00002228          	.global _bcopy
 1588  00002228          	_bcopy:
 1589                      ;  Function 'bcopy'; 0 bytes of locals, 2 regs to save.
 1590  00002228  afbefffc	sw	-4(r29),r30; push fp
 1591  0000222c  001df020	add	r30,r0,r29; fp = sp
 1592  00002230  afbffff8	sw	-8(r29),r31; push ret addr
 1593  00002234  2fbd0010	subui	r29,r29,#16; alloc local storage
 1594  00002238  afa20000	sw	0(r29),r2
 1595  0000223c  afa30004	sw	4(r29),r3
 1596  00002240  54000000	nop
 1597  00002244          	L101_LF2:
 1598  00002244  8fc10008	lw	r1,8(r30)
 1599  00002248  2022ffff	addi	r2,r1,#-1
 1600  0000224c  afc20008	sw	8(r30),r2
 1601  00002250  6c210000	sgti	r1,r1,#0
 1602  00002254  1420000c	bnez	r1,L103_LF2
 1603  00002258  54000000	nop; delay slot nop
 1604  0000225c  0800002c	j	L102_LF2
 1605  00002260  54000000	nop; delay slot nop
 1606  00002264          	L103_LF2:
 1607  00002264  8fc10004	lw	r1,4(r30)
 1608  00002268  20220001	addi	r2,r1,#1
 1609  0000226c  afc20004	sw	4(r30),r2
 1610  00002270  8fc20000	lw	r2,(r30)
 1611  00002274  20430001	addi	r3,r2,#1
 1612  00002278  afc30000	sw	(r30),r3
 1613  0000227c  80420000	lb	r2,(r2)
 1614  00002280  a0220000	sb	(r1),r2
 1615  00002284  0bffffbc	j	L101_LF2
 1616  00002288  54000000	nop; delay slot nop
 1617  0000228c          	L102_LF2:
 1618  0000228c          	L100_LF2:
 1619  0000228c  8fa20000	lw	r2,0(r29)
 1620  00002290  8fa30004	lw	r3,4(r29)
 1621  00002294  8fdffff8	lw	r31,-8(r30)
 1622  00002298  001ee820	add	r29,r0,r30
 1623  0000229c  8fdefffc	lw	r30,-4(r30)
 1624  000022a0  4be00000	jr	r31
 1625  000022a4  54000000	nop
 1626  000022a8          	.endproc _bcopy
 1627  000022a8          	.align 2
 1628  000022a8          	.proc _bzero
 1629  000022a8          	.global _bzero
 1630  000022a8          	_bzero:
 1631                      ;  Function 'bzero'; 0 bytes of locals, 1 regs to save.
 1632  000022a8  afbefffc	sw	-4(r29),r30; push fp
 1633  000022ac  001df020	add	r30,r0,r29; fp = sp
 1634  000022b0  afbffff8	sw	-8(r29),r31; push ret addr
 1635  000022b4  2fbd0010	subui	r29,r29,#16; alloc local storage
 1636  000022b8  afa20000	sw	0(r29),r2
 1637  000022bc  54000000	nop
 1638  000022c0          	L105_LF2:
 1639  000022c0  8fc10004	lw	r1,4(r30)
 1640  000022c4  2022ffff	addi	r2,r1,#-1
 1641  000022c8  afc20004	sw	4(r30),r2
 1642  000022cc  6c210000	sgti	r1,r1,#0
 1643  000022d0  1420000c	bnez	r1,L107_LF2
 1644  000022d4  54000000	nop; delay slot nop
 1645  000022d8  08000020	j	L106_LF2
 1646  000022dc  54000000	nop; delay slot nop
 1647  000022e0          	L107_LF2:
 1648  000022e0  8fc10000	lw	r1,(r30)
 1649  000022e4  20220001	addi	r2,r1,#1
 1650  000022e8  afc20000	sw	(r30),r2
 1651  000022ec  20020000	addi	r2,r0,(#0x0)&0xff
 1652  000022f0  a0220000	sb	(r1),r2
 1653  000022f4  0bffffc8	j	L105_LF2
 1654  000022f8  54000000	nop; delay slot nop
 1655  000022fc          	L106_LF2:
 1656  000022fc          	L104_LF2:
 1657  000022fc  8fa20000	lw	r2,0(r29)
 1658  00002300  8fdffff8	lw	r31,-8(r30)
 1659  00002304  001ee820	add	r29,r0,r30
 1660  00002308  8fdefffc	lw	r30,-4(r30)
 1661  0000230c  4be00000	jr	r31
 1662  00002310  54000000	nop
 1663  00002314          	.endproc _bzero
 1664  00002314          	.align 2
 1665  00002314          	.proc _min
 1666  00002314          	.global _min
 1667  00002314          	_min:
 1668                      ;  Function 'min'; 0 bytes of locals, 2 regs to save.
 1669  00002314  afbefffc	sw	-4(r29),r30; push fp
 1670  00002318  001df020	add	r30,r0,r29; fp = sp
 1671  0000231c  afbffff8	sw	-8(r29),r31; push ret addr
 1672  00002320  2fbd0010	subui	r29,r29,#16; alloc local storage
 1673  00002324  afa20000	sw	0(r29),r2
 1674  00002328  afa30004	sw	4(r29),r3
 1675  0000232c  8fc10000	lw	r1,(r30)
 1676  00002330  8fc20004	lw	r2,4(r30)
 1677  00002334  0022182c	sle	r3,r1,r2
 1678  00002338  14600008	bnez	r3,L109_LF2
 1679  0000233c  54000000	nop; delay slot nop
 1680  00002340  8fc10004	lw	r1,4(r30)
 1681  00002344          	L109_LF2:
 1682  00002344  08000004	j	L108_LF2
 1683  00002348  54000000	nop; delay slot nop
 1684  0000234c          	L108_LF2:
 1685  0000234c  8fa20000	lw	r2,0(r29)
 1686  00002350  8fa30004	lw	r3,4(r29)
 1687  00002354  8fdffff8	lw	r31,-8(r30)
 1688  00002358  001ee820	add	r29,r0,r30
 1689  0000235c  8fdefffc	lw	r30,-4(r30)
 1690  00002360  4be00000	jr	r31
 1691  00002364  54000000	nop
 1692  00002368          	.endproc _min
 1693  00002368          	.align 2
 1694  00002368          	.proc _max
 1695  00002368          	.global _max
 1696  00002368          	_max:
 1697                      ;  Function 'max'; 0 bytes of locals, 2 regs to save.
 1698  00002368  afbefffc	sw	-4(r29),r30; push fp
 1699  0000236c  001df020	add	r30,r0,r29; fp = sp
 1700  00002370  afbffff8	sw	-8(r29),r31; push ret addr
 1701  00002374  2fbd0010	subui	r29,r29,#16; alloc local storage
 1702  00002378  afa20000	sw	0(r29),r2
 1703  0000237c  afa30004	sw	4(r29),r3
 1704  00002380  8fc10000	lw	r1,(r30)
 1705  00002384  8fc20004	lw	r2,4(r30)
 1706  00002388  0022182d	sge	r3,r1,r2
 1707  0000238c  14600008	bnez	r3,L111_LF2
 1708  00002390  54000000	nop; delay slot nop
 1709  00002394  8fc10004	lw	r1,4(r30)
 1710  00002398          	L111_LF2:
 1711  00002398  08000004	j	L110_LF2
 1712  0000239c  54000000	nop; delay slot nop
 1713  000023a0          	L110_LF2:
 1714  000023a0  8fa20000	lw	r2,0(r29)
 1715  000023a4  8fa30004	lw	r3,4(r29)
 1716  000023a8  8fdffff8	lw	r31,-8(r30)
 1717  000023ac  001ee820	add	r29,r0,r30
 1718  000023b0  8fdefffc	lw	r30,-4(r30)
 1719  000023b4  4be00000	jr	r31
 1720  000023b8  54000000	nop
 1721  000023bc          	.endproc _max
 1722                      ;;; Ethan L. Miller, 1999.  Released to the public domain
 1723                      ;;;
 1724                      ;;; Most of the traps are called in files from libtraps.
 1727  000023bc          	.align 2
 1728  000023bc          	.proc _exit
 1729  000023bc          	.global _exit
 1730  000023bc          	_exit:
 1731  000023bc  44000300	trap	#0x300
 1732  000023c0  4be00000	jr	r31
 1733  000023c4  54000000	nop
 1734  000023c8          	.endproc _exit
 1736                      ; for the benefit of gcc.
 1737  000023c8          	.proc ___main
 1738  000023c8          	.global ___main
 1739  000023c8          	___main:
 1740  000023c8  4be00000	jr	r31
 1741  000023cc  54000000	nop
 1742  000023d0          	.endproc ___main
 1743  000023d0          	.text
 1744  000023d0          	.global _etext
 1745  000023d0          	_etext:
 1746  000023d0          	.align 3
 1747  000023d0          	.data
 1748  0000320a          	.global _edata
 1749  0000320a          	_edata:
