 line   address	contents
    1                      ; Linked by DLX-LD.
    2                      ; MemSize 24576
    3                      ; Data size: 234
    4                      ; Text size: 4716
    5                      ; Stack size: 8192
    6  00000000          	.text 0x1000
    7  00001000          	.data 0x3000
    8                      ; Compiled by GCC
    9  00003000          	.text
   10  00001000          	.align 2
   11  00001000          	.proc _isspace
   12  00001000          	.global _isspace
   13  00001000          	_isspace:
   14                      ;  Function 'isspace'; 0 bytes of locals, 1 regs to save.
   15  00001000  afbefffc	sw	-4(r29),r30; push fp
   16  00001004  001df020	add	r30,r0,r29; fp = sp
   17  00001008  afbffff8	sw	-8(r29),r31; push ret addr
   18  0000100c  2fbd0010	subui	r29,r29,#16; alloc local storage
   19  00001010  afa20000	sw	0(r29),r2
   20  00001014  83c20003	lb	r2,3(r30)
   21  00001018  201f0000	addi	r31,r0,#0
   22  0000101c  304100ff	andi	r1,r2,#0x00ff
   23  00001020  60210020	seqi	r1,r1,#32
   24  00001024  14200018	bnez	r1,L6_LF0
   25  00001028  54000000	nop; not filled.
   26  0000102c  2041fff7	addi	r1,r2,#-9
   27  00001030  302100ff	andi	r1,r1,#0x00ff
   28  00001034  70210001	sleui	r1,r1,#1
   29  00001038  10200008	beqz	r1,L5_LF0
   30  0000103c  54000000	nop; not filled.
   31  00001040          	L6_LF0:
   32  00001040  201f0001	addi	r31,r0,#1
   33  00001044          	L5_LF0:
   34  00001044  001f0820	add	r1,r0,r31
   35  00001048  8fa20000	lw	r2,0(r29)
   36  0000104c  8fdffff8	lw	r31,-8(r30)
   37  00001050  001ee820	add	r29,r0,r30
   38  00001054  8fdefffc	lw	r30,-4(r30)
   39  00001058  4be00000	jr	r31
   40  0000105c  54000000	nop
   41  00001060          	.endproc _isspace
   42  00001060          	.align 2
   43  00001060          	.proc _isxdigit
   44  00001060          	.global _isxdigit
   45  00001060          	_isxdigit:
   46                      ;  Function 'isxdigit'; 0 bytes of locals, 1 regs to save.
   47  00001060  afbefffc	sw	-4(r29),r30; push fp
   48  00001064  001df020	add	r30,r0,r29; fp = sp
   49  00001068  afbffff8	sw	-8(r29),r31; push ret addr
   50  0000106c  2fbd0010	subui	r29,r29,#16; alloc local storage
   51  00001070  afa20000	sw	0(r29),r2
   52  00001074  83df0003	lb	r31,3(r30)
   53  00001078  20020000	addi	r2,r0,#0
   54  0000107c  23e1ffd0	addi	r1,r31,#-48
   55  00001080  302100ff	andi	r1,r1,#0x00ff
   56  00001084  70210009	sleui	r1,r1,#9
   57  00001088  14200028	bnez	r1,L12_LF0
   58  0000108c  54000000	nop; not filled.
   59  00001090  23e1ff9f	addi	r1,r31,#-97
   60  00001094  302100ff	andi	r1,r1,#0x00ff
   61  00001098  70210005	sleui	r1,r1,#5
   62  0000109c  14200014	bnez	r1,L12_LF0
   63  000010a0  54000000	nop; not filled.
   64  000010a4  33e100ff	andi	r1,r31,#0x00ff
   65  000010a8  64210041	snei	r1,r1,#65
   66  000010ac  14200008	bnez	r1,L11_LF0
   67  000010b0  54000000	nop; not filled.
   68  000010b4          	L12_LF0:
   69  000010b4  20020001	addi	r2,r0,#1
   70  000010b8          	L11_LF0:
   71  000010b8  00020820	add	r1,r0,r2
   72  000010bc  8fa20000	lw	r2,0(r29)
   73  000010c0  8fdffff8	lw	r31,-8(r30)
   74  000010c4  001ee820	add	r29,r0,r30
   75  000010c8  8fdefffc	lw	r30,-4(r30)
   76  000010cc  4be00000	jr	r31
   77  000010d0  54000000	nop
   78  000010d4          	.endproc _isxdigit
   79  000010d4          	.data
   80  00003000          	.align 2
   81  00003000          	LC0_LF0:
   82  00003000  55736167	.ascii "Usage: \000"
   82  00003004  653a2000	
   83  00003008          	.align 2
   84  00003008          	LC1_LF0:
   85  00003008  203c6861	.ascii " <handle_to_shared_memory_page> <handle_to_page_mapped_semaphore>\n\000"
   85  0000300c  6e646c65	
   85  00003010  5f746f5f	
   85  00003014  73686172	
   85  00003018  65645f6d	
   85  0000301c  656d6f72	
   85  00003020  795f7061	
   85  00003024  67653e20	
   85  00003028  3c68616e	
   85  0000302c  646c655f	
   85  00003030  746f5f70	
   85  00003034  6167655f	
   85  00003038  6d617070	
   85  0000303c  65645f73	
   85  00003040  656d6170	
   85  00003044  686f7265	
   85  00003048  3e0a00  	
   86  0000304b          	.align 2
   87  0000304c          	LC2_LF0:
   88  0000304c  42616420	.ascii "Bad sem_create in \000"
   88  00003050  73656d5f	
   88  00003054  63726561	
   88  00003058  74652069	
   88  0000305c  6e2000  	
   89  0000305f          	.align 2
   90  00003060          	LC3_LF0:
   91  00003060  0a00    	.ascii "\n\000"
   92  00003062          	.align 2
   93  00003064          	LC4_LF0:
   94  00003064  436f756c	.ascii "Could not send message to mailbox %d in %s (%d)\n\000"
   94  00003068  64206e6f	
   94  0000306c  74207365	
   94  00003070  6e64206d	
   94  00003074  65737361	
   94  00003078  67652074	
   94  0000307c  6f206d61	
   94  00003080  696c626f	
   94  00003084  78202564	
   94  00003088  20696e20	
   94  0000308c  25732028	
   94  00003090  2564290a	
   94  00003094  00      	
   95  00003095          	.align 2
   96  00003098          	LC5_LF0:
   97  00003098  496e6a65	.ascii "Injection: H2O PID %d\n\000"
   97  0000309c  6374696f	
   97  000030a0  6e3a2048	
   97  000030a4  324f2050	
   97  000030a8  49442025	
   97  000030ac  640a00  	
   98  000030af          	.align 2
   99  000030b0          	LC6_LF0:
  100  000030b0  42616420	.ascii "Bad semaphore s_procs_completed (%d) in \000"
  100  000030b4  73656d61	
  100  000030b8  70686f72	
  100  000030bc  6520735f	
  100  000030c0  70726f63	
  100  000030c4  735f636f	
  100  000030c8  6d706c65	
  100  000030cc  74656420	
  100  000030d0  28256429	
  100  000030d4  20696e20	
  100  000030d8  00      	
  101  000030d9          	.align 2
  102  000030dc          	LC7_LF0:
  103  000030dc  2c206578	.ascii ", exiting...\n\000"
  103  000030e0  6974696e	
  103  000030e4  672e2e2e	
  103  000030e8  0a00    	
  104  000030ea          	.text
  105  000010d4          	.align 2
  106  000010d4          	.proc _main
  107  000010d4          	.global _main
  108  000010d4          	_main:
  109                      ;  Function 'main'; 8 bytes of locals, 0 regs to save.
  110  000010d4  afbefffc	sw	-4(r29),r30; push fp
  111  000010d8  001df020	add	r30,r0,r29; fp = sp
  112  000010dc  afbffff8	sw	-8(r29),r31; push ret addr
  113  000010e0  2fbd0010	subui	r29,r29,#16; alloc local storage
  114  000010e4  8fc20000	lw	r2,(r30)
  115  000010e8  8fc30004	lw	r3,4(r30)
  116  000010ec  0c001174	jal	___main
  117  000010f0  54000000	nop; not filled.
  118  000010f4  0c0002c8	jal	_getpid
  119  000010f8  54000000	nop; not filled.
  120  000010fc  afc1fff4	sw	-12(r30),r1
  121  00001100  64410003	snei	r1,r2,#3
  122  00001104  1020004c	beqz	r1,L14_LF0
  123  00001108  54000000	nop; not filled.
  124  0000110c  23bdfff8	addi	r29,r29,#-8
  125  00001110  3c050000	lhi	r5,((LC0_LF0)>>16)&0xffff
  126  00001114  24a53000	addui	r5,r5,(LC0_LF0)&0xffff
  127  00001118  afa50000	sw	(r29),r5
  128  0000111c  0c000294	jal	_Printf
  129  00001120  54000000	nop; not filled.
  130  00001124  8c650000	lw	r5,(r3)
  131  00001128  afa50000	sw	(r29),r5
  132  0000112c  0c000284	jal	_Printf
  133  00001130  54000000	nop; not filled.
  134  00001134  3c050000	lhi	r5,((LC1_LF0)>>16)&0xffff
  135  00001138  24a53008	addui	r5,r5,(LC1_LF0)&0xffff
  136  0000113c  afa50000	sw	(r29),r5
  137  00001140  0c000270	jal	_Printf
  138  00001144  54000000	nop; not filled.
  139  00001148  0c000370	jal	_Exit
  140  0000114c  54000000	nop; not filled.
  141  00001150  23bd0008	addi	r29,r29,#8
  142  00001154          	L14_LF0:
  143  00001154  23bdfff0	addi	r29,r29,#-16
  144  00001158  8c650004	lw	r5,4(r3)
  145  0000115c  afa50000	sw	(r29),r5
  146  00001160  20050000	addi	r5,r0,#0
  147  00001164  afa50004	sw	4(r29),r5
  148  00001168  2005000a	addi	r5,r0,#10
  149  0000116c  afa50008	sw	8(r29),r5
  150  00001170  0c000bf4	jal	_dstrtol
  151  00001174  54000000	nop; not filled.
  152  00001178  00011020	add	r2,r0,r1
  153  0000117c  8c650008	lw	r5,8(r3)
  154  00001180  afa50000	sw	(r29),r5
  155  00001184  20050000	addi	r5,r0,#0
  156  00001188  afa50004	sw	4(r29),r5
  157  0000118c  2005000a	addi	r5,r0,#10
  158  00001190  afa50008	sw	8(r29),r5
  159  00001194  0c000bd0	jal	_dstrtol
  160  00001198  54000000	nop; not filled.
  161  0000119c  00012020	add	r4,r0,r1
  162  000011a0  afa20000	sw	(r29),r2
  163  000011a4  0c0002cc	jal	_mbox_open
  164  000011a8  54000000	nop; not filled.
  165  000011ac  23bd0010	addi	r29,r29,#16
  166  000011b0  6021ffff	seqi	r1,r1,#-1
  167  000011b4  1020004c	beqz	r1,L15_LF0
  168  000011b8  54000000	nop; not filled.
  169  000011bc  23bdfff8	addi	r29,r29,#-8
  170  000011c0  3c050000	lhi	r5,((LC2_LF0)>>16)&0xffff
  171  000011c4  24a5304c	addui	r5,r5,(LC2_LF0)&0xffff
  172  000011c8  afa50000	sw	(r29),r5
  173  000011cc  0c0001e4	jal	_Printf
  174  000011d0  54000000	nop; not filled.
  175  000011d4  8c650000	lw	r5,(r3)
  176  000011d8  afa50000	sw	(r29),r5
  177  000011dc  0c0001d4	jal	_Printf
  178  000011e0  54000000	nop; not filled.
  179  000011e4  3c050000	lhi	r5,((LC3_LF0)>>16)&0xffff
  180  000011e8  24a53060	addui	r5,r5,(LC3_LF0)&0xffff
  181  000011ec  afa50000	sw	(r29),r5
  182  000011f0  0c0001c0	jal	_Printf
  183  000011f4  54000000	nop; not filled.
  184  000011f8  0c0002c0	jal	_Exit
  185  000011fc  54000000	nop; not filled.
  186  00001200  23bd0008	addi	r29,r29,#8
  187  00001204          	L15_LF0:
  188  00001204  23bdfff0	addi	r29,r29,#-16
  189  00001208  afa20000	sw	(r29),r2
  190  0000120c  20050004	addi	r5,r0,#4
  191  00001210  afa50004	sw	4(r29),r5
  192  00001214  23c1fff4	addi	r1,r30,#-12
  193  00001218  afa10008	sw	8(r29),r1
  194  0000121c  0c00026c	jal	_mbox_send
  195  00001220  54000000	nop; not filled.
  196  00001224  23bd0010	addi	r29,r29,#16
  197  00001228  6021ffff	seqi	r1,r1,#-1
  198  0000122c  10200040	beqz	r1,L16_LF0
  199  00001230  54000000	nop; not filled.
  200  00001234  0c000188	jal	_getpid
  201  00001238  54000000	nop; not filled.
  202  0000123c  23bdfff0	addi	r29,r29,#-16
  203  00001240  3c050000	lhi	r5,((LC4_LF0)>>16)&0xffff
  204  00001244  24a53064	addui	r5,r5,(LC4_LF0)&0xffff
  205  00001248  afa50000	sw	(r29),r5
  206  0000124c  afa20004	sw	4(r29),r2
  207  00001250  8c650000	lw	r5,(r3)
  208  00001254  afa50008	sw	8(r29),r5
  209  00001258  afa1000c	sw	12(r29),r1
  210  0000125c  0c000154	jal	_Printf
  211  00001260  54000000	nop; not filled.
  212  00001264  0c000254	jal	_Exit
  213  00001268  54000000	nop; not filled.
  214  0000126c  23bd0010	addi	r29,r29,#16
  215  00001270          	L16_LF0:
  216  00001270  0c00014c	jal	_getpid
  217  00001274  54000000	nop; not filled.
  218  00001278  23bdfff8	addi	r29,r29,#-8
  219  0000127c  3c050000	lhi	r5,((LC5_LF0)>>16)&0xffff
  220  00001280  24a53098	addui	r5,r5,(LC5_LF0)&0xffff
  221  00001284  afa50000	sw	(r29),r5
  222  00001288  afa10004	sw	4(r29),r1
  223  0000128c  0c000124	jal	_Printf
  224  00001290  54000000	nop; not filled.
  225  00001294  afa20000	sw	(r29),r2
  226  00001298  0c0001e4	jal	_mbox_close
  227  0000129c  54000000	nop; not filled.
  228  000012a0  23bd0008	addi	r29,r29,#8
  229  000012a4  6021ffff	seqi	r1,r1,#-1
  230  000012a8  1020004c	beqz	r1,L17_LF0
  231  000012ac  54000000	nop; not filled.
  232  000012b0  23bdfff8	addi	r29,r29,#-8
  233  000012b4  3c050000	lhi	r5,((LC2_LF0)>>16)&0xffff
  234  000012b8  24a5304c	addui	r5,r5,(LC2_LF0)&0xffff
  235  000012bc  afa50000	sw	(r29),r5
  236  000012c0  0c0000f0	jal	_Printf
  237  000012c4  54000000	nop; not filled.
  238  000012c8  8c650000	lw	r5,(r3)
  239  000012cc  afa50000	sw	(r29),r5
  240  000012d0  0c0000e0	jal	_Printf
  241  000012d4  54000000	nop; not filled.
  242  000012d8  3c050000	lhi	r5,((LC3_LF0)>>16)&0xffff
  243  000012dc  24a53060	addui	r5,r5,(LC3_LF0)&0xffff
  244  000012e0  afa50000	sw	(r29),r5
  245  000012e4  0c0000cc	jal	_Printf
  246  000012e8  54000000	nop; not filled.
  247  000012ec  0c0001cc	jal	_Exit
  248  000012f0  54000000	nop; not filled.
  249  000012f4  23bd0008	addi	r29,r29,#8
  250  000012f8          	L17_LF0:
  251  000012f8  23bdfff8	addi	r29,r29,#-8
  252  000012fc  afa40000	sw	(r29),r4
  253  00001300  0c000104	jal	_sem_signal
  254  00001304  54000000	nop; not filled.
  255  00001308  23bd0008	addi	r29,r29,#8
  256  0000130c  64210001	snei	r1,r1,#1
  257  00001310  10200050	beqz	r1,L18_LF0
  258  00001314  54000000	nop; not filled.
  259  00001318  23bdfff8	addi	r29,r29,#-8
  260  0000131c  3c050000	lhi	r5,((LC6_LF0)>>16)&0xffff
  261  00001320  24a530b0	addui	r5,r5,(LC6_LF0)&0xffff
  262  00001324  afa50000	sw	(r29),r5
  263  00001328  afa40004	sw	4(r29),r4
  264  0000132c  0c000084	jal	_Printf
  265  00001330  54000000	nop; not filled.
  266  00001334  8c630000	lw	r3,(r3)
  267  00001338  afa30000	sw	(r29),r3
  268  0000133c  0c000074	jal	_Printf
  269  00001340  54000000	nop; not filled.
  270  00001344  3c050000	lhi	r5,((LC7_LF0)>>16)&0xffff
  271  00001348  24a530dc	addui	r5,r5,(LC7_LF0)&0xffff
  272  0000134c  afa50000	sw	(r29),r5
  273  00001350  0c000060	jal	_Printf
  274  00001354  54000000	nop; not filled.
  275  00001358  0c000160	jal	_Exit
  276  0000135c  54000000	nop; not filled.
  277  00001360  23bd0008	addi	r29,r29,#8
  278  00001364          	L18_LF0:
  279  00001364  0c000ef0	jal	_exit
  280  00001368  54000000	nop
  281  0000136c          	.endproc _main
  282                      ;;;
  283                      ;;; Stub functions for DLX traps.
  284                      ;;;
  285                      ;;; Ethan L. Miller, 1999.  Released to the public domain.
  286                      ;;;
  287                      ;;; The traps such as Open and Close
  288                      ;;; (note the capital letters) are for use by user programs.  The traps
  289                      ;;; with names such as open and close (lower case) are for use by the OS.
  290                      ;;;
  293  0000136c          	.align 2
  295                      ;;; The following are the traps to be used by user-level programs
  296                      ;;;
  298  0000136c          	.align 2
  299  0000136c          	.proc _Open
  300  0000136c          	.global _Open
  301  0000136c          	_Open:
  302                      ;;; Note that trap #0x213 actually causes a trap vector in the OS of
  303                      ;;; 0x1213.  The same is true for other user traps.  Thus, a user trap
  304                      ;;; with trap #0x240 will result in a trap vector of 0x1240 in the OS.
  305  0000136c  44000213	trap	#0x213
  306  00001370  4be00000	jr	r31
  307  00001374  54000000	nop
  308  00001378          	.endproc _Open
  310  00001378          	.proc _Close
  311  00001378          	.global _Close
  312  00001378          	_Close:
  313  00001378  44000214	trap	#0x214
  314  0000137c  4be00000	jr	r31
  315  00001380  54000000	nop
  316  00001384          	.endproc _Close
  318  00001384          	.proc _Read
  319  00001384          	.global _Read
  320  00001384          	_Read:
  321  00001384  44000210	trap	#0x210
  322  00001388  4be00000	jr	r31
  323  0000138c  54000000	nop
  324  00001390          	.endproc _Read
  326  00001390          	.proc _Write
  327  00001390          	.global _Write
  328  00001390          	_Write:
  329  00001390  44000211	trap	#0x211
  330  00001394  4be00000	jr	r31
  331  00001398  54000000	nop
  332  0000139c          	.endproc _Write
  334  0000139c          	.proc _Lseek
  335  0000139c          	.global _Lseek
  336  0000139c          	_Lseek:
  337  0000139c  44000212	trap	#0x212
  338  000013a0  4be00000	jr	r31
  339  000013a4  54000000	nop
  340  000013a8          	.endproc _Lseek
  342  000013a8          	.proc _Putchar
  343  000013a8          	.global _Putchar
  344  000013a8          	_Putchar:
  345  000013a8  44000280	trap	#0x280
  346  000013ac  4be00000	jr	r31
  347  000013b0  54000000	nop
  348  000013b4          	.endproc _Putchar
  350  000013b4          	.proc _Printf
  351  000013b4          	.global _Printf
  352  000013b4          	_Printf:
  353  000013b4  44000201	trap	#0x201
  354  000013b8  4be00000	jr	r31
  355  000013bc  54000000	nop
  356  000013c0          	.endproc _Printf
  358  000013c0          	.proc _getpid
  359  000013c0          	.global _getpid
  360  000013c0          	_getpid:
  361  000013c0  44000431	trap	#0x431
  362  000013c4  4be00000	jr	r31
  363  000013c8  54000000	nop
  364  000013cc          	.endproc _getpid
  366  000013cc          	.proc _process_create
  367  000013cc          	.global _process_create
  368  000013cc          	_process_create:
  369  000013cc  44000432	trap	#0x432
  370  000013d0  4be00000	jr	r31
  371  000013d4  54000000	nop
  372  000013d8          	.endproc _process_create
  374  000013d8          	.proc _shmget
  375  000013d8          	.global _shmget
  376  000013d8          	_shmget:
  377  000013d8  44000440	trap	#0x440
  378  000013dc  4be00000	jr	r31
  379  000013e0  54000000	nop
  380  000013e4          	.endproc _shmget
  382  000013e4          	.proc _shmat
  383  000013e4          	.global _shmat
  384  000013e4          	_shmat:
  385  000013e4  44000441	trap	#0x441
  386  000013e8  4be00000	jr	r31
  387  000013ec  54000000	nop
  388  000013f0          	.endproc _shmat
  390  000013f0          	.proc _sem_create
  391  000013f0          	.global _sem_create
  392  000013f0          	_sem_create:
  393  000013f0  44000450	trap	#0x450
  394  000013f4  4be00000	jr	r31
  395  000013f8  54000000	nop
  396  000013fc          	.endproc _sem_create
  398  000013fc          	.proc _sem_wait
  399  000013fc          	.global _sem_wait
  400  000013fc          	_sem_wait:
  401  000013fc  44000451	trap	#0x451
  402  00001400  4be00000	jr	r31
  403  00001404  54000000	nop
  404  00001408          	.endproc _sem_wait
  406  00001408          	.proc _sem_signal
  407  00001408          	.global _sem_signal
  408  00001408          	_sem_signal:
  409  00001408  44000452	trap	#0x452
  410  0000140c  4be00000	jr	r31
  411  00001410  54000000	nop
  412  00001414          	.endproc _sem_signal
  414  00001414          	.proc _lock_create
  415  00001414          	.global _lock_create
  416  00001414          	_lock_create:
  417  00001414  44000453	trap	#0x453
  418  00001418  4be00000	jr	r31
  419  0000141c  54000000	nop
  420  00001420          	.endproc _lock_create
  422  00001420          	.proc _lock_acquire
  423  00001420          	.global _lock_acquire
  424  00001420          	_lock_acquire:
  425  00001420  44000454	trap	#0x454
  426  00001424  4be00000	jr	r31
  427  00001428  54000000	nop
  428  0000142c          	.endproc _lock_acquire
  430  0000142c          	.proc _lock_release
  431  0000142c          	.global _lock_release
  432  0000142c          	_lock_release:
  433  0000142c  44000455	trap	#0x455
  434  00001430  4be00000	jr	r31
  435  00001434  54000000	nop
  436  00001438          	.endproc _lock_release
  438  00001438          	.proc _cond_create
  439  00001438          	.global _cond_create
  440  00001438          	_cond_create:
  441  00001438  44000456	trap	#0x456
  442  0000143c  4be00000	jr	r31
  443  00001440  54000000	nop
  444  00001444          	.endproc _cond_create
  446  00001444          	.proc _cond_wait
  447  00001444          	.global _cond_wait
  448  00001444          	_cond_wait:
  449  00001444  44000457	trap	#0x457
  450  00001448  4be00000	jr	r31
  451  0000144c  54000000	nop
  452  00001450          	.endproc _cond_wait
  454  00001450          	.proc _cond_signal
  455  00001450          	.global _cond_signal
  456  00001450          	_cond_signal:
  457  00001450  44000458	trap	#0x458
  458  00001454  4be00000	jr	r31
  459  00001458  54000000	nop
  460  0000145c          	.endproc _cond_signal
  462  0000145c          	.proc _cond_broadcast
  463  0000145c          	.global _cond_broadcast
  464  0000145c          	_cond_broadcast:
  465  0000145c  44000459	trap	#0x459
  466  00001460  4be00000	jr	r31
  467  00001464  54000000	nop
  468  00001468          	.endproc _cond_broadcast
  470  00001468          	.proc _mbox_create
  471  00001468          	.global _mbox_create
  472  00001468          	_mbox_create:
  473  00001468  44000460	trap	#0x460
  474  0000146c  4be00000	jr	r31
  475  00001470  54000000	nop
  476  00001474          	.endproc _mbox_create
  478  00001474          	.proc _mbox_open
  479  00001474          	.global _mbox_open
  480  00001474          	_mbox_open:
  481  00001474  44000461	trap	#0x461
  482  00001478  4be00000	jr	r31
  483  0000147c  54000000	nop
  484  00001480          	.endproc _mbox_open
  486  00001480          	.proc _mbox_close
  487  00001480          	.global _mbox_close
  488  00001480          	_mbox_close:
  489  00001480  44000462	trap	#0x462
  490  00001484  4be00000	jr	r31
  491  00001488  54000000	nop
  492  0000148c          	.endproc _mbox_close
  494  0000148c          	.proc _mbox_send
  495  0000148c          	.global _mbox_send
  496  0000148c          	_mbox_send:
  497  0000148c  44000463	trap	#0x463
  498  00001490  4be00000	jr	r31
  499  00001494  54000000	nop
  500  00001498          	.endproc _mbox_send
  502  00001498          	.proc _mbox_recv
  503  00001498          	.global _mbox_recv
  504  00001498          	_mbox_recv:
  505  00001498  44000464	trap	#0x464
  506  0000149c  4be00000	jr	r31
  507  000014a0  54000000	nop
  508  000014a4          	.endproc _mbox_recv
  510  000014a4          	.proc _sleep
  511  000014a4          	.global _sleep
  512  000014a4          	_sleep:
  513  000014a4  44000465	trap	#0x465
  514  000014a8  4be00000	jr	r31
  515  000014ac  54000000	nop
  516  000014b0          	.endproc _sleep
  518  000014b0          	.proc _yield
  519  000014b0          	.global _yield
  520  000014b0          	_yield:
  521  000014b0  44000466	trap	#0x466
  522  000014b4  4be00000	jr	r31
  523  000014b8  54000000	nop
  524  000014bc          	.endproc _yield
  527  000014bc          	.proc _Exit
  528  000014bc          	.global _Exit
  529  000014bc          	_Exit:
  530  000014bc  44000500	trap	#0x500
  531  000014c0  4be00000	jr	r31
  532  000014c4  54000000	nop
  533  000014c8          	.endproc _Exit
  534                      ; Compiled by GCC
  536  000014c8          	.align 2
  537  000014c8          	.proc _isspace
  538  000014c8          	.global _isspace
  539  000014c8          	_isspace:
  540                      ;  Function 'isspace'; 0 bytes of locals, 3 regs to save.
  541  000014c8  afbefffc	sw	-4(r29),r30; push fp
  542  000014cc  001df020	add	r30,r0,r29; fp = sp
  543  000014d0  afbffff8	sw	-8(r29),r31; push ret addr
  544  000014d4  2fbd0018	subui	r29,r29,#24; alloc local storage
  545  000014d8  afa20000	sw	0(r29),r2
  546  000014dc  afa30004	sw	4(r29),r3
  547  000014e0  afa40008	sw	8(r29),r4
  548  000014e4  83c20003	lb	r2,3(r30)
  549  000014e8  20010000	addi	r1,r0,#0
  550  000014ec  304300ff	andi	r3,r2,#0x00ff
  551  000014f0  60640020	seqi	r4,r3,#32
  552  000014f4  1480002c	bnez	r4,L3_LF2
  553  000014f8  54000000	nop; delay slot nop
  554  000014fc  304300ff	andi	r3,r2,#0x00ff
  555  00001500  60640009	seqi	r4,r3,#9
  556  00001504  1480001c	bnez	r4,L3_LF2
  557  00001508  54000000	nop; delay slot nop
  558  0000150c  304300ff	andi	r3,r2,#0x00ff
  559  00001510  6064000a	seqi	r4,r3,#10
  560  00001514  1480000c	bnez	r4,L3_LF2
  561  00001518  54000000	nop; delay slot nop
  562  0000151c  08000008	j	L2_LF2
  563  00001520  54000000	nop; delay slot nop
  564  00001524          	L3_LF2:
  565  00001524  20010001	addi	r1,r0,#1
  566  00001528          	L2_LF2:
  567  00001528  08000004	j	L1_LF2
  568  0000152c  54000000	nop; delay slot nop
  569  00001530          	L1_LF2:
  570  00001530  8fa20000	lw	r2,0(r29)
  571  00001534  8fa30004	lw	r3,4(r29)
  572  00001538  8fa40008	lw	r4,8(r29)
  573  0000153c  8fdffff8	lw	r31,-8(r30)
  574  00001540  001ee820	add	r29,r0,r30
  575  00001544  8fdefffc	lw	r30,-4(r30)
  576  00001548  4be00000	jr	r31
  577  0000154c  54000000	nop
  578  00001550          	.endproc _isspace
  579  00001550          	.align 2
  580  00001550          	.proc _isxdigit
  581  00001550          	.global _isxdigit
  582  00001550          	_isxdigit:
  583                      ;  Function 'isxdigit'; 0 bytes of locals, 3 regs to save.
  584  00001550  afbefffc	sw	-4(r29),r30; push fp
  585  00001554  001df020	add	r30,r0,r29; fp = sp
  586  00001558  afbffff8	sw	-8(r29),r31; push ret addr
  587  0000155c  2fbd0018	subui	r29,r29,#24; alloc local storage
  588  00001560  afa20000	sw	0(r29),r2
  589  00001564  afa30004	sw	4(r29),r3
  590  00001568  afa40008	sw	8(r29),r4
  591  0000156c  83c20003	lb	r2,3(r30)
  592  00001570  20010000	addi	r1,r0,#0
  593  00001574  304300ff	andi	r3,r2,#0x00ff
  594  00001578  6c64002f	sgtui	r4,r3,#47
  595  0000157c  1080001c	beqz	r4,L7_LF2
  596  00001580  54000000	nop; delay slot nop
  597  00001584  304300ff	andi	r3,r2,#0x00ff
  598  00001588  70640039	sleui	r4,r3,#57
  599  0000158c  1480005c	bnez	r4,L6_LF2
  600  00001590  54000000	nop; delay slot nop
  601  00001594  08000004	j	L7_LF2
  602  00001598  54000000	nop; delay slot nop
  603  0000159c          	L7_LF2:
  604  0000159c  304300ff	andi	r3,r2,#0x00ff
  605  000015a0  6c640060	sgtui	r4,r3,#96
  606  000015a4  1080001c	beqz	r4,L8_LF2
  607  000015a8  54000000	nop; delay slot nop
  608  000015ac  304300ff	andi	r3,r2,#0x00ff
  609  000015b0  70640066	sleui	r4,r3,#102
  610  000015b4  14800034	bnez	r4,L6_LF2
  611  000015b8  54000000	nop; delay slot nop
  612  000015bc  08000004	j	L8_LF2
  613  000015c0  54000000	nop; delay slot nop
  614  000015c4          	L8_LF2:
  615  000015c4  304300ff	andi	r3,r2,#0x00ff
  616  000015c8  6c640040	sgtui	r4,r3,#64
  617  000015cc  10800020	beqz	r4,L5_LF2
  618  000015d0  54000000	nop; delay slot nop
  619  000015d4  304300ff	andi	r3,r2,#0x00ff
  620  000015d8  70640041	sleui	r4,r3,#65
  621  000015dc  1480000c	bnez	r4,L6_LF2
  622  000015e0  54000000	nop; delay slot nop
  623  000015e4  08000008	j	L5_LF2
  624  000015e8  54000000	nop; delay slot nop
  625  000015ec          	L6_LF2:
  626  000015ec  20010001	addi	r1,r0,#1
  627  000015f0          	L5_LF2:
  628  000015f0  08000004	j	L4_LF2
  629  000015f4  54000000	nop; delay slot nop
  630  000015f8          	L4_LF2:
  631  000015f8  8fa20000	lw	r2,0(r29)
  632  000015fc  8fa30004	lw	r3,4(r29)
  633  00001600  8fa40008	lw	r4,8(r29)
  634  00001604  8fdffff8	lw	r31,-8(r30)
  635  00001608  001ee820	add	r29,r0,r30
  636  0000160c  8fdefffc	lw	r30,-4(r30)
  637  00001610  4be00000	jr	r31
  638  00001614  54000000	nop
  639  00001618          	.endproc _isxdigit
  640  00001618          	.align 2
  641  00001618          	.proc _dstrcpy
  642  00001618          	.global _dstrcpy
  643  00001618          	_dstrcpy:
  644                      ;  Function 'dstrcpy'; 8 bytes of locals, 2 regs to save.
  645  00001618  afbefffc	sw	-4(r29),r30; push fp
  646  0000161c  001df020	add	r30,r0,r29; fp = sp
  647  00001620  afbffff8	sw	-8(r29),r31; push ret addr
  648  00001624  2fbd0018	subui	r29,r29,#24; alloc local storage
  649  00001628  afa20000	sw	0(r29),r2
  650  0000162c  afa30004	sw	4(r29),r3
  651  00001630  8fc10000	lw	r1,(r30)
  652  00001634  afc1fff4	sw	-12(r30),r1
  653  00001638          	L10_LF2:
  654  00001638  8fc10000	lw	r1,(r30)
  655  0000163c  20220001	addi	r2,r1,#1
  656  00001640  afc20000	sw	(r30),r2
  657  00001644  8fc20004	lw	r2,4(r30)
  658  00001648  20430001	addi	r3,r2,#1
  659  0000164c  afc30004	sw	4(r30),r3
  660  00001650  80420000	lb	r2,(r2)
  661  00001654  a0220000	sb	(r1),r2
  662  00001658  a3c2fff3	sb	-13(r30),r2
  663  0000165c          	L12_LF2:
  664  0000165c  93c1fff3	lbu	r1,-13(r30)
  665  00001660  64220000	snei	r2,r1,#0
  666  00001664  1440000c	bnez	r2,L13_LF2
  667  00001668  54000000	nop; delay slot nop
  668  0000166c  0800000c	j	L11_LF2
  669  00001670  54000000	nop; delay slot nop
  670  00001674          	L13_LF2:
  671  00001674  0bffffc0	j	L10_LF2
  672  00001678  54000000	nop; delay slot nop
  673  0000167c          	L11_LF2:
  674  0000167c  8fc1fff4	lw	r1,-12(r30)
  675  00001680  08000004	j	L9_LF2
  676  00001684  54000000	nop; delay slot nop
  677  00001688          	L9_LF2:
  678  00001688  8fa20000	lw	r2,0(r29)
  679  0000168c  8fa30004	lw	r3,4(r29)
  680  00001690  8fdffff8	lw	r31,-8(r30)
  681  00001694  001ee820	add	r29,r0,r30
  682  00001698  8fdefffc	lw	r30,-4(r30)
  683  0000169c  4be00000	jr	r31
  684  000016a0  54000000	nop
  685  000016a4          	.endproc _dstrcpy
  686  000016a4          	.align 2
  687  000016a4          	.proc _dstrncpy
  688  000016a4          	.global _dstrncpy
  689  000016a4          	_dstrncpy:
  690                      ;  Function 'dstrncpy'; 8 bytes of locals, 2 regs to save.
  691  000016a4  afbefffc	sw	-4(r29),r30; push fp
  692  000016a8  001df020	add	r30,r0,r29; fp = sp
  693  000016ac  afbffff8	sw	-8(r29),r31; push ret addr
  694  000016b0  2fbd0018	subui	r29,r29,#24; alloc local storage
  695  000016b4  afa20000	sw	0(r29),r2
  696  000016b8  afa30004	sw	4(r29),r3
  697  000016bc  8fc10000	lw	r1,(r30)
  698  000016c0  afc1fff4	sw	-12(r30),r1
  699  000016c4          	L15_LF2:
  700  000016c4  8fc10008	lw	r1,8(r30)
  701  000016c8  2022ffff	addi	r2,r1,#-1
  702  000016cc  afc20008	sw	8(r30),r2
  703  000016d0  70210000	slei	r1,r1,#0
  704  000016d4  1020000c	beqz	r1,L18_LF2
  705  000016d8  54000000	nop; delay slot nop
  706  000016dc  08000048	j	L16_LF2
  707  000016e0  54000000	nop; delay slot nop
  708  000016e4          	L18_LF2:
  709  000016e4  8fc10000	lw	r1,(r30)
  710  000016e8  20220001	addi	r2,r1,#1
  711  000016ec  afc20000	sw	(r30),r2
  712  000016f0  8fc20004	lw	r2,4(r30)
  713  000016f4  20430001	addi	r3,r2,#1
  714  000016f8  afc30004	sw	4(r30),r3
  715  000016fc  80420000	lb	r2,(r2)
  716  00001700  a0220000	sb	(r1),r2
  717  00001704  a3c2fff3	sb	-13(r30),r2
  718  00001708          	L17_LF2:
  719  00001708  93c1fff3	lbu	r1,-13(r30)
  720  0000170c  64220000	snei	r2,r1,#0
  721  00001710  1440000c	bnez	r2,L19_LF2
  722  00001714  54000000	nop; delay slot nop
  723  00001718  0800000c	j	L16_LF2
  724  0000171c  54000000	nop; delay slot nop
  725  00001720          	L19_LF2:
  726  00001720  0bffffa0	j	L15_LF2
  727  00001724  54000000	nop; delay slot nop
  728  00001728          	L16_LF2:
  729  00001728  8fc1fff4	lw	r1,-12(r30)
  730  0000172c  08000004	j	L14_LF2
  731  00001730  54000000	nop; delay slot nop
  732  00001734          	L14_LF2:
  733  00001734  8fa20000	lw	r2,0(r29)
  734  00001738  8fa30004	lw	r3,4(r29)
  735  0000173c  8fdffff8	lw	r31,-8(r30)
  736  00001740  001ee820	add	r29,r0,r30
  737  00001744  8fdefffc	lw	r30,-4(r30)
  738  00001748  4be00000	jr	r31
  739  0000174c  54000000	nop
  740  00001750          	.endproc _dstrncpy
  741  00001750          	.align 2
  742  00001750          	.proc _dstrcat
  743  00001750          	.global _dstrcat
  744  00001750          	_dstrcat:
  745                      ;  Function 'dstrcat'; 8 bytes of locals, 1 regs to save.
  746  00001750  afbefffc	sw	-4(r29),r30; push fp
  747  00001754  001df020	add	r30,r0,r29; fp = sp
  748  00001758  afbffff8	sw	-8(r29),r31; push ret addr
  749  0000175c  2fbd0018	subui	r29,r29,#24; alloc local storage
  750  00001760  afa20000	sw	0(r29),r2
  751  00001764  8fc10000	lw	r1,(r30)
  752  00001768  afc1fff4	sw	-12(r30),r1
  753  0000176c          	L21_LF2:
  754  0000176c  8fc10000	lw	r1,(r30)
  755  00001770  90220000	lbu	r2,(r1)
  756  00001774  64410000	snei	r1,r2,#0
  757  00001778  1420000c	bnez	r1,L23_LF2
  758  0000177c  54000000	nop; delay slot nop
  759  00001780  0800001c	j	L22_LF2
  760  00001784  54000000	nop; delay slot nop
  761  00001788          	L23_LF2:
  762  00001788  8fc20000	lw	r2,(r30)
  763  0000178c  20410001	addi	r1,r2,#1
  764  00001790  00011020	add	r2,r0,r1
  765  00001794  afc20000	sw	(r30),r2
  766  00001798  0bffffd0	j	L21_LF2
  767  0000179c  54000000	nop; delay slot nop
  768  000017a0          	L22_LF2:
  769  000017a0  23bdfff8	addi	r29,r29,#-8
  770  000017a4  001d0820	add	r1,r0,r29
  771  000017a8  8fc20000	lw	r2,(r30)
  772  000017ac  ac220000	sw	(r1),r2
  773  000017b0  8fc20004	lw	r2,4(r30)
  774  000017b4  ac220004	sw	4(r1),r2
  775  000017b8  0ffffe5c	jal	_dstrcpy
  776  000017bc  54000000	nop; delay slot nop
  777  000017c0  23bd0008	addi	r29,r29,#8
  778  000017c4  8fc1fff4	lw	r1,-12(r30)
  779  000017c8  08000004	j	L20_LF2
  780  000017cc  54000000	nop; delay slot nop
  781  000017d0          	L20_LF2:
  782  000017d0  8fa20000	lw	r2,0(r29)
  783  000017d4  8fdffff8	lw	r31,-8(r30)
  784  000017d8  001ee820	add	r29,r0,r30
  785  000017dc  8fdefffc	lw	r30,-4(r30)
  786  000017e0  4be00000	jr	r31
  787  000017e4  54000000	nop
  788  000017e8          	.endproc _dstrcat
  789  000017e8          	.align 2
  790  000017e8          	.proc _dstrncmp
  791  000017e8          	.global _dstrncmp
  792  000017e8          	_dstrncmp:
  793                      ;  Function 'dstrncmp'; 8 bytes of locals, 2 regs to save.
  794  000017e8  afbefffc	sw	-4(r29),r30; push fp
  795  000017ec  001df020	add	r30,r0,r29; fp = sp
  796  000017f0  afbffff8	sw	-8(r29),r31; push ret addr
  797  000017f4  2fbd0018	subui	r29,r29,#24; alloc local storage
  798  000017f8  afa20000	sw	0(r29),r2
  799  000017fc  afa30004	sw	4(r29),r3
  800  00001800  54000000	nop
  801  00001804  20010000	addi	r1,r0,#0
  802  00001808  afc1fff4	sw	-12(r30),r1
  803  0000180c          	L25_LF2:
  804  0000180c  8fc1fff4	lw	r1,-12(r30)
  805  00001810  8fc20008	lw	r2,8(r30)
  806  00001814  0022082a	slt	r1,r1,r2
  807  00001818  1420000c	bnez	r1,L28_LF2
  808  0000181c  54000000	nop; delay slot nop
  809  00001820  08000088	j	L26_LF2
  810  00001824  54000000	nop; delay slot nop
  811  00001828          	L28_LF2:
  812  00001828  8fc10004	lw	r1,4(r30)
  813  0000182c  90220000	lbu	r2,(r1)
  814  00001830  64410000	snei	r1,r2,#0
  815  00001834  14200018	bnez	r1,L29_LF2
  816  00001838  54000000	nop; delay slot nop
  817  0000183c  20010000	addi	r1,r0,#0
  818  00001840  080000d8	j	L24_LF2
  819  00001844  54000000	nop; delay slot nop
  820  00001848  08000028	j	L30_LF2
  821  0000184c  54000000	nop; delay slot nop
  822  00001850          	L29_LF2:
  823  00001850  8fc10000	lw	r1,(r30)
  824  00001854  8fc20004	lw	r2,4(r30)
  825  00001858  90210000	lbu	r1,(r1)
  826  0000185c  90420000	lbu	r2,(r2)
  827  00001860  00220829	sne	r1,r1,r2
  828  00001864  1020000c	beqz	r1,L30_LF2
  829  00001868  54000000	nop; delay slot nop
  830  0000186c  0800003c	j	L26_LF2
  831  00001870  54000000	nop; delay slot nop
  832  00001874          	L31_LF2:
  833  00001874          	L30_LF2:
  834  00001874  8fc20000	lw	r2,(r30)
  835  00001878  20410001	addi	r1,r2,#1
  836  0000187c  00011020	add	r2,r0,r1
  837  00001880  afc20000	sw	(r30),r2
  838  00001884  8fc20004	lw	r2,4(r30)
  839  00001888  20410001	addi	r1,r2,#1
  840  0000188c  00011020	add	r2,r0,r1
  841  00001890  afc20004	sw	4(r30),r2
  842  00001894          	L27_LF2:
  843  00001894  8fc2fff4	lw	r2,-12(r30)
  844  00001898  20410001	addi	r1,r2,#1
  845  0000189c  00011020	add	r2,r0,r1
  846  000018a0  afc2fff4	sw	-12(r30),r2
  847  000018a4  0bffff64	j	L25_LF2
  848  000018a8  54000000	nop; delay slot nop
  849  000018ac          	L26_LF2:
  850  000018ac  8fc1fff4	lw	r1,-12(r30)
  851  000018b0  8fc20008	lw	r2,8(r30)
  852  000018b4  00220828	seq	r1,r1,r2
  853  000018b8  10200018	beqz	r1,L32_LF2
  854  000018bc  54000000	nop; delay slot nop
  855  000018c0  20010000	addi	r1,r0,#0
  856  000018c4  08000054	j	L24_LF2
  857  000018c8  54000000	nop; delay slot nop
  858  000018cc  0800004c	j	L33_LF2
  859  000018d0  54000000	nop; delay slot nop
  860  000018d4          	L32_LF2:
  861  000018d4  8fc20000	lw	r2,(r30)
  862  000018d8  90410000	lbu	r1,(r2)
  863  000018dc  8fc20004	lw	r2,4(r30)
  864  000018e0  90430000	lbu	r3,(r2)
  865  000018e4  00230822	sub	r1,r1,r3
  866  000018e8  74220000	sgei	r2,r1,#0
  867  000018ec  10400020	beqz	r2,L34_LF2
  868  000018f0  54000000	nop; delay slot nop
  869  000018f4  8fc10000	lw	r1,(r30)
  870  000018f8  8fc20004	lw	r2,4(r30)
  871  000018fc  90210000	lbu	r1,(r1)
  872  00001900  90420000	lbu	r2,(r2)
  873  00001904  00220829	sne	r1,r1,r2
  874  00001908  08000008	j	L35_LF2
  875  0000190c  54000000	nop; delay slot nop
  876  00001910          	L34_LF2:
  877  00001910  2001ffff	addi	r1,r0,#-1
  878  00001914          	L35_LF2:
  879  00001914  08000004	j	L24_LF2
  880  00001918  54000000	nop; delay slot nop
  881  0000191c          	L33_LF2:
  882  0000191c          	L24_LF2:
  883  0000191c  8fa20000	lw	r2,0(r29)
  884  00001920  8fa30004	lw	r3,4(r29)
  885  00001924  8fdffff8	lw	r31,-8(r30)
  886  00001928  001ee820	add	r29,r0,r30
  887  0000192c  8fdefffc	lw	r30,-4(r30)
  888  00001930  4be00000	jr	r31
  889  00001934  54000000	nop
  890  00001938          	.endproc _dstrncmp
  891  00001938          	.align 2
  892  00001938          	.proc _dstrlen
  893  00001938          	.global _dstrlen
  894  00001938          	_dstrlen:
  895                      ;  Function 'dstrlen'; 8 bytes of locals, 1 regs to save.
  896  00001938  afbefffc	sw	-4(r29),r30; push fp
  897  0000193c  001df020	add	r30,r0,r29; fp = sp
  898  00001940  afbffff8	sw	-8(r29),r31; push ret addr
  899  00001944  2fbd0018	subui	r29,r29,#24; alloc local storage
  900  00001948  afa20000	sw	0(r29),r2
  901  0000194c  20010000	addi	r1,r0,#0
  902  00001950  afc1fff4	sw	-12(r30),r1
  903  00001954          	L37_LF2:
  904  00001954  8fc10000	lw	r1,(r30)
  905  00001958  20220001	addi	r2,r1,#1
  906  0000195c  afc20000	sw	(r30),r2
  907  00001960  90210000	lbu	r1,(r1)
  908  00001964  64220000	snei	r2,r1,#0
  909  00001968  1440000c	bnez	r2,L39_LF2
  910  0000196c  54000000	nop; delay slot nop
  911  00001970  0800001c	j	L38_LF2
  912  00001974  54000000	nop; delay slot nop
  913  00001978          	L39_LF2:
  914  00001978  8fc2fff4	lw	r2,-12(r30)
  915  0000197c  20410001	addi	r1,r2,#1
  916  00001980  00011020	add	r2,r0,r1
  917  00001984  afc2fff4	sw	-12(r30),r2
  918  00001988  0bffffc8	j	L37_LF2
  919  0000198c  54000000	nop; delay slot nop
  920  00001990          	L38_LF2:
  921  00001990  8fc1fff4	lw	r1,-12(r30)
  922  00001994  08000004	j	L36_LF2
  923  00001998  54000000	nop; delay slot nop
  924  0000199c          	L36_LF2:
  925  0000199c  8fa20000	lw	r2,0(r29)
  926  000019a0  8fdffff8	lw	r31,-8(r30)
  927  000019a4  001ee820	add	r29,r0,r30
  928  000019a8  8fdefffc	lw	r30,-4(r30)
  929  000019ac  4be00000	jr	r31
  930  000019b0  54000000	nop
  931  000019b4          	.endproc _dstrlen
  932  000019b4          	.align 2
  933  000019b4          	.proc _dstrstr
  934  000019b4          	.global _dstrstr
  935  000019b4          	_dstrstr:
  936                      ;  Function 'dstrstr'; 8 bytes of locals, 1 regs to save.
  937  000019b4  afbefffc	sw	-4(r29),r30; push fp
  938  000019b8  001df020	add	r30,r0,r29; fp = sp
  939  000019bc  afbffff8	sw	-8(r29),r31; push ret addr
  940  000019c0  2fbd0018	subui	r29,r29,#24; alloc local storage
  941  000019c4  afa20000	sw	0(r29),r2
  942  000019c8  23bdfff8	addi	r29,r29,#-8
  943  000019cc  001d0820	add	r1,r0,r29
  944  000019d0  8fc20004	lw	r2,4(r30)
  945  000019d4  ac220000	sw	(r1),r2
  946  000019d8  0fffff5c	jal	_dstrlen
  947  000019dc  54000000	nop; delay slot nop
  948  000019e0  23bd0008	addi	r29,r29,#8
  949  000019e4  afc1fff4	sw	-12(r30),r1
  950  000019e8          	L41_LF2:
  951  000019e8  8fc10000	lw	r1,(r30)
  952  000019ec  90220000	lbu	r2,(r1)
  953  000019f0  64410000	snei	r1,r2,#0
  954  000019f4  1420000c	bnez	r1,L43_LF2
  955  000019f8  54000000	nop; delay slot nop
  956  000019fc  08000060	j	L42_LF2
  957  00001a00  54000000	nop; delay slot nop
  958  00001a04          	L43_LF2:
  959  00001a04  23bdfff0	addi	r29,r29,#-16
  960  00001a08  001d0820	add	r1,r0,r29
  961  00001a0c  8fc20000	lw	r2,(r30)
  962  00001a10  ac220000	sw	(r1),r2
  963  00001a14  8fc20004	lw	r2,4(r30)
  964  00001a18  ac220004	sw	4(r1),r2
  965  00001a1c  8fc2fff4	lw	r2,-12(r30)
  966  00001a20  ac220008	sw	8(r1),r2
  967  00001a24  0ffffdc0	jal	_dstrncmp
  968  00001a28  54000000	nop; delay slot nop
  969  00001a2c  23bd0010	addi	r29,r29,#16
  970  00001a30  64220000	snei	r2,r1,#0
  971  00001a34  14400010	bnez	r2,L44_LF2
  972  00001a38  54000000	nop; delay slot nop
  973  00001a3c  8fc10000	lw	r1,(r30)
  974  00001a40  08000028	j	L40_LF2
  975  00001a44  54000000	nop; delay slot nop
  976  00001a48          	L44_LF2:
  977  00001a48  8fc20000	lw	r2,(r30)
  978  00001a4c  20410001	addi	r1,r2,#1
  979  00001a50  00011020	add	r2,r0,r1
  980  00001a54  afc20000	sw	(r30),r2
  981  00001a58  0bffff8c	j	L41_LF2
  982  00001a5c  54000000	nop; delay slot nop
  983  00001a60          	L42_LF2:
  984  00001a60  20010000	addi	r1,r0,#0
  985  00001a64  08000004	j	L40_LF2
  986  00001a68  54000000	nop; delay slot nop
  987  00001a6c          	L40_LF2:
  988  00001a6c  8fa20000	lw	r2,0(r29)
  989  00001a70  8fdffff8	lw	r31,-8(r30)
  990  00001a74  001ee820	add	r29,r0,r30
  991  00001a78  8fdefffc	lw	r30,-4(r30)
  992  00001a7c  4be00000	jr	r31
  993  00001a80  54000000	nop
  994  00001a84          	.endproc _dstrstr
  995  00001a84          	.align 2
  996  00001a84          	.proc _dmindex
  997  00001a84          	.global _dmindex
  998  00001a84          	_dmindex:
  999                      ;  Function 'dmindex'; 8 bytes of locals, 1 regs to save.
 1000  00001a84  afbefffc	sw	-4(r29),r30; push fp
 1001  00001a88  001df020	add	r30,r0,r29; fp = sp
 1002  00001a8c  afbffff8	sw	-8(r29),r31; push ret addr
 1003  00001a90  2fbd0018	subui	r29,r29,#24; alloc local storage
 1004  00001a94  afa20000	sw	0(r29),r2
 1005  00001a98  54000000	nop
 1006  00001a9c          	L46_LF2:
 1007  00001a9c  8fc10000	lw	r1,(r30)
 1008  00001aa0  90220000	lbu	r2,(r1)
 1009  00001aa4  64410000	snei	r1,r2,#0
 1010  00001aa8  1420000c	bnez	r1,L48_LF2
 1011  00001aac  54000000	nop; delay slot nop
 1012  00001ab0  08000070	j	L47_LF2
 1013  00001ab4  54000000	nop; delay slot nop
 1014  00001ab8          	L48_LF2:
 1015  00001ab8  8fc10004	lw	r1,4(r30)
 1016  00001abc  afc1fff4	sw	-12(r30),r1
 1017  00001ac0          	L49_LF2:
 1018  00001ac0  8fc1fff4	lw	r1,-12(r30)
 1019  00001ac4  90220000	lbu	r2,(r1)
 1020  00001ac8  64410000	snei	r1,r2,#0
 1021  00001acc  1420000c	bnez	r1,L52_LF2
 1022  00001ad0  54000000	nop; delay slot nop
 1023  00001ad4  08000044	j	L50_LF2
 1024  00001ad8  54000000	nop; delay slot nop
 1025  00001adc          	L52_LF2:
 1026  00001adc  8fc10000	lw	r1,(r30)
 1027  00001ae0  8fc2fff4	lw	r2,-12(r30)
 1028  00001ae4  90210000	lbu	r1,(r1)
 1029  00001ae8  90420000	lbu	r2,(r2)
 1030  00001aec  00220828	seq	r1,r1,r2
 1031  00001af0  10200010	beqz	r1,L51_LF2
 1032  00001af4  54000000	nop; delay slot nop
 1033  00001af8  8fc10000	lw	r1,(r30)
 1034  00001afc  08000030	j	L45_LF2
 1035  00001b00  54000000	nop; delay slot nop
 1036  00001b04          	L53_LF2:
 1037  00001b04          	L51_LF2:
 1038  00001b04  8fc2fff4	lw	r2,-12(r30)
 1039  00001b08  20410001	addi	r1,r2,#1
 1040  00001b0c  00011020	add	r2,r0,r1
 1041  00001b10  afc2fff4	sw	-12(r30),r2
 1042  00001b14  0bffffa8	j	L49_LF2
 1043  00001b18  54000000	nop; delay slot nop
 1044  00001b1c          	L50_LF2:
 1045  00001b1c  0bffff7c	j	L46_LF2
 1046  00001b20  54000000	nop; delay slot nop
 1047  00001b24          	L47_LF2:
 1048  00001b24  20010000	addi	r1,r0,#0
 1049  00001b28  08000004	j	L45_LF2
 1050  00001b2c  54000000	nop; delay slot nop
 1051  00001b30          	L45_LF2:
 1052  00001b30  8fa20000	lw	r2,0(r29)
 1053  00001b34  8fdffff8	lw	r31,-8(r30)
 1054  00001b38  001ee820	add	r29,r0,r30
 1055  00001b3c  8fdefffc	lw	r30,-4(r30)
 1056  00001b40  4be00000	jr	r31
 1057  00001b44  54000000	nop
 1058  00001b48          	.endproc _dmindex
 1059  00001b48          	.align 2
 1060  00001b48          	.proc _dindex
 1061  00001b48          	.global _dindex
 1062  00001b48          	_dindex:
 1063                      ;  Function 'dindex'; 0 bytes of locals, 1 regs to save.
 1064  00001b48  afbefffc	sw	-4(r29),r30; push fp
 1065  00001b4c  001df020	add	r30,r0,r29; fp = sp
 1066  00001b50  afbffff8	sw	-8(r29),r31; push ret addr
 1067  00001b54  2fbd0010	subui	r29,r29,#16; alloc local storage
 1068  00001b58  afa20000	sw	0(r29),r2
 1069  00001b5c  54000000	nop
 1070  00001b60          	L55_LF2:
 1071  00001b60  8fc10000	lw	r1,(r30)
 1072  00001b64  90220000	lbu	r2,(r1)
 1073  00001b68  64410000	snei	r1,r2,#0
 1074  00001b6c  1420000c	bnez	r1,L57_LF2
 1075  00001b70  54000000	nop; delay slot nop
 1076  00001b74  08000040	j	L56_LF2
 1077  00001b78  54000000	nop; delay slot nop
 1078  00001b7c          	L57_LF2:
 1079  00001b7c  8fc10000	lw	r1,(r30)
 1080  00001b80  90220000	lbu	r2,(r1)
 1081  00001b84  8fc10004	lw	r1,4(r30)
 1082  00001b88  00411028	seq	r2,r2,r1
 1083  00001b8c  10400010	beqz	r2,L58_LF2
 1084  00001b90  54000000	nop; delay slot nop
 1085  00001b94  8fc10000	lw	r1,(r30)
 1086  00001b98  08000028	j	L54_LF2
 1087  00001b9c  54000000	nop; delay slot nop
 1088  00001ba0          	L58_LF2:
 1089  00001ba0  8fc20000	lw	r2,(r30)
 1090  00001ba4  20410001	addi	r1,r2,#1
 1091  00001ba8  00011020	add	r2,r0,r1
 1092  00001bac  afc20000	sw	(r30),r2
 1093  00001bb0  0bffffac	j	L55_LF2
 1094  00001bb4  54000000	nop; delay slot nop
 1095  00001bb8          	L56_LF2:
 1096  00001bb8  20010000	addi	r1,r0,#0
 1097  00001bbc  08000004	j	L54_LF2
 1098  00001bc0  54000000	nop; delay slot nop
 1099  00001bc4          	L54_LF2:
 1100  00001bc4  8fa20000	lw	r2,0(r29)
 1101  00001bc8  8fdffff8	lw	r31,-8(r30)
 1102  00001bcc  001ee820	add	r29,r0,r30
 1103  00001bd0  8fdefffc	lw	r30,-4(r30)
 1104  00001bd4  4be00000	jr	r31
 1105  00001bd8  54000000	nop
 1106  00001bdc          	.endproc _dindex
 1107  00001bdc          	.align 2
 1108  00001bdc          	.proc _ditoa
 1109  00001bdc          	.global _ditoa
 1110  00001bdc          	_ditoa:
 1111                      ;  Function 'ditoa'; 8 bytes of locals, 2 regs to save.
 1112  00001bdc  afbefffc	sw	-4(r29),r30; push fp
 1113  00001be0  001df020	add	r30,r0,r29; fp = sp
 1114  00001be4  afbffff8	sw	-8(r29),r31; push ret addr
 1115  00001be8  2fbd0018	subui	r29,r29,#24; alloc local storage
 1116  00001bec  afa20000	sw	0(r29),r2
 1117  00001bf0  afa30004	sw	4(r29),r3
 1118  00001bf4  8fc10000	lw	r1,(r30)
 1119  00001bf8  68220000	slti	r2,r1,#0
 1120  00001bfc  1040002c	beqz	r2,L60_LF2
 1121  00001c00  54000000	nop; delay slot nop
 1122  00001c04  8fc10004	lw	r1,4(r30)
 1123  00001c08  20220001	addi	r2,r1,#1
 1124  00001c0c  afc20004	sw	4(r30),r2
 1125  00001c10  2002002d	addi	r2,r0,(#0x2d)&0xff
 1126  00001c14  a0220000	sb	(r1),r2
 1127  00001c18  8fc10000	lw	r1,(r30)
 1128  00001c1c  00011022	sub	r2,r0,r1
 1129  00001c20  afc20000	sw	(r30),r2
 1130  00001c24  08000118	j	L61_LF2
 1131  00001c28  54000000	nop; delay slot nop
 1132  00001c2c          	L60_LF2:
 1133  00001c2c  8fc10000	lw	r1,(r30)
 1134  00001c30  64220000	snei	r2,r1,#0
 1135  00001c34  14400020	bnez	r2,L62_LF2
 1136  00001c38  54000000	nop; delay slot nop
 1137  00001c3c  8fc10004	lw	r1,4(r30)
 1138  00001c40  20220001	addi	r2,r1,#1
 1139  00001c44  afc20004	sw	4(r30),r2
 1140  00001c48  20020030	addi	r2,r0,(#0x30)&0xff
 1141  00001c4c  a0220000	sb	(r1),r2
 1142  00001c50  080000ec	j	L61_LF2
 1143  00001c54  54000000	nop; delay slot nop
 1144  00001c58          	L62_LF2:
 1145  00001c58  20010001	addi	r1,r0,#1
 1146  00001c5c  afc1fff4	sw	-12(r30),r1
 1147  00001c60          	L64_LF2:
 1148  00001c60  8fc1fff4	lw	r1,-12(r30)
 1149  00001c64  8fc20000	lw	r2,(r30)
 1150  00001c68  0022082c	sle	r1,r1,r2
 1151  00001c6c  1420000c	bnez	r1,L66_LF2
 1152  00001c70  54000000	nop; delay slot nop
 1153  00001c74  08000024	j	L65_LF2
 1154  00001c78  54000000	nop; delay slot nop
 1155  00001c7c          	L67_LF2:
 1156  00001c7c          	L66_LF2:
 1157  00001c7c  8fc1fff4	lw	r1,-12(r30)
 1158  00001c80  00011820	add	r3,r0,r1
 1159  00001c84  50620002	slli	r2,r3,#0x2
 1160  00001c88  00411020	add	r2,r2,r1
 1161  00001c8c  50410001	slli	r1,r2,#0x1
 1162  00001c90  afc1fff4	sw	-12(r30),r1
 1163  00001c94  0bffffc8	j	L64_LF2
 1164  00001c98  54000000	nop; delay slot nop
 1165  00001c9c          	L65_LF2:
 1166  00001c9c  54000000	nop
 1167  00001ca0          	L68_LF2:
 1168  00001ca0  8fc1fff4	lw	r1,-12(r30)
 1169  00001ca4  2002000a	addi	r2,r0,#10
 1170  00001ca8  00200035	movi2fp	f0,r1
 1171  00001cac  00400835	movi2fp	f1,r2
 1172  00001cb0  0401000f	div	f0,f0,f1
 1173  00001cb4  00000834	movfp2i	r1,f0
 1174  00001cb8  afc1fff4	sw	-12(r30),r1
 1175  00001cbc  8fc10004	lw	r1,4(r30)
 1176  00001cc0  20220001	addi	r2,r1,#1
 1177  00001cc4  afc20004	sw	4(r30),r2
 1178  00001cc8  8fc20000	lw	r2,(r30)
 1179  00001ccc  8fc3fff4	lw	r3,-12(r30)
 1180  00001cd0  00400035	movi2fp	f0,r2
 1181  00001cd4  00600835	movi2fp	f1,r3
 1182  00001cd8  0401000f	div	f0,f0,f1
 1183  00001cdc  00001034	movfp2i	r2,f0
 1184  00001ce0  00021820	add	r3,r0,r2
 1185  00001ce4  20620030	addi	r2,r3,#48
 1186  00001ce8  a0220000	sb	(r1),r2
 1187  00001cec  8fc10000	lw	r1,(r30)
 1188  00001cf0  8fc3fff4	lw	r3,-12(r30)
 1189  00001cf4  00200035	movi2fp	f0,r1
 1190  00001cf8  00600835	movi2fp	f1,r3
 1191  00001cfc  0401000f	div	f0,f0,f1
 1192  00001d00  00001034	movfp2i	r2,f0
 1193  00001d04  8fc3fff4	lw	r3,-12(r30)
 1194  00001d08  00400035	movi2fp	f0,r2
 1195  00001d0c  00600835	movi2fp	f1,r3
 1196  00001d10  0401000e	mult	f0,f0,f1
 1197  00001d14  00001034	movfp2i	r2,f0
 1198  00001d18  00220822	sub	r1,r1,r2
 1199  00001d1c  afc10000	sw	(r30),r1
 1200  00001d20          	L70_LF2:
 1201  00001d20  8fc1fff4	lw	r1,-12(r30)
 1202  00001d24  6c220001	sgti	r2,r1,#1
 1203  00001d28  1440000c	bnez	r2,L71_LF2
 1204  00001d2c  54000000	nop; delay slot nop
 1205  00001d30  0800000c	j	L61_LF2
 1206  00001d34  54000000	nop; delay slot nop
 1207  00001d38          	L71_LF2:
 1208  00001d38  0bffff64	j	L68_LF2
 1209  00001d3c  54000000	nop; delay slot nop
 1210  00001d40          	L69_LF2:
 1211  00001d40          	L63_LF2:
 1212  00001d40          	L61_LF2:
 1213  00001d40  8fc10004	lw	r1,4(r30)
 1214  00001d44  20020000	addi	r2,r0,(#0x0)&0xff
 1215  00001d48  a0220000	sb	(r1),r2
 1216  00001d4c          	L59_LF2:
 1217  00001d4c  8fa20000	lw	r2,0(r29)
 1218  00001d50  8fa30004	lw	r3,4(r29)
 1219  00001d54  8fdffff8	lw	r31,-8(r30)
 1220  00001d58  001ee820	add	r29,r0,r30
 1221  00001d5c  8fdefffc	lw	r30,-4(r30)
 1222  00001d60  4be00000	jr	r31
 1223  00001d64  54000000	nop
 1224  00001d68          	.endproc _ditoa
 1225  00001d68          	.align 2
 1226  00001d68          	.proc _dstrtol
 1227  00001d68          	.global _dstrtol
 1228  00001d68          	_dstrtol:
 1229                      ;  Function 'dstrtol'; 16 bytes of locals, 1 regs to save.
 1230  00001d68  afbefffc	sw	-4(r29),r30; push fp
 1231  00001d6c  001df020	add	r30,r0,r29; fp = sp
 1232  00001d70  afbffff8	sw	-8(r29),r31; push ret addr
 1233  00001d74  2fbd0020	subui	r29,r29,#32; alloc local storage
 1234  00001d78  afa20000	sw	0(r29),r2
 1235  00001d7c  20010000	addi	r1,r0,#0
 1236  00001d80  afc1fff4	sw	-12(r30),r1
 1237  00001d84          	L73_LF2:
 1238  00001d84  8fc10000	lw	r1,(r30)
 1239  00001d88  90220000	lbu	r2,(r1)
 1240  00001d8c  60410020	seqi	r1,r2,#32
 1241  00001d90  14200034	bnez	r1,L75_LF2
 1242  00001d94  54000000	nop; delay slot nop
 1243  00001d98  8fc10000	lw	r1,(r30)
 1244  00001d9c  90220000	lbu	r2,(r1)
 1245  00001da0  60410009	seqi	r1,r2,#9
 1246  00001da4  14200020	bnez	r1,L75_LF2
 1247  00001da8  54000000	nop; delay slot nop
 1248  00001dac  8fc10000	lw	r1,(r30)
 1249  00001db0  90220000	lbu	r2,(r1)
 1250  00001db4  6041000a	seqi	r1,r2,#10
 1251  00001db8  1420000c	bnez	r1,L75_LF2
 1252  00001dbc  54000000	nop; delay slot nop
 1253  00001dc0  0800001c	j	L74_LF2
 1254  00001dc4  54000000	nop; delay slot nop
 1255  00001dc8          	L75_LF2:
 1256  00001dc8  8fc20000	lw	r2,(r30)
 1257  00001dcc  20410001	addi	r1,r2,#1
 1258  00001dd0  00011020	add	r2,r0,r1
 1259  00001dd4  afc20000	sw	(r30),r2
 1260  00001dd8  0bffffa8	j	L73_LF2
 1261  00001ddc  54000000	nop; delay slot nop
 1262  00001de0          	L74_LF2:
 1263  00001de0  8fc10004	lw	r1,4(r30)
 1264  00001de4  64220000	snei	r2,r1,#0
 1265  00001de8  10400010	beqz	r2,L76_LF2
 1266  00001dec  54000000	nop; delay slot nop
 1267  00001df0  8fc10004	lw	r1,4(r30)
 1268  00001df4  8fc20000	lw	r2,(r30)
 1269  00001df8  ac220000	sw	(r1),r2
 1270  00001dfc          	L76_LF2:
 1271  00001dfc  8fc10000	lw	r1,(r30)
 1272  00001e00  90220000	lbu	r2,(r1)
 1273  00001e04  64410000	snei	r1,r2,#0
 1274  00001e08  14200010	bnez	r1,L77_LF2
 1275  00001e0c  54000000	nop; delay slot nop
 1276  00001e10  8fc1fff4	lw	r1,-12(r30)
 1277  00001e14  08000294	j	L72_LF2
 1278  00001e18  54000000	nop; delay slot nop
 1279  00001e1c          	L77_LF2:
 1280  00001e1c  8fc10000	lw	r1,(r30)
 1281  00001e20  90220000	lbu	r2,(r1)
 1282  00001e24  6041002d	seqi	r1,r2,#45
 1283  00001e28  10200024	beqz	r1,L78_LF2
 1284  00001e2c  54000000	nop; delay slot nop
 1285  00001e30  2001ffff	addi	r1,r0,#-1
 1286  00001e34  afc1ffec	sw	-20(r30),r1
 1287  00001e38  8fc20000	lw	r2,(r30)
 1288  00001e3c  20410001	addi	r1,r2,#1
 1289  00001e40  00011020	add	r2,r0,r1
 1290  00001e44  afc20000	sw	(r30),r2
 1291  00001e48  0800000c	j	L79_LF2
 1292  00001e4c  54000000	nop; delay slot nop
 1293  00001e50          	L78_LF2:
 1294  00001e50  20010001	addi	r1,r0,#1
 1295  00001e54  afc1ffec	sw	-20(r30),r1
 1296  00001e58          	L79_LF2:
 1297  00001e58  8fc10008	lw	r1,8(r30)
 1298  00001e5c  64220000	snei	r2,r1,#0
 1299  00001e60  14400090	bnez	r2,L80_LF2
 1300  00001e64  54000000	nop; delay slot nop
 1301  00001e68  8fc10000	lw	r1,(r30)
 1302  00001e6c  90220000	lbu	r2,(r1)
 1303  00001e70  60410030	seqi	r1,r2,#48
 1304  00001e74  10200074	beqz	r1,L81_LF2
 1305  00001e78  54000000	nop; delay slot nop
 1306  00001e7c  8fc20000	lw	r2,(r30)
 1307  00001e80  20410001	addi	r1,r2,#1
 1308  00001e84  00011020	add	r2,r0,r1
 1309  00001e88  afc20000	sw	(r30),r2
 1310  00001e8c  8fc10000	lw	r1,(r30)
 1311  00001e90  90220000	lbu	r2,(r1)
 1312  00001e94  60410078	seqi	r1,r2,#120
 1313  00001e98  14200020	bnez	r1,L83_LF2
 1314  00001e9c  54000000	nop; delay slot nop
 1315  00001ea0  8fc10000	lw	r1,(r30)
 1316  00001ea4  90220000	lbu	r2,(r1)
 1317  00001ea8  60410058	seqi	r1,r2,#88
 1318  00001eac  1420000c	bnez	r1,L83_LF2
 1319  00001eb0  54000000	nop; delay slot nop
 1320  00001eb4  08000024	j	L82_LF2
 1321  00001eb8  54000000	nop; delay slot nop
 1322  00001ebc          	L83_LF2:
 1323  00001ebc  20010010	addi	r1,r0,#16
 1324  00001ec0  afc10008	sw	8(r30),r1
 1325  00001ec4  8fc20000	lw	r2,(r30)
 1326  00001ec8  20410001	addi	r1,r2,#1
 1327  00001ecc  00011020	add	r2,r0,r1
 1328  00001ed0  afc20000	sw	(r30),r2
 1329  00001ed4  0800000c	j	L84_LF2
 1330  00001ed8  54000000	nop; delay slot nop
 1331  00001edc          	L82_LF2:
 1332  00001edc  20010008	addi	r1,r0,#8
 1333  00001ee0  afc10008	sw	8(r30),r1
 1334  00001ee4          	L84_LF2:
 1335  00001ee4  0800000c	j	L80_LF2
 1336  00001ee8  54000000	nop; delay slot nop
 1337  00001eec          	L81_LF2:
 1338  00001eec  2001000a	addi	r1,r0,#10
 1339  00001ef0  afc10008	sw	8(r30),r1
 1340  00001ef4          	L85_LF2:
 1341  00001ef4          	L80_LF2:
 1342  00001ef4  8fc10008	lw	r1,8(r30)
 1343  00001ef8  70220000	slei	r2,r1,#0
 1344  00001efc  1440001c	bnez	r2,L87_LF2
 1345  00001f00  54000000	nop; delay slot nop
 1346  00001f04  8fc10008	lw	r1,8(r30)
 1347  00001f08  6c220010	sgti	r2,r1,#16
 1348  00001f0c  1440000c	bnez	r2,L87_LF2
 1349  00001f10  54000000	nop; delay slot nop
 1350  00001f14  08000010	j	L86_LF2
 1351  00001f18  54000000	nop; delay slot nop
 1352  00001f1c          	L87_LF2:
 1353  00001f1c  8fc1fff4	lw	r1,-12(r30)
 1354  00001f20  08000188	j	L72_LF2
 1355  00001f24  54000000	nop; delay slot nop
 1356  00001f28          	L86_LF2:
 1357  00001f28  54000000	nop
 1358  00001f2c          	L88_LF2:
 1359  00001f2c  8fc10000	lw	r1,(r30)
 1360  00001f30  90220000	lbu	r2,(r1)
 1361  00001f34  6c41002f	sgtui	r1,r2,#47
 1362  00001f38  10200030	beqz	r1,L91_LF2
 1363  00001f3c  54000000	nop; delay slot nop
 1364  00001f40  8fc10000	lw	r1,(r30)
 1365  00001f44  90220000	lbu	r2,(r1)
 1366  00001f48  70410039	sleui	r1,r2,#57
 1367  00001f4c  1020001c	beqz	r1,L91_LF2
 1368  00001f50  54000000	nop; delay slot nop
 1369  00001f54  8fc10000	lw	r1,(r30)
 1370  00001f58  90220000	lbu	r2,(r1)
 1371  00001f5c  2041ffd0	addi	r1,r2,#-48
 1372  00001f60  afc1fff0	sw	-16(r30),r1
 1373  00001f64  0800008c	j	L92_LF2
 1374  00001f68  54000000	nop; delay slot nop
 1375  00001f6c          	L91_LF2:
 1376  00001f6c  8fc10000	lw	r1,(r30)
 1377  00001f70  90220000	lbu	r2,(r1)
 1378  00001f74  6c410060	sgtui	r1,r2,#96
 1379  00001f78  10200030	beqz	r1,L93_LF2
 1380  00001f7c  54000000	nop; delay slot nop
 1381  00001f80  8fc10000	lw	r1,(r30)
 1382  00001f84  90220000	lbu	r2,(r1)
 1383  00001f88  7041007a	sleui	r1,r2,#122
 1384  00001f8c  1020001c	beqz	r1,L93_LF2
 1385  00001f90  54000000	nop; delay slot nop
 1386  00001f94  8fc10000	lw	r1,(r30)
 1387  00001f98  90220000	lbu	r2,(r1)
 1388  00001f9c  2041ffa9	addi	r1,r2,#-87
 1389  00001fa0  afc1fff0	sw	-16(r30),r1
 1390  00001fa4  0800004c	j	L92_LF2
 1391  00001fa8  54000000	nop; delay slot nop
 1392  00001fac          	L93_LF2:
 1393  00001fac  8fc10000	lw	r1,(r30)
 1394  00001fb0  90220000	lbu	r2,(r1)
 1395  00001fb4  6c410040	sgtui	r1,r2,#64
 1396  00001fb8  10200030	beqz	r1,L95_LF2
 1397  00001fbc  54000000	nop; delay slot nop
 1398  00001fc0  8fc10000	lw	r1,(r30)
 1399  00001fc4  90220000	lbu	r2,(r1)
 1400  00001fc8  7041005a	sleui	r1,r2,#90
 1401  00001fcc  1020001c	beqz	r1,L95_LF2
 1402  00001fd0  54000000	nop; delay slot nop
 1403  00001fd4  8fc10000	lw	r1,(r30)
 1404  00001fd8  90220000	lbu	r2,(r1)
 1405  00001fdc  2041ffc9	addi	r1,r2,#-55
 1406  00001fe0  afc1fff0	sw	-16(r30),r1
 1407  00001fe4  0800000c	j	L92_LF2
 1408  00001fe8  54000000	nop; delay slot nop
 1409  00001fec          	L95_LF2:
 1410  00001fec  200103e8	addi	r1,r0,#1000
 1411  00001ff0  afc1fff0	sw	-16(r30),r1
 1412  00001ff4          	L96_LF2:
 1413  00001ff4          	L94_LF2:
 1414  00001ff4          	L92_LF2:
 1415  00001ff4  8fc1fff0	lw	r1,-16(r30)
 1416  00001ff8  8fc20008	lw	r2,8(r30)
 1417  00001ffc  0022082a	slt	r1,r1,r2
 1418  00002000  10200040	beqz	r1,L90_LF2
 1419  00002004  54000000	nop; delay slot nop
 1420  00002008  8fc1fff4	lw	r1,-12(r30)
 1421  0000200c  8fc20008	lw	r2,8(r30)
 1422  00002010  00200035	movi2fp	f0,r1
 1423  00002014  00400835	movi2fp	f1,r2
 1424  00002018  0401000e	mult	f0,f0,f1
 1425  0000201c  00000834	movfp2i	r1,f0
 1426  00002020  afc1fff4	sw	-12(r30),r1
 1427  00002024  8fc1fff4	lw	r1,-12(r30)
 1428  00002028  8fc2fff0	lw	r2,-16(r30)
 1429  0000202c  00220820	add	r1,r1,r2
 1430  00002030  afc1fff4	sw	-12(r30),r1
 1431  00002034  8fc20000	lw	r2,(r30)
 1432  00002038  20410001	addi	r1,r2,#1
 1433  0000203c  00011020	add	r2,r0,r1
 1434  00002040  afc20000	sw	(r30),r2
 1435  00002044          	L97_LF2:
 1436  00002044          	L90_LF2:
 1437  00002044  8fc1fff0	lw	r1,-16(r30)
 1438  00002048  8fc20008	lw	r2,8(r30)
 1439  0000204c  0022082a	slt	r1,r1,r2
 1440  00002050  1420000c	bnez	r1,L98_LF2
 1441  00002054  54000000	nop; delay slot nop
 1442  00002058  0800000c	j	L89_LF2
 1443  0000205c  54000000	nop; delay slot nop
 1444  00002060          	L98_LF2:
 1445  00002060  0bfffec8	j	L88_LF2
 1446  00002064  54000000	nop; delay slot nop
 1447  00002068          	L89_LF2:
 1448  00002068  8fc10004	lw	r1,4(r30)
 1449  0000206c  64220000	snei	r2,r1,#0
 1450  00002070  10400010	beqz	r2,L99_LF2
 1451  00002074  54000000	nop; delay slot nop
 1452  00002078  8fc10004	lw	r1,4(r30)
 1453  0000207c  8fc20000	lw	r2,(r30)
 1454  00002080  ac220000	sw	(r1),r2
 1455  00002084          	L99_LF2:
 1456  00002084  8fc1fff4	lw	r1,-12(r30)
 1457  00002088  8fc2ffec	lw	r2,-20(r30)
 1458  0000208c  00200035	movi2fp	f0,r1
 1459  00002090  00400835	movi2fp	f1,r2
 1460  00002094  0401000e	mult	f0,f0,f1
 1461  00002098  00000834	movfp2i	r1,f0
 1462  0000209c  afc1fff4	sw	-12(r30),r1
 1463  000020a0  8fc1fff4	lw	r1,-12(r30)
 1464  000020a4  08000004	j	L72_LF2
 1465  000020a8  54000000	nop; delay slot nop
 1466  000020ac          	L72_LF2:
 1467  000020ac  8fa20000	lw	r2,0(r29)
 1468  000020b0  8fdffff8	lw	r31,-8(r30)
 1469  000020b4  001ee820	add	r29,r0,r30
 1470  000020b8  8fdefffc	lw	r30,-4(r30)
 1471  000020bc  4be00000	jr	r31
 1472  000020c0  54000000	nop
 1473  000020c4          	.endproc _dstrtol
 1474  000020c4          	.align 2
 1475  000020c4          	.proc _bcopy
 1476  000020c4          	.global _bcopy
 1477  000020c4          	_bcopy:
 1478                      ;  Function 'bcopy'; 0 bytes of locals, 2 regs to save.
 1479  000020c4  afbefffc	sw	-4(r29),r30; push fp
 1480  000020c8  001df020	add	r30,r0,r29; fp = sp
 1481  000020cc  afbffff8	sw	-8(r29),r31; push ret addr
 1482  000020d0  2fbd0010	subui	r29,r29,#16; alloc local storage
 1483  000020d4  afa20000	sw	0(r29),r2
 1484  000020d8  afa30004	sw	4(r29),r3
 1485  000020dc  54000000	nop
 1486  000020e0          	L101_LF2:
 1487  000020e0  8fc10008	lw	r1,8(r30)
 1488  000020e4  2022ffff	addi	r2,r1,#-1
 1489  000020e8  afc20008	sw	8(r30),r2
 1490  000020ec  6c210000	sgti	r1,r1,#0
 1491  000020f0  1420000c	bnez	r1,L103_LF2
 1492  000020f4  54000000	nop; delay slot nop
 1493  000020f8  0800002c	j	L102_LF2
 1494  000020fc  54000000	nop; delay slot nop
 1495  00002100          	L103_LF2:
 1496  00002100  8fc10004	lw	r1,4(r30)
 1497  00002104  20220001	addi	r2,r1,#1
 1498  00002108  afc20004	sw	4(r30),r2
 1499  0000210c  8fc20000	lw	r2,(r30)
 1500  00002110  20430001	addi	r3,r2,#1
 1501  00002114  afc30000	sw	(r30),r3
 1502  00002118  80420000	lb	r2,(r2)
 1503  0000211c  a0220000	sb	(r1),r2
 1504  00002120  0bffffbc	j	L101_LF2
 1505  00002124  54000000	nop; delay slot nop
 1506  00002128          	L102_LF2:
 1507  00002128          	L100_LF2:
 1508  00002128  8fa20000	lw	r2,0(r29)
 1509  0000212c  8fa30004	lw	r3,4(r29)
 1510  00002130  8fdffff8	lw	r31,-8(r30)
 1511  00002134  001ee820	add	r29,r0,r30
 1512  00002138  8fdefffc	lw	r30,-4(r30)
 1513  0000213c  4be00000	jr	r31
 1514  00002140  54000000	nop
 1515  00002144          	.endproc _bcopy
 1516  00002144          	.align 2
 1517  00002144          	.proc _bzero
 1518  00002144          	.global _bzero
 1519  00002144          	_bzero:
 1520                      ;  Function 'bzero'; 0 bytes of locals, 1 regs to save.
 1521  00002144  afbefffc	sw	-4(r29),r30; push fp
 1522  00002148  001df020	add	r30,r0,r29; fp = sp
 1523  0000214c  afbffff8	sw	-8(r29),r31; push ret addr
 1524  00002150  2fbd0010	subui	r29,r29,#16; alloc local storage
 1525  00002154  afa20000	sw	0(r29),r2
 1526  00002158  54000000	nop
 1527  0000215c          	L105_LF2:
 1528  0000215c  8fc10004	lw	r1,4(r30)
 1529  00002160  2022ffff	addi	r2,r1,#-1
 1530  00002164  afc20004	sw	4(r30),r2
 1531  00002168  6c210000	sgti	r1,r1,#0
 1532  0000216c  1420000c	bnez	r1,L107_LF2
 1533  00002170  54000000	nop; delay slot nop
 1534  00002174  08000020	j	L106_LF2
 1535  00002178  54000000	nop; delay slot nop
 1536  0000217c          	L107_LF2:
 1537  0000217c  8fc10000	lw	r1,(r30)
 1538  00002180  20220001	addi	r2,r1,#1
 1539  00002184  afc20000	sw	(r30),r2
 1540  00002188  20020000	addi	r2,r0,(#0x0)&0xff
 1541  0000218c  a0220000	sb	(r1),r2
 1542  00002190  0bffffc8	j	L105_LF2
 1543  00002194  54000000	nop; delay slot nop
 1544  00002198          	L106_LF2:
 1545  00002198          	L104_LF2:
 1546  00002198  8fa20000	lw	r2,0(r29)
 1547  0000219c  8fdffff8	lw	r31,-8(r30)
 1548  000021a0  001ee820	add	r29,r0,r30
 1549  000021a4  8fdefffc	lw	r30,-4(r30)
 1550  000021a8  4be00000	jr	r31
 1551  000021ac  54000000	nop
 1552  000021b0          	.endproc _bzero
 1553  000021b0          	.align 2
 1554  000021b0          	.proc _min
 1555  000021b0          	.global _min
 1556  000021b0          	_min:
 1557                      ;  Function 'min'; 0 bytes of locals, 2 regs to save.
 1558  000021b0  afbefffc	sw	-4(r29),r30; push fp
 1559  000021b4  001df020	add	r30,r0,r29; fp = sp
 1560  000021b8  afbffff8	sw	-8(r29),r31; push ret addr
 1561  000021bc  2fbd0010	subui	r29,r29,#16; alloc local storage
 1562  000021c0  afa20000	sw	0(r29),r2
 1563  000021c4  afa30004	sw	4(r29),r3
 1564  000021c8  8fc10000	lw	r1,(r30)
 1565  000021cc  8fc20004	lw	r2,4(r30)
 1566  000021d0  0022182c	sle	r3,r1,r2
 1567  000021d4  14600008	bnez	r3,L109_LF2
 1568  000021d8  54000000	nop; delay slot nop
 1569  000021dc  8fc10004	lw	r1,4(r30)
 1570  000021e0          	L109_LF2:
 1571  000021e0  08000004	j	L108_LF2
 1572  000021e4  54000000	nop; delay slot nop
 1573  000021e8          	L108_LF2:
 1574  000021e8  8fa20000	lw	r2,0(r29)
 1575  000021ec  8fa30004	lw	r3,4(r29)
 1576  000021f0  8fdffff8	lw	r31,-8(r30)
 1577  000021f4  001ee820	add	r29,r0,r30
 1578  000021f8  8fdefffc	lw	r30,-4(r30)
 1579  000021fc  4be00000	jr	r31
 1580  00002200  54000000	nop
 1581  00002204          	.endproc _min
 1582  00002204          	.align 2
 1583  00002204          	.proc _max
 1584  00002204          	.global _max
 1585  00002204          	_max:
 1586                      ;  Function 'max'; 0 bytes of locals, 2 regs to save.
 1587  00002204  afbefffc	sw	-4(r29),r30; push fp
 1588  00002208  001df020	add	r30,r0,r29; fp = sp
 1589  0000220c  afbffff8	sw	-8(r29),r31; push ret addr
 1590  00002210  2fbd0010	subui	r29,r29,#16; alloc local storage
 1591  00002214  afa20000	sw	0(r29),r2
 1592  00002218  afa30004	sw	4(r29),r3
 1593  0000221c  8fc10000	lw	r1,(r30)
 1594  00002220  8fc20004	lw	r2,4(r30)
 1595  00002224  0022182d	sge	r3,r1,r2
 1596  00002228  14600008	bnez	r3,L111_LF2
 1597  0000222c  54000000	nop; delay slot nop
 1598  00002230  8fc10004	lw	r1,4(r30)
 1599  00002234          	L111_LF2:
 1600  00002234  08000004	j	L110_LF2
 1601  00002238  54000000	nop; delay slot nop
 1602  0000223c          	L110_LF2:
 1603  0000223c  8fa20000	lw	r2,0(r29)
 1604  00002240  8fa30004	lw	r3,4(r29)
 1605  00002244  8fdffff8	lw	r31,-8(r30)
 1606  00002248  001ee820	add	r29,r0,r30
 1607  0000224c  8fdefffc	lw	r30,-4(r30)
 1608  00002250  4be00000	jr	r31
 1609  00002254  54000000	nop
 1610  00002258          	.endproc _max
 1611                      ;;; Ethan L. Miller, 1999.  Released to the public domain
 1612                      ;;;
 1613                      ;;; Most of the traps are called in files from libtraps.
 1616  00002258          	.align 2
 1617  00002258          	.proc _exit
 1618  00002258          	.global _exit
 1619  00002258          	_exit:
 1620  00002258  44000300	trap	#0x300
 1621  0000225c  4be00000	jr	r31
 1622  00002260  54000000	nop
 1623  00002264          	.endproc _exit
 1625                      ; for the benefit of gcc.
 1626  00002264          	.proc ___main
 1627  00002264          	.global ___main
 1628  00002264          	___main:
 1629  00002264  4be00000	jr	r31
 1630  00002268  54000000	nop
 1631  0000226c          	.endproc ___main
 1632  0000226c          	.text
 1633  0000226c          	.global _etext
 1634  0000226c          	_etext:
 1635  0000226c          	.align 3
 1636  00002270          	.data
 1637  000030ea          	.global _edata
 1638  000030ea          	_edata:
