 line   address	contents
    1                      ; Linked by DLX-LD.
    2                      ; MemSize 24576
    3                      ; Data size: 306
    4                      ; Text size: 6012
    5                      ; Stack size: 8192
    6  00000000          	.text 0x1000
    7  00001000          	.data 0x3000
    8                      ; Compiled by GCC
    9  00003000          	.text
   10  00001000          	.align 2
   11  00001000          	.proc _isspace
   12  00001000          	.global _isspace
   13  00001000          	_isspace:
   14                      ;  Function 'isspace'; 0 bytes of locals, 1 regs to save.
   15  00001000  afbefffc	sw	-4(r29),r30; push fp
   16  00001004  001df020	add	r30,r0,r29; fp = sp
   17  00001008  afbffff8	sw	-8(r29),r31; push ret addr
   18  0000100c  2fbd0010	subui	r29,r29,#16; alloc local storage
   19  00001010  afa20000	sw	0(r29),r2
   20  00001014  83c20003	lb	r2,3(r30)
   21  00001018  201f0000	addi	r31,r0,#0
   22  0000101c  304100ff	andi	r1,r2,#0x00ff
   23  00001020  60210020	seqi	r1,r1,#32
   24  00001024  14200018	bnez	r1,L6_LF0
   25  00001028  54000000	nop; not filled.
   26  0000102c  2041fff7	addi	r1,r2,#-9
   27  00001030  302100ff	andi	r1,r1,#0x00ff
   28  00001034  70210001	sleui	r1,r1,#1
   29  00001038  10200008	beqz	r1,L5_LF0
   30  0000103c  54000000	nop; not filled.
   31  00001040          	L6_LF0:
   32  00001040  201f0001	addi	r31,r0,#1
   33  00001044          	L5_LF0:
   34  00001044  001f0820	add	r1,r0,r31
   35  00001048  8fa20000	lw	r2,0(r29)
   36  0000104c  8fdffff8	lw	r31,-8(r30)
   37  00001050  001ee820	add	r29,r0,r30
   38  00001054  8fdefffc	lw	r30,-4(r30)
   39  00001058  4be00000	jr	r31
   40  0000105c  54000000	nop
   41  00001060          	.endproc _isspace
   42  00001060          	.align 2
   43  00001060          	.proc _isxdigit
   44  00001060          	.global _isxdigit
   45  00001060          	_isxdigit:
   46                      ;  Function 'isxdigit'; 0 bytes of locals, 1 regs to save.
   47  00001060  afbefffc	sw	-4(r29),r30; push fp
   48  00001064  001df020	add	r30,r0,r29; fp = sp
   49  00001068  afbffff8	sw	-8(r29),r31; push ret addr
   50  0000106c  2fbd0010	subui	r29,r29,#16; alloc local storage
   51  00001070  afa20000	sw	0(r29),r2
   52  00001074  83df0003	lb	r31,3(r30)
   53  00001078  20020000	addi	r2,r0,#0
   54  0000107c  23e1ffd0	addi	r1,r31,#-48
   55  00001080  302100ff	andi	r1,r1,#0x00ff
   56  00001084  70210009	sleui	r1,r1,#9
   57  00001088  14200028	bnez	r1,L12_LF0
   58  0000108c  54000000	nop; not filled.
   59  00001090  23e1ff9f	addi	r1,r31,#-97
   60  00001094  302100ff	andi	r1,r1,#0x00ff
   61  00001098  70210005	sleui	r1,r1,#5
   62  0000109c  14200014	bnez	r1,L12_LF0
   63  000010a0  54000000	nop; not filled.
   64  000010a4  33e100ff	andi	r1,r31,#0x00ff
   65  000010a8  64210041	snei	r1,r1,#65
   66  000010ac  14200008	bnez	r1,L11_LF0
   67  000010b0  54000000	nop; not filled.
   68  000010b4          	L12_LF0:
   69  000010b4  20020001	addi	r2,r0,#1
   70  000010b8          	L11_LF0:
   71  000010b8  00020820	add	r1,r0,r2
   72  000010bc  8fa20000	lw	r2,0(r29)
   73  000010c0  8fdffff8	lw	r31,-8(r30)
   74  000010c4  001ee820	add	r29,r0,r30
   75  000010c8  8fdefffc	lw	r30,-4(r30)
   76  000010cc  4be00000	jr	r31
   77  000010d0  54000000	nop
   78  000010d4          	.endproc _isxdigit
   79  000010d4          	.data
   80  00003000          	.align 2
   81  00003000          	LC0_LF0:
   82  00003000  55736167	.ascii "Usage: \000"
   82  00003004  653a2000	
   83  00003008          	.align 2
   84  00003008          	LC1_LF0:
   85  00003008  203c6861	.ascii " <handle_to_shared_memory_page> <handle_to_page_mapped_semaphore>\n\000"
   85  0000300c  6e646c65	
   85  00003010  5f746f5f	
   85  00003014  73686172	
   85  00003018  65645f6d	
   85  0000301c  656d6f72	
   85  00003020  795f7061	
   85  00003024  67653e20	
   85  00003028  3c68616e	
   85  0000302c  646c655f	
   85  00003030  746f5f70	
   85  00003034  6167655f	
   85  00003038  6d617070	
   85  0000303c  65645f73	
   85  00003040  656d6170	
   85  00003044  686f7265	
   85  00003048  3e0a00  	
   86  0000304b          	.align 2
   87  0000304c          	LC2_LF0:
   88  0000304c  42616420	.ascii "Bad sem_create in \000"
   88  00003050  73656d5f	
   88  00003054  63726561	
   88  00003058  74652069	
   88  0000305c  6e2000  	
   89  0000305f          	.align 2
   90  00003060          	LC3_LF0:
   91  00003060  0a00    	.ascii "\n\000"
   92  00003062          	.align 2
   93  00003064          	LC4_LF0:
   94  00003064  5b524541	.ascii "[REACTION3]spawn_me (%d): Could not map the virtual address to the mem"
   94  00003068  4354494f	
   94  0000306c  4e335d73	
   94  00003070  7061776e	
   94  00003074  5f6d6520	
   94  00003078  28256429	
   94  0000307c  3a20436f	
   94  00003080  756c6420	
   94  00003084  6e6f7420	
   94  00003088  6d617020	
   94  0000308c  74686520	
   94  00003090  76697274	
   94  00003094  75616c20	
   94  00003098  61646472	
   94  0000309c  65737320	
   94  000030a0  746f2074	
   94  000030a4  6865206d	
   94  000030a8  656d    	
   95  000030aa  6f727921	.ascii "ory!\n\000"
   95  000030ae  0a00    	
   96  000030b0          	.align 2
   97  000030b0          	LC5_LF0:
   98  000030b0  436f756c	.ascii "Could not send message to mailbox %d in %s (%d)\n\000"
   98  000030b4  64206e6f	
   98  000030b8  74207365	
   98  000030bc  6e64206d	
   98  000030c0  65737361	
   98  000030c4  67652074	
   98  000030c8  6f206d61	
   98  000030cc  696c626f	
   98  000030d0  78202564	
   98  000030d4  20696e20	
   98  000030d8  25732028	
   98  000030dc  2564290a	
   98  000030e0  00      	
   99  000030e1          	.align 2
  100  000030e4          	LC6_LF0:
  101  000030e4  52656163	.ascii "Reaction 3: PID %d\n\000"
  101  000030e8  74696f6e	
  101  000030ec  20333a20	
  101  000030f0  50494420	
  101  000030f4  25640a00	
  102  000030f8          	.align 2
  103  000030f8          	LC7_LF0:
  104  000030f8  42616420	.ascii "Bad semaphore s_procs_completed (%d) in \000"
  104  000030fc  73656d61	
  104  00003100  70686f72	
  104  00003104  6520735f	
  104  00003108  70726f63	
  104  0000310c  735f636f	
  104  00003110  6d706c65	
  104  00003114  74656420	
  104  00003118  28256429	
  104  0000311c  20696e20	
  104  00003120  00      	
  105  00003121          	.align 2
  106  00003124          	LC8_LF0:
  107  00003124  2c206578	.ascii ", exiting...\n\000"
  107  00003128  6974696e	
  107  0000312c  672e2e2e	
  107  00003130  0a00    	
  108  00003132          	.text
  109  000010d4          	.align 2
  110  000010d4          	.proc _main
  111  000010d4          	.global _main
  112  000010d4          	_main:
  113                      ;  Function 'main'; 8 bytes of locals, 0 regs to save.
  114  000010d4  afbefffc	sw	-4(r29),r30; push fp
  115  000010d8  001df020	add	r30,r0,r29; fp = sp
  116  000010dc  afbffff8	sw	-8(r29),r31; push ret addr
  117  000010e0  2fbd0010	subui	r29,r29,#16; alloc local storage
  118  000010e4  8fc20000	lw	r2,(r30)
  119  000010e8  8fc30004	lw	r3,4(r30)
  120  000010ec  0c001684	jal	___main
  121  000010f0  54000000	nop; not filled.
  122  000010f4  0c0007d8	jal	_getpid
  123  000010f8  54000000	nop; not filled.
  124  000010fc  afc1fff4	sw	-12(r30),r1
  125  00001100  64410006	snei	r1,r2,#6
  126  00001104  1020004c	beqz	r1,L14_LF0
  127  00001108  54000000	nop; not filled.
  128  0000110c  23bdfff8	addi	r29,r29,#-8
  129  00001110  3c090000	lhi	r9,((LC0_LF0)>>16)&0xffff
  130  00001114  25293000	addui	r9,r9,(LC0_LF0)&0xffff
  131  00001118  afa90000	sw	(r29),r9
  132  0000111c  0c0007a4	jal	_Printf
  133  00001120  54000000	nop; not filled.
  134  00001124  8c690000	lw	r9,(r3)
  135  00001128  afa90000	sw	(r29),r9
  136  0000112c  0c000794	jal	_Printf
  137  00001130  54000000	nop; not filled.
  138  00001134  3c090000	lhi	r9,((LC1_LF0)>>16)&0xffff
  139  00001138  25293008	addui	r9,r9,(LC1_LF0)&0xffff
  140  0000113c  afa90000	sw	(r29),r9
  141  00001140  0c000780	jal	_Printf
  142  00001144  54000000	nop; not filled.
  143  00001148  0c000880	jal	_Exit
  144  0000114c  54000000	nop; not filled.
  145  00001150  23bd0008	addi	r29,r29,#8
  146  00001154          	L14_LF0:
  147  00001154  23bdfff0	addi	r29,r29,#-16
  148  00001158  8c690004	lw	r9,4(r3)
  149  0000115c  afa90000	sw	(r29),r9
  150  00001160  20090000	addi	r9,r0,#0
  151  00001164  afa90004	sw	4(r29),r9
  152  00001168  2009000a	addi	r9,r0,#10
  153  0000116c  afa90008	sw	8(r29),r9
  154  00001170  0c001104	jal	_dstrtol
  155  00001174  54000000	nop; not filled.
  156  00001178  00013020	add	r6,r0,r1
  157  0000117c  8c690008	lw	r9,8(r3)
  158  00001180  afa90000	sw	(r29),r9
  159  00001184  20090000	addi	r9,r0,#0
  160  00001188  afa90004	sw	4(r29),r9
  161  0000118c  2009000a	addi	r9,r0,#10
  162  00001190  afa90008	sw	8(r29),r9
  163  00001194  0c0010e0	jal	_dstrtol
  164  00001198  54000000	nop; not filled.
  165  0000119c  00013820	add	r7,r0,r1
  166  000011a0  8c69000c	lw	r9,12(r3)
  167  000011a4  afa90000	sw	(r29),r9
  168  000011a8  20090000	addi	r9,r0,#0
  169  000011ac  afa90004	sw	4(r29),r9
  170  000011b0  2009000a	addi	r9,r0,#10
  171  000011b4  afa90008	sw	8(r29),r9
  172  000011b8  0c0010bc	jal	_dstrtol
  173  000011bc  54000000	nop; not filled.
  174  000011c0  00012820	add	r5,r0,r1
  175  000011c4  8c690010	lw	r9,16(r3)
  176  000011c8  afa90000	sw	(r29),r9
  177  000011cc  20090000	addi	r9,r0,#0
  178  000011d0  afa90004	sw	4(r29),r9
  179  000011d4  2009000a	addi	r9,r0,#10
  180  000011d8  afa90008	sw	8(r29),r9
  181  000011dc  0c001098	jal	_dstrtol
  182  000011e0  54000000	nop; not filled.
  183  000011e4  00012020	add	r4,r0,r1
  184  000011e8  8c690014	lw	r9,20(r3)
  185  000011ec  afa90000	sw	(r29),r9
  186  000011f0  20090000	addi	r9,r0,#0
  187  000011f4  afa90004	sw	4(r29),r9
  188  000011f8  2009000a	addi	r9,r0,#10
  189  000011fc  afa90008	sw	8(r29),r9
  190  00001200  0c001074	jal	_dstrtol
  191  00001204  54000000	nop; not filled.
  192  00001208  00014020	add	r8,r0,r1
  193  0000120c  afa60000	sw	(r29),r6
  194  00001210  0c000770	jal	_mbox_open
  195  00001214  54000000	nop; not filled.
  196  00001218  23bd0010	addi	r29,r29,#16
  197  0000121c  6021ffff	seqi	r1,r1,#-1
  198  00001220  1020004c	beqz	r1,L15_LF0
  199  00001224  54000000	nop; not filled.
  200  00001228  23bdfff8	addi	r29,r29,#-8
  201  0000122c  3c090000	lhi	r9,((LC2_LF0)>>16)&0xffff
  202  00001230  2529304c	addui	r9,r9,(LC2_LF0)&0xffff
  203  00001234  afa90000	sw	(r29),r9
  204  00001238  0c000688	jal	_Printf
  205  0000123c  54000000	nop; not filled.
  206  00001240  8c690000	lw	r9,(r3)
  207  00001244  afa90000	sw	(r29),r9
  208  00001248  0c000678	jal	_Printf
  209  0000124c  54000000	nop; not filled.
  210  00001250  3c090000	lhi	r9,((LC3_LF0)>>16)&0xffff
  211  00001254  25293060	addui	r9,r9,(LC3_LF0)&0xffff
  212  00001258  afa90000	sw	(r29),r9
  213  0000125c  0c000664	jal	_Printf
  214  00001260  54000000	nop; not filled.
  215  00001264  0c000764	jal	_Exit
  216  00001268  54000000	nop; not filled.
  217  0000126c  23bd0008	addi	r29,r29,#8
  218  00001270          	L15_LF0:
  219  00001270  23bdfff8	addi	r29,r29,#-8
  220  00001274  afa70000	sw	(r29),r7
  221  00001278  0c000708	jal	_mbox_open
  222  0000127c  54000000	nop; not filled.
  223  00001280  23bd0008	addi	r29,r29,#8
  224  00001284  6021ffff	seqi	r1,r1,#-1
  225  00001288  1020004c	beqz	r1,L16_LF0
  226  0000128c  54000000	nop; not filled.
  227  00001290  23bdfff8	addi	r29,r29,#-8
  228  00001294  3c090000	lhi	r9,((LC2_LF0)>>16)&0xffff
  229  00001298  2529304c	addui	r9,r9,(LC2_LF0)&0xffff
  230  0000129c  afa90000	sw	(r29),r9
  231  000012a0  0c000620	jal	_Printf
  232  000012a4  54000000	nop; not filled.
  233  000012a8  8c690000	lw	r9,(r3)
  234  000012ac  afa90000	sw	(r29),r9
  235  000012b0  0c000610	jal	_Printf
  236  000012b4  54000000	nop; not filled.
  237  000012b8  3c090000	lhi	r9,((LC3_LF0)>>16)&0xffff
  238  000012bc  25293060	addui	r9,r9,(LC3_LF0)&0xffff
  239  000012c0  afa90000	sw	(r29),r9
  240  000012c4  0c0005fc	jal	_Printf
  241  000012c8  54000000	nop; not filled.
  242  000012cc  0c0006fc	jal	_Exit
  243  000012d0  54000000	nop; not filled.
  244  000012d4  23bd0008	addi	r29,r29,#8
  245  000012d8          	L16_LF0:
  246  000012d8  23bdfff8	addi	r29,r29,#-8
  247  000012dc  afa50000	sw	(r29),r5
  248  000012e0  0c0006a0	jal	_mbox_open
  249  000012e4  54000000	nop; not filled.
  250  000012e8  23bd0008	addi	r29,r29,#8
  251  000012ec  6021ffff	seqi	r1,r1,#-1
  252  000012f0  1020004c	beqz	r1,L17_LF0
  253  000012f4  54000000	nop; not filled.
  254  000012f8  23bdfff8	addi	r29,r29,#-8
  255  000012fc  3c090000	lhi	r9,((LC2_LF0)>>16)&0xffff
  256  00001300  2529304c	addui	r9,r9,(LC2_LF0)&0xffff
  257  00001304  afa90000	sw	(r29),r9
  258  00001308  0c0005b8	jal	_Printf
  259  0000130c  54000000	nop; not filled.
  260  00001310  8c690000	lw	r9,(r3)
  261  00001314  afa90000	sw	(r29),r9
  262  00001318  0c0005a8	jal	_Printf
  263  0000131c  54000000	nop; not filled.
  264  00001320  3c090000	lhi	r9,((LC3_LF0)>>16)&0xffff
  265  00001324  25293060	addui	r9,r9,(LC3_LF0)&0xffff
  266  00001328  afa90000	sw	(r29),r9
  267  0000132c  0c000594	jal	_Printf
  268  00001330  54000000	nop; not filled.
  269  00001334  0c000694	jal	_Exit
  270  00001338  54000000	nop; not filled.
  271  0000133c  23bd0008	addi	r29,r29,#8
  272  00001340          	L17_LF0:
  273  00001340  23bdfff8	addi	r29,r29,#-8
  274  00001344  afa40000	sw	(r29),r4
  275  00001348  0c000638	jal	_mbox_open
  276  0000134c  54000000	nop; not filled.
  277  00001350  23bd0008	addi	r29,r29,#8
  278  00001354  6021ffff	seqi	r1,r1,#-1
  279  00001358  1020004c	beqz	r1,L18_LF0
  280  0000135c  54000000	nop; not filled.
  281  00001360  23bdfff8	addi	r29,r29,#-8
  282  00001364  3c090000	lhi	r9,((LC2_LF0)>>16)&0xffff
  283  00001368  2529304c	addui	r9,r9,(LC2_LF0)&0xffff
  284  0000136c  afa90000	sw	(r29),r9
  285  00001370  0c000550	jal	_Printf
  286  00001374  54000000	nop; not filled.
  287  00001378  8c690000	lw	r9,(r3)
  288  0000137c  afa90000	sw	(r29),r9
  289  00001380  0c000540	jal	_Printf
  290  00001384  54000000	nop; not filled.
  291  00001388  3c090000	lhi	r9,((LC3_LF0)>>16)&0xffff
  292  0000138c  25293060	addui	r9,r9,(LC3_LF0)&0xffff
  293  00001390  afa90000	sw	(r29),r9
  294  00001394  0c00052c	jal	_Printf
  295  00001398  54000000	nop; not filled.
  296  0000139c  0c00062c	jal	_Exit
  297  000013a0  54000000	nop; not filled.
  298  000013a4  23bd0008	addi	r29,r29,#8
  299  000013a8          	L18_LF0:
  300  000013a8  23bdfff0	addi	r29,r29,#-16
  301  000013ac  afa60000	sw	(r29),r6
  302  000013b0  20090004	addi	r9,r0,#4
  303  000013b4  afa90004	sw	4(r29),r9
  304  000013b8  23c2fff4	addi	r2,r30,#-12
  305  000013bc  afa20008	sw	8(r29),r2
  306  000013c0  0c0005e4	jal	_mbox_recv
  307  000013c4  54000000	nop; not filled.
  308  000013c8  23bd0010	addi	r29,r29,#16
  309  000013cc  6021ffff	seqi	r1,r1,#-1
  310  000013d0  10200034	beqz	r1,L19_LF0
  311  000013d4  54000000	nop; not filled.
  312  000013d8  0c0004f4	jal	_getpid
  313  000013dc  54000000	nop; not filled.
  314  000013e0  23bdfff8	addi	r29,r29,#-8
  315  000013e4  3c090000	lhi	r9,((LC4_LF0)>>16)&0xffff
  316  000013e8  25293064	addui	r9,r9,(LC4_LF0)&0xffff
  317  000013ec  afa90000	sw	(r29),r9
  318  000013f0  afa10004	sw	4(r29),r1
  319  000013f4  0c0004cc	jal	_Printf
  320  000013f8  54000000	nop; not filled.
  321  000013fc  0c0005cc	jal	_Exit
  322  00001400  54000000	nop; not filled.
  323  00001404  23bd0008	addi	r29,r29,#8
  324  00001408          	L19_LF0:
  325  00001408  23bdfff0	addi	r29,r29,#-16
  326  0000140c  afa70000	sw	(r29),r7
  327  00001410  20090004	addi	r9,r0,#4
  328  00001414  afa90004	sw	4(r29),r9
  329  00001418  afa20008	sw	8(r29),r2
  330  0000141c  0c000588	jal	_mbox_recv
  331  00001420  54000000	nop; not filled.
  332  00001424  23bd0010	addi	r29,r29,#16
  333  00001428  6021ffff	seqi	r1,r1,#-1
  334  0000142c  10200034	beqz	r1,L20_LF0
  335  00001430  54000000	nop; not filled.
  336  00001434  0c000498	jal	_getpid
  337  00001438  54000000	nop; not filled.
  338  0000143c  23bdfff8	addi	r29,r29,#-8
  339  00001440  3c090000	lhi	r9,((LC4_LF0)>>16)&0xffff
  340  00001444  25293064	addui	r9,r9,(LC4_LF0)&0xffff
  341  00001448  afa90000	sw	(r29),r9
  342  0000144c  afa10004	sw	4(r29),r1
  343  00001450  0c000470	jal	_Printf
  344  00001454  54000000	nop; not filled.
  345  00001458  0c000570	jal	_Exit
  346  0000145c  54000000	nop; not filled.
  347  00001460  23bd0008	addi	r29,r29,#8
  348  00001464          	L20_LF0:
  349  00001464  23bdfff0	addi	r29,r29,#-16
  350  00001468  afa50000	sw	(r29),r5
  351  0000146c  20090004	addi	r9,r0,#4
  352  00001470  afa90004	sw	4(r29),r9
  353  00001474  afa20008	sw	8(r29),r2
  354  00001478  0c00052c	jal	_mbox_recv
  355  0000147c  54000000	nop; not filled.
  356  00001480  23bd0010	addi	r29,r29,#16
  357  00001484  6021ffff	seqi	r1,r1,#-1
  358  00001488  10200034	beqz	r1,L21_LF0
  359  0000148c  54000000	nop; not filled.
  360  00001490  0c00043c	jal	_getpid
  361  00001494  54000000	nop; not filled.
  362  00001498  23bdfff8	addi	r29,r29,#-8
  363  0000149c  3c090000	lhi	r9,((LC4_LF0)>>16)&0xffff
  364  000014a0  25293064	addui	r9,r9,(LC4_LF0)&0xffff
  365  000014a4  afa90000	sw	(r29),r9
  366  000014a8  afa10004	sw	4(r29),r1
  367  000014ac  0c000414	jal	_Printf
  368  000014b0  54000000	nop; not filled.
  369  000014b4  0c000514	jal	_Exit
  370  000014b8  54000000	nop; not filled.
  371  000014bc  23bd0008	addi	r29,r29,#8
  372  000014c0          	L21_LF0:
  373  000014c0  23bdfff0	addi	r29,r29,#-16
  374  000014c4  afa50000	sw	(r29),r5
  375  000014c8  20090004	addi	r9,r0,#4
  376  000014cc  afa90004	sw	4(r29),r9
  377  000014d0  afa20008	sw	8(r29),r2
  378  000014d4  0c0004d0	jal	_mbox_recv
  379  000014d8  54000000	nop; not filled.
  380  000014dc  23bd0010	addi	r29,r29,#16
  381  000014e0  6021ffff	seqi	r1,r1,#-1
  382  000014e4  10200034	beqz	r1,L22_LF0
  383  000014e8  54000000	nop; not filled.
  384  000014ec  0c0003e0	jal	_getpid
  385  000014f0  54000000	nop; not filled.
  386  000014f4  23bdfff8	addi	r29,r29,#-8
  387  000014f8  3c090000	lhi	r9,((LC4_LF0)>>16)&0xffff
  388  000014fc  25293064	addui	r9,r9,(LC4_LF0)&0xffff
  389  00001500  afa90000	sw	(r29),r9
  390  00001504  afa10004	sw	4(r29),r1
  391  00001508  0c0003b8	jal	_Printf
  392  0000150c  54000000	nop; not filled.
  393  00001510  0c0004b8	jal	_Exit
  394  00001514  54000000	nop; not filled.
  395  00001518  23bd0008	addi	r29,r29,#8
  396  0000151c          	L22_LF0:
  397  0000151c  23bdfff0	addi	r29,r29,#-16
  398  00001520  afa50000	sw	(r29),r5
  399  00001524  20090004	addi	r9,r0,#4
  400  00001528  afa90004	sw	4(r29),r9
  401  0000152c  afa20008	sw	8(r29),r2
  402  00001530  0c000474	jal	_mbox_recv
  403  00001534  54000000	nop; not filled.
  404  00001538  23bd0010	addi	r29,r29,#16
  405  0000153c  6021ffff	seqi	r1,r1,#-1
  406  00001540  10200034	beqz	r1,L23_LF0
  407  00001544  54000000	nop; not filled.
  408  00001548  0c000384	jal	_getpid
  409  0000154c  54000000	nop; not filled.
  410  00001550  23bdfff8	addi	r29,r29,#-8
  411  00001554  3c090000	lhi	r9,((LC4_LF0)>>16)&0xffff
  412  00001558  25293064	addui	r9,r9,(LC4_LF0)&0xffff
  413  0000155c  afa90000	sw	(r29),r9
  414  00001560  afa10004	sw	4(r29),r1
  415  00001564  0c00035c	jal	_Printf
  416  00001568  54000000	nop; not filled.
  417  0000156c  0c00045c	jal	_Exit
  418  00001570  54000000	nop; not filled.
  419  00001574  23bd0008	addi	r29,r29,#8
  420  00001578          	L23_LF0:
  421  00001578  23bdfff0	addi	r29,r29,#-16
  422  0000157c  afa40000	sw	(r29),r4
  423  00001580  20090004	addi	r9,r0,#4
  424  00001584  afa90004	sw	4(r29),r9
  425  00001588  afa20008	sw	8(r29),r2
  426  0000158c  0c00040c	jal	_mbox_send
  427  00001590  54000000	nop; not filled.
  428  00001594  23bd0010	addi	r29,r29,#16
  429  00001598  6021ffff	seqi	r1,r1,#-1
  430  0000159c  10200040	beqz	r1,L24_LF0
  431  000015a0  54000000	nop; not filled.
  432  000015a4  0c000328	jal	_getpid
  433  000015a8  54000000	nop; not filled.
  434  000015ac  23bdfff0	addi	r29,r29,#-16
  435  000015b0  3c090000	lhi	r9,((LC5_LF0)>>16)&0xffff
  436  000015b4  252930b0	addui	r9,r9,(LC5_LF0)&0xffff
  437  000015b8  afa90000	sw	(r29),r9
  438  000015bc  afa40004	sw	4(r29),r4
  439  000015c0  8c690000	lw	r9,(r3)
  440  000015c4  afa90008	sw	8(r29),r9
  441  000015c8  afa1000c	sw	12(r29),r1
  442  000015cc  0c0002f4	jal	_Printf
  443  000015d0  54000000	nop; not filled.
  444  000015d4  0c0003f4	jal	_Exit
  445  000015d8  54000000	nop; not filled.
  446  000015dc  23bd0010	addi	r29,r29,#16
  447  000015e0          	L24_LF0:
  448  000015e0  23bdfff0	addi	r29,r29,#-16
  449  000015e4  afa40000	sw	(r29),r4
  450  000015e8  20090004	addi	r9,r0,#4
  451  000015ec  afa90004	sw	4(r29),r9
  452  000015f0  afa20008	sw	8(r29),r2
  453  000015f4  0c0003a4	jal	_mbox_send
  454  000015f8  54000000	nop; not filled.
  455  000015fc  23bd0010	addi	r29,r29,#16
  456  00001600  6021ffff	seqi	r1,r1,#-1
  457  00001604  10200040	beqz	r1,L25_LF0
  458  00001608  54000000	nop; not filled.
  459  0000160c  0c0002c0	jal	_getpid
  460  00001610  54000000	nop; not filled.
  461  00001614  23bdfff0	addi	r29,r29,#-16
  462  00001618  3c090000	lhi	r9,((LC5_LF0)>>16)&0xffff
  463  0000161c  252930b0	addui	r9,r9,(LC5_LF0)&0xffff
  464  00001620  afa90000	sw	(r29),r9
  465  00001624  afa40004	sw	4(r29),r4
  466  00001628  8c690000	lw	r9,(r3)
  467  0000162c  afa90008	sw	8(r29),r9
  468  00001630  afa1000c	sw	12(r29),r1
  469  00001634  0c00028c	jal	_Printf
  470  00001638  54000000	nop; not filled.
  471  0000163c  0c00038c	jal	_Exit
  472  00001640  54000000	nop; not filled.
  473  00001644  23bd0010	addi	r29,r29,#16
  474  00001648          	L25_LF0:
  475  00001648  0c000284	jal	_getpid
  476  0000164c  54000000	nop; not filled.
  477  00001650  23bdfff8	addi	r29,r29,#-8
  478  00001654  3c090000	lhi	r9,((LC6_LF0)>>16)&0xffff
  479  00001658  252930e4	addui	r9,r9,(LC6_LF0)&0xffff
  480  0000165c  afa90000	sw	(r29),r9
  481  00001660  afa10004	sw	4(r29),r1
  482  00001664  0c00025c	jal	_Printf
  483  00001668  54000000	nop; not filled.
  484  0000166c  afa60000	sw	(r29),r6
  485  00001670  0c00031c	jal	_mbox_close
  486  00001674  54000000	nop; not filled.
  487  00001678  23bd0008	addi	r29,r29,#8
  488  0000167c  6021ffff	seqi	r1,r1,#-1
  489  00001680  1020004c	beqz	r1,L26_LF0
  490  00001684  54000000	nop; not filled.
  491  00001688  23bdfff8	addi	r29,r29,#-8
  492  0000168c  3c090000	lhi	r9,((LC2_LF0)>>16)&0xffff
  493  00001690  2529304c	addui	r9,r9,(LC2_LF0)&0xffff
  494  00001694  afa90000	sw	(r29),r9
  495  00001698  0c000228	jal	_Printf
  496  0000169c  54000000	nop; not filled.
  497  000016a0  8c690000	lw	r9,(r3)
  498  000016a4  afa90000	sw	(r29),r9
  499  000016a8  0c000218	jal	_Printf
  500  000016ac  54000000	nop; not filled.
  501  000016b0  3c090000	lhi	r9,((LC3_LF0)>>16)&0xffff
  502  000016b4  25293060	addui	r9,r9,(LC3_LF0)&0xffff
  503  000016b8  afa90000	sw	(r29),r9
  504  000016bc  0c000204	jal	_Printf
  505  000016c0  54000000	nop; not filled.
  506  000016c4  0c000304	jal	_Exit
  507  000016c8  54000000	nop; not filled.
  508  000016cc  23bd0008	addi	r29,r29,#8
  509  000016d0          	L26_LF0:
  510  000016d0  23bdfff8	addi	r29,r29,#-8
  511  000016d4  afa70000	sw	(r29),r7
  512  000016d8  0c0002b4	jal	_mbox_close
  513  000016dc  54000000	nop; not filled.
  514  000016e0  23bd0008	addi	r29,r29,#8
  515  000016e4  6021ffff	seqi	r1,r1,#-1
  516  000016e8  1020004c	beqz	r1,L27_LF0
  517  000016ec  54000000	nop; not filled.
  518  000016f0  23bdfff8	addi	r29,r29,#-8
  519  000016f4  3c090000	lhi	r9,((LC2_LF0)>>16)&0xffff
  520  000016f8  2529304c	addui	r9,r9,(LC2_LF0)&0xffff
  521  000016fc  afa90000	sw	(r29),r9
  522  00001700  0c0001c0	jal	_Printf
  523  00001704  54000000	nop; not filled.
  524  00001708  8c690000	lw	r9,(r3)
  525  0000170c  afa90000	sw	(r29),r9
  526  00001710  0c0001b0	jal	_Printf
  527  00001714  54000000	nop; not filled.
  528  00001718  3c090000	lhi	r9,((LC3_LF0)>>16)&0xffff
  529  0000171c  25293060	addui	r9,r9,(LC3_LF0)&0xffff
  530  00001720  afa90000	sw	(r29),r9
  531  00001724  0c00019c	jal	_Printf
  532  00001728  54000000	nop; not filled.
  533  0000172c  0c00029c	jal	_Exit
  534  00001730  54000000	nop; not filled.
  535  00001734  23bd0008	addi	r29,r29,#8
  536  00001738          	L27_LF0:
  537  00001738  23bdfff8	addi	r29,r29,#-8
  538  0000173c  afa50000	sw	(r29),r5
  539  00001740  0c00024c	jal	_mbox_close
  540  00001744  54000000	nop; not filled.
  541  00001748  23bd0008	addi	r29,r29,#8
  542  0000174c  6021ffff	seqi	r1,r1,#-1
  543  00001750  1020004c	beqz	r1,L28_LF0
  544  00001754  54000000	nop; not filled.
  545  00001758  23bdfff8	addi	r29,r29,#-8
  546  0000175c  3c090000	lhi	r9,((LC2_LF0)>>16)&0xffff
  547  00001760  2529304c	addui	r9,r9,(LC2_LF0)&0xffff
  548  00001764  afa90000	sw	(r29),r9
  549  00001768  0c000158	jal	_Printf
  550  0000176c  54000000	nop; not filled.
  551  00001770  8c690000	lw	r9,(r3)
  552  00001774  afa90000	sw	(r29),r9
  553  00001778  0c000148	jal	_Printf
  554  0000177c  54000000	nop; not filled.
  555  00001780  3c090000	lhi	r9,((LC3_LF0)>>16)&0xffff
  556  00001784  25293060	addui	r9,r9,(LC3_LF0)&0xffff
  557  00001788  afa90000	sw	(r29),r9
  558  0000178c  0c000134	jal	_Printf
  559  00001790  54000000	nop; not filled.
  560  00001794  0c000234	jal	_Exit
  561  00001798  54000000	nop; not filled.
  562  0000179c  23bd0008	addi	r29,r29,#8
  563  000017a0          	L28_LF0:
  564  000017a0  23bdfff8	addi	r29,r29,#-8
  565  000017a4  afa40000	sw	(r29),r4
  566  000017a8  0c0001e4	jal	_mbox_close
  567  000017ac  54000000	nop; not filled.
  568  000017b0  23bd0008	addi	r29,r29,#8
  569  000017b4  6021ffff	seqi	r1,r1,#-1
  570  000017b8  1020004c	beqz	r1,L29_LF0
  571  000017bc  54000000	nop; not filled.
  572  000017c0  23bdfff8	addi	r29,r29,#-8
  573  000017c4  3c090000	lhi	r9,((LC2_LF0)>>16)&0xffff
  574  000017c8  2529304c	addui	r9,r9,(LC2_LF0)&0xffff
  575  000017cc  afa90000	sw	(r29),r9
  576  000017d0  0c0000f0	jal	_Printf
  577  000017d4  54000000	nop; not filled.
  578  000017d8  8c690000	lw	r9,(r3)
  579  000017dc  afa90000	sw	(r29),r9
  580  000017e0  0c0000e0	jal	_Printf
  581  000017e4  54000000	nop; not filled.
  582  000017e8  3c090000	lhi	r9,((LC3_LF0)>>16)&0xffff
  583  000017ec  25293060	addui	r9,r9,(LC3_LF0)&0xffff
  584  000017f0  afa90000	sw	(r29),r9
  585  000017f4  0c0000cc	jal	_Printf
  586  000017f8  54000000	nop; not filled.
  587  000017fc  0c0001cc	jal	_Exit
  588  00001800  54000000	nop; not filled.
  589  00001804  23bd0008	addi	r29,r29,#8
  590  00001808          	L29_LF0:
  591  00001808  23bdfff8	addi	r29,r29,#-8
  592  0000180c  afa80000	sw	(r29),r8
  593  00001810  0c000104	jal	_sem_signal
  594  00001814  54000000	nop; not filled.
  595  00001818  23bd0008	addi	r29,r29,#8
  596  0000181c  64210001	snei	r1,r1,#1
  597  00001820  10200050	beqz	r1,L30_LF0
  598  00001824  54000000	nop; not filled.
  599  00001828  23bdfff8	addi	r29,r29,#-8
  600  0000182c  3c090000	lhi	r9,((LC7_LF0)>>16)&0xffff
  601  00001830  252930f8	addui	r9,r9,(LC7_LF0)&0xffff
  602  00001834  afa90000	sw	(r29),r9
  603  00001838  afa80004	sw	4(r29),r8
  604  0000183c  0c000084	jal	_Printf
  605  00001840  54000000	nop; not filled.
  606  00001844  8c630000	lw	r3,(r3)
  607  00001848  afa30000	sw	(r29),r3
  608  0000184c  0c000074	jal	_Printf
  609  00001850  54000000	nop; not filled.
  610  00001854  3c090000	lhi	r9,((LC8_LF0)>>16)&0xffff
  611  00001858  25293124	addui	r9,r9,(LC8_LF0)&0xffff
  612  0000185c  afa90000	sw	(r29),r9
  613  00001860  0c000060	jal	_Printf
  614  00001864  54000000	nop; not filled.
  615  00001868  0c000160	jal	_Exit
  616  0000186c  54000000	nop; not filled.
  617  00001870  23bd0008	addi	r29,r29,#8
  618  00001874          	L30_LF0:
  619  00001874  0c000ef0	jal	_exit
  620  00001878  54000000	nop
  621  0000187c          	.endproc _main
  622                      ;;;
  623                      ;;; Stub functions for DLX traps.
  624                      ;;;
  625                      ;;; Ethan L. Miller, 1999.  Released to the public domain.
  626                      ;;;
  627                      ;;; The traps such as Open and Close
  628                      ;;; (note the capital letters) are for use by user programs.  The traps
  629                      ;;; with names such as open and close (lower case) are for use by the OS.
  630                      ;;;
  633  0000187c          	.align 2
  635                      ;;; The following are the traps to be used by user-level programs
  636                      ;;;
  638  0000187c          	.align 2
  639  0000187c          	.proc _Open
  640  0000187c          	.global _Open
  641  0000187c          	_Open:
  642                      ;;; Note that trap #0x213 actually causes a trap vector in the OS of
  643                      ;;; 0x1213.  The same is true for other user traps.  Thus, a user trap
  644                      ;;; with trap #0x240 will result in a trap vector of 0x1240 in the OS.
  645  0000187c  44000213	trap	#0x213
  646  00001880  4be00000	jr	r31
  647  00001884  54000000	nop
  648  00001888          	.endproc _Open
  650  00001888          	.proc _Close
  651  00001888          	.global _Close
  652  00001888          	_Close:
  653  00001888  44000214	trap	#0x214
  654  0000188c  4be00000	jr	r31
  655  00001890  54000000	nop
  656  00001894          	.endproc _Close
  658  00001894          	.proc _Read
  659  00001894          	.global _Read
  660  00001894          	_Read:
  661  00001894  44000210	trap	#0x210
  662  00001898  4be00000	jr	r31
  663  0000189c  54000000	nop
  664  000018a0          	.endproc _Read
  666  000018a0          	.proc _Write
  667  000018a0          	.global _Write
  668  000018a0          	_Write:
  669  000018a0  44000211	trap	#0x211
  670  000018a4  4be00000	jr	r31
  671  000018a8  54000000	nop
  672  000018ac          	.endproc _Write
  674  000018ac          	.proc _Lseek
  675  000018ac          	.global _Lseek
  676  000018ac          	_Lseek:
  677  000018ac  44000212	trap	#0x212
  678  000018b0  4be00000	jr	r31
  679  000018b4  54000000	nop
  680  000018b8          	.endproc _Lseek
  682  000018b8          	.proc _Putchar
  683  000018b8          	.global _Putchar
  684  000018b8          	_Putchar:
  685  000018b8  44000280	trap	#0x280
  686  000018bc  4be00000	jr	r31
  687  000018c0  54000000	nop
  688  000018c4          	.endproc _Putchar
  690  000018c4          	.proc _Printf
  691  000018c4          	.global _Printf
  692  000018c4          	_Printf:
  693  000018c4  44000201	trap	#0x201
  694  000018c8  4be00000	jr	r31
  695  000018cc  54000000	nop
  696  000018d0          	.endproc _Printf
  698  000018d0          	.proc _getpid
  699  000018d0          	.global _getpid
  700  000018d0          	_getpid:
  701  000018d0  44000431	trap	#0x431
  702  000018d4  4be00000	jr	r31
  703  000018d8  54000000	nop
  704  000018dc          	.endproc _getpid
  706  000018dc          	.proc _process_create
  707  000018dc          	.global _process_create
  708  000018dc          	_process_create:
  709  000018dc  44000432	trap	#0x432
  710  000018e0  4be00000	jr	r31
  711  000018e4  54000000	nop
  712  000018e8          	.endproc _process_create
  714  000018e8          	.proc _shmget
  715  000018e8          	.global _shmget
  716  000018e8          	_shmget:
  717  000018e8  44000440	trap	#0x440
  718  000018ec  4be00000	jr	r31
  719  000018f0  54000000	nop
  720  000018f4          	.endproc _shmget
  722  000018f4          	.proc _shmat
  723  000018f4          	.global _shmat
  724  000018f4          	_shmat:
  725  000018f4  44000441	trap	#0x441
  726  000018f8  4be00000	jr	r31
  727  000018fc  54000000	nop
  728  00001900          	.endproc _shmat
  730  00001900          	.proc _sem_create
  731  00001900          	.global _sem_create
  732  00001900          	_sem_create:
  733  00001900  44000450	trap	#0x450
  734  00001904  4be00000	jr	r31
  735  00001908  54000000	nop
  736  0000190c          	.endproc _sem_create
  738  0000190c          	.proc _sem_wait
  739  0000190c          	.global _sem_wait
  740  0000190c          	_sem_wait:
  741  0000190c  44000451	trap	#0x451
  742  00001910  4be00000	jr	r31
  743  00001914  54000000	nop
  744  00001918          	.endproc _sem_wait
  746  00001918          	.proc _sem_signal
  747  00001918          	.global _sem_signal
  748  00001918          	_sem_signal:
  749  00001918  44000452	trap	#0x452
  750  0000191c  4be00000	jr	r31
  751  00001920  54000000	nop
  752  00001924          	.endproc _sem_signal
  754  00001924          	.proc _lock_create
  755  00001924          	.global _lock_create
  756  00001924          	_lock_create:
  757  00001924  44000453	trap	#0x453
  758  00001928  4be00000	jr	r31
  759  0000192c  54000000	nop
  760  00001930          	.endproc _lock_create
  762  00001930          	.proc _lock_acquire
  763  00001930          	.global _lock_acquire
  764  00001930          	_lock_acquire:
  765  00001930  44000454	trap	#0x454
  766  00001934  4be00000	jr	r31
  767  00001938  54000000	nop
  768  0000193c          	.endproc _lock_acquire
  770  0000193c          	.proc _lock_release
  771  0000193c          	.global _lock_release
  772  0000193c          	_lock_release:
  773  0000193c  44000455	trap	#0x455
  774  00001940  4be00000	jr	r31
  775  00001944  54000000	nop
  776  00001948          	.endproc _lock_release
  778  00001948          	.proc _cond_create
  779  00001948          	.global _cond_create
  780  00001948          	_cond_create:
  781  00001948  44000456	trap	#0x456
  782  0000194c  4be00000	jr	r31
  783  00001950  54000000	nop
  784  00001954          	.endproc _cond_create
  786  00001954          	.proc _cond_wait
  787  00001954          	.global _cond_wait
  788  00001954          	_cond_wait:
  789  00001954  44000457	trap	#0x457
  790  00001958  4be00000	jr	r31
  791  0000195c  54000000	nop
  792  00001960          	.endproc _cond_wait
  794  00001960          	.proc _cond_signal
  795  00001960          	.global _cond_signal
  796  00001960          	_cond_signal:
  797  00001960  44000458	trap	#0x458
  798  00001964  4be00000	jr	r31
  799  00001968  54000000	nop
  800  0000196c          	.endproc _cond_signal
  802  0000196c          	.proc _cond_broadcast
  803  0000196c          	.global _cond_broadcast
  804  0000196c          	_cond_broadcast:
  805  0000196c  44000459	trap	#0x459
  806  00001970  4be00000	jr	r31
  807  00001974  54000000	nop
  808  00001978          	.endproc _cond_broadcast
  810  00001978          	.proc _mbox_create
  811  00001978          	.global _mbox_create
  812  00001978          	_mbox_create:
  813  00001978  44000460	trap	#0x460
  814  0000197c  4be00000	jr	r31
  815  00001980  54000000	nop
  816  00001984          	.endproc _mbox_create
  818  00001984          	.proc _mbox_open
  819  00001984          	.global _mbox_open
  820  00001984          	_mbox_open:
  821  00001984  44000461	trap	#0x461
  822  00001988  4be00000	jr	r31
  823  0000198c  54000000	nop
  824  00001990          	.endproc _mbox_open
  826  00001990          	.proc _mbox_close
  827  00001990          	.global _mbox_close
  828  00001990          	_mbox_close:
  829  00001990  44000462	trap	#0x462
  830  00001994  4be00000	jr	r31
  831  00001998  54000000	nop
  832  0000199c          	.endproc _mbox_close
  834  0000199c          	.proc _mbox_send
  835  0000199c          	.global _mbox_send
  836  0000199c          	_mbox_send:
  837  0000199c  44000463	trap	#0x463
  838  000019a0  4be00000	jr	r31
  839  000019a4  54000000	nop
  840  000019a8          	.endproc _mbox_send
  842  000019a8          	.proc _mbox_recv
  843  000019a8          	.global _mbox_recv
  844  000019a8          	_mbox_recv:
  845  000019a8  44000464	trap	#0x464
  846  000019ac  4be00000	jr	r31
  847  000019b0  54000000	nop
  848  000019b4          	.endproc _mbox_recv
  850  000019b4          	.proc _sleep
  851  000019b4          	.global _sleep
  852  000019b4          	_sleep:
  853  000019b4  44000465	trap	#0x465
  854  000019b8  4be00000	jr	r31
  855  000019bc  54000000	nop
  856  000019c0          	.endproc _sleep
  858  000019c0          	.proc _yield
  859  000019c0          	.global _yield
  860  000019c0          	_yield:
  861  000019c0  44000466	trap	#0x466
  862  000019c4  4be00000	jr	r31
  863  000019c8  54000000	nop
  864  000019cc          	.endproc _yield
  867  000019cc          	.proc _Exit
  868  000019cc          	.global _Exit
  869  000019cc          	_Exit:
  870  000019cc  44000500	trap	#0x500
  871  000019d0  4be00000	jr	r31
  872  000019d4  54000000	nop
  873  000019d8          	.endproc _Exit
  874                      ; Compiled by GCC
  876  000019d8          	.align 2
  877  000019d8          	.proc _isspace
  878  000019d8          	.global _isspace
  879  000019d8          	_isspace:
  880                      ;  Function 'isspace'; 0 bytes of locals, 3 regs to save.
  881  000019d8  afbefffc	sw	-4(r29),r30; push fp
  882  000019dc  001df020	add	r30,r0,r29; fp = sp
  883  000019e0  afbffff8	sw	-8(r29),r31; push ret addr
  884  000019e4  2fbd0018	subui	r29,r29,#24; alloc local storage
  885  000019e8  afa20000	sw	0(r29),r2
  886  000019ec  afa30004	sw	4(r29),r3
  887  000019f0  afa40008	sw	8(r29),r4
  888  000019f4  83c20003	lb	r2,3(r30)
  889  000019f8  20010000	addi	r1,r0,#0
  890  000019fc  304300ff	andi	r3,r2,#0x00ff
  891  00001a00  60640020	seqi	r4,r3,#32
  892  00001a04  1480002c	bnez	r4,L3_LF2
  893  00001a08  54000000	nop; delay slot nop
  894  00001a0c  304300ff	andi	r3,r2,#0x00ff
  895  00001a10  60640009	seqi	r4,r3,#9
  896  00001a14  1480001c	bnez	r4,L3_LF2
  897  00001a18  54000000	nop; delay slot nop
  898  00001a1c  304300ff	andi	r3,r2,#0x00ff
  899  00001a20  6064000a	seqi	r4,r3,#10
  900  00001a24  1480000c	bnez	r4,L3_LF2
  901  00001a28  54000000	nop; delay slot nop
  902  00001a2c  08000008	j	L2_LF2
  903  00001a30  54000000	nop; delay slot nop
  904  00001a34          	L3_LF2:
  905  00001a34  20010001	addi	r1,r0,#1
  906  00001a38          	L2_LF2:
  907  00001a38  08000004	j	L1_LF2
  908  00001a3c  54000000	nop; delay slot nop
  909  00001a40          	L1_LF2:
  910  00001a40  8fa20000	lw	r2,0(r29)
  911  00001a44  8fa30004	lw	r3,4(r29)
  912  00001a48  8fa40008	lw	r4,8(r29)
  913  00001a4c  8fdffff8	lw	r31,-8(r30)
  914  00001a50  001ee820	add	r29,r0,r30
  915  00001a54  8fdefffc	lw	r30,-4(r30)
  916  00001a58  4be00000	jr	r31
  917  00001a5c  54000000	nop
  918  00001a60          	.endproc _isspace
  919  00001a60          	.align 2
  920  00001a60          	.proc _isxdigit
  921  00001a60          	.global _isxdigit
  922  00001a60          	_isxdigit:
  923                      ;  Function 'isxdigit'; 0 bytes of locals, 3 regs to save.
  924  00001a60  afbefffc	sw	-4(r29),r30; push fp
  925  00001a64  001df020	add	r30,r0,r29; fp = sp
  926  00001a68  afbffff8	sw	-8(r29),r31; push ret addr
  927  00001a6c  2fbd0018	subui	r29,r29,#24; alloc local storage
  928  00001a70  afa20000	sw	0(r29),r2
  929  00001a74  afa30004	sw	4(r29),r3
  930  00001a78  afa40008	sw	8(r29),r4
  931  00001a7c  83c20003	lb	r2,3(r30)
  932  00001a80  20010000	addi	r1,r0,#0
  933  00001a84  304300ff	andi	r3,r2,#0x00ff
  934  00001a88  6c64002f	sgtui	r4,r3,#47
  935  00001a8c  1080001c	beqz	r4,L7_LF2
  936  00001a90  54000000	nop; delay slot nop
  937  00001a94  304300ff	andi	r3,r2,#0x00ff
  938  00001a98  70640039	sleui	r4,r3,#57
  939  00001a9c  1480005c	bnez	r4,L6_LF2
  940  00001aa0  54000000	nop; delay slot nop
  941  00001aa4  08000004	j	L7_LF2
  942  00001aa8  54000000	nop; delay slot nop
  943  00001aac          	L7_LF2:
  944  00001aac  304300ff	andi	r3,r2,#0x00ff
  945  00001ab0  6c640060	sgtui	r4,r3,#96
  946  00001ab4  1080001c	beqz	r4,L8_LF2
  947  00001ab8  54000000	nop; delay slot nop
  948  00001abc  304300ff	andi	r3,r2,#0x00ff
  949  00001ac0  70640066	sleui	r4,r3,#102
  950  00001ac4  14800034	bnez	r4,L6_LF2
  951  00001ac8  54000000	nop; delay slot nop
  952  00001acc  08000004	j	L8_LF2
  953  00001ad0  54000000	nop; delay slot nop
  954  00001ad4          	L8_LF2:
  955  00001ad4  304300ff	andi	r3,r2,#0x00ff
  956  00001ad8  6c640040	sgtui	r4,r3,#64
  957  00001adc  10800020	beqz	r4,L5_LF2
  958  00001ae0  54000000	nop; delay slot nop
  959  00001ae4  304300ff	andi	r3,r2,#0x00ff
  960  00001ae8  70640041	sleui	r4,r3,#65
  961  00001aec  1480000c	bnez	r4,L6_LF2
  962  00001af0  54000000	nop; delay slot nop
  963  00001af4  08000008	j	L5_LF2
  964  00001af8  54000000	nop; delay slot nop
  965  00001afc          	L6_LF2:
  966  00001afc  20010001	addi	r1,r0,#1
  967  00001b00          	L5_LF2:
  968  00001b00  08000004	j	L4_LF2
  969  00001b04  54000000	nop; delay slot nop
  970  00001b08          	L4_LF2:
  971  00001b08  8fa20000	lw	r2,0(r29)
  972  00001b0c  8fa30004	lw	r3,4(r29)
  973  00001b10  8fa40008	lw	r4,8(r29)
  974  00001b14  8fdffff8	lw	r31,-8(r30)
  975  00001b18  001ee820	add	r29,r0,r30
  976  00001b1c  8fdefffc	lw	r30,-4(r30)
  977  00001b20  4be00000	jr	r31
  978  00001b24  54000000	nop
  979  00001b28          	.endproc _isxdigit
  980  00001b28          	.align 2
  981  00001b28          	.proc _dstrcpy
  982  00001b28          	.global _dstrcpy
  983  00001b28          	_dstrcpy:
  984                      ;  Function 'dstrcpy'; 8 bytes of locals, 2 regs to save.
  985  00001b28  afbefffc	sw	-4(r29),r30; push fp
  986  00001b2c  001df020	add	r30,r0,r29; fp = sp
  987  00001b30  afbffff8	sw	-8(r29),r31; push ret addr
  988  00001b34  2fbd0018	subui	r29,r29,#24; alloc local storage
  989  00001b38  afa20000	sw	0(r29),r2
  990  00001b3c  afa30004	sw	4(r29),r3
  991  00001b40  8fc10000	lw	r1,(r30)
  992  00001b44  afc1fff4	sw	-12(r30),r1
  993  00001b48          	L10_LF2:
  994  00001b48  8fc10000	lw	r1,(r30)
  995  00001b4c  20220001	addi	r2,r1,#1
  996  00001b50  afc20000	sw	(r30),r2
  997  00001b54  8fc20004	lw	r2,4(r30)
  998  00001b58  20430001	addi	r3,r2,#1
  999  00001b5c  afc30004	sw	4(r30),r3
 1000  00001b60  80420000	lb	r2,(r2)
 1001  00001b64  a0220000	sb	(r1),r2
 1002  00001b68  a3c2fff3	sb	-13(r30),r2
 1003  00001b6c          	L12_LF2:
 1004  00001b6c  93c1fff3	lbu	r1,-13(r30)
 1005  00001b70  64220000	snei	r2,r1,#0
 1006  00001b74  1440000c	bnez	r2,L13_LF2
 1007  00001b78  54000000	nop; delay slot nop
 1008  00001b7c  0800000c	j	L11_LF2
 1009  00001b80  54000000	nop; delay slot nop
 1010  00001b84          	L13_LF2:
 1011  00001b84  0bffffc0	j	L10_LF2
 1012  00001b88  54000000	nop; delay slot nop
 1013  00001b8c          	L11_LF2:
 1014  00001b8c  8fc1fff4	lw	r1,-12(r30)
 1015  00001b90  08000004	j	L9_LF2
 1016  00001b94  54000000	nop; delay slot nop
 1017  00001b98          	L9_LF2:
 1018  00001b98  8fa20000	lw	r2,0(r29)
 1019  00001b9c  8fa30004	lw	r3,4(r29)
 1020  00001ba0  8fdffff8	lw	r31,-8(r30)
 1021  00001ba4  001ee820	add	r29,r0,r30
 1022  00001ba8  8fdefffc	lw	r30,-4(r30)
 1023  00001bac  4be00000	jr	r31
 1024  00001bb0  54000000	nop
 1025  00001bb4          	.endproc _dstrcpy
 1026  00001bb4          	.align 2
 1027  00001bb4          	.proc _dstrncpy
 1028  00001bb4          	.global _dstrncpy
 1029  00001bb4          	_dstrncpy:
 1030                      ;  Function 'dstrncpy'; 8 bytes of locals, 2 regs to save.
 1031  00001bb4  afbefffc	sw	-4(r29),r30; push fp
 1032  00001bb8  001df020	add	r30,r0,r29; fp = sp
 1033  00001bbc  afbffff8	sw	-8(r29),r31; push ret addr
 1034  00001bc0  2fbd0018	subui	r29,r29,#24; alloc local storage
 1035  00001bc4  afa20000	sw	0(r29),r2
 1036  00001bc8  afa30004	sw	4(r29),r3
 1037  00001bcc  8fc10000	lw	r1,(r30)
 1038  00001bd0  afc1fff4	sw	-12(r30),r1
 1039  00001bd4          	L15_LF2:
 1040  00001bd4  8fc10008	lw	r1,8(r30)
 1041  00001bd8  2022ffff	addi	r2,r1,#-1
 1042  00001bdc  afc20008	sw	8(r30),r2
 1043  00001be0  70210000	slei	r1,r1,#0
 1044  00001be4  1020000c	beqz	r1,L18_LF2
 1045  00001be8  54000000	nop; delay slot nop
 1046  00001bec  08000048	j	L16_LF2
 1047  00001bf0  54000000	nop; delay slot nop
 1048  00001bf4          	L18_LF2:
 1049  00001bf4  8fc10000	lw	r1,(r30)
 1050  00001bf8  20220001	addi	r2,r1,#1
 1051  00001bfc  afc20000	sw	(r30),r2
 1052  00001c00  8fc20004	lw	r2,4(r30)
 1053  00001c04  20430001	addi	r3,r2,#1
 1054  00001c08  afc30004	sw	4(r30),r3
 1055  00001c0c  80420000	lb	r2,(r2)
 1056  00001c10  a0220000	sb	(r1),r2
 1057  00001c14  a3c2fff3	sb	-13(r30),r2
 1058  00001c18          	L17_LF2:
 1059  00001c18  93c1fff3	lbu	r1,-13(r30)
 1060  00001c1c  64220000	snei	r2,r1,#0
 1061  00001c20  1440000c	bnez	r2,L19_LF2
 1062  00001c24  54000000	nop; delay slot nop
 1063  00001c28  0800000c	j	L16_LF2
 1064  00001c2c  54000000	nop; delay slot nop
 1065  00001c30          	L19_LF2:
 1066  00001c30  0bffffa0	j	L15_LF2
 1067  00001c34  54000000	nop; delay slot nop
 1068  00001c38          	L16_LF2:
 1069  00001c38  8fc1fff4	lw	r1,-12(r30)
 1070  00001c3c  08000004	j	L14_LF2
 1071  00001c40  54000000	nop; delay slot nop
 1072  00001c44          	L14_LF2:
 1073  00001c44  8fa20000	lw	r2,0(r29)
 1074  00001c48  8fa30004	lw	r3,4(r29)
 1075  00001c4c  8fdffff8	lw	r31,-8(r30)
 1076  00001c50  001ee820	add	r29,r0,r30
 1077  00001c54  8fdefffc	lw	r30,-4(r30)
 1078  00001c58  4be00000	jr	r31
 1079  00001c5c  54000000	nop
 1080  00001c60          	.endproc _dstrncpy
 1081  00001c60          	.align 2
 1082  00001c60          	.proc _dstrcat
 1083  00001c60          	.global _dstrcat
 1084  00001c60          	_dstrcat:
 1085                      ;  Function 'dstrcat'; 8 bytes of locals, 1 regs to save.
 1086  00001c60  afbefffc	sw	-4(r29),r30; push fp
 1087  00001c64  001df020	add	r30,r0,r29; fp = sp
 1088  00001c68  afbffff8	sw	-8(r29),r31; push ret addr
 1089  00001c6c  2fbd0018	subui	r29,r29,#24; alloc local storage
 1090  00001c70  afa20000	sw	0(r29),r2
 1091  00001c74  8fc10000	lw	r1,(r30)
 1092  00001c78  afc1fff4	sw	-12(r30),r1
 1093  00001c7c          	L21_LF2:
 1094  00001c7c  8fc10000	lw	r1,(r30)
 1095  00001c80  90220000	lbu	r2,(r1)
 1096  00001c84  64410000	snei	r1,r2,#0
 1097  00001c88  1420000c	bnez	r1,L23_LF2
 1098  00001c8c  54000000	nop; delay slot nop
 1099  00001c90  0800001c	j	L22_LF2
 1100  00001c94  54000000	nop; delay slot nop
 1101  00001c98          	L23_LF2:
 1102  00001c98  8fc20000	lw	r2,(r30)
 1103  00001c9c  20410001	addi	r1,r2,#1
 1104  00001ca0  00011020	add	r2,r0,r1
 1105  00001ca4  afc20000	sw	(r30),r2
 1106  00001ca8  0bffffd0	j	L21_LF2
 1107  00001cac  54000000	nop; delay slot nop
 1108  00001cb0          	L22_LF2:
 1109  00001cb0  23bdfff8	addi	r29,r29,#-8
 1110  00001cb4  001d0820	add	r1,r0,r29
 1111  00001cb8  8fc20000	lw	r2,(r30)
 1112  00001cbc  ac220000	sw	(r1),r2
 1113  00001cc0  8fc20004	lw	r2,4(r30)
 1114  00001cc4  ac220004	sw	4(r1),r2
 1115  00001cc8  0ffffe5c	jal	_dstrcpy
 1116  00001ccc  54000000	nop; delay slot nop
 1117  00001cd0  23bd0008	addi	r29,r29,#8
 1118  00001cd4  8fc1fff4	lw	r1,-12(r30)
 1119  00001cd8  08000004	j	L20_LF2
 1120  00001cdc  54000000	nop; delay slot nop
 1121  00001ce0          	L20_LF2:
 1122  00001ce0  8fa20000	lw	r2,0(r29)
 1123  00001ce4  8fdffff8	lw	r31,-8(r30)
 1124  00001ce8  001ee820	add	r29,r0,r30
 1125  00001cec  8fdefffc	lw	r30,-4(r30)
 1126  00001cf0  4be00000	jr	r31
 1127  00001cf4  54000000	nop
 1128  00001cf8          	.endproc _dstrcat
 1129  00001cf8          	.align 2
 1130  00001cf8          	.proc _dstrncmp
 1131  00001cf8          	.global _dstrncmp
 1132  00001cf8          	_dstrncmp:
 1133                      ;  Function 'dstrncmp'; 8 bytes of locals, 2 regs to save.
 1134  00001cf8  afbefffc	sw	-4(r29),r30; push fp
 1135  00001cfc  001df020	add	r30,r0,r29; fp = sp
 1136  00001d00  afbffff8	sw	-8(r29),r31; push ret addr
 1137  00001d04  2fbd0018	subui	r29,r29,#24; alloc local storage
 1138  00001d08  afa20000	sw	0(r29),r2
 1139  00001d0c  afa30004	sw	4(r29),r3
 1140  00001d10  54000000	nop
 1141  00001d14  20010000	addi	r1,r0,#0
 1142  00001d18  afc1fff4	sw	-12(r30),r1
 1143  00001d1c          	L25_LF2:
 1144  00001d1c  8fc1fff4	lw	r1,-12(r30)
 1145  00001d20  8fc20008	lw	r2,8(r30)
 1146  00001d24  0022082a	slt	r1,r1,r2
 1147  00001d28  1420000c	bnez	r1,L28_LF2
 1148  00001d2c  54000000	nop; delay slot nop
 1149  00001d30  08000088	j	L26_LF2
 1150  00001d34  54000000	nop; delay slot nop
 1151  00001d38          	L28_LF2:
 1152  00001d38  8fc10004	lw	r1,4(r30)
 1153  00001d3c  90220000	lbu	r2,(r1)
 1154  00001d40  64410000	snei	r1,r2,#0
 1155  00001d44  14200018	bnez	r1,L29_LF2
 1156  00001d48  54000000	nop; delay slot nop
 1157  00001d4c  20010000	addi	r1,r0,#0
 1158  00001d50  080000d8	j	L24_LF2
 1159  00001d54  54000000	nop; delay slot nop
 1160  00001d58  08000028	j	L30_LF2
 1161  00001d5c  54000000	nop; delay slot nop
 1162  00001d60          	L29_LF2:
 1163  00001d60  8fc10000	lw	r1,(r30)
 1164  00001d64  8fc20004	lw	r2,4(r30)
 1165  00001d68  90210000	lbu	r1,(r1)
 1166  00001d6c  90420000	lbu	r2,(r2)
 1167  00001d70  00220829	sne	r1,r1,r2
 1168  00001d74  1020000c	beqz	r1,L30_LF2
 1169  00001d78  54000000	nop; delay slot nop
 1170  00001d7c  0800003c	j	L26_LF2
 1171  00001d80  54000000	nop; delay slot nop
 1172  00001d84          	L31_LF2:
 1173  00001d84          	L30_LF2:
 1174  00001d84  8fc20000	lw	r2,(r30)
 1175  00001d88  20410001	addi	r1,r2,#1
 1176  00001d8c  00011020	add	r2,r0,r1
 1177  00001d90  afc20000	sw	(r30),r2
 1178  00001d94  8fc20004	lw	r2,4(r30)
 1179  00001d98  20410001	addi	r1,r2,#1
 1180  00001d9c  00011020	add	r2,r0,r1
 1181  00001da0  afc20004	sw	4(r30),r2
 1182  00001da4          	L27_LF2:
 1183  00001da4  8fc2fff4	lw	r2,-12(r30)
 1184  00001da8  20410001	addi	r1,r2,#1
 1185  00001dac  00011020	add	r2,r0,r1
 1186  00001db0  afc2fff4	sw	-12(r30),r2
 1187  00001db4  0bffff64	j	L25_LF2
 1188  00001db8  54000000	nop; delay slot nop
 1189  00001dbc          	L26_LF2:
 1190  00001dbc  8fc1fff4	lw	r1,-12(r30)
 1191  00001dc0  8fc20008	lw	r2,8(r30)
 1192  00001dc4  00220828	seq	r1,r1,r2
 1193  00001dc8  10200018	beqz	r1,L32_LF2
 1194  00001dcc  54000000	nop; delay slot nop
 1195  00001dd0  20010000	addi	r1,r0,#0
 1196  00001dd4  08000054	j	L24_LF2
 1197  00001dd8  54000000	nop; delay slot nop
 1198  00001ddc  0800004c	j	L33_LF2
 1199  00001de0  54000000	nop; delay slot nop
 1200  00001de4          	L32_LF2:
 1201  00001de4  8fc20000	lw	r2,(r30)
 1202  00001de8  90410000	lbu	r1,(r2)
 1203  00001dec  8fc20004	lw	r2,4(r30)
 1204  00001df0  90430000	lbu	r3,(r2)
 1205  00001df4  00230822	sub	r1,r1,r3
 1206  00001df8  74220000	sgei	r2,r1,#0
 1207  00001dfc  10400020	beqz	r2,L34_LF2
 1208  00001e00  54000000	nop; delay slot nop
 1209  00001e04  8fc10000	lw	r1,(r30)
 1210  00001e08  8fc20004	lw	r2,4(r30)
 1211  00001e0c  90210000	lbu	r1,(r1)
 1212  00001e10  90420000	lbu	r2,(r2)
 1213  00001e14  00220829	sne	r1,r1,r2
 1214  00001e18  08000008	j	L35_LF2
 1215  00001e1c  54000000	nop; delay slot nop
 1216  00001e20          	L34_LF2:
 1217  00001e20  2001ffff	addi	r1,r0,#-1
 1218  00001e24          	L35_LF2:
 1219  00001e24  08000004	j	L24_LF2
 1220  00001e28  54000000	nop; delay slot nop
 1221  00001e2c          	L33_LF2:
 1222  00001e2c          	L24_LF2:
 1223  00001e2c  8fa20000	lw	r2,0(r29)
 1224  00001e30  8fa30004	lw	r3,4(r29)
 1225  00001e34  8fdffff8	lw	r31,-8(r30)
 1226  00001e38  001ee820	add	r29,r0,r30
 1227  00001e3c  8fdefffc	lw	r30,-4(r30)
 1228  00001e40  4be00000	jr	r31
 1229  00001e44  54000000	nop
 1230  00001e48          	.endproc _dstrncmp
 1231  00001e48          	.align 2
 1232  00001e48          	.proc _dstrlen
 1233  00001e48          	.global _dstrlen
 1234  00001e48          	_dstrlen:
 1235                      ;  Function 'dstrlen'; 8 bytes of locals, 1 regs to save.
 1236  00001e48  afbefffc	sw	-4(r29),r30; push fp
 1237  00001e4c  001df020	add	r30,r0,r29; fp = sp
 1238  00001e50  afbffff8	sw	-8(r29),r31; push ret addr
 1239  00001e54  2fbd0018	subui	r29,r29,#24; alloc local storage
 1240  00001e58  afa20000	sw	0(r29),r2
 1241  00001e5c  20010000	addi	r1,r0,#0
 1242  00001e60  afc1fff4	sw	-12(r30),r1
 1243  00001e64          	L37_LF2:
 1244  00001e64  8fc10000	lw	r1,(r30)
 1245  00001e68  20220001	addi	r2,r1,#1
 1246  00001e6c  afc20000	sw	(r30),r2
 1247  00001e70  90210000	lbu	r1,(r1)
 1248  00001e74  64220000	snei	r2,r1,#0
 1249  00001e78  1440000c	bnez	r2,L39_LF2
 1250  00001e7c  54000000	nop; delay slot nop
 1251  00001e80  0800001c	j	L38_LF2
 1252  00001e84  54000000	nop; delay slot nop
 1253  00001e88          	L39_LF2:
 1254  00001e88  8fc2fff4	lw	r2,-12(r30)
 1255  00001e8c  20410001	addi	r1,r2,#1
 1256  00001e90  00011020	add	r2,r0,r1
 1257  00001e94  afc2fff4	sw	-12(r30),r2
 1258  00001e98  0bffffc8	j	L37_LF2
 1259  00001e9c  54000000	nop; delay slot nop
 1260  00001ea0          	L38_LF2:
 1261  00001ea0  8fc1fff4	lw	r1,-12(r30)
 1262  00001ea4  08000004	j	L36_LF2
 1263  00001ea8  54000000	nop; delay slot nop
 1264  00001eac          	L36_LF2:
 1265  00001eac  8fa20000	lw	r2,0(r29)
 1266  00001eb0  8fdffff8	lw	r31,-8(r30)
 1267  00001eb4  001ee820	add	r29,r0,r30
 1268  00001eb8  8fdefffc	lw	r30,-4(r30)
 1269  00001ebc  4be00000	jr	r31
 1270  00001ec0  54000000	nop
 1271  00001ec4          	.endproc _dstrlen
 1272  00001ec4          	.align 2
 1273  00001ec4          	.proc _dstrstr
 1274  00001ec4          	.global _dstrstr
 1275  00001ec4          	_dstrstr:
 1276                      ;  Function 'dstrstr'; 8 bytes of locals, 1 regs to save.
 1277  00001ec4  afbefffc	sw	-4(r29),r30; push fp
 1278  00001ec8  001df020	add	r30,r0,r29; fp = sp
 1279  00001ecc  afbffff8	sw	-8(r29),r31; push ret addr
 1280  00001ed0  2fbd0018	subui	r29,r29,#24; alloc local storage
 1281  00001ed4  afa20000	sw	0(r29),r2
 1282  00001ed8  23bdfff8	addi	r29,r29,#-8
 1283  00001edc  001d0820	add	r1,r0,r29
 1284  00001ee0  8fc20004	lw	r2,4(r30)
 1285  00001ee4  ac220000	sw	(r1),r2
 1286  00001ee8  0fffff5c	jal	_dstrlen
 1287  00001eec  54000000	nop; delay slot nop
 1288  00001ef0  23bd0008	addi	r29,r29,#8
 1289  00001ef4  afc1fff4	sw	-12(r30),r1
 1290  00001ef8          	L41_LF2:
 1291  00001ef8  8fc10000	lw	r1,(r30)
 1292  00001efc  90220000	lbu	r2,(r1)
 1293  00001f00  64410000	snei	r1,r2,#0
 1294  00001f04  1420000c	bnez	r1,L43_LF2
 1295  00001f08  54000000	nop; delay slot nop
 1296  00001f0c  08000060	j	L42_LF2
 1297  00001f10  54000000	nop; delay slot nop
 1298  00001f14          	L43_LF2:
 1299  00001f14  23bdfff0	addi	r29,r29,#-16
 1300  00001f18  001d0820	add	r1,r0,r29
 1301  00001f1c  8fc20000	lw	r2,(r30)
 1302  00001f20  ac220000	sw	(r1),r2
 1303  00001f24  8fc20004	lw	r2,4(r30)
 1304  00001f28  ac220004	sw	4(r1),r2
 1305  00001f2c  8fc2fff4	lw	r2,-12(r30)
 1306  00001f30  ac220008	sw	8(r1),r2
 1307  00001f34  0ffffdc0	jal	_dstrncmp
 1308  00001f38  54000000	nop; delay slot nop
 1309  00001f3c  23bd0010	addi	r29,r29,#16
 1310  00001f40  64220000	snei	r2,r1,#0
 1311  00001f44  14400010	bnez	r2,L44_LF2
 1312  00001f48  54000000	nop; delay slot nop
 1313  00001f4c  8fc10000	lw	r1,(r30)
 1314  00001f50  08000028	j	L40_LF2
 1315  00001f54  54000000	nop; delay slot nop
 1316  00001f58          	L44_LF2:
 1317  00001f58  8fc20000	lw	r2,(r30)
 1318  00001f5c  20410001	addi	r1,r2,#1
 1319  00001f60  00011020	add	r2,r0,r1
 1320  00001f64  afc20000	sw	(r30),r2
 1321  00001f68  0bffff8c	j	L41_LF2
 1322  00001f6c  54000000	nop; delay slot nop
 1323  00001f70          	L42_LF2:
 1324  00001f70  20010000	addi	r1,r0,#0
 1325  00001f74  08000004	j	L40_LF2
 1326  00001f78  54000000	nop; delay slot nop
 1327  00001f7c          	L40_LF2:
 1328  00001f7c  8fa20000	lw	r2,0(r29)
 1329  00001f80  8fdffff8	lw	r31,-8(r30)
 1330  00001f84  001ee820	add	r29,r0,r30
 1331  00001f88  8fdefffc	lw	r30,-4(r30)
 1332  00001f8c  4be00000	jr	r31
 1333  00001f90  54000000	nop
 1334  00001f94          	.endproc _dstrstr
 1335  00001f94          	.align 2
 1336  00001f94          	.proc _dmindex
 1337  00001f94          	.global _dmindex
 1338  00001f94          	_dmindex:
 1339                      ;  Function 'dmindex'; 8 bytes of locals, 1 regs to save.
 1340  00001f94  afbefffc	sw	-4(r29),r30; push fp
 1341  00001f98  001df020	add	r30,r0,r29; fp = sp
 1342  00001f9c  afbffff8	sw	-8(r29),r31; push ret addr
 1343  00001fa0  2fbd0018	subui	r29,r29,#24; alloc local storage
 1344  00001fa4  afa20000	sw	0(r29),r2
 1345  00001fa8  54000000	nop
 1346  00001fac          	L46_LF2:
 1347  00001fac  8fc10000	lw	r1,(r30)
 1348  00001fb0  90220000	lbu	r2,(r1)
 1349  00001fb4  64410000	snei	r1,r2,#0
 1350  00001fb8  1420000c	bnez	r1,L48_LF2
 1351  00001fbc  54000000	nop; delay slot nop
 1352  00001fc0  08000070	j	L47_LF2
 1353  00001fc4  54000000	nop; delay slot nop
 1354  00001fc8          	L48_LF2:
 1355  00001fc8  8fc10004	lw	r1,4(r30)
 1356  00001fcc  afc1fff4	sw	-12(r30),r1
 1357  00001fd0          	L49_LF2:
 1358  00001fd0  8fc1fff4	lw	r1,-12(r30)
 1359  00001fd4  90220000	lbu	r2,(r1)
 1360  00001fd8  64410000	snei	r1,r2,#0
 1361  00001fdc  1420000c	bnez	r1,L52_LF2
 1362  00001fe0  54000000	nop; delay slot nop
 1363  00001fe4  08000044	j	L50_LF2
 1364  00001fe8  54000000	nop; delay slot nop
 1365  00001fec          	L52_LF2:
 1366  00001fec  8fc10000	lw	r1,(r30)
 1367  00001ff0  8fc2fff4	lw	r2,-12(r30)
 1368  00001ff4  90210000	lbu	r1,(r1)
 1369  00001ff8  90420000	lbu	r2,(r2)
 1370  00001ffc  00220828	seq	r1,r1,r2
 1371  00002000  10200010	beqz	r1,L51_LF2
 1372  00002004  54000000	nop; delay slot nop
 1373  00002008  8fc10000	lw	r1,(r30)
 1374  0000200c  08000030	j	L45_LF2
 1375  00002010  54000000	nop; delay slot nop
 1376  00002014          	L53_LF2:
 1377  00002014          	L51_LF2:
 1378  00002014  8fc2fff4	lw	r2,-12(r30)
 1379  00002018  20410001	addi	r1,r2,#1
 1380  0000201c  00011020	add	r2,r0,r1
 1381  00002020  afc2fff4	sw	-12(r30),r2
 1382  00002024  0bffffa8	j	L49_LF2
 1383  00002028  54000000	nop; delay slot nop
 1384  0000202c          	L50_LF2:
 1385  0000202c  0bffff7c	j	L46_LF2
 1386  00002030  54000000	nop; delay slot nop
 1387  00002034          	L47_LF2:
 1388  00002034  20010000	addi	r1,r0,#0
 1389  00002038  08000004	j	L45_LF2
 1390  0000203c  54000000	nop; delay slot nop
 1391  00002040          	L45_LF2:
 1392  00002040  8fa20000	lw	r2,0(r29)
 1393  00002044  8fdffff8	lw	r31,-8(r30)
 1394  00002048  001ee820	add	r29,r0,r30
 1395  0000204c  8fdefffc	lw	r30,-4(r30)
 1396  00002050  4be00000	jr	r31
 1397  00002054  54000000	nop
 1398  00002058          	.endproc _dmindex
 1399  00002058          	.align 2
 1400  00002058          	.proc _dindex
 1401  00002058          	.global _dindex
 1402  00002058          	_dindex:
 1403                      ;  Function 'dindex'; 0 bytes of locals, 1 regs to save.
 1404  00002058  afbefffc	sw	-4(r29),r30; push fp
 1405  0000205c  001df020	add	r30,r0,r29; fp = sp
 1406  00002060  afbffff8	sw	-8(r29),r31; push ret addr
 1407  00002064  2fbd0010	subui	r29,r29,#16; alloc local storage
 1408  00002068  afa20000	sw	0(r29),r2
 1409  0000206c  54000000	nop
 1410  00002070          	L55_LF2:
 1411  00002070  8fc10000	lw	r1,(r30)
 1412  00002074  90220000	lbu	r2,(r1)
 1413  00002078  64410000	snei	r1,r2,#0
 1414  0000207c  1420000c	bnez	r1,L57_LF2
 1415  00002080  54000000	nop; delay slot nop
 1416  00002084  08000040	j	L56_LF2
 1417  00002088  54000000	nop; delay slot nop
 1418  0000208c          	L57_LF2:
 1419  0000208c  8fc10000	lw	r1,(r30)
 1420  00002090  90220000	lbu	r2,(r1)
 1421  00002094  8fc10004	lw	r1,4(r30)
 1422  00002098  00411028	seq	r2,r2,r1
 1423  0000209c  10400010	beqz	r2,L58_LF2
 1424  000020a0  54000000	nop; delay slot nop
 1425  000020a4  8fc10000	lw	r1,(r30)
 1426  000020a8  08000028	j	L54_LF2
 1427  000020ac  54000000	nop; delay slot nop
 1428  000020b0          	L58_LF2:
 1429  000020b0  8fc20000	lw	r2,(r30)
 1430  000020b4  20410001	addi	r1,r2,#1
 1431  000020b8  00011020	add	r2,r0,r1
 1432  000020bc  afc20000	sw	(r30),r2
 1433  000020c0  0bffffac	j	L55_LF2
 1434  000020c4  54000000	nop; delay slot nop
 1435  000020c8          	L56_LF2:
 1436  000020c8  20010000	addi	r1,r0,#0
 1437  000020cc  08000004	j	L54_LF2
 1438  000020d0  54000000	nop; delay slot nop
 1439  000020d4          	L54_LF2:
 1440  000020d4  8fa20000	lw	r2,0(r29)
 1441  000020d8  8fdffff8	lw	r31,-8(r30)
 1442  000020dc  001ee820	add	r29,r0,r30
 1443  000020e0  8fdefffc	lw	r30,-4(r30)
 1444  000020e4  4be00000	jr	r31
 1445  000020e8  54000000	nop
 1446  000020ec          	.endproc _dindex
 1447  000020ec          	.align 2
 1448  000020ec          	.proc _ditoa
 1449  000020ec          	.global _ditoa
 1450  000020ec          	_ditoa:
 1451                      ;  Function 'ditoa'; 8 bytes of locals, 2 regs to save.
 1452  000020ec  afbefffc	sw	-4(r29),r30; push fp
 1453  000020f0  001df020	add	r30,r0,r29; fp = sp
 1454  000020f4  afbffff8	sw	-8(r29),r31; push ret addr
 1455  000020f8  2fbd0018	subui	r29,r29,#24; alloc local storage
 1456  000020fc  afa20000	sw	0(r29),r2
 1457  00002100  afa30004	sw	4(r29),r3
 1458  00002104  8fc10000	lw	r1,(r30)
 1459  00002108  68220000	slti	r2,r1,#0
 1460  0000210c  1040002c	beqz	r2,L60_LF2
 1461  00002110  54000000	nop; delay slot nop
 1462  00002114  8fc10004	lw	r1,4(r30)
 1463  00002118  20220001	addi	r2,r1,#1
 1464  0000211c  afc20004	sw	4(r30),r2
 1465  00002120  2002002d	addi	r2,r0,(#0x2d)&0xff
 1466  00002124  a0220000	sb	(r1),r2
 1467  00002128  8fc10000	lw	r1,(r30)
 1468  0000212c  00011022	sub	r2,r0,r1
 1469  00002130  afc20000	sw	(r30),r2
 1470  00002134  08000118	j	L61_LF2
 1471  00002138  54000000	nop; delay slot nop
 1472  0000213c          	L60_LF2:
 1473  0000213c  8fc10000	lw	r1,(r30)
 1474  00002140  64220000	snei	r2,r1,#0
 1475  00002144  14400020	bnez	r2,L62_LF2
 1476  00002148  54000000	nop; delay slot nop
 1477  0000214c  8fc10004	lw	r1,4(r30)
 1478  00002150  20220001	addi	r2,r1,#1
 1479  00002154  afc20004	sw	4(r30),r2
 1480  00002158  20020030	addi	r2,r0,(#0x30)&0xff
 1481  0000215c  a0220000	sb	(r1),r2
 1482  00002160  080000ec	j	L61_LF2
 1483  00002164  54000000	nop; delay slot nop
 1484  00002168          	L62_LF2:
 1485  00002168  20010001	addi	r1,r0,#1
 1486  0000216c  afc1fff4	sw	-12(r30),r1
 1487  00002170          	L64_LF2:
 1488  00002170  8fc1fff4	lw	r1,-12(r30)
 1489  00002174  8fc20000	lw	r2,(r30)
 1490  00002178  0022082c	sle	r1,r1,r2
 1491  0000217c  1420000c	bnez	r1,L66_LF2
 1492  00002180  54000000	nop; delay slot nop
 1493  00002184  08000024	j	L65_LF2
 1494  00002188  54000000	nop; delay slot nop
 1495  0000218c          	L67_LF2:
 1496  0000218c          	L66_LF2:
 1497  0000218c  8fc1fff4	lw	r1,-12(r30)
 1498  00002190  00011820	add	r3,r0,r1
 1499  00002194  50620002	slli	r2,r3,#0x2
 1500  00002198  00411020	add	r2,r2,r1
 1501  0000219c  50410001	slli	r1,r2,#0x1
 1502  000021a0  afc1fff4	sw	-12(r30),r1
 1503  000021a4  0bffffc8	j	L64_LF2
 1504  000021a8  54000000	nop; delay slot nop
 1505  000021ac          	L65_LF2:
 1506  000021ac  54000000	nop
 1507  000021b0          	L68_LF2:
 1508  000021b0  8fc1fff4	lw	r1,-12(r30)
 1509  000021b4  2002000a	addi	r2,r0,#10
 1510  000021b8  00200035	movi2fp	f0,r1
 1511  000021bc  00400835	movi2fp	f1,r2
 1512  000021c0  0401000f	div	f0,f0,f1
 1513  000021c4  00000834	movfp2i	r1,f0
 1514  000021c8  afc1fff4	sw	-12(r30),r1
 1515  000021cc  8fc10004	lw	r1,4(r30)
 1516  000021d0  20220001	addi	r2,r1,#1
 1517  000021d4  afc20004	sw	4(r30),r2
 1518  000021d8  8fc20000	lw	r2,(r30)
 1519  000021dc  8fc3fff4	lw	r3,-12(r30)
 1520  000021e0  00400035	movi2fp	f0,r2
 1521  000021e4  00600835	movi2fp	f1,r3
 1522  000021e8  0401000f	div	f0,f0,f1
 1523  000021ec  00001034	movfp2i	r2,f0
 1524  000021f0  00021820	add	r3,r0,r2
 1525  000021f4  20620030	addi	r2,r3,#48
 1526  000021f8  a0220000	sb	(r1),r2
 1527  000021fc  8fc10000	lw	r1,(r30)
 1528  00002200  8fc3fff4	lw	r3,-12(r30)
 1529  00002204  00200035	movi2fp	f0,r1
 1530  00002208  00600835	movi2fp	f1,r3
 1531  0000220c  0401000f	div	f0,f0,f1
 1532  00002210  00001034	movfp2i	r2,f0
 1533  00002214  8fc3fff4	lw	r3,-12(r30)
 1534  00002218  00400035	movi2fp	f0,r2
 1535  0000221c  00600835	movi2fp	f1,r3
 1536  00002220  0401000e	mult	f0,f0,f1
 1537  00002224  00001034	movfp2i	r2,f0
 1538  00002228  00220822	sub	r1,r1,r2
 1539  0000222c  afc10000	sw	(r30),r1
 1540  00002230          	L70_LF2:
 1541  00002230  8fc1fff4	lw	r1,-12(r30)
 1542  00002234  6c220001	sgti	r2,r1,#1
 1543  00002238  1440000c	bnez	r2,L71_LF2
 1544  0000223c  54000000	nop; delay slot nop
 1545  00002240  0800000c	j	L61_LF2
 1546  00002244  54000000	nop; delay slot nop
 1547  00002248          	L71_LF2:
 1548  00002248  0bffff64	j	L68_LF2
 1549  0000224c  54000000	nop; delay slot nop
 1550  00002250          	L69_LF2:
 1551  00002250          	L63_LF2:
 1552  00002250          	L61_LF2:
 1553  00002250  8fc10004	lw	r1,4(r30)
 1554  00002254  20020000	addi	r2,r0,(#0x0)&0xff
 1555  00002258  a0220000	sb	(r1),r2
 1556  0000225c          	L59_LF2:
 1557  0000225c  8fa20000	lw	r2,0(r29)
 1558  00002260  8fa30004	lw	r3,4(r29)
 1559  00002264  8fdffff8	lw	r31,-8(r30)
 1560  00002268  001ee820	add	r29,r0,r30
 1561  0000226c  8fdefffc	lw	r30,-4(r30)
 1562  00002270  4be00000	jr	r31
 1563  00002274  54000000	nop
 1564  00002278          	.endproc _ditoa
 1565  00002278          	.align 2
 1566  00002278          	.proc _dstrtol
 1567  00002278          	.global _dstrtol
 1568  00002278          	_dstrtol:
 1569                      ;  Function 'dstrtol'; 16 bytes of locals, 1 regs to save.
 1570  00002278  afbefffc	sw	-4(r29),r30; push fp
 1571  0000227c  001df020	add	r30,r0,r29; fp = sp
 1572  00002280  afbffff8	sw	-8(r29),r31; push ret addr
 1573  00002284  2fbd0020	subui	r29,r29,#32; alloc local storage
 1574  00002288  afa20000	sw	0(r29),r2
 1575  0000228c  20010000	addi	r1,r0,#0
 1576  00002290  afc1fff4	sw	-12(r30),r1
 1577  00002294          	L73_LF2:
 1578  00002294  8fc10000	lw	r1,(r30)
 1579  00002298  90220000	lbu	r2,(r1)
 1580  0000229c  60410020	seqi	r1,r2,#32
 1581  000022a0  14200034	bnez	r1,L75_LF2
 1582  000022a4  54000000	nop; delay slot nop
 1583  000022a8  8fc10000	lw	r1,(r30)
 1584  000022ac  90220000	lbu	r2,(r1)
 1585  000022b0  60410009	seqi	r1,r2,#9
 1586  000022b4  14200020	bnez	r1,L75_LF2
 1587  000022b8  54000000	nop; delay slot nop
 1588  000022bc  8fc10000	lw	r1,(r30)
 1589  000022c0  90220000	lbu	r2,(r1)
 1590  000022c4  6041000a	seqi	r1,r2,#10
 1591  000022c8  1420000c	bnez	r1,L75_LF2
 1592  000022cc  54000000	nop; delay slot nop
 1593  000022d0  0800001c	j	L74_LF2
 1594  000022d4  54000000	nop; delay slot nop
 1595  000022d8          	L75_LF2:
 1596  000022d8  8fc20000	lw	r2,(r30)
 1597  000022dc  20410001	addi	r1,r2,#1
 1598  000022e0  00011020	add	r2,r0,r1
 1599  000022e4  afc20000	sw	(r30),r2
 1600  000022e8  0bffffa8	j	L73_LF2
 1601  000022ec  54000000	nop; delay slot nop
 1602  000022f0          	L74_LF2:
 1603  000022f0  8fc10004	lw	r1,4(r30)
 1604  000022f4  64220000	snei	r2,r1,#0
 1605  000022f8  10400010	beqz	r2,L76_LF2
 1606  000022fc  54000000	nop; delay slot nop
 1607  00002300  8fc10004	lw	r1,4(r30)
 1608  00002304  8fc20000	lw	r2,(r30)
 1609  00002308  ac220000	sw	(r1),r2
 1610  0000230c          	L76_LF2:
 1611  0000230c  8fc10000	lw	r1,(r30)
 1612  00002310  90220000	lbu	r2,(r1)
 1613  00002314  64410000	snei	r1,r2,#0
 1614  00002318  14200010	bnez	r1,L77_LF2
 1615  0000231c  54000000	nop; delay slot nop
 1616  00002320  8fc1fff4	lw	r1,-12(r30)
 1617  00002324  08000294	j	L72_LF2
 1618  00002328  54000000	nop; delay slot nop
 1619  0000232c          	L77_LF2:
 1620  0000232c  8fc10000	lw	r1,(r30)
 1621  00002330  90220000	lbu	r2,(r1)
 1622  00002334  6041002d	seqi	r1,r2,#45
 1623  00002338  10200024	beqz	r1,L78_LF2
 1624  0000233c  54000000	nop; delay slot nop
 1625  00002340  2001ffff	addi	r1,r0,#-1
 1626  00002344  afc1ffec	sw	-20(r30),r1
 1627  00002348  8fc20000	lw	r2,(r30)
 1628  0000234c  20410001	addi	r1,r2,#1
 1629  00002350  00011020	add	r2,r0,r1
 1630  00002354  afc20000	sw	(r30),r2
 1631  00002358  0800000c	j	L79_LF2
 1632  0000235c  54000000	nop; delay slot nop
 1633  00002360          	L78_LF2:
 1634  00002360  20010001	addi	r1,r0,#1
 1635  00002364  afc1ffec	sw	-20(r30),r1
 1636  00002368          	L79_LF2:
 1637  00002368  8fc10008	lw	r1,8(r30)
 1638  0000236c  64220000	snei	r2,r1,#0
 1639  00002370  14400090	bnez	r2,L80_LF2
 1640  00002374  54000000	nop; delay slot nop
 1641  00002378  8fc10000	lw	r1,(r30)
 1642  0000237c  90220000	lbu	r2,(r1)
 1643  00002380  60410030	seqi	r1,r2,#48
 1644  00002384  10200074	beqz	r1,L81_LF2
 1645  00002388  54000000	nop; delay slot nop
 1646  0000238c  8fc20000	lw	r2,(r30)
 1647  00002390  20410001	addi	r1,r2,#1
 1648  00002394  00011020	add	r2,r0,r1
 1649  00002398  afc20000	sw	(r30),r2
 1650  0000239c  8fc10000	lw	r1,(r30)
 1651  000023a0  90220000	lbu	r2,(r1)
 1652  000023a4  60410078	seqi	r1,r2,#120
 1653  000023a8  14200020	bnez	r1,L83_LF2
 1654  000023ac  54000000	nop; delay slot nop
 1655  000023b0  8fc10000	lw	r1,(r30)
 1656  000023b4  90220000	lbu	r2,(r1)
 1657  000023b8  60410058	seqi	r1,r2,#88
 1658  000023bc  1420000c	bnez	r1,L83_LF2
 1659  000023c0  54000000	nop; delay slot nop
 1660  000023c4  08000024	j	L82_LF2
 1661  000023c8  54000000	nop; delay slot nop
 1662  000023cc          	L83_LF2:
 1663  000023cc  20010010	addi	r1,r0,#16
 1664  000023d0  afc10008	sw	8(r30),r1
 1665  000023d4  8fc20000	lw	r2,(r30)
 1666  000023d8  20410001	addi	r1,r2,#1
 1667  000023dc  00011020	add	r2,r0,r1
 1668  000023e0  afc20000	sw	(r30),r2
 1669  000023e4  0800000c	j	L84_LF2
 1670  000023e8  54000000	nop; delay slot nop
 1671  000023ec          	L82_LF2:
 1672  000023ec  20010008	addi	r1,r0,#8
 1673  000023f0  afc10008	sw	8(r30),r1
 1674  000023f4          	L84_LF2:
 1675  000023f4  0800000c	j	L80_LF2
 1676  000023f8  54000000	nop; delay slot nop
 1677  000023fc          	L81_LF2:
 1678  000023fc  2001000a	addi	r1,r0,#10
 1679  00002400  afc10008	sw	8(r30),r1
 1680  00002404          	L85_LF2:
 1681  00002404          	L80_LF2:
 1682  00002404  8fc10008	lw	r1,8(r30)
 1683  00002408  70220000	slei	r2,r1,#0
 1684  0000240c  1440001c	bnez	r2,L87_LF2
 1685  00002410  54000000	nop; delay slot nop
 1686  00002414  8fc10008	lw	r1,8(r30)
 1687  00002418  6c220010	sgti	r2,r1,#16
 1688  0000241c  1440000c	bnez	r2,L87_LF2
 1689  00002420  54000000	nop; delay slot nop
 1690  00002424  08000010	j	L86_LF2
 1691  00002428  54000000	nop; delay slot nop
 1692  0000242c          	L87_LF2:
 1693  0000242c  8fc1fff4	lw	r1,-12(r30)
 1694  00002430  08000188	j	L72_LF2
 1695  00002434  54000000	nop; delay slot nop
 1696  00002438          	L86_LF2:
 1697  00002438  54000000	nop
 1698  0000243c          	L88_LF2:
 1699  0000243c  8fc10000	lw	r1,(r30)
 1700  00002440  90220000	lbu	r2,(r1)
 1701  00002444  6c41002f	sgtui	r1,r2,#47
 1702  00002448  10200030	beqz	r1,L91_LF2
 1703  0000244c  54000000	nop; delay slot nop
 1704  00002450  8fc10000	lw	r1,(r30)
 1705  00002454  90220000	lbu	r2,(r1)
 1706  00002458  70410039	sleui	r1,r2,#57
 1707  0000245c  1020001c	beqz	r1,L91_LF2
 1708  00002460  54000000	nop; delay slot nop
 1709  00002464  8fc10000	lw	r1,(r30)
 1710  00002468  90220000	lbu	r2,(r1)
 1711  0000246c  2041ffd0	addi	r1,r2,#-48
 1712  00002470  afc1fff0	sw	-16(r30),r1
 1713  00002474  0800008c	j	L92_LF2
 1714  00002478  54000000	nop; delay slot nop
 1715  0000247c          	L91_LF2:
 1716  0000247c  8fc10000	lw	r1,(r30)
 1717  00002480  90220000	lbu	r2,(r1)
 1718  00002484  6c410060	sgtui	r1,r2,#96
 1719  00002488  10200030	beqz	r1,L93_LF2
 1720  0000248c  54000000	nop; delay slot nop
 1721  00002490  8fc10000	lw	r1,(r30)
 1722  00002494  90220000	lbu	r2,(r1)
 1723  00002498  7041007a	sleui	r1,r2,#122
 1724  0000249c  1020001c	beqz	r1,L93_LF2
 1725  000024a0  54000000	nop; delay slot nop
 1726  000024a4  8fc10000	lw	r1,(r30)
 1727  000024a8  90220000	lbu	r2,(r1)
 1728  000024ac  2041ffa9	addi	r1,r2,#-87
 1729  000024b0  afc1fff0	sw	-16(r30),r1
 1730  000024b4  0800004c	j	L92_LF2
 1731  000024b8  54000000	nop; delay slot nop
 1732  000024bc          	L93_LF2:
 1733  000024bc  8fc10000	lw	r1,(r30)
 1734  000024c0  90220000	lbu	r2,(r1)
 1735  000024c4  6c410040	sgtui	r1,r2,#64
 1736  000024c8  10200030	beqz	r1,L95_LF2
 1737  000024cc  54000000	nop; delay slot nop
 1738  000024d0  8fc10000	lw	r1,(r30)
 1739  000024d4  90220000	lbu	r2,(r1)
 1740  000024d8  7041005a	sleui	r1,r2,#90
 1741  000024dc  1020001c	beqz	r1,L95_LF2
 1742  000024e0  54000000	nop; delay slot nop
 1743  000024e4  8fc10000	lw	r1,(r30)
 1744  000024e8  90220000	lbu	r2,(r1)
 1745  000024ec  2041ffc9	addi	r1,r2,#-55
 1746  000024f0  afc1fff0	sw	-16(r30),r1
 1747  000024f4  0800000c	j	L92_LF2
 1748  000024f8  54000000	nop; delay slot nop
 1749  000024fc          	L95_LF2:
 1750  000024fc  200103e8	addi	r1,r0,#1000
 1751  00002500  afc1fff0	sw	-16(r30),r1
 1752  00002504          	L96_LF2:
 1753  00002504          	L94_LF2:
 1754  00002504          	L92_LF2:
 1755  00002504  8fc1fff0	lw	r1,-16(r30)
 1756  00002508  8fc20008	lw	r2,8(r30)
 1757  0000250c  0022082a	slt	r1,r1,r2
 1758  00002510  10200040	beqz	r1,L90_LF2
 1759  00002514  54000000	nop; delay slot nop
 1760  00002518  8fc1fff4	lw	r1,-12(r30)
 1761  0000251c  8fc20008	lw	r2,8(r30)
 1762  00002520  00200035	movi2fp	f0,r1
 1763  00002524  00400835	movi2fp	f1,r2
 1764  00002528  0401000e	mult	f0,f0,f1
 1765  0000252c  00000834	movfp2i	r1,f0
 1766  00002530  afc1fff4	sw	-12(r30),r1
 1767  00002534  8fc1fff4	lw	r1,-12(r30)
 1768  00002538  8fc2fff0	lw	r2,-16(r30)
 1769  0000253c  00220820	add	r1,r1,r2
 1770  00002540  afc1fff4	sw	-12(r30),r1
 1771  00002544  8fc20000	lw	r2,(r30)
 1772  00002548  20410001	addi	r1,r2,#1
 1773  0000254c  00011020	add	r2,r0,r1
 1774  00002550  afc20000	sw	(r30),r2
 1775  00002554          	L97_LF2:
 1776  00002554          	L90_LF2:
 1777  00002554  8fc1fff0	lw	r1,-16(r30)
 1778  00002558  8fc20008	lw	r2,8(r30)
 1779  0000255c  0022082a	slt	r1,r1,r2
 1780  00002560  1420000c	bnez	r1,L98_LF2
 1781  00002564  54000000	nop; delay slot nop
 1782  00002568  0800000c	j	L89_LF2
 1783  0000256c  54000000	nop; delay slot nop
 1784  00002570          	L98_LF2:
 1785  00002570  0bfffec8	j	L88_LF2
 1786  00002574  54000000	nop; delay slot nop
 1787  00002578          	L89_LF2:
 1788  00002578  8fc10004	lw	r1,4(r30)
 1789  0000257c  64220000	snei	r2,r1,#0
 1790  00002580  10400010	beqz	r2,L99_LF2
 1791  00002584  54000000	nop; delay slot nop
 1792  00002588  8fc10004	lw	r1,4(r30)
 1793  0000258c  8fc20000	lw	r2,(r30)
 1794  00002590  ac220000	sw	(r1),r2
 1795  00002594          	L99_LF2:
 1796  00002594  8fc1fff4	lw	r1,-12(r30)
 1797  00002598  8fc2ffec	lw	r2,-20(r30)
 1798  0000259c  00200035	movi2fp	f0,r1
 1799  000025a0  00400835	movi2fp	f1,r2
 1800  000025a4  0401000e	mult	f0,f0,f1
 1801  000025a8  00000834	movfp2i	r1,f0
 1802  000025ac  afc1fff4	sw	-12(r30),r1
 1803  000025b0  8fc1fff4	lw	r1,-12(r30)
 1804  000025b4  08000004	j	L72_LF2
 1805  000025b8  54000000	nop; delay slot nop
 1806  000025bc          	L72_LF2:
 1807  000025bc  8fa20000	lw	r2,0(r29)
 1808  000025c0  8fdffff8	lw	r31,-8(r30)
 1809  000025c4  001ee820	add	r29,r0,r30
 1810  000025c8  8fdefffc	lw	r30,-4(r30)
 1811  000025cc  4be00000	jr	r31
 1812  000025d0  54000000	nop
 1813  000025d4          	.endproc _dstrtol
 1814  000025d4          	.align 2
 1815  000025d4          	.proc _bcopy
 1816  000025d4          	.global _bcopy
 1817  000025d4          	_bcopy:
 1818                      ;  Function 'bcopy'; 0 bytes of locals, 2 regs to save.
 1819  000025d4  afbefffc	sw	-4(r29),r30; push fp
 1820  000025d8  001df020	add	r30,r0,r29; fp = sp
 1821  000025dc  afbffff8	sw	-8(r29),r31; push ret addr
 1822  000025e0  2fbd0010	subui	r29,r29,#16; alloc local storage
 1823  000025e4  afa20000	sw	0(r29),r2
 1824  000025e8  afa30004	sw	4(r29),r3
 1825  000025ec  54000000	nop
 1826  000025f0          	L101_LF2:
 1827  000025f0  8fc10008	lw	r1,8(r30)
 1828  000025f4  2022ffff	addi	r2,r1,#-1
 1829  000025f8  afc20008	sw	8(r30),r2
 1830  000025fc  6c210000	sgti	r1,r1,#0
 1831  00002600  1420000c	bnez	r1,L103_LF2
 1832  00002604  54000000	nop; delay slot nop
 1833  00002608  0800002c	j	L102_LF2
 1834  0000260c  54000000	nop; delay slot nop
 1835  00002610          	L103_LF2:
 1836  00002610  8fc10004	lw	r1,4(r30)
 1837  00002614  20220001	addi	r2,r1,#1
 1838  00002618  afc20004	sw	4(r30),r2
 1839  0000261c  8fc20000	lw	r2,(r30)
 1840  00002620  20430001	addi	r3,r2,#1
 1841  00002624  afc30000	sw	(r30),r3
 1842  00002628  80420000	lb	r2,(r2)
 1843  0000262c  a0220000	sb	(r1),r2
 1844  00002630  0bffffbc	j	L101_LF2
 1845  00002634  54000000	nop; delay slot nop
 1846  00002638          	L102_LF2:
 1847  00002638          	L100_LF2:
 1848  00002638  8fa20000	lw	r2,0(r29)
 1849  0000263c  8fa30004	lw	r3,4(r29)
 1850  00002640  8fdffff8	lw	r31,-8(r30)
 1851  00002644  001ee820	add	r29,r0,r30
 1852  00002648  8fdefffc	lw	r30,-4(r30)
 1853  0000264c  4be00000	jr	r31
 1854  00002650  54000000	nop
 1855  00002654          	.endproc _bcopy
 1856  00002654          	.align 2
 1857  00002654          	.proc _bzero
 1858  00002654          	.global _bzero
 1859  00002654          	_bzero:
 1860                      ;  Function 'bzero'; 0 bytes of locals, 1 regs to save.
 1861  00002654  afbefffc	sw	-4(r29),r30; push fp
 1862  00002658  001df020	add	r30,r0,r29; fp = sp
 1863  0000265c  afbffff8	sw	-8(r29),r31; push ret addr
 1864  00002660  2fbd0010	subui	r29,r29,#16; alloc local storage
 1865  00002664  afa20000	sw	0(r29),r2
 1866  00002668  54000000	nop
 1867  0000266c          	L105_LF2:
 1868  0000266c  8fc10004	lw	r1,4(r30)
 1869  00002670  2022ffff	addi	r2,r1,#-1
 1870  00002674  afc20004	sw	4(r30),r2
 1871  00002678  6c210000	sgti	r1,r1,#0
 1872  0000267c  1420000c	bnez	r1,L107_LF2
 1873  00002680  54000000	nop; delay slot nop
 1874  00002684  08000020	j	L106_LF2
 1875  00002688  54000000	nop; delay slot nop
 1876  0000268c          	L107_LF2:
 1877  0000268c  8fc10000	lw	r1,(r30)
 1878  00002690  20220001	addi	r2,r1,#1
 1879  00002694  afc20000	sw	(r30),r2
 1880  00002698  20020000	addi	r2,r0,(#0x0)&0xff
 1881  0000269c  a0220000	sb	(r1),r2
 1882  000026a0  0bffffc8	j	L105_LF2
 1883  000026a4  54000000	nop; delay slot nop
 1884  000026a8          	L106_LF2:
 1885  000026a8          	L104_LF2:
 1886  000026a8  8fa20000	lw	r2,0(r29)
 1887  000026ac  8fdffff8	lw	r31,-8(r30)
 1888  000026b0  001ee820	add	r29,r0,r30
 1889  000026b4  8fdefffc	lw	r30,-4(r30)
 1890  000026b8  4be00000	jr	r31
 1891  000026bc  54000000	nop
 1892  000026c0          	.endproc _bzero
 1893  000026c0          	.align 2
 1894  000026c0          	.proc _min
 1895  000026c0          	.global _min
 1896  000026c0          	_min:
 1897                      ;  Function 'min'; 0 bytes of locals, 2 regs to save.
 1898  000026c0  afbefffc	sw	-4(r29),r30; push fp
 1899  000026c4  001df020	add	r30,r0,r29; fp = sp
 1900  000026c8  afbffff8	sw	-8(r29),r31; push ret addr
 1901  000026cc  2fbd0010	subui	r29,r29,#16; alloc local storage
 1902  000026d0  afa20000	sw	0(r29),r2
 1903  000026d4  afa30004	sw	4(r29),r3
 1904  000026d8  8fc10000	lw	r1,(r30)
 1905  000026dc  8fc20004	lw	r2,4(r30)
 1906  000026e0  0022182c	sle	r3,r1,r2
 1907  000026e4  14600008	bnez	r3,L109_LF2
 1908  000026e8  54000000	nop; delay slot nop
 1909  000026ec  8fc10004	lw	r1,4(r30)
 1910  000026f0          	L109_LF2:
 1911  000026f0  08000004	j	L108_LF2
 1912  000026f4  54000000	nop; delay slot nop
 1913  000026f8          	L108_LF2:
 1914  000026f8  8fa20000	lw	r2,0(r29)
 1915  000026fc  8fa30004	lw	r3,4(r29)
 1916  00002700  8fdffff8	lw	r31,-8(r30)
 1917  00002704  001ee820	add	r29,r0,r30
 1918  00002708  8fdefffc	lw	r30,-4(r30)
 1919  0000270c  4be00000	jr	r31
 1920  00002710  54000000	nop
 1921  00002714          	.endproc _min
 1922  00002714          	.align 2
 1923  00002714          	.proc _max
 1924  00002714          	.global _max
 1925  00002714          	_max:
 1926                      ;  Function 'max'; 0 bytes of locals, 2 regs to save.
 1927  00002714  afbefffc	sw	-4(r29),r30; push fp
 1928  00002718  001df020	add	r30,r0,r29; fp = sp
 1929  0000271c  afbffff8	sw	-8(r29),r31; push ret addr
 1930  00002720  2fbd0010	subui	r29,r29,#16; alloc local storage
 1931  00002724  afa20000	sw	0(r29),r2
 1932  00002728  afa30004	sw	4(r29),r3
 1933  0000272c  8fc10000	lw	r1,(r30)
 1934  00002730  8fc20004	lw	r2,4(r30)
 1935  00002734  0022182d	sge	r3,r1,r2
 1936  00002738  14600008	bnez	r3,L111_LF2
 1937  0000273c  54000000	nop; delay slot nop
 1938  00002740  8fc10004	lw	r1,4(r30)
 1939  00002744          	L111_LF2:
 1940  00002744  08000004	j	L110_LF2
 1941  00002748  54000000	nop; delay slot nop
 1942  0000274c          	L110_LF2:
 1943  0000274c  8fa20000	lw	r2,0(r29)
 1944  00002750  8fa30004	lw	r3,4(r29)
 1945  00002754  8fdffff8	lw	r31,-8(r30)
 1946  00002758  001ee820	add	r29,r0,r30
 1947  0000275c  8fdefffc	lw	r30,-4(r30)
 1948  00002760  4be00000	jr	r31
 1949  00002764  54000000	nop
 1950  00002768          	.endproc _max
 1951                      ;;; Ethan L. Miller, 1999.  Released to the public domain
 1952                      ;;;
 1953                      ;;; Most of the traps are called in files from libtraps.
 1956  00002768          	.align 2
 1957  00002768          	.proc _exit
 1958  00002768          	.global _exit
 1959  00002768          	_exit:
 1960  00002768  44000300	trap	#0x300
 1961  0000276c  4be00000	jr	r31
 1962  00002770  54000000	nop
 1963  00002774          	.endproc _exit
 1965                      ; for the benefit of gcc.
 1966  00002774          	.proc ___main
 1967  00002774          	.global ___main
 1968  00002774          	___main:
 1969  00002774  4be00000	jr	r31
 1970  00002778  54000000	nop
 1971  0000277c          	.endproc ___main
 1972  0000277c          	.text
 1973  0000277c          	.global _etext
 1974  0000277c          	_etext:
 1975  0000277c          	.align 3
 1976  00002780          	.data
 1977  00003132          	.global _edata
 1978  00003132          	_edata:
