 line   address	contents
    1                      ; Linked by DLX-LD.
    2                      ; MemSize 24576
    3                      ; Data size: 265
    4                      ; Text size: 7440
    5                      ; Stack size: 8192
    6  00000000          	.text 0x1000
    7  00001000          	.data 0x3000
    8                      ; Compiled by GCC
    9  00003000          	.text
   10  00001000          	.align 2
   11  00001000          	.proc _isspace
   12  00001000          	.global _isspace
   13  00001000          	_isspace:
   14                      ;  Function 'isspace'; 0 bytes of locals, 1 regs to save.
   15  00001000  afbefffc	sw	-4(r29),r30; push fp
   16  00001004  001df020	add	r30,r0,r29; fp = sp
   17  00001008  afbffff8	sw	-8(r29),r31; push ret addr
   18  0000100c  2fbd0010	subui	r29,r29,#16; alloc local storage
   19  00001010  afa20000	sw	0(r29),r2
   20  00001014  83c20003	lb	r2,3(r30)
   21  00001018  201f0000	addi	r31,r0,#0
   22  0000101c  304100ff	andi	r1,r2,#0x00ff
   23  00001020  60210020	seqi	r1,r1,#32
   24  00001024  14200018	bnez	r1,L6_LF0
   25  00001028  54000000	nop; not filled.
   26  0000102c  2041fff7	addi	r1,r2,#-9
   27  00001030  302100ff	andi	r1,r1,#0x00ff
   28  00001034  70210001	sleui	r1,r1,#1
   29  00001038  10200008	beqz	r1,L5_LF0
   30  0000103c  54000000	nop; not filled.
   31  00001040          	L6_LF0:
   32  00001040  201f0001	addi	r31,r0,#1
   33  00001044          	L5_LF0:
   34  00001044  001f0820	add	r1,r0,r31
   35  00001048  8fa20000	lw	r2,0(r29)
   36  0000104c  8fdffff8	lw	r31,-8(r30)
   37  00001050  001ee820	add	r29,r0,r30
   38  00001054  8fdefffc	lw	r30,-4(r30)
   39  00001058  4be00000	jr	r31
   40  0000105c  54000000	nop
   41  00001060          	.endproc _isspace
   42  00001060          	.align 2
   43  00001060          	.proc _isxdigit
   44  00001060          	.global _isxdigit
   45  00001060          	_isxdigit:
   46                      ;  Function 'isxdigit'; 0 bytes of locals, 1 regs to save.
   47  00001060  afbefffc	sw	-4(r29),r30; push fp
   48  00001064  001df020	add	r30,r0,r29; fp = sp
   49  00001068  afbffff8	sw	-8(r29),r31; push ret addr
   50  0000106c  2fbd0010	subui	r29,r29,#16; alloc local storage
   51  00001070  afa20000	sw	0(r29),r2
   52  00001074  83df0003	lb	r31,3(r30)
   53  00001078  20020000	addi	r2,r0,#0
   54  0000107c  23e1ffd0	addi	r1,r31,#-48
   55  00001080  302100ff	andi	r1,r1,#0x00ff
   56  00001084  70210009	sleui	r1,r1,#9
   57  00001088  14200028	bnez	r1,L12_LF0
   58  0000108c  54000000	nop; not filled.
   59  00001090  23e1ff9f	addi	r1,r31,#-97
   60  00001094  302100ff	andi	r1,r1,#0x00ff
   61  00001098  70210005	sleui	r1,r1,#5
   62  0000109c  14200014	bnez	r1,L12_LF0
   63  000010a0  54000000	nop; not filled.
   64  000010a4  33e100ff	andi	r1,r31,#0x00ff
   65  000010a8  64210041	snei	r1,r1,#65
   66  000010ac  14200008	bnez	r1,L11_LF0
   67  000010b0  54000000	nop; not filled.
   68  000010b4          	L12_LF0:
   69  000010b4  20020001	addi	r2,r0,#1
   70  000010b8          	L11_LF0:
   71  000010b8  00020820	add	r1,r0,r2
   72  000010bc  8fa20000	lw	r2,0(r29)
   73  000010c0  8fdffff8	lw	r31,-8(r30)
   74  000010c4  001ee820	add	r29,r0,r30
   75  000010c8  8fdefffc	lw	r30,-4(r30)
   76  000010cc  4be00000	jr	r31
   77  000010d0  54000000	nop
   78  000010d4          	.endproc _isxdigit
   79  000010d4          	.data
   80  00003000          	.align 2
   81  00003000          	LC0_LF0:
   82  00003000  55736167	.ascii "Usage: \000"
   82  00003004  653a2000	
   83  00003008          	.align 2
   84  00003008          	LC1_LF0:
   85  00003008  203c6e75	.ascii " <number of processes to create>\n\000"
   85  0000300c  6d626572	
   85  00003010  206f6620	
   85  00003014  70726f63	
   85  00003018  65737365	
   85  0000301c  7320746f	
   85  00003020  20637265	
   85  00003024  6174653e	
   85  00003028  0a00    	
   86  0000302a          	.align 2
   87  0000302c          	LC2_LF0:
   88  0000302c  42616420	.ascii "Bad sem_create in \000"
   88  00003030  73656d5f	
   88  00003034  63726561	
   88  00003038  74652069	
   88  0000303c  6e2000  	
   89  0000303f          	.align 2
   90  00003040          	LC3_LF0:
   91  00003040  0a00    	.ascii "\n\000"
   92  00003042          	.align 2
   93  00003044          	LC4_LF0:
   94  00003044  696e6a65	.ascii "injection1.dlx.obj\000"
   94  00003048  6374696f	
   94  0000304c  6e312e64	
   94  00003050  6c782e6f	
   94  00003054  626a00  	
   95  00003057          	.align 2
   96  00003058          	LC5_LF0:
   97  00003058  696e6a65	.ascii "injection2.dlx.obj\000"
   97  0000305c  6374696f	
   97  00003060  6e322e64	
   97  00003064  6c782e6f	
   97  00003068  626a00  	
   98  0000306b          	.align 2
   99  0000306c          	LC6_LF0:
  100  0000306c  72656163	.ascii "reaction1.dlx.obj\000"
  100  00003070  74696f6e	
  100  00003074  312e646c	
  100  00003078  782e6f62	
  100  0000307c  6a00    	
  101  0000307e          	.align 2
  102  00003080          	LC7_LF0:
  103  00003080  72656163	.ascii "reaction2.dlx.obj\000"
  103  00003084  74696f6e	
  103  00003088  322e646c	
  103  0000308c  782e6f62	
  103  00003090  6a00    	
  104  00003092          	.align 2
  105  00003094          	LC8_LF0:
  106  00003094  72656163	.ascii "reaction3.dlx.obj\000"
  106  00003098  74696f6e	
  106  0000309c  332e646c	
  106  000030a0  782e6f62	
  106  000030a4  6a00    	
  107  000030a6          	.align 2
  108  000030a8          	LC9_LF0:
  109  000030a8  42616420	.ascii "Bad semaphore s_procs_completed (%d) in \000"
  109  000030ac  73656d61	
  109  000030b0  70686f72	
  109  000030b4  6520735f	
  109  000030b8  70726f63	
  109  000030bc  735f636f	
  109  000030c0  6d706c65	
  109  000030c4  74656420	
  109  000030c8  28256429	
  109  000030cc  20696e20	
  109  000030d0  00      	
  110  000030d1          	.align 2
  111  000030d4          	LC10_LF0:
  112  000030d4  52656d61	.ascii "Remain: %d NO, %d N2, %d H2O, %d H2, %d O2, %d HNO3\n\000"
  112  000030d8  696e3a20	
  112  000030dc  2564204e	
  112  000030e0  4f2c2025	
  112  000030e4  64204e32	
  112  000030e8  2c202564	
  112  000030ec  2048324f	
  112  000030f0  2c202564	
  112  000030f4  2048322c	
  112  000030f8  20256420	
  112  000030fc  4f322c20	
  112  00003100  25642048	
  112  00003104  4e4f330a	
  112  00003108  00      	
  113  00003109          	.text
  114  000010d4          	.align 2
  115  000010d4          	.proc _main
  116  000010d4          	.global _main
  117  000010d4          	_main:
  118                      ;  Function 'main'; 112 bytes of locals, 0 regs to save.
  119  000010d4  afbefffc	sw	-4(r29),r30; push fp
  120  000010d8  001df020	add	r30,r0,r29; fp = sp
  121  000010dc  afbffff8	sw	-8(r29),r31; push ret addr
  122  000010e0  2fbd0078	subui	r29,r29,#120; alloc local storage
  123  000010e4  8fc20000	lw	r2,(r30)
  124  000010e8  8fc90004	lw	r9,4(r30)
  125  000010ec  0c001c18	jal	___main
  126  000010f0  54000000	nop; not filled.
  127  000010f4  64410003	snei	r1,r2,#3
  128  000010f8  1020004c	beqz	r1,L14_LF0
  129  000010fc  54000000	nop; not filled.
  130  00001100  23bdfff8	addi	r29,r29,#-8
  131  00001104  3c130000	lhi	r19,((LC0_LF0)>>16)&0xffff
  132  00001108  26733000	addui	r19,r19,(LC0_LF0)&0xffff
  133  0000110c  afb30000	sw	(r29),r19
  134  00001110  0c000d44	jal	_Printf
  135  00001114  54000000	nop; not filled.
  136  00001118  8d330000	lw	r19,(r9)
  137  0000111c  afb30000	sw	(r29),r19
  138  00001120  0c000d34	jal	_Printf
  139  00001124  54000000	nop; not filled.
  140  00001128  3c130000	lhi	r19,((LC1_LF0)>>16)&0xffff
  141  0000112c  26733008	addui	r19,r19,(LC1_LF0)&0xffff
  142  00001130  afb30000	sw	(r29),r19
  143  00001134  0c000d20	jal	_Printf
  144  00001138  54000000	nop; not filled.
  145  0000113c  0c000e20	jal	_Exit
  146  00001140  54000000	nop; not filled.
  147  00001144  23bd0008	addi	r29,r29,#8
  148  00001148          	L14_LF0:
  149  00001148  23bdfff0	addi	r29,r29,#-16
  150  0000114c  8d330004	lw	r19,4(r9)
  151  00001150  afb30000	sw	(r29),r19
  152  00001154  20130000	addi	r19,r0,#0
  153  00001158  afb30004	sw	4(r29),r19
  154  0000115c  2013000a	addi	r19,r0,#10
  155  00001160  afb30008	sw	8(r29),r19
  156  00001164  0c0016a4	jal	_dstrtol
  157  00001168  54000000	nop; not filled.
  158  0000116c  00015820	add	r11,r0,r1
  159  00001170  8d330008	lw	r19,8(r9)
  160  00001174  afb30000	sw	(r29),r19
  161  00001178  20130000	addi	r19,r0,#0
  162  0000117c  afb30004	sw	4(r29),r19
  163  00001180  2013000a	addi	r19,r0,#10
  164  00001184  afb30008	sw	8(r29),r19
  165  00001188  0c001680	jal	_dstrtol
  166  0000118c  54000000	nop; not filled.
  167  00001190  00015020	add	r10,r0,r1
  168  00001194  0c000d74	jal	_mbox_create
  169  00001198  54000000	nop; not filled.
  170  0000119c  00016820	add	r13,r0,r1
  171  000011a0  23bd0010	addi	r29,r29,#16
  172  000011a4  61a1ffff	seqi	r1,r13,#-1
  173  000011a8  1020004c	beqz	r1,L15_LF0
  174  000011ac  54000000	nop; not filled.
  175  000011b0  23bdfff8	addi	r29,r29,#-8
  176  000011b4  3c130000	lhi	r19,((LC2_LF0)>>16)&0xffff
  177  000011b8  2673302c	addui	r19,r19,(LC2_LF0)&0xffff
  178  000011bc  afb30000	sw	(r29),r19
  179  000011c0  0c000c94	jal	_Printf
  180  000011c4  54000000	nop; not filled.
  181  000011c8  8d330000	lw	r19,(r9)
  182  000011cc  afb30000	sw	(r29),r19
  183  000011d0  0c000c84	jal	_Printf
  184  000011d4  54000000	nop; not filled.
  185  000011d8  3c130000	lhi	r19,((LC3_LF0)>>16)&0xffff
  186  000011dc  26733040	addui	r19,r19,(LC3_LF0)&0xffff
  187  000011e0  afb30000	sw	(r29),r19
  188  000011e4  0c000c70	jal	_Printf
  189  000011e8  54000000	nop; not filled.
  190  000011ec  0c000d70	jal	_Exit
  191  000011f0  54000000	nop; not filled.
  192  000011f4  23bd0008	addi	r29,r29,#8
  193  000011f8          	L15_LF0:
  194  000011f8  0c000d10	jal	_mbox_create
  195  000011fc  54000000	nop; not filled.
  196  00001200  00017020	add	r14,r0,r1
  197  00001204  61c1ffff	seqi	r1,r14,#-1
  198  00001208  1020004c	beqz	r1,L16_LF0
  199  0000120c  54000000	nop; not filled.
  200  00001210  23bdfff8	addi	r29,r29,#-8
  201  00001214  3c130000	lhi	r19,((LC2_LF0)>>16)&0xffff
  202  00001218  2673302c	addui	r19,r19,(LC2_LF0)&0xffff
  203  0000121c  afb30000	sw	(r29),r19
  204  00001220  0c000c34	jal	_Printf
  205  00001224  54000000	nop; not filled.
  206  00001228  8d330000	lw	r19,(r9)
  207  0000122c  afb30000	sw	(r29),r19
  208  00001230  0c000c24	jal	_Printf
  209  00001234  54000000	nop; not filled.
  210  00001238  3c130000	lhi	r19,((LC3_LF0)>>16)&0xffff
  211  0000123c  26733040	addui	r19,r19,(LC3_LF0)&0xffff
  212  00001240  afb30000	sw	(r29),r19
  213  00001244  0c000c10	jal	_Printf
  214  00001248  54000000	nop; not filled.
  215  0000124c  0c000d10	jal	_Exit
  216  00001250  54000000	nop; not filled.
  217  00001254  23bd0008	addi	r29,r29,#8
  218  00001258          	L16_LF0:
  219  00001258  0c000cb0	jal	_mbox_create
  220  0000125c  54000000	nop; not filled.
  221  00001260  00017820	add	r15,r0,r1
  222  00001264  61e1ffff	seqi	r1,r15,#-1
  223  00001268  1020004c	beqz	r1,L17_LF0
  224  0000126c  54000000	nop; not filled.
  225  00001270  23bdfff8	addi	r29,r29,#-8
  226  00001274  3c130000	lhi	r19,((LC2_LF0)>>16)&0xffff
  227  00001278  2673302c	addui	r19,r19,(LC2_LF0)&0xffff
  228  0000127c  afb30000	sw	(r29),r19
  229  00001280  0c000bd4	jal	_Printf
  230  00001284  54000000	nop; not filled.
  231  00001288  8d330000	lw	r19,(r9)
  232  0000128c  afb30000	sw	(r29),r19
  233  00001290  0c000bc4	jal	_Printf
  234  00001294  54000000	nop; not filled.
  235  00001298  3c130000	lhi	r19,((LC3_LF0)>>16)&0xffff
  236  0000129c  26733040	addui	r19,r19,(LC3_LF0)&0xffff
  237  000012a0  afb30000	sw	(r29),r19
  238  000012a4  0c000bb0	jal	_Printf
  239  000012a8  54000000	nop; not filled.
  240  000012ac  0c000cb0	jal	_Exit
  241  000012b0  54000000	nop; not filled.
  242  000012b4  23bd0008	addi	r29,r29,#8
  243  000012b8          	L17_LF0:
  244  000012b8  0c000c50	jal	_mbox_create
  245  000012bc  54000000	nop; not filled.
  246  000012c0  00018020	add	r16,r0,r1
  247  000012c4  6201ffff	seqi	r1,r16,#-1
  248  000012c8  1020004c	beqz	r1,L18_LF0
  249  000012cc  54000000	nop; not filled.
  250  000012d0  23bdfff8	addi	r29,r29,#-8
  251  000012d4  3c130000	lhi	r19,((LC2_LF0)>>16)&0xffff
  252  000012d8  2673302c	addui	r19,r19,(LC2_LF0)&0xffff
  253  000012dc  afb30000	sw	(r29),r19
  254  000012e0  0c000b74	jal	_Printf
  255  000012e4  54000000	nop; not filled.
  256  000012e8  8d330000	lw	r19,(r9)
  257  000012ec  afb30000	sw	(r29),r19
  258  000012f0  0c000b64	jal	_Printf
  259  000012f4  54000000	nop; not filled.
  260  000012f8  3c130000	lhi	r19,((LC3_LF0)>>16)&0xffff
  261  000012fc  26733040	addui	r19,r19,(LC3_LF0)&0xffff
  262  00001300  afb30000	sw	(r29),r19
  263  00001304  0c000b50	jal	_Printf
  264  00001308  54000000	nop; not filled.
  265  0000130c  0c000c50	jal	_Exit
  266  00001310  54000000	nop; not filled.
  267  00001314  23bd0008	addi	r29,r29,#8
  268  00001318          	L18_LF0:
  269  00001318  0c000bf0	jal	_mbox_create
  270  0000131c  54000000	nop; not filled.
  271  00001320  00018820	add	r17,r0,r1
  272  00001324  6221ffff	seqi	r1,r17,#-1
  273  00001328  1020004c	beqz	r1,L19_LF0
  274  0000132c  54000000	nop; not filled.
  275  00001330  23bdfff8	addi	r29,r29,#-8
  276  00001334  3c130000	lhi	r19,((LC2_LF0)>>16)&0xffff
  277  00001338  2673302c	addui	r19,r19,(LC2_LF0)&0xffff
  278  0000133c  afb30000	sw	(r29),r19
  279  00001340  0c000b14	jal	_Printf
  280  00001344  54000000	nop; not filled.
  281  00001348  8d330000	lw	r19,(r9)
  282  0000134c  afb30000	sw	(r29),r19
  283  00001350  0c000b04	jal	_Printf
  284  00001354  54000000	nop; not filled.
  285  00001358  3c130000	lhi	r19,((LC3_LF0)>>16)&0xffff
  286  0000135c  26733040	addui	r19,r19,(LC3_LF0)&0xffff
  287  00001360  afb30000	sw	(r29),r19
  288  00001364  0c000af0	jal	_Printf
  289  00001368  54000000	nop; not filled.
  290  0000136c  0c000bf0	jal	_Exit
  291  00001370  54000000	nop; not filled.
  292  00001374  23bd0008	addi	r29,r29,#8
  293  00001378          	L19_LF0:
  294  00001378  0c000b90	jal	_mbox_create
  295  0000137c  54000000	nop; not filled.
  296  00001380  00019020	add	r18,r0,r1
  297  00001384  6241ffff	seqi	r1,r18,#-1
  298  00001388  1020004c	beqz	r1,L20_LF0
  299  0000138c  54000000	nop; not filled.
  300  00001390  23bdfff8	addi	r29,r29,#-8
  301  00001394  3c130000	lhi	r19,((LC2_LF0)>>16)&0xffff
  302  00001398  2673302c	addui	r19,r19,(LC2_LF0)&0xffff
  303  0000139c  afb30000	sw	(r29),r19
  304  000013a0  0c000ab4	jal	_Printf
  305  000013a4  54000000	nop; not filled.
  306  000013a8  8d330000	lw	r19,(r9)
  307  000013ac  afb30000	sw	(r29),r19
  308  000013b0  0c000aa4	jal	_Printf
  309  000013b4  54000000	nop; not filled.
  310  000013b8  3c130000	lhi	r19,((LC3_LF0)>>16)&0xffff
  311  000013bc  26733040	addui	r19,r19,(LC3_LF0)&0xffff
  312  000013c0  afb30000	sw	(r29),r19
  313  000013c4  0c000a90	jal	_Printf
  314  000013c8  54000000	nop; not filled.
  315  000013cc  0c000b90	jal	_Exit
  316  000013d0  54000000	nop; not filled.
  317  000013d4  23bd0008	addi	r29,r29,#8
  318  000013d8          	L20_LF0:
  319  000013d8  23bdfff8	addi	r29,r29,#-8
  320  000013dc  afad0000	sw	(r29),r13
  321  000013e0  0c000b34	jal	_mbox_open
  322  000013e4  54000000	nop; not filled.
  323  000013e8  23bd0008	addi	r29,r29,#8
  324  000013ec  6021ffff	seqi	r1,r1,#-1
  325  000013f0  1020004c	beqz	r1,L21_LF0
  326  000013f4  54000000	nop; not filled.
  327  000013f8  23bdfff8	addi	r29,r29,#-8
  328  000013fc  3c130000	lhi	r19,((LC2_LF0)>>16)&0xffff
  329  00001400  2673302c	addui	r19,r19,(LC2_LF0)&0xffff
  330  00001404  afb30000	sw	(r29),r19
  331  00001408  0c000a4c	jal	_Printf
  332  0000140c  54000000	nop; not filled.
  333  00001410  8d330000	lw	r19,(r9)
  334  00001414  afb30000	sw	(r29),r19
  335  00001418  0c000a3c	jal	_Printf
  336  0000141c  54000000	nop; not filled.
  337  00001420  3c130000	lhi	r19,((LC3_LF0)>>16)&0xffff
  338  00001424  26733040	addui	r19,r19,(LC3_LF0)&0xffff
  339  00001428  afb30000	sw	(r29),r19
  340  0000142c  0c000a28	jal	_Printf
  341  00001430  54000000	nop; not filled.
  342  00001434  0c000b28	jal	_Exit
  343  00001438  54000000	nop; not filled.
  344  0000143c  23bd0008	addi	r29,r29,#8
  345  00001440          	L21_LF0:
  346  00001440  23bdfff8	addi	r29,r29,#-8
  347  00001444  afae0000	sw	(r29),r14
  348  00001448  0c000acc	jal	_mbox_open
  349  0000144c  54000000	nop; not filled.
  350  00001450  23bd0008	addi	r29,r29,#8
  351  00001454  6021ffff	seqi	r1,r1,#-1
  352  00001458  1020004c	beqz	r1,L22_LF0
  353  0000145c  54000000	nop; not filled.
  354  00001460  23bdfff8	addi	r29,r29,#-8
  355  00001464  3c130000	lhi	r19,((LC2_LF0)>>16)&0xffff
  356  00001468  2673302c	addui	r19,r19,(LC2_LF0)&0xffff
  357  0000146c  afb30000	sw	(r29),r19
  358  00001470  0c0009e4	jal	_Printf
  359  00001474  54000000	nop; not filled.
  360  00001478  8d330000	lw	r19,(r9)
  361  0000147c  afb30000	sw	(r29),r19
  362  00001480  0c0009d4	jal	_Printf
  363  00001484  54000000	nop; not filled.
  364  00001488  3c130000	lhi	r19,((LC3_LF0)>>16)&0xffff
  365  0000148c  26733040	addui	r19,r19,(LC3_LF0)&0xffff
  366  00001490  afb30000	sw	(r29),r19
  367  00001494  0c0009c0	jal	_Printf
  368  00001498  54000000	nop; not filled.
  369  0000149c  0c000ac0	jal	_Exit
  370  000014a0  54000000	nop; not filled.
  371  000014a4  23bd0008	addi	r29,r29,#8
  372  000014a8          	L22_LF0:
  373  000014a8  23bdfff8	addi	r29,r29,#-8
  374  000014ac  afaf0000	sw	(r29),r15
  375  000014b0  0c000a64	jal	_mbox_open
  376  000014b4  54000000	nop; not filled.
  377  000014b8  23bd0008	addi	r29,r29,#8
  378  000014bc  6021ffff	seqi	r1,r1,#-1
  379  000014c0  1020004c	beqz	r1,L23_LF0
  380  000014c4  54000000	nop; not filled.
  381  000014c8  23bdfff8	addi	r29,r29,#-8
  382  000014cc  3c130000	lhi	r19,((LC2_LF0)>>16)&0xffff
  383  000014d0  2673302c	addui	r19,r19,(LC2_LF0)&0xffff
  384  000014d4  afb30000	sw	(r29),r19
  385  000014d8  0c00097c	jal	_Printf
  386  000014dc  54000000	nop; not filled.
  387  000014e0  8d330000	lw	r19,(r9)
  388  000014e4  afb30000	sw	(r29),r19
  389  000014e8  0c00096c	jal	_Printf
  390  000014ec  54000000	nop; not filled.
  391  000014f0  3c130000	lhi	r19,((LC3_LF0)>>16)&0xffff
  392  000014f4  26733040	addui	r19,r19,(LC3_LF0)&0xffff
  393  000014f8  afb30000	sw	(r29),r19
  394  000014fc  0c000958	jal	_Printf
  395  00001500  54000000	nop; not filled.
  396  00001504  0c000a58	jal	_Exit
  397  00001508  54000000	nop; not filled.
  398  0000150c  23bd0008	addi	r29,r29,#8
  399  00001510          	L23_LF0:
  400  00001510  23bdfff8	addi	r29,r29,#-8
  401  00001514  afb00000	sw	(r29),r16
  402  00001518  0c0009fc	jal	_mbox_open
  403  0000151c  54000000	nop; not filled.
  404  00001520  23bd0008	addi	r29,r29,#8
  405  00001524  6021ffff	seqi	r1,r1,#-1
  406  00001528  1020004c	beqz	r1,L24_LF0
  407  0000152c  54000000	nop; not filled.
  408  00001530  23bdfff8	addi	r29,r29,#-8
  409  00001534  3c130000	lhi	r19,((LC2_LF0)>>16)&0xffff
  410  00001538  2673302c	addui	r19,r19,(LC2_LF0)&0xffff
  411  0000153c  afb30000	sw	(r29),r19
  412  00001540  0c000914	jal	_Printf
  413  00001544  54000000	nop; not filled.
  414  00001548  8d330000	lw	r19,(r9)
  415  0000154c  afb30000	sw	(r29),r19
  416  00001550  0c000904	jal	_Printf
  417  00001554  54000000	nop; not filled.
  418  00001558  3c130000	lhi	r19,((LC3_LF0)>>16)&0xffff
  419  0000155c  26733040	addui	r19,r19,(LC3_LF0)&0xffff
  420  00001560  afb30000	sw	(r29),r19
  421  00001564  0c0008f0	jal	_Printf
  422  00001568  54000000	nop; not filled.
  423  0000156c  0c0009f0	jal	_Exit
  424  00001570  54000000	nop; not filled.
  425  00001574  23bd0008	addi	r29,r29,#8
  426  00001578          	L24_LF0:
  427  00001578  23bdfff8	addi	r29,r29,#-8
  428  0000157c  afb10000	sw	(r29),r17
  429  00001580  0c000994	jal	_mbox_open
  430  00001584  54000000	nop; not filled.
  431  00001588  23bd0008	addi	r29,r29,#8
  432  0000158c  6021ffff	seqi	r1,r1,#-1
  433  00001590  1020004c	beqz	r1,L25_LF0
  434  00001594  54000000	nop; not filled.
  435  00001598  23bdfff8	addi	r29,r29,#-8
  436  0000159c  3c130000	lhi	r19,((LC2_LF0)>>16)&0xffff
  437  000015a0  2673302c	addui	r19,r19,(LC2_LF0)&0xffff
  438  000015a4  afb30000	sw	(r29),r19
  439  000015a8  0c0008ac	jal	_Printf
  440  000015ac  54000000	nop; not filled.
  441  000015b0  8d330000	lw	r19,(r9)
  442  000015b4  afb30000	sw	(r29),r19
  443  000015b8  0c00089c	jal	_Printf
  444  000015bc  54000000	nop; not filled.
  445  000015c0  3c130000	lhi	r19,((LC3_LF0)>>16)&0xffff
  446  000015c4  26733040	addui	r19,r19,(LC3_LF0)&0xffff
  447  000015c8  afb30000	sw	(r29),r19
  448  000015cc  0c000888	jal	_Printf
  449  000015d0  54000000	nop; not filled.
  450  000015d4  0c000988	jal	_Exit
  451  000015d8  54000000	nop; not filled.
  452  000015dc  23bd0008	addi	r29,r29,#8
  453  000015e0          	L25_LF0:
  454  000015e0  23bdfff8	addi	r29,r29,#-8
  455  000015e4  afb20000	sw	(r29),r18
  456  000015e8  0c00092c	jal	_mbox_open
  457  000015ec  54000000	nop; not filled.
  458  000015f0  23bd0008	addi	r29,r29,#8
  459  000015f4  6021ffff	seqi	r1,r1,#-1
  460  000015f8  1020004c	beqz	r1,L26_LF0
  461  000015fc  54000000	nop; not filled.
  462  00001600  23bdfff8	addi	r29,r29,#-8
  463  00001604  3c130000	lhi	r19,((LC2_LF0)>>16)&0xffff
  464  00001608  2673302c	addui	r19,r19,(LC2_LF0)&0xffff
  465  0000160c  afb30000	sw	(r29),r19
  466  00001610  0c000844	jal	_Printf
  467  00001614  54000000	nop; not filled.
  468  00001618  8d330000	lw	r19,(r9)
  469  0000161c  afb30000	sw	(r29),r19
  470  00001620  0c000834	jal	_Printf
  471  00001624  54000000	nop; not filled.
  472  00001628  3c130000	lhi	r19,((LC3_LF0)>>16)&0xffff
  473  0000162c  26733040	addui	r19,r19,(LC3_LF0)&0xffff
  474  00001630  afb30000	sw	(r29),r19
  475  00001634  0c000820	jal	_Printf
  476  00001638  54000000	nop; not filled.
  477  0000163c  0c000920	jal	_Exit
  478  00001640  54000000	nop; not filled.
  479  00001644  23bd0008	addi	r29,r29,#8
  480  00001648          	L26_LF0:
  481  00001648  23bdfff8	addi	r29,r29,#-8
  482  0000164c  afad0000	sw	(r29),r13
  483  00001650  23c1ffd8	addi	r1,r30,#-40
  484  00001654  afa10004	sw	4(r29),r1
  485  00001658  0c001024	jal	_ditoa
  486  0000165c  54000000	nop; not filled.
  487  00001660  afae0000	sw	(r29),r14
  488  00001664  23c1ffc8	addi	r1,r30,#-56
  489  00001668  afa10004	sw	4(r29),r1
  490  0000166c  0c001010	jal	_ditoa
  491  00001670  54000000	nop; not filled.
  492  00001674  afaf0000	sw	(r29),r15
  493  00001678  23c1ffb8	addi	r1,r30,#-72
  494  0000167c  afa10004	sw	4(r29),r1
  495  00001680  0c000ffc	jal	_ditoa
  496  00001684  54000000	nop; not filled.
  497  00001688  afb00000	sw	(r29),r16
  498  0000168c  23c1ffa8	addi	r1,r30,#-88
  499  00001690  afa10004	sw	4(r29),r1
  500  00001694  0c000fe8	jal	_ditoa
  501  00001698  54000000	nop; not filled.
  502  0000169c  afb10000	sw	(r29),r17
  503  000016a0  23c1ff98	addi	r1,r30,#-104
  504  000016a4  afa10004	sw	4(r29),r1
  505  000016a8  0c000fd4	jal	_ditoa
  506  000016ac  54000000	nop; not filled.
  507  000016b0  afb20000	sw	(r29),r18
  508  000016b4  23c1ff88	addi	r1,r30,#-120
  509  000016b8  afa10004	sw	4(r29),r1
  510  000016bc  0c000fc0	jal	_ditoa
  511  000016c0  54000000	nop; not filled.
  512  000016c4  5941001f	srli	r1,r10,#0x1f
  513  000016c8  01410820	add	r1,r10,r1
  514  000016cc  5c220001	srai	r2,r1,#0x1
  515  000016d0  505f0001	slli	r31,r2,#0x1
  516  000016d4  5961001f	srli	r1,r11,#0x1f
  517  000016d8  01610820	add	r1,r11,r1
  518  000016dc  5c230001	srai	r3,r1,#0x1
  519  000016e0  00621020	add	r2,r3,r2
  520  000016e4  20010003	addi	r1,r0,#3
  521  000016e8  00400035	movi2fp	f0,r2
  522  000016ec  00200835	movi2fp	f1,r1
  523  000016f0  0401000f	div	f0,f0,f1
  524  000016f4  00001034	movfp2i	r2,f0
  525  000016f8  23bd0008	addi	r29,r29,#8
  526  000016fc  03e3082c	sle	r1,r31,r3
  527  00001700  1020001c	beqz	r1,L27_LF0
  528  00001704  54000000	nop; not filled.
  529  00001708  03e2082c	sle	r1,r31,r2
  530  0000170c  10200010	beqz	r1,L27_LF0
  531  00001710  54000000	nop; not filled.
  532  00001714  001f3820	add	r7,r0,r31
  533  00001718  08000024	j	L28_LF0
  534  0000171c  54000000	nop; not filled.
  535  00001720          	L27_LF0:
  536  00001720  007f082c	sle	r1,r3,r31
  537  00001724  00023820	add	r7,r0,r2
  538  00001728  10200014	beqz	r1,L28_LF0
  539  0000172c  54000000	nop; not filled.
  540  00001730  0067082c	sle	r1,r3,r7
  541  00001734  10200008	beqz	r1,L28_LF0
  542  00001738  54000000	nop; not filled.
  543  0000173c  00033820	add	r7,r0,r3
  544  00001740          	L28_LF0:
  545  00001740  23bdfff0	addi	r29,r29,#-16
  546  00001744  8d330004	lw	r19,4(r9)
  547  00001748  afb30000	sw	(r29),r19
  548  0000174c  20130000	addi	r19,r0,#0
  549  00001750  afb30004	sw	4(r29),r19
  550  00001754  2013000a	addi	r19,r0,#10
  551  00001758  afb30008	sw	8(r29),r19
  552  0000175c  0c0010ac	jal	_dstrtol
  553  00001760  54000000	nop; not filled.
  554  00001764  00011020	add	r2,r0,r1
  555  00001768  8d330008	lw	r19,8(r9)
  556  0000176c  afb30000	sw	(r29),r19
  557  00001770  20130000	addi	r19,r0,#0
  558  00001774  afb30004	sw	4(r29),r19
  559  00001778  2013000a	addi	r19,r0,#10
  560  0000177c  afb30008	sw	8(r29),r19
  561  00001780  0c001088	jal	_dstrtol
  562  00001784  54000000	nop; not filled.
  563  00001788  00411020	add	r2,r2,r1
  564  0000178c  5961001f	srli	r1,r11,#0x1f
  565  00001790  01610820	add	r1,r11,r1
  566  00001794  5c210001	srai	r1,r1,#0x1
  567  00001798  00411020	add	r2,r2,r1
  568  0000179c  5941001f	srli	r1,r10,#0x1f
  569  000017a0  01410820	add	r1,r10,r1
  570  000017a4  5c210001	srai	r1,r1,#0x1
  571  000017a8  00410820	add	r1,r2,r1
  572  000017ac  00271020	add	r2,r1,r7
  573  000017b0  20010001	addi	r1,r0,#1
  574  000017b4  00220822	sub	r1,r1,r2
  575  000017b8  afa10000	sw	(r29),r1
  576  000017bc  0c0006d4	jal	_sem_create
  577  000017c0  54000000	nop; not filled.
  578  000017c4  00016020	add	r12,r0,r1
  579  000017c8  23bd0010	addi	r29,r29,#16
  580  000017cc  6181ffff	seqi	r1,r12,#-1
  581  000017d0  1020004c	beqz	r1,L31_LF0
  582  000017d4  54000000	nop; not filled.
  583  000017d8  23bdfff8	addi	r29,r29,#-8
  584  000017dc  3c130000	lhi	r19,((LC2_LF0)>>16)&0xffff
  585  000017e0  2673302c	addui	r19,r19,(LC2_LF0)&0xffff
  586  000017e4  afb30000	sw	(r29),r19
  587  000017e8  0c00066c	jal	_Printf
  588  000017ec  54000000	nop; not filled.
  589  000017f0  8d330000	lw	r19,(r9)
  590  000017f4  afb30000	sw	(r29),r19
  591  000017f8  0c00065c	jal	_Printf
  592  000017fc  54000000	nop; not filled.
  593  00001800  3c130000	lhi	r19,((LC3_LF0)>>16)&0xffff
  594  00001804  26733040	addui	r19,r19,(LC3_LF0)&0xffff
  595  00001808  afb30000	sw	(r29),r19
  596  0000180c  0c000648	jal	_Printf
  597  00001810  54000000	nop; not filled.
  598  00001814  0c000748	jal	_Exit
  599  00001818  54000000	nop; not filled.
  600  0000181c  23bd0008	addi	r29,r29,#8
  601  00001820          	L31_LF0:
  602  00001820  23bdfff8	addi	r29,r29,#-8
  603  00001824  afac0000	sw	(r29),r12
  604  00001828  23c2ffe8	addi	r2,r30,#-24
  605  0000182c  afa20004	sw	4(r29),r2
  606  00001830  0c000e4c	jal	_ditoa
  607  00001834  54000000	nop; not filled.
  608  00001838  20030000	addi	r3,r0,#0
  609  0000183c  23bd0008	addi	r29,r29,#8
  610  00001840  23c4ffd8	addi	r4,r30,#-40
  611  00001844          	L32_LF0:
  612  00001844  23bdfff0	addi	r29,r29,#-16
  613  00001848  8d330004	lw	r19,4(r9)
  614  0000184c  afb30000	sw	(r29),r19
  615  00001850  20130000	addi	r19,r0,#0
  616  00001854  afb30004	sw	4(r29),r19
  617  00001858  2013000a	addi	r19,r0,#10
  618  0000185c  afb30008	sw	8(r29),r19
  619  00001860  0c000fa8	jal	_dstrtol
  620  00001864  54000000	nop; not filled.
  621  00001868  23bd0010	addi	r29,r29,#16
  622  0000186c  0061082a	slt	r1,r3,r1
  623  00001870  10200044	beqz	r1,L33_LF0
  624  00001874  54000000	nop; not filled.
  625  00001878  23bdffe8	addi	r29,r29,#-24
  626  0000187c  3c130000	lhi	r19,((LC4_LF0)>>16)&0xffff
  627  00001880  26733044	addui	r19,r19,(LC4_LF0)&0xffff
  628  00001884  afb30000	sw	(r29),r19
  629  00001888  20130000	addi	r19,r0,#0
  630  0000188c  afb30004	sw	4(r29),r19
  631  00001890  afb30008	sw	8(r29),r19
  632  00001894  afa4000c	sw	12(r29),r4
  633  00001898  afa20010	sw	16(r29),r2
  634  0000189c  afb30014	sw	20(r29),r19
  635  000018a0  0c0005cc	jal	_process_create
  636  000018a4  54000000	nop; not filled.
  637  000018a8  23bd0018	addi	r29,r29,#24
  638  000018ac  20630001	addi	r3,r3,#1
  639  000018b0  0bffff90	j	L32_LF0
  640  000018b4  54000000	nop; not filled.
  641  000018b8          	L33_LF0:
  642  000018b8  20030000	addi	r3,r0,#0
  643  000018bc  23c4ffa8	addi	r4,r30,#-88
  644  000018c0  23c2ffe8	addi	r2,r30,#-24
  645  000018c4          	L36_LF0:
  646  000018c4  23bdfff0	addi	r29,r29,#-16
  647  000018c8  8d330008	lw	r19,8(r9)
  648  000018cc  afb30000	sw	(r29),r19
  649  000018d0  20130000	addi	r19,r0,#0
  650  000018d4  afb30004	sw	4(r29),r19
  651  000018d8  2013000a	addi	r19,r0,#10
  652  000018dc  afb30008	sw	8(r29),r19
  653  000018e0  0c000f28	jal	_dstrtol
  654  000018e4  54000000	nop; not filled.
  655  000018e8  23bd0010	addi	r29,r29,#16
  656  000018ec  0061082a	slt	r1,r3,r1
  657  000018f0  10200044	beqz	r1,L37_LF0
  658  000018f4  54000000	nop; not filled.
  659  000018f8  23bdffe8	addi	r29,r29,#-24
  660  000018fc  3c130000	lhi	r19,((LC5_LF0)>>16)&0xffff
  661  00001900  26733058	addui	r19,r19,(LC5_LF0)&0xffff
  662  00001904  afb30000	sw	(r29),r19
  663  00001908  20130000	addi	r19,r0,#0
  664  0000190c  afb30004	sw	4(r29),r19
  665  00001910  afb30008	sw	8(r29),r19
  666  00001914  afa4000c	sw	12(r29),r4
  667  00001918  afa20010	sw	16(r29),r2
  668  0000191c  afb30014	sw	20(r29),r19
  669  00001920  0c00054c	jal	_process_create
  670  00001924  54000000	nop; not filled.
  671  00001928  23bd0018	addi	r29,r29,#24
  672  0000192c  20630001	addi	r3,r3,#1
  673  00001930  0bffff90	j	L36_LF0
  674  00001934  54000000	nop; not filled.
  675  00001938          	L37_LF0:
  676  00001938  20030000	addi	r3,r0,#0
  677  0000193c  5961001f	srli	r1,r11,#0x1f
  678  00001940  01610820	add	r1,r11,r1
  679  00001944  5c220001	srai	r2,r1,#0x1
  680  00001948  0062082a	slt	r1,r3,r2
  681  0000194c  10200064	beqz	r1,L62_LF0
  682  00001950  54000000	nop; not filled.
  683  00001954  23c8ffd8	addi	r8,r30,#-40
  684  00001958  23c6ffc8	addi	r6,r30,#-56
  685  0000195c  23c5ffb8	addi	r5,r30,#-72
  686  00001960  23c4ffe8	addi	r4,r30,#-24
  687  00001964          	L43_LF0:
  688  00001964  23bdffe0	addi	r29,r29,#-32
  689  00001968  3c130000	lhi	r19,((LC6_LF0)>>16)&0xffff
  690  0000196c  2673306c	addui	r19,r19,(LC6_LF0)&0xffff
  691  00001970  afb30000	sw	(r29),r19
  692  00001974  20130000	addi	r19,r0,#0
  693  00001978  afb30004	sw	4(r29),r19
  694  0000197c  afb30008	sw	8(r29),r19
  695  00001980  afa8000c	sw	12(r29),r8
  696  00001984  afa60010	sw	16(r29),r6
  697  00001988  afa50014	sw	20(r29),r5
  698  0000198c  afa40018	sw	24(r29),r4
  699  00001990  afb3001c	sw	28(r29),r19
  700  00001994  0c0004d8	jal	_process_create
  701  00001998  54000000	nop; not filled.
  702  0000199c  23bd0020	addi	r29,r29,#32
  703  000019a0  20630001	addi	r3,r3,#1
  704  000019a4  0062082a	slt	r1,r3,r2
  705  000019a8  1420ffb8	bnez	r1,L43_LF0
  706  000019ac  54000000	nop; not filled.
  707  000019b0  20030000	addi	r3,r0,#0
  708  000019b4          	L62_LF0:
  709  000019b4  5941001f	srli	r1,r10,#0x1f
  710  000019b8  01410820	add	r1,r10,r1
  711  000019bc  5c220001	srai	r2,r1,#0x1
  712  000019c0  0062082a	slt	r1,r3,r2
  713  000019c4  10200060	beqz	r1,L46_LF0
  714  000019c8  54000000	nop; not filled.
  715  000019cc  23c8ffa8	addi	r8,r30,#-88
  716  000019d0  23c6ff98	addi	r6,r30,#-104
  717  000019d4  23c5ffb8	addi	r5,r30,#-72
  718  000019d8  23c4ffe8	addi	r4,r30,#-24
  719  000019dc          	L48_LF0:
  720  000019dc  23bdffe0	addi	r29,r29,#-32
  721  000019e0  3c130000	lhi	r19,((LC7_LF0)>>16)&0xffff
  722  000019e4  26733080	addui	r19,r19,(LC7_LF0)&0xffff
  723  000019e8  afb30000	sw	(r29),r19
  724  000019ec  20130000	addi	r19,r0,#0
  725  000019f0  afb30004	sw	4(r29),r19
  726  000019f4  afb30008	sw	8(r29),r19
  727  000019f8  afa8000c	sw	12(r29),r8
  728  000019fc  afa60010	sw	16(r29),r6
  729  00001a00  afa50014	sw	20(r29),r5
  730  00001a04  afa40018	sw	24(r29),r4
  731  00001a08  afb3001c	sw	28(r29),r19
  732  00001a0c  0c000460	jal	_process_create
  733  00001a10  54000000	nop; not filled.
  734  00001a14  23bd0020	addi	r29,r29,#32
  735  00001a18  20630001	addi	r3,r3,#1
  736  00001a1c  0062082a	slt	r1,r3,r2
  737  00001a20  1420ffb8	bnez	r1,L48_LF0
  738  00001a24  54000000	nop; not filled.
  739  00001a28          	L46_LF0:
  740  00001a28  20030000	addi	r3,r0,#0
  741  00001a2c  0067082a	slt	r1,r3,r7
  742  00001a30  10200068	beqz	r1,L51_LF0
  743  00001a34  54000000	nop; not filled.
  744  00001a38  23c8ff98	addi	r8,r30,#-104
  745  00001a3c  23c6ffc8	addi	r6,r30,#-56
  746  00001a40  23c5ffb8	addi	r5,r30,#-72
  747  00001a44  23c4ff88	addi	r4,r30,#-120
  748  00001a48  23c2ffe8	addi	r2,r30,#-24
  749  00001a4c          	L53_LF0:
  750  00001a4c  23bdffd8	addi	r29,r29,#-40
  751  00001a50  3c130000	lhi	r19,((LC8_LF0)>>16)&0xffff
  752  00001a54  26733094	addui	r19,r19,(LC8_LF0)&0xffff
  753  00001a58  afb30000	sw	(r29),r19
  754  00001a5c  20130000	addi	r19,r0,#0
  755  00001a60  afb30004	sw	4(r29),r19
  756  00001a64  afb30008	sw	8(r29),r19
  757  00001a68  afa8000c	sw	12(r29),r8
  758  00001a6c  afa60010	sw	16(r29),r6
  759  00001a70  afa50014	sw	20(r29),r5
  760  00001a74  afa40018	sw	24(r29),r4
  761  00001a78  afa2001c	sw	28(r29),r2
  762  00001a7c  afb30020	sw	32(r29),r19
  763  00001a80  0c0003ec	jal	_process_create
  764  00001a84  54000000	nop; not filled.
  765  00001a88  23bd0028	addi	r29,r29,#40
  766  00001a8c  20630001	addi	r3,r3,#1
  767  00001a90  0067082a	slt	r1,r3,r7
  768  00001a94  1420ffb4	bnez	r1,L53_LF0
  769  00001a98  54000000	nop; not filled.
  770  00001a9c          	L51_LF0:
  771  00001a9c  5961001f	srli	r1,r11,#0x1f
  772  00001aa0  01611020	add	r2,r11,r1
  773  00001aa4  2013fffe	addi	r19,r0,#-2
  774  00001aa8  00530824	and	r1,r2,r19
  775  00001aac  01612822	sub	r5,r11,r1
  776  00001ab0  5c430001	srai	r3,r2,#0x1
  777  00001ab4  016a1020	add	r2,r11,r10
  778  00001ab8  20010006	addi	r1,r0,#6
  779  00001abc  00400035	movi2fp	f0,r2
  780  00001ac0  00200835	movi2fp	f1,r1
  781  00001ac4  0401000f	div	f0,f0,f1
  782  00001ac8  00000834	movfp2i	r1,f0
  783  00001acc  00614022	sub	r8,r3,r1
  784  00001ad0  5941001f	srli	r1,r10,#0x1f
  785  00001ad4  01411020	add	r2,r10,r1
  786  00001ad8  00530824	and	r1,r2,r19
  787  00001adc  01412022	sub	r4,r10,r1
  788  00001ae0  01473022	sub	r6,r10,r7
  789  00001ae4  5c410001	srai	r1,r2,#0x1
  790  00001ae8  00611020	add	r2,r3,r1
  791  00001aec  50e30001	slli	r3,r7,#0x1
  792  00001af0  00670820	add	r1,r3,r7
  793  00001af4  00411022	sub	r2,r2,r1
  794  00001af8  23bdfff8	addi	r29,r29,#-8
  795  00001afc  afac0000	sw	(r29),r12
  796  00001b00  0c00039c	jal	_sem_wait
  797  00001b04  54000000	nop; not filled.
  798  00001b08  23bd0008	addi	r29,r29,#8
  799  00001b0c  64210001	snei	r1,r1,#1
  800  00001b10  10200050	beqz	r1,L55_LF0
  801  00001b14  54000000	nop; not filled.
  802  00001b18  23bdfff8	addi	r29,r29,#-8
  803  00001b1c  3c130000	lhi	r19,((LC9_LF0)>>16)&0xffff
  804  00001b20  267330a8	addui	r19,r19,(LC9_LF0)&0xffff
  805  00001b24  afb30000	sw	(r29),r19
  806  00001b28  afac0004	sw	4(r29),r12
  807  00001b2c  0c000328	jal	_Printf
  808  00001b30  54000000	nop; not filled.
  809  00001b34  8d330000	lw	r19,(r9)
  810  00001b38  afb30000	sw	(r29),r19
  811  00001b3c  0c000318	jal	_Printf
  812  00001b40  54000000	nop; not filled.
  813  00001b44  3c130000	lhi	r19,((LC3_LF0)>>16)&0xffff
  814  00001b48  26733040	addui	r19,r19,(LC3_LF0)&0xffff
  815  00001b4c  afb30000	sw	(r29),r19
  816  00001b50  0c000304	jal	_Printf
  817  00001b54  54000000	nop; not filled.
  818  00001b58  0c000404	jal	_Exit
  819  00001b5c  54000000	nop; not filled.
  820  00001b60  23bd0008	addi	r29,r29,#8
  821  00001b64          	L55_LF0:
  822  00001b64  23bdfff8	addi	r29,r29,#-8
  823  00001b68  afad0000	sw	(r29),r13
  824  00001b6c  0c0003b4	jal	_mbox_close
  825  00001b70  54000000	nop; not filled.
  826  00001b74  23bd0008	addi	r29,r29,#8
  827  00001b78  6021ffff	seqi	r1,r1,#-1
  828  00001b7c  1020004c	beqz	r1,L56_LF0
  829  00001b80  54000000	nop; not filled.
  830  00001b84  23bdfff8	addi	r29,r29,#-8
  831  00001b88  3c130000	lhi	r19,((LC2_LF0)>>16)&0xffff
  832  00001b8c  2673302c	addui	r19,r19,(LC2_LF0)&0xffff
  833  00001b90  afb30000	sw	(r29),r19
  834  00001b94  0c0002c0	jal	_Printf
  835  00001b98  54000000	nop; not filled.
  836  00001b9c  8d330000	lw	r19,(r9)
  837  00001ba0  afb30000	sw	(r29),r19
  838  00001ba4  0c0002b0	jal	_Printf
  839  00001ba8  54000000	nop; not filled.
  840  00001bac  3c130000	lhi	r19,((LC3_LF0)>>16)&0xffff
  841  00001bb0  26733040	addui	r19,r19,(LC3_LF0)&0xffff
  842  00001bb4  afb30000	sw	(r29),r19
  843  00001bb8  0c00029c	jal	_Printf
  844  00001bbc  54000000	nop; not filled.
  845  00001bc0  0c00039c	jal	_Exit
  846  00001bc4  54000000	nop; not filled.
  847  00001bc8  23bd0008	addi	r29,r29,#8
  848  00001bcc          	L56_LF0:
  849  00001bcc  23bdfff8	addi	r29,r29,#-8
  850  00001bd0  afae0000	sw	(r29),r14
  851  00001bd4  0c00034c	jal	_mbox_close
  852  00001bd8  54000000	nop; not filled.
  853  00001bdc  23bd0008	addi	r29,r29,#8
  854  00001be0  6021ffff	seqi	r1,r1,#-1
  855  00001be4  1020004c	beqz	r1,L57_LF0
  856  00001be8  54000000	nop; not filled.
  857  00001bec  23bdfff8	addi	r29,r29,#-8
  858  00001bf0  3c130000	lhi	r19,((LC2_LF0)>>16)&0xffff
  859  00001bf4  2673302c	addui	r19,r19,(LC2_LF0)&0xffff
  860  00001bf8  afb30000	sw	(r29),r19
  861  00001bfc  0c000258	jal	_Printf
  862  00001c00  54000000	nop; not filled.
  863  00001c04  8d330000	lw	r19,(r9)
  864  00001c08  afb30000	sw	(r29),r19
  865  00001c0c  0c000248	jal	_Printf
  866  00001c10  54000000	nop; not filled.
  867  00001c14  3c130000	lhi	r19,((LC3_LF0)>>16)&0xffff
  868  00001c18  26733040	addui	r19,r19,(LC3_LF0)&0xffff
  869  00001c1c  afb30000	sw	(r29),r19
  870  00001c20  0c000234	jal	_Printf
  871  00001c24  54000000	nop; not filled.
  872  00001c28  0c000334	jal	_Exit
  873  00001c2c  54000000	nop; not filled.
  874  00001c30  23bd0008	addi	r29,r29,#8
  875  00001c34          	L57_LF0:
  876  00001c34  23bdfff8	addi	r29,r29,#-8
  877  00001c38  afaf0000	sw	(r29),r15
  878  00001c3c  0c0002e4	jal	_mbox_close
  879  00001c40  54000000	nop; not filled.
  880  00001c44  23bd0008	addi	r29,r29,#8
  881  00001c48  6021ffff	seqi	r1,r1,#-1
  882  00001c4c  1020004c	beqz	r1,L58_LF0
  883  00001c50  54000000	nop; not filled.
  884  00001c54  23bdfff8	addi	r29,r29,#-8
  885  00001c58  3c130000	lhi	r19,((LC2_LF0)>>16)&0xffff
  886  00001c5c  2673302c	addui	r19,r19,(LC2_LF0)&0xffff
  887  00001c60  afb30000	sw	(r29),r19
  888  00001c64  0c0001f0	jal	_Printf
  889  00001c68  54000000	nop; not filled.
  890  00001c6c  8d330000	lw	r19,(r9)
  891  00001c70  afb30000	sw	(r29),r19
  892  00001c74  0c0001e0	jal	_Printf
  893  00001c78  54000000	nop; not filled.
  894  00001c7c  3c130000	lhi	r19,((LC3_LF0)>>16)&0xffff
  895  00001c80  26733040	addui	r19,r19,(LC3_LF0)&0xffff
  896  00001c84  afb30000	sw	(r29),r19
  897  00001c88  0c0001cc	jal	_Printf
  898  00001c8c  54000000	nop; not filled.
  899  00001c90  0c0002cc	jal	_Exit
  900  00001c94  54000000	nop; not filled.
  901  00001c98  23bd0008	addi	r29,r29,#8
  902  00001c9c          	L58_LF0:
  903  00001c9c  23bdfff8	addi	r29,r29,#-8
  904  00001ca0  afb00000	sw	(r29),r16
  905  00001ca4  0c00027c	jal	_mbox_close
  906  00001ca8  54000000	nop; not filled.
  907  00001cac  23bd0008	addi	r29,r29,#8
  908  00001cb0  6021ffff	seqi	r1,r1,#-1
  909  00001cb4  1020004c	beqz	r1,L59_LF0
  910  00001cb8  54000000	nop; not filled.
  911  00001cbc  23bdfff8	addi	r29,r29,#-8
  912  00001cc0  3c130000	lhi	r19,((LC2_LF0)>>16)&0xffff
  913  00001cc4  2673302c	addui	r19,r19,(LC2_LF0)&0xffff
  914  00001cc8  afb30000	sw	(r29),r19
  915  00001ccc  0c000188	jal	_Printf
  916  00001cd0  54000000	nop; not filled.
  917  00001cd4  8d330000	lw	r19,(r9)
  918  00001cd8  afb30000	sw	(r29),r19
  919  00001cdc  0c000178	jal	_Printf
  920  00001ce0  54000000	nop; not filled.
  921  00001ce4  3c130000	lhi	r19,((LC3_LF0)>>16)&0xffff
  922  00001ce8  26733040	addui	r19,r19,(LC3_LF0)&0xffff
  923  00001cec  afb30000	sw	(r29),r19
  924  00001cf0  0c000164	jal	_Printf
  925  00001cf4  54000000	nop; not filled.
  926  00001cf8  0c000264	jal	_Exit
  927  00001cfc  54000000	nop; not filled.
  928  00001d00  23bd0008	addi	r29,r29,#8
  929  00001d04          	L59_LF0:
  930  00001d04  23bdfff8	addi	r29,r29,#-8
  931  00001d08  afb10000	sw	(r29),r17
  932  00001d0c  0c000214	jal	_mbox_close
  933  00001d10  54000000	nop; not filled.
  934  00001d14  23bd0008	addi	r29,r29,#8
  935  00001d18  6021ffff	seqi	r1,r1,#-1
  936  00001d1c  1020004c	beqz	r1,L60_LF0
  937  00001d20  54000000	nop; not filled.
  938  00001d24  23bdfff8	addi	r29,r29,#-8
  939  00001d28  3c130000	lhi	r19,((LC2_LF0)>>16)&0xffff
  940  00001d2c  2673302c	addui	r19,r19,(LC2_LF0)&0xffff
  941  00001d30  afb30000	sw	(r29),r19
  942  00001d34  0c000120	jal	_Printf
  943  00001d38  54000000	nop; not filled.
  944  00001d3c  8d330000	lw	r19,(r9)
  945  00001d40  afb30000	sw	(r29),r19
  946  00001d44  0c000110	jal	_Printf
  947  00001d48  54000000	nop; not filled.
  948  00001d4c  3c130000	lhi	r19,((LC3_LF0)>>16)&0xffff
  949  00001d50  26733040	addui	r19,r19,(LC3_LF0)&0xffff
  950  00001d54  afb30000	sw	(r29),r19
  951  00001d58  0c0000fc	jal	_Printf
  952  00001d5c  54000000	nop; not filled.
  953  00001d60  0c0001fc	jal	_Exit
  954  00001d64  54000000	nop; not filled.
  955  00001d68  23bd0008	addi	r29,r29,#8
  956  00001d6c          	L60_LF0:
  957  00001d6c  23bdfff8	addi	r29,r29,#-8
  958  00001d70  afb20000	sw	(r29),r18
  959  00001d74  0c0001ac	jal	_mbox_close
  960  00001d78  54000000	nop; not filled.
  961  00001d7c  23bd0008	addi	r29,r29,#8
  962  00001d80  6021ffff	seqi	r1,r1,#-1
  963  00001d84  1020004c	beqz	r1,L61_LF0
  964  00001d88  54000000	nop; not filled.
  965  00001d8c  23bdfff8	addi	r29,r29,#-8
  966  00001d90  3c130000	lhi	r19,((LC2_LF0)>>16)&0xffff
  967  00001d94  2673302c	addui	r19,r19,(LC2_LF0)&0xffff
  968  00001d98  afb30000	sw	(r29),r19
  969  00001d9c  0c0000b8	jal	_Printf
  970  00001da0  54000000	nop; not filled.
  971  00001da4  8d290000	lw	r9,(r9)
  972  00001da8  afa90000	sw	(r29),r9
  973  00001dac  0c0000a8	jal	_Printf
  974  00001db0  54000000	nop; not filled.
  975  00001db4  3c130000	lhi	r19,((LC3_LF0)>>16)&0xffff
  976  00001db8  26733040	addui	r19,r19,(LC3_LF0)&0xffff
  977  00001dbc  afb30000	sw	(r29),r19
  978  00001dc0  0c000094	jal	_Printf
  979  00001dc4  54000000	nop; not filled.
  980  00001dc8  0c000194	jal	_Exit
  981  00001dcc  54000000	nop; not filled.
  982  00001dd0  23bd0008	addi	r29,r29,#8
  983  00001dd4          	L61_LF0:
  984  00001dd4  23bdffe0	addi	r29,r29,#-32
  985  00001dd8  3c130000	lhi	r19,((LC10_LF0)>>16)&0xffff
  986  00001ddc  267330d4	addui	r19,r19,(LC10_LF0)&0xffff
  987  00001de0  afb30000	sw	(r29),r19
  988  00001de4  afa50004	sw	4(r29),r5
  989  00001de8  afa80008	sw	8(r29),r8
  990  00001dec  afa4000c	sw	12(r29),r4
  991  00001df0  afa60010	sw	16(r29),r6
  992  00001df4  afa20014	sw	20(r29),r2
  993  00001df8  afa30018	sw	24(r29),r3
  994  00001dfc  0c000058	jal	_Printf
  995  00001e00  54000000	nop; not filled.
  996  00001e04  23bd0020	addi	r29,r29,#32
  997  00001e08  0c000ef0	jal	_exit
  998  00001e0c  54000000	nop
  999  00001e10          	.endproc _main
 1000                      ;;;
 1001                      ;;; Stub functions for DLX traps.
 1002                      ;;;
 1003                      ;;; Ethan L. Miller, 1999.  Released to the public domain.
 1004                      ;;;
 1005                      ;;; The traps such as Open and Close
 1006                      ;;; (note the capital letters) are for use by user programs.  The traps
 1007                      ;;; with names such as open and close (lower case) are for use by the OS.
 1008                      ;;;
 1011  00001e10          	.align 2
 1013                      ;;; The following are the traps to be used by user-level programs
 1014                      ;;;
 1016  00001e10          	.align 2
 1017  00001e10          	.proc _Open
 1018  00001e10          	.global _Open
 1019  00001e10          	_Open:
 1020                      ;;; Note that trap #0x213 actually causes a trap vector in the OS of
 1021                      ;;; 0x1213.  The same is true for other user traps.  Thus, a user trap
 1022                      ;;; with trap #0x240 will result in a trap vector of 0x1240 in the OS.
 1023  00001e10  44000213	trap	#0x213
 1024  00001e14  4be00000	jr	r31
 1025  00001e18  54000000	nop
 1026  00001e1c          	.endproc _Open
 1028  00001e1c          	.proc _Close
 1029  00001e1c          	.global _Close
 1030  00001e1c          	_Close:
 1031  00001e1c  44000214	trap	#0x214
 1032  00001e20  4be00000	jr	r31
 1033  00001e24  54000000	nop
 1034  00001e28          	.endproc _Close
 1036  00001e28          	.proc _Read
 1037  00001e28          	.global _Read
 1038  00001e28          	_Read:
 1039  00001e28  44000210	trap	#0x210
 1040  00001e2c  4be00000	jr	r31
 1041  00001e30  54000000	nop
 1042  00001e34          	.endproc _Read
 1044  00001e34          	.proc _Write
 1045  00001e34          	.global _Write
 1046  00001e34          	_Write:
 1047  00001e34  44000211	trap	#0x211
 1048  00001e38  4be00000	jr	r31
 1049  00001e3c  54000000	nop
 1050  00001e40          	.endproc _Write
 1052  00001e40          	.proc _Lseek
 1053  00001e40          	.global _Lseek
 1054  00001e40          	_Lseek:
 1055  00001e40  44000212	trap	#0x212
 1056  00001e44  4be00000	jr	r31
 1057  00001e48  54000000	nop
 1058  00001e4c          	.endproc _Lseek
 1060  00001e4c          	.proc _Putchar
 1061  00001e4c          	.global _Putchar
 1062  00001e4c          	_Putchar:
 1063  00001e4c  44000280	trap	#0x280
 1064  00001e50  4be00000	jr	r31
 1065  00001e54  54000000	nop
 1066  00001e58          	.endproc _Putchar
 1068  00001e58          	.proc _Printf
 1069  00001e58          	.global _Printf
 1070  00001e58          	_Printf:
 1071  00001e58  44000201	trap	#0x201
 1072  00001e5c  4be00000	jr	r31
 1073  00001e60  54000000	nop
 1074  00001e64          	.endproc _Printf
 1076  00001e64          	.proc _getpid
 1077  00001e64          	.global _getpid
 1078  00001e64          	_getpid:
 1079  00001e64  44000431	trap	#0x431
 1080  00001e68  4be00000	jr	r31
 1081  00001e6c  54000000	nop
 1082  00001e70          	.endproc _getpid
 1084  00001e70          	.proc _process_create
 1085  00001e70          	.global _process_create
 1086  00001e70          	_process_create:
 1087  00001e70  44000432	trap	#0x432
 1088  00001e74  4be00000	jr	r31
 1089  00001e78  54000000	nop
 1090  00001e7c          	.endproc _process_create
 1092  00001e7c          	.proc _shmget
 1093  00001e7c          	.global _shmget
 1094  00001e7c          	_shmget:
 1095  00001e7c  44000440	trap	#0x440
 1096  00001e80  4be00000	jr	r31
 1097  00001e84  54000000	nop
 1098  00001e88          	.endproc _shmget
 1100  00001e88          	.proc _shmat
 1101  00001e88          	.global _shmat
 1102  00001e88          	_shmat:
 1103  00001e88  44000441	trap	#0x441
 1104  00001e8c  4be00000	jr	r31
 1105  00001e90  54000000	nop
 1106  00001e94          	.endproc _shmat
 1108  00001e94          	.proc _sem_create
 1109  00001e94          	.global _sem_create
 1110  00001e94          	_sem_create:
 1111  00001e94  44000450	trap	#0x450
 1112  00001e98  4be00000	jr	r31
 1113  00001e9c  54000000	nop
 1114  00001ea0          	.endproc _sem_create
 1116  00001ea0          	.proc _sem_wait
 1117  00001ea0          	.global _sem_wait
 1118  00001ea0          	_sem_wait:
 1119  00001ea0  44000451	trap	#0x451
 1120  00001ea4  4be00000	jr	r31
 1121  00001ea8  54000000	nop
 1122  00001eac          	.endproc _sem_wait
 1124  00001eac          	.proc _sem_signal
 1125  00001eac          	.global _sem_signal
 1126  00001eac          	_sem_signal:
 1127  00001eac  44000452	trap	#0x452
 1128  00001eb0  4be00000	jr	r31
 1129  00001eb4  54000000	nop
 1130  00001eb8          	.endproc _sem_signal
 1132  00001eb8          	.proc _lock_create
 1133  00001eb8          	.global _lock_create
 1134  00001eb8          	_lock_create:
 1135  00001eb8  44000453	trap	#0x453
 1136  00001ebc  4be00000	jr	r31
 1137  00001ec0  54000000	nop
 1138  00001ec4          	.endproc _lock_create
 1140  00001ec4          	.proc _lock_acquire
 1141  00001ec4          	.global _lock_acquire
 1142  00001ec4          	_lock_acquire:
 1143  00001ec4  44000454	trap	#0x454
 1144  00001ec8  4be00000	jr	r31
 1145  00001ecc  54000000	nop
 1146  00001ed0          	.endproc _lock_acquire
 1148  00001ed0          	.proc _lock_release
 1149  00001ed0          	.global _lock_release
 1150  00001ed0          	_lock_release:
 1151  00001ed0  44000455	trap	#0x455
 1152  00001ed4  4be00000	jr	r31
 1153  00001ed8  54000000	nop
 1154  00001edc          	.endproc _lock_release
 1156  00001edc          	.proc _cond_create
 1157  00001edc          	.global _cond_create
 1158  00001edc          	_cond_create:
 1159  00001edc  44000456	trap	#0x456
 1160  00001ee0  4be00000	jr	r31
 1161  00001ee4  54000000	nop
 1162  00001ee8          	.endproc _cond_create
 1164  00001ee8          	.proc _cond_wait
 1165  00001ee8          	.global _cond_wait
 1166  00001ee8          	_cond_wait:
 1167  00001ee8  44000457	trap	#0x457
 1168  00001eec  4be00000	jr	r31
 1169  00001ef0  54000000	nop
 1170  00001ef4          	.endproc _cond_wait
 1172  00001ef4          	.proc _cond_signal
 1173  00001ef4          	.global _cond_signal
 1174  00001ef4          	_cond_signal:
 1175  00001ef4  44000458	trap	#0x458
 1176  00001ef8  4be00000	jr	r31
 1177  00001efc  54000000	nop
 1178  00001f00          	.endproc _cond_signal
 1180  00001f00          	.proc _cond_broadcast
 1181  00001f00          	.global _cond_broadcast
 1182  00001f00          	_cond_broadcast:
 1183  00001f00  44000459	trap	#0x459
 1184  00001f04  4be00000	jr	r31
 1185  00001f08  54000000	nop
 1186  00001f0c          	.endproc _cond_broadcast
 1188  00001f0c          	.proc _mbox_create
 1189  00001f0c          	.global _mbox_create
 1190  00001f0c          	_mbox_create:
 1191  00001f0c  44000460	trap	#0x460
 1192  00001f10  4be00000	jr	r31
 1193  00001f14  54000000	nop
 1194  00001f18          	.endproc _mbox_create
 1196  00001f18          	.proc _mbox_open
 1197  00001f18          	.global _mbox_open
 1198  00001f18          	_mbox_open:
 1199  00001f18  44000461	trap	#0x461
 1200  00001f1c  4be00000	jr	r31
 1201  00001f20  54000000	nop
 1202  00001f24          	.endproc _mbox_open
 1204  00001f24          	.proc _mbox_close
 1205  00001f24          	.global _mbox_close
 1206  00001f24          	_mbox_close:
 1207  00001f24  44000462	trap	#0x462
 1208  00001f28  4be00000	jr	r31
 1209  00001f2c  54000000	nop
 1210  00001f30          	.endproc _mbox_close
 1212  00001f30          	.proc _mbox_send
 1213  00001f30          	.global _mbox_send
 1214  00001f30          	_mbox_send:
 1215  00001f30  44000463	trap	#0x463
 1216  00001f34  4be00000	jr	r31
 1217  00001f38  54000000	nop
 1218  00001f3c          	.endproc _mbox_send
 1220  00001f3c          	.proc _mbox_recv
 1221  00001f3c          	.global _mbox_recv
 1222  00001f3c          	_mbox_recv:
 1223  00001f3c  44000464	trap	#0x464
 1224  00001f40  4be00000	jr	r31
 1225  00001f44  54000000	nop
 1226  00001f48          	.endproc _mbox_recv
 1228  00001f48          	.proc _sleep
 1229  00001f48          	.global _sleep
 1230  00001f48          	_sleep:
 1231  00001f48  44000465	trap	#0x465
 1232  00001f4c  4be00000	jr	r31
 1233  00001f50  54000000	nop
 1234  00001f54          	.endproc _sleep
 1236  00001f54          	.proc _yield
 1237  00001f54          	.global _yield
 1238  00001f54          	_yield:
 1239  00001f54  44000466	trap	#0x466
 1240  00001f58  4be00000	jr	r31
 1241  00001f5c  54000000	nop
 1242  00001f60          	.endproc _yield
 1245  00001f60          	.proc _Exit
 1246  00001f60          	.global _Exit
 1247  00001f60          	_Exit:
 1248  00001f60  44000500	trap	#0x500
 1249  00001f64  4be00000	jr	r31
 1250  00001f68  54000000	nop
 1251  00001f6c          	.endproc _Exit
 1252                      ; Compiled by GCC
 1254  00001f6c          	.align 2
 1255  00001f6c          	.proc _isspace
 1256  00001f6c          	.global _isspace
 1257  00001f6c          	_isspace:
 1258                      ;  Function 'isspace'; 0 bytes of locals, 3 regs to save.
 1259  00001f6c  afbefffc	sw	-4(r29),r30; push fp
 1260  00001f70  001df020	add	r30,r0,r29; fp = sp
 1261  00001f74  afbffff8	sw	-8(r29),r31; push ret addr
 1262  00001f78  2fbd0018	subui	r29,r29,#24; alloc local storage
 1263  00001f7c  afa20000	sw	0(r29),r2
 1264  00001f80  afa30004	sw	4(r29),r3
 1265  00001f84  afa40008	sw	8(r29),r4
 1266  00001f88  83c20003	lb	r2,3(r30)
 1267  00001f8c  20010000	addi	r1,r0,#0
 1268  00001f90  304300ff	andi	r3,r2,#0x00ff
 1269  00001f94  60640020	seqi	r4,r3,#32
 1270  00001f98  1480002c	bnez	r4,L3_LF2
 1271  00001f9c  54000000	nop; delay slot nop
 1272  00001fa0  304300ff	andi	r3,r2,#0x00ff
 1273  00001fa4  60640009	seqi	r4,r3,#9
 1274  00001fa8  1480001c	bnez	r4,L3_LF2
 1275  00001fac  54000000	nop; delay slot nop
 1276  00001fb0  304300ff	andi	r3,r2,#0x00ff
 1277  00001fb4  6064000a	seqi	r4,r3,#10
 1278  00001fb8  1480000c	bnez	r4,L3_LF2
 1279  00001fbc  54000000	nop; delay slot nop
 1280  00001fc0  08000008	j	L2_LF2
 1281  00001fc4  54000000	nop; delay slot nop
 1282  00001fc8          	L3_LF2:
 1283  00001fc8  20010001	addi	r1,r0,#1
 1284  00001fcc          	L2_LF2:
 1285  00001fcc  08000004	j	L1_LF2
 1286  00001fd0  54000000	nop; delay slot nop
 1287  00001fd4          	L1_LF2:
 1288  00001fd4  8fa20000	lw	r2,0(r29)
 1289  00001fd8  8fa30004	lw	r3,4(r29)
 1290  00001fdc  8fa40008	lw	r4,8(r29)
 1291  00001fe0  8fdffff8	lw	r31,-8(r30)
 1292  00001fe4  001ee820	add	r29,r0,r30
 1293  00001fe8  8fdefffc	lw	r30,-4(r30)
 1294  00001fec  4be00000	jr	r31
 1295  00001ff0  54000000	nop
 1296  00001ff4          	.endproc _isspace
 1297  00001ff4          	.align 2
 1298  00001ff4          	.proc _isxdigit
 1299  00001ff4          	.global _isxdigit
 1300  00001ff4          	_isxdigit:
 1301                      ;  Function 'isxdigit'; 0 bytes of locals, 3 regs to save.
 1302  00001ff4  afbefffc	sw	-4(r29),r30; push fp
 1303  00001ff8  001df020	add	r30,r0,r29; fp = sp
 1304  00001ffc  afbffff8	sw	-8(r29),r31; push ret addr
 1305  00002000  2fbd0018	subui	r29,r29,#24; alloc local storage
 1306  00002004  afa20000	sw	0(r29),r2
 1307  00002008  afa30004	sw	4(r29),r3
 1308  0000200c  afa40008	sw	8(r29),r4
 1309  00002010  83c20003	lb	r2,3(r30)
 1310  00002014  20010000	addi	r1,r0,#0
 1311  00002018  304300ff	andi	r3,r2,#0x00ff
 1312  0000201c  6c64002f	sgtui	r4,r3,#47
 1313  00002020  1080001c	beqz	r4,L7_LF2
 1314  00002024  54000000	nop; delay slot nop
 1315  00002028  304300ff	andi	r3,r2,#0x00ff
 1316  0000202c  70640039	sleui	r4,r3,#57
 1317  00002030  1480005c	bnez	r4,L6_LF2
 1318  00002034  54000000	nop; delay slot nop
 1319  00002038  08000004	j	L7_LF2
 1320  0000203c  54000000	nop; delay slot nop
 1321  00002040          	L7_LF2:
 1322  00002040  304300ff	andi	r3,r2,#0x00ff
 1323  00002044  6c640060	sgtui	r4,r3,#96
 1324  00002048  1080001c	beqz	r4,L8_LF2
 1325  0000204c  54000000	nop; delay slot nop
 1326  00002050  304300ff	andi	r3,r2,#0x00ff
 1327  00002054  70640066	sleui	r4,r3,#102
 1328  00002058  14800034	bnez	r4,L6_LF2
 1329  0000205c  54000000	nop; delay slot nop
 1330  00002060  08000004	j	L8_LF2
 1331  00002064  54000000	nop; delay slot nop
 1332  00002068          	L8_LF2:
 1333  00002068  304300ff	andi	r3,r2,#0x00ff
 1334  0000206c  6c640040	sgtui	r4,r3,#64
 1335  00002070  10800020	beqz	r4,L5_LF2
 1336  00002074  54000000	nop; delay slot nop
 1337  00002078  304300ff	andi	r3,r2,#0x00ff
 1338  0000207c  70640041	sleui	r4,r3,#65
 1339  00002080  1480000c	bnez	r4,L6_LF2
 1340  00002084  54000000	nop; delay slot nop
 1341  00002088  08000008	j	L5_LF2
 1342  0000208c  54000000	nop; delay slot nop
 1343  00002090          	L6_LF2:
 1344  00002090  20010001	addi	r1,r0,#1
 1345  00002094          	L5_LF2:
 1346  00002094  08000004	j	L4_LF2
 1347  00002098  54000000	nop; delay slot nop
 1348  0000209c          	L4_LF2:
 1349  0000209c  8fa20000	lw	r2,0(r29)
 1350  000020a0  8fa30004	lw	r3,4(r29)
 1351  000020a4  8fa40008	lw	r4,8(r29)
 1352  000020a8  8fdffff8	lw	r31,-8(r30)
 1353  000020ac  001ee820	add	r29,r0,r30
 1354  000020b0  8fdefffc	lw	r30,-4(r30)
 1355  000020b4  4be00000	jr	r31
 1356  000020b8  54000000	nop
 1357  000020bc          	.endproc _isxdigit
 1358  000020bc          	.align 2
 1359  000020bc          	.proc _dstrcpy
 1360  000020bc          	.global _dstrcpy
 1361  000020bc          	_dstrcpy:
 1362                      ;  Function 'dstrcpy'; 8 bytes of locals, 2 regs to save.
 1363  000020bc  afbefffc	sw	-4(r29),r30; push fp
 1364  000020c0  001df020	add	r30,r0,r29; fp = sp
 1365  000020c4  afbffff8	sw	-8(r29),r31; push ret addr
 1366  000020c8  2fbd0018	subui	r29,r29,#24; alloc local storage
 1367  000020cc  afa20000	sw	0(r29),r2
 1368  000020d0  afa30004	sw	4(r29),r3
 1369  000020d4  8fc10000	lw	r1,(r30)
 1370  000020d8  afc1fff4	sw	-12(r30),r1
 1371  000020dc          	L10_LF2:
 1372  000020dc  8fc10000	lw	r1,(r30)
 1373  000020e0  20220001	addi	r2,r1,#1
 1374  000020e4  afc20000	sw	(r30),r2
 1375  000020e8  8fc20004	lw	r2,4(r30)
 1376  000020ec  20430001	addi	r3,r2,#1
 1377  000020f0  afc30004	sw	4(r30),r3
 1378  000020f4  80420000	lb	r2,(r2)
 1379  000020f8  a0220000	sb	(r1),r2
 1380  000020fc  a3c2fff3	sb	-13(r30),r2
 1381  00002100          	L12_LF2:
 1382  00002100  93c1fff3	lbu	r1,-13(r30)
 1383  00002104  64220000	snei	r2,r1,#0
 1384  00002108  1440000c	bnez	r2,L13_LF2
 1385  0000210c  54000000	nop; delay slot nop
 1386  00002110  0800000c	j	L11_LF2
 1387  00002114  54000000	nop; delay slot nop
 1388  00002118          	L13_LF2:
 1389  00002118  0bffffc0	j	L10_LF2
 1390  0000211c  54000000	nop; delay slot nop
 1391  00002120          	L11_LF2:
 1392  00002120  8fc1fff4	lw	r1,-12(r30)
 1393  00002124  08000004	j	L9_LF2
 1394  00002128  54000000	nop; delay slot nop
 1395  0000212c          	L9_LF2:
 1396  0000212c  8fa20000	lw	r2,0(r29)
 1397  00002130  8fa30004	lw	r3,4(r29)
 1398  00002134  8fdffff8	lw	r31,-8(r30)
 1399  00002138  001ee820	add	r29,r0,r30
 1400  0000213c  8fdefffc	lw	r30,-4(r30)
 1401  00002140  4be00000	jr	r31
 1402  00002144  54000000	nop
 1403  00002148          	.endproc _dstrcpy
 1404  00002148          	.align 2
 1405  00002148          	.proc _dstrncpy
 1406  00002148          	.global _dstrncpy
 1407  00002148          	_dstrncpy:
 1408                      ;  Function 'dstrncpy'; 8 bytes of locals, 2 regs to save.
 1409  00002148  afbefffc	sw	-4(r29),r30; push fp
 1410  0000214c  001df020	add	r30,r0,r29; fp = sp
 1411  00002150  afbffff8	sw	-8(r29),r31; push ret addr
 1412  00002154  2fbd0018	subui	r29,r29,#24; alloc local storage
 1413  00002158  afa20000	sw	0(r29),r2
 1414  0000215c  afa30004	sw	4(r29),r3
 1415  00002160  8fc10000	lw	r1,(r30)
 1416  00002164  afc1fff4	sw	-12(r30),r1
 1417  00002168          	L15_LF2:
 1418  00002168  8fc10008	lw	r1,8(r30)
 1419  0000216c  2022ffff	addi	r2,r1,#-1
 1420  00002170  afc20008	sw	8(r30),r2
 1421  00002174  70210000	slei	r1,r1,#0
 1422  00002178  1020000c	beqz	r1,L18_LF2
 1423  0000217c  54000000	nop; delay slot nop
 1424  00002180  08000048	j	L16_LF2
 1425  00002184  54000000	nop; delay slot nop
 1426  00002188          	L18_LF2:
 1427  00002188  8fc10000	lw	r1,(r30)
 1428  0000218c  20220001	addi	r2,r1,#1
 1429  00002190  afc20000	sw	(r30),r2
 1430  00002194  8fc20004	lw	r2,4(r30)
 1431  00002198  20430001	addi	r3,r2,#1
 1432  0000219c  afc30004	sw	4(r30),r3
 1433  000021a0  80420000	lb	r2,(r2)
 1434  000021a4  a0220000	sb	(r1),r2
 1435  000021a8  a3c2fff3	sb	-13(r30),r2
 1436  000021ac          	L17_LF2:
 1437  000021ac  93c1fff3	lbu	r1,-13(r30)
 1438  000021b0  64220000	snei	r2,r1,#0
 1439  000021b4  1440000c	bnez	r2,L19_LF2
 1440  000021b8  54000000	nop; delay slot nop
 1441  000021bc  0800000c	j	L16_LF2
 1442  000021c0  54000000	nop; delay slot nop
 1443  000021c4          	L19_LF2:
 1444  000021c4  0bffffa0	j	L15_LF2
 1445  000021c8  54000000	nop; delay slot nop
 1446  000021cc          	L16_LF2:
 1447  000021cc  8fc1fff4	lw	r1,-12(r30)
 1448  000021d0  08000004	j	L14_LF2
 1449  000021d4  54000000	nop; delay slot nop
 1450  000021d8          	L14_LF2:
 1451  000021d8  8fa20000	lw	r2,0(r29)
 1452  000021dc  8fa30004	lw	r3,4(r29)
 1453  000021e0  8fdffff8	lw	r31,-8(r30)
 1454  000021e4  001ee820	add	r29,r0,r30
 1455  000021e8  8fdefffc	lw	r30,-4(r30)
 1456  000021ec  4be00000	jr	r31
 1457  000021f0  54000000	nop
 1458  000021f4          	.endproc _dstrncpy
 1459  000021f4          	.align 2
 1460  000021f4          	.proc _dstrcat
 1461  000021f4          	.global _dstrcat
 1462  000021f4          	_dstrcat:
 1463                      ;  Function 'dstrcat'; 8 bytes of locals, 1 regs to save.
 1464  000021f4  afbefffc	sw	-4(r29),r30; push fp
 1465  000021f8  001df020	add	r30,r0,r29; fp = sp
 1466  000021fc  afbffff8	sw	-8(r29),r31; push ret addr
 1467  00002200  2fbd0018	subui	r29,r29,#24; alloc local storage
 1468  00002204  afa20000	sw	0(r29),r2
 1469  00002208  8fc10000	lw	r1,(r30)
 1470  0000220c  afc1fff4	sw	-12(r30),r1
 1471  00002210          	L21_LF2:
 1472  00002210  8fc10000	lw	r1,(r30)
 1473  00002214  90220000	lbu	r2,(r1)
 1474  00002218  64410000	snei	r1,r2,#0
 1475  0000221c  1420000c	bnez	r1,L23_LF2
 1476  00002220  54000000	nop; delay slot nop
 1477  00002224  0800001c	j	L22_LF2
 1478  00002228  54000000	nop; delay slot nop
 1479  0000222c          	L23_LF2:
 1480  0000222c  8fc20000	lw	r2,(r30)
 1481  00002230  20410001	addi	r1,r2,#1
 1482  00002234  00011020	add	r2,r0,r1
 1483  00002238  afc20000	sw	(r30),r2
 1484  0000223c  0bffffd0	j	L21_LF2
 1485  00002240  54000000	nop; delay slot nop
 1486  00002244          	L22_LF2:
 1487  00002244  23bdfff8	addi	r29,r29,#-8
 1488  00002248  001d0820	add	r1,r0,r29
 1489  0000224c  8fc20000	lw	r2,(r30)
 1490  00002250  ac220000	sw	(r1),r2
 1491  00002254  8fc20004	lw	r2,4(r30)
 1492  00002258  ac220004	sw	4(r1),r2
 1493  0000225c  0ffffe5c	jal	_dstrcpy
 1494  00002260  54000000	nop; delay slot nop
 1495  00002264  23bd0008	addi	r29,r29,#8
 1496  00002268  8fc1fff4	lw	r1,-12(r30)
 1497  0000226c  08000004	j	L20_LF2
 1498  00002270  54000000	nop; delay slot nop
 1499  00002274          	L20_LF2:
 1500  00002274  8fa20000	lw	r2,0(r29)
 1501  00002278  8fdffff8	lw	r31,-8(r30)
 1502  0000227c  001ee820	add	r29,r0,r30
 1503  00002280  8fdefffc	lw	r30,-4(r30)
 1504  00002284  4be00000	jr	r31
 1505  00002288  54000000	nop
 1506  0000228c          	.endproc _dstrcat
 1507  0000228c          	.align 2
 1508  0000228c          	.proc _dstrncmp
 1509  0000228c          	.global _dstrncmp
 1510  0000228c          	_dstrncmp:
 1511                      ;  Function 'dstrncmp'; 8 bytes of locals, 2 regs to save.
 1512  0000228c  afbefffc	sw	-4(r29),r30; push fp
 1513  00002290  001df020	add	r30,r0,r29; fp = sp
 1514  00002294  afbffff8	sw	-8(r29),r31; push ret addr
 1515  00002298  2fbd0018	subui	r29,r29,#24; alloc local storage
 1516  0000229c  afa20000	sw	0(r29),r2
 1517  000022a0  afa30004	sw	4(r29),r3
 1518  000022a4  54000000	nop
 1519  000022a8  20010000	addi	r1,r0,#0
 1520  000022ac  afc1fff4	sw	-12(r30),r1
 1521  000022b0          	L25_LF2:
 1522  000022b0  8fc1fff4	lw	r1,-12(r30)
 1523  000022b4  8fc20008	lw	r2,8(r30)
 1524  000022b8  0022082a	slt	r1,r1,r2
 1525  000022bc  1420000c	bnez	r1,L28_LF2
 1526  000022c0  54000000	nop; delay slot nop
 1527  000022c4  08000088	j	L26_LF2
 1528  000022c8  54000000	nop; delay slot nop
 1529  000022cc          	L28_LF2:
 1530  000022cc  8fc10004	lw	r1,4(r30)
 1531  000022d0  90220000	lbu	r2,(r1)
 1532  000022d4  64410000	snei	r1,r2,#0
 1533  000022d8  14200018	bnez	r1,L29_LF2
 1534  000022dc  54000000	nop; delay slot nop
 1535  000022e0  20010000	addi	r1,r0,#0
 1536  000022e4  080000d8	j	L24_LF2
 1537  000022e8  54000000	nop; delay slot nop
 1538  000022ec  08000028	j	L30_LF2
 1539  000022f0  54000000	nop; delay slot nop
 1540  000022f4          	L29_LF2:
 1541  000022f4  8fc10000	lw	r1,(r30)
 1542  000022f8  8fc20004	lw	r2,4(r30)
 1543  000022fc  90210000	lbu	r1,(r1)
 1544  00002300  90420000	lbu	r2,(r2)
 1545  00002304  00220829	sne	r1,r1,r2
 1546  00002308  1020000c	beqz	r1,L30_LF2
 1547  0000230c  54000000	nop; delay slot nop
 1548  00002310  0800003c	j	L26_LF2
 1549  00002314  54000000	nop; delay slot nop
 1550  00002318          	L31_LF2:
 1551  00002318          	L30_LF2:
 1552  00002318  8fc20000	lw	r2,(r30)
 1553  0000231c  20410001	addi	r1,r2,#1
 1554  00002320  00011020	add	r2,r0,r1
 1555  00002324  afc20000	sw	(r30),r2
 1556  00002328  8fc20004	lw	r2,4(r30)
 1557  0000232c  20410001	addi	r1,r2,#1
 1558  00002330  00011020	add	r2,r0,r1
 1559  00002334  afc20004	sw	4(r30),r2
 1560  00002338          	L27_LF2:
 1561  00002338  8fc2fff4	lw	r2,-12(r30)
 1562  0000233c  20410001	addi	r1,r2,#1
 1563  00002340  00011020	add	r2,r0,r1
 1564  00002344  afc2fff4	sw	-12(r30),r2
 1565  00002348  0bffff64	j	L25_LF2
 1566  0000234c  54000000	nop; delay slot nop
 1567  00002350          	L26_LF2:
 1568  00002350  8fc1fff4	lw	r1,-12(r30)
 1569  00002354  8fc20008	lw	r2,8(r30)
 1570  00002358  00220828	seq	r1,r1,r2
 1571  0000235c  10200018	beqz	r1,L32_LF2
 1572  00002360  54000000	nop; delay slot nop
 1573  00002364  20010000	addi	r1,r0,#0
 1574  00002368  08000054	j	L24_LF2
 1575  0000236c  54000000	nop; delay slot nop
 1576  00002370  0800004c	j	L33_LF2
 1577  00002374  54000000	nop; delay slot nop
 1578  00002378          	L32_LF2:
 1579  00002378  8fc20000	lw	r2,(r30)
 1580  0000237c  90410000	lbu	r1,(r2)
 1581  00002380  8fc20004	lw	r2,4(r30)
 1582  00002384  90430000	lbu	r3,(r2)
 1583  00002388  00230822	sub	r1,r1,r3
 1584  0000238c  74220000	sgei	r2,r1,#0
 1585  00002390  10400020	beqz	r2,L34_LF2
 1586  00002394  54000000	nop; delay slot nop
 1587  00002398  8fc10000	lw	r1,(r30)
 1588  0000239c  8fc20004	lw	r2,4(r30)
 1589  000023a0  90210000	lbu	r1,(r1)
 1590  000023a4  90420000	lbu	r2,(r2)
 1591  000023a8  00220829	sne	r1,r1,r2
 1592  000023ac  08000008	j	L35_LF2
 1593  000023b0  54000000	nop; delay slot nop
 1594  000023b4          	L34_LF2:
 1595  000023b4  2001ffff	addi	r1,r0,#-1
 1596  000023b8          	L35_LF2:
 1597  000023b8  08000004	j	L24_LF2
 1598  000023bc  54000000	nop; delay slot nop
 1599  000023c0          	L33_LF2:
 1600  000023c0          	L24_LF2:
 1601  000023c0  8fa20000	lw	r2,0(r29)
 1602  000023c4  8fa30004	lw	r3,4(r29)
 1603  000023c8  8fdffff8	lw	r31,-8(r30)
 1604  000023cc  001ee820	add	r29,r0,r30
 1605  000023d0  8fdefffc	lw	r30,-4(r30)
 1606  000023d4  4be00000	jr	r31
 1607  000023d8  54000000	nop
 1608  000023dc          	.endproc _dstrncmp
 1609  000023dc          	.align 2
 1610  000023dc          	.proc _dstrlen
 1611  000023dc          	.global _dstrlen
 1612  000023dc          	_dstrlen:
 1613                      ;  Function 'dstrlen'; 8 bytes of locals, 1 regs to save.
 1614  000023dc  afbefffc	sw	-4(r29),r30; push fp
 1615  000023e0  001df020	add	r30,r0,r29; fp = sp
 1616  000023e4  afbffff8	sw	-8(r29),r31; push ret addr
 1617  000023e8  2fbd0018	subui	r29,r29,#24; alloc local storage
 1618  000023ec  afa20000	sw	0(r29),r2
 1619  000023f0  20010000	addi	r1,r0,#0
 1620  000023f4  afc1fff4	sw	-12(r30),r1
 1621  000023f8          	L37_LF2:
 1622  000023f8  8fc10000	lw	r1,(r30)
 1623  000023fc  20220001	addi	r2,r1,#1
 1624  00002400  afc20000	sw	(r30),r2
 1625  00002404  90210000	lbu	r1,(r1)
 1626  00002408  64220000	snei	r2,r1,#0
 1627  0000240c  1440000c	bnez	r2,L39_LF2
 1628  00002410  54000000	nop; delay slot nop
 1629  00002414  0800001c	j	L38_LF2
 1630  00002418  54000000	nop; delay slot nop
 1631  0000241c          	L39_LF2:
 1632  0000241c  8fc2fff4	lw	r2,-12(r30)
 1633  00002420  20410001	addi	r1,r2,#1
 1634  00002424  00011020	add	r2,r0,r1
 1635  00002428  afc2fff4	sw	-12(r30),r2
 1636  0000242c  0bffffc8	j	L37_LF2
 1637  00002430  54000000	nop; delay slot nop
 1638  00002434          	L38_LF2:
 1639  00002434  8fc1fff4	lw	r1,-12(r30)
 1640  00002438  08000004	j	L36_LF2
 1641  0000243c  54000000	nop; delay slot nop
 1642  00002440          	L36_LF2:
 1643  00002440  8fa20000	lw	r2,0(r29)
 1644  00002444  8fdffff8	lw	r31,-8(r30)
 1645  00002448  001ee820	add	r29,r0,r30
 1646  0000244c  8fdefffc	lw	r30,-4(r30)
 1647  00002450  4be00000	jr	r31
 1648  00002454  54000000	nop
 1649  00002458          	.endproc _dstrlen
 1650  00002458          	.align 2
 1651  00002458          	.proc _dstrstr
 1652  00002458          	.global _dstrstr
 1653  00002458          	_dstrstr:
 1654                      ;  Function 'dstrstr'; 8 bytes of locals, 1 regs to save.
 1655  00002458  afbefffc	sw	-4(r29),r30; push fp
 1656  0000245c  001df020	add	r30,r0,r29; fp = sp
 1657  00002460  afbffff8	sw	-8(r29),r31; push ret addr
 1658  00002464  2fbd0018	subui	r29,r29,#24; alloc local storage
 1659  00002468  afa20000	sw	0(r29),r2
 1660  0000246c  23bdfff8	addi	r29,r29,#-8
 1661  00002470  001d0820	add	r1,r0,r29
 1662  00002474  8fc20004	lw	r2,4(r30)
 1663  00002478  ac220000	sw	(r1),r2
 1664  0000247c  0fffff5c	jal	_dstrlen
 1665  00002480  54000000	nop; delay slot nop
 1666  00002484  23bd0008	addi	r29,r29,#8
 1667  00002488  afc1fff4	sw	-12(r30),r1
 1668  0000248c          	L41_LF2:
 1669  0000248c  8fc10000	lw	r1,(r30)
 1670  00002490  90220000	lbu	r2,(r1)
 1671  00002494  64410000	snei	r1,r2,#0
 1672  00002498  1420000c	bnez	r1,L43_LF2
 1673  0000249c  54000000	nop; delay slot nop
 1674  000024a0  08000060	j	L42_LF2
 1675  000024a4  54000000	nop; delay slot nop
 1676  000024a8          	L43_LF2:
 1677  000024a8  23bdfff0	addi	r29,r29,#-16
 1678  000024ac  001d0820	add	r1,r0,r29
 1679  000024b0  8fc20000	lw	r2,(r30)
 1680  000024b4  ac220000	sw	(r1),r2
 1681  000024b8  8fc20004	lw	r2,4(r30)
 1682  000024bc  ac220004	sw	4(r1),r2
 1683  000024c0  8fc2fff4	lw	r2,-12(r30)
 1684  000024c4  ac220008	sw	8(r1),r2
 1685  000024c8  0ffffdc0	jal	_dstrncmp
 1686  000024cc  54000000	nop; delay slot nop
 1687  000024d0  23bd0010	addi	r29,r29,#16
 1688  000024d4  64220000	snei	r2,r1,#0
 1689  000024d8  14400010	bnez	r2,L44_LF2
 1690  000024dc  54000000	nop; delay slot nop
 1691  000024e0  8fc10000	lw	r1,(r30)
 1692  000024e4  08000028	j	L40_LF2
 1693  000024e8  54000000	nop; delay slot nop
 1694  000024ec          	L44_LF2:
 1695  000024ec  8fc20000	lw	r2,(r30)
 1696  000024f0  20410001	addi	r1,r2,#1
 1697  000024f4  00011020	add	r2,r0,r1
 1698  000024f8  afc20000	sw	(r30),r2
 1699  000024fc  0bffff8c	j	L41_LF2
 1700  00002500  54000000	nop; delay slot nop
 1701  00002504          	L42_LF2:
 1702  00002504  20010000	addi	r1,r0,#0
 1703  00002508  08000004	j	L40_LF2
 1704  0000250c  54000000	nop; delay slot nop
 1705  00002510          	L40_LF2:
 1706  00002510  8fa20000	lw	r2,0(r29)
 1707  00002514  8fdffff8	lw	r31,-8(r30)
 1708  00002518  001ee820	add	r29,r0,r30
 1709  0000251c  8fdefffc	lw	r30,-4(r30)
 1710  00002520  4be00000	jr	r31
 1711  00002524  54000000	nop
 1712  00002528          	.endproc _dstrstr
 1713  00002528          	.align 2
 1714  00002528          	.proc _dmindex
 1715  00002528          	.global _dmindex
 1716  00002528          	_dmindex:
 1717                      ;  Function 'dmindex'; 8 bytes of locals, 1 regs to save.
 1718  00002528  afbefffc	sw	-4(r29),r30; push fp
 1719  0000252c  001df020	add	r30,r0,r29; fp = sp
 1720  00002530  afbffff8	sw	-8(r29),r31; push ret addr
 1721  00002534  2fbd0018	subui	r29,r29,#24; alloc local storage
 1722  00002538  afa20000	sw	0(r29),r2
 1723  0000253c  54000000	nop
 1724  00002540          	L46_LF2:
 1725  00002540  8fc10000	lw	r1,(r30)
 1726  00002544  90220000	lbu	r2,(r1)
 1727  00002548  64410000	snei	r1,r2,#0
 1728  0000254c  1420000c	bnez	r1,L48_LF2
 1729  00002550  54000000	nop; delay slot nop
 1730  00002554  08000070	j	L47_LF2
 1731  00002558  54000000	nop; delay slot nop
 1732  0000255c          	L48_LF2:
 1733  0000255c  8fc10004	lw	r1,4(r30)
 1734  00002560  afc1fff4	sw	-12(r30),r1
 1735  00002564          	L49_LF2:
 1736  00002564  8fc1fff4	lw	r1,-12(r30)
 1737  00002568  90220000	lbu	r2,(r1)
 1738  0000256c  64410000	snei	r1,r2,#0
 1739  00002570  1420000c	bnez	r1,L52_LF2
 1740  00002574  54000000	nop; delay slot nop
 1741  00002578  08000044	j	L50_LF2
 1742  0000257c  54000000	nop; delay slot nop
 1743  00002580          	L52_LF2:
 1744  00002580  8fc10000	lw	r1,(r30)
 1745  00002584  8fc2fff4	lw	r2,-12(r30)
 1746  00002588  90210000	lbu	r1,(r1)
 1747  0000258c  90420000	lbu	r2,(r2)
 1748  00002590  00220828	seq	r1,r1,r2
 1749  00002594  10200010	beqz	r1,L51_LF2
 1750  00002598  54000000	nop; delay slot nop
 1751  0000259c  8fc10000	lw	r1,(r30)
 1752  000025a0  08000030	j	L45_LF2
 1753  000025a4  54000000	nop; delay slot nop
 1754  000025a8          	L53_LF2:
 1755  000025a8          	L51_LF2:
 1756  000025a8  8fc2fff4	lw	r2,-12(r30)
 1757  000025ac  20410001	addi	r1,r2,#1
 1758  000025b0  00011020	add	r2,r0,r1
 1759  000025b4  afc2fff4	sw	-12(r30),r2
 1760  000025b8  0bffffa8	j	L49_LF2
 1761  000025bc  54000000	nop; delay slot nop
 1762  000025c0          	L50_LF2:
 1763  000025c0  0bffff7c	j	L46_LF2
 1764  000025c4  54000000	nop; delay slot nop
 1765  000025c8          	L47_LF2:
 1766  000025c8  20010000	addi	r1,r0,#0
 1767  000025cc  08000004	j	L45_LF2
 1768  000025d0  54000000	nop; delay slot nop
 1769  000025d4          	L45_LF2:
 1770  000025d4  8fa20000	lw	r2,0(r29)
 1771  000025d8  8fdffff8	lw	r31,-8(r30)
 1772  000025dc  001ee820	add	r29,r0,r30
 1773  000025e0  8fdefffc	lw	r30,-4(r30)
 1774  000025e4  4be00000	jr	r31
 1775  000025e8  54000000	nop
 1776  000025ec          	.endproc _dmindex
 1777  000025ec          	.align 2
 1778  000025ec          	.proc _dindex
 1779  000025ec          	.global _dindex
 1780  000025ec          	_dindex:
 1781                      ;  Function 'dindex'; 0 bytes of locals, 1 regs to save.
 1782  000025ec  afbefffc	sw	-4(r29),r30; push fp
 1783  000025f0  001df020	add	r30,r0,r29; fp = sp
 1784  000025f4  afbffff8	sw	-8(r29),r31; push ret addr
 1785  000025f8  2fbd0010	subui	r29,r29,#16; alloc local storage
 1786  000025fc  afa20000	sw	0(r29),r2
 1787  00002600  54000000	nop
 1788  00002604          	L55_LF2:
 1789  00002604  8fc10000	lw	r1,(r30)
 1790  00002608  90220000	lbu	r2,(r1)
 1791  0000260c  64410000	snei	r1,r2,#0
 1792  00002610  1420000c	bnez	r1,L57_LF2
 1793  00002614  54000000	nop; delay slot nop
 1794  00002618  08000040	j	L56_LF2
 1795  0000261c  54000000	nop; delay slot nop
 1796  00002620          	L57_LF2:
 1797  00002620  8fc10000	lw	r1,(r30)
 1798  00002624  90220000	lbu	r2,(r1)
 1799  00002628  8fc10004	lw	r1,4(r30)
 1800  0000262c  00411028	seq	r2,r2,r1
 1801  00002630  10400010	beqz	r2,L58_LF2
 1802  00002634  54000000	nop; delay slot nop
 1803  00002638  8fc10000	lw	r1,(r30)
 1804  0000263c  08000028	j	L54_LF2
 1805  00002640  54000000	nop; delay slot nop
 1806  00002644          	L58_LF2:
 1807  00002644  8fc20000	lw	r2,(r30)
 1808  00002648  20410001	addi	r1,r2,#1
 1809  0000264c  00011020	add	r2,r0,r1
 1810  00002650  afc20000	sw	(r30),r2
 1811  00002654  0bffffac	j	L55_LF2
 1812  00002658  54000000	nop; delay slot nop
 1813  0000265c          	L56_LF2:
 1814  0000265c  20010000	addi	r1,r0,#0
 1815  00002660  08000004	j	L54_LF2
 1816  00002664  54000000	nop; delay slot nop
 1817  00002668          	L54_LF2:
 1818  00002668  8fa20000	lw	r2,0(r29)
 1819  0000266c  8fdffff8	lw	r31,-8(r30)
 1820  00002670  001ee820	add	r29,r0,r30
 1821  00002674  8fdefffc	lw	r30,-4(r30)
 1822  00002678  4be00000	jr	r31
 1823  0000267c  54000000	nop
 1824  00002680          	.endproc _dindex
 1825  00002680          	.align 2
 1826  00002680          	.proc _ditoa
 1827  00002680          	.global _ditoa
 1828  00002680          	_ditoa:
 1829                      ;  Function 'ditoa'; 8 bytes of locals, 2 regs to save.
 1830  00002680  afbefffc	sw	-4(r29),r30; push fp
 1831  00002684  001df020	add	r30,r0,r29; fp = sp
 1832  00002688  afbffff8	sw	-8(r29),r31; push ret addr
 1833  0000268c  2fbd0018	subui	r29,r29,#24; alloc local storage
 1834  00002690  afa20000	sw	0(r29),r2
 1835  00002694  afa30004	sw	4(r29),r3
 1836  00002698  8fc10000	lw	r1,(r30)
 1837  0000269c  68220000	slti	r2,r1,#0
 1838  000026a0  1040002c	beqz	r2,L60_LF2
 1839  000026a4  54000000	nop; delay slot nop
 1840  000026a8  8fc10004	lw	r1,4(r30)
 1841  000026ac  20220001	addi	r2,r1,#1
 1842  000026b0  afc20004	sw	4(r30),r2
 1843  000026b4  2002002d	addi	r2,r0,(#0x2d)&0xff
 1844  000026b8  a0220000	sb	(r1),r2
 1845  000026bc  8fc10000	lw	r1,(r30)
 1846  000026c0  00011022	sub	r2,r0,r1
 1847  000026c4  afc20000	sw	(r30),r2
 1848  000026c8  08000118	j	L61_LF2
 1849  000026cc  54000000	nop; delay slot nop
 1850  000026d0          	L60_LF2:
 1851  000026d0  8fc10000	lw	r1,(r30)
 1852  000026d4  64220000	snei	r2,r1,#0
 1853  000026d8  14400020	bnez	r2,L62_LF2
 1854  000026dc  54000000	nop; delay slot nop
 1855  000026e0  8fc10004	lw	r1,4(r30)
 1856  000026e4  20220001	addi	r2,r1,#1
 1857  000026e8  afc20004	sw	4(r30),r2
 1858  000026ec  20020030	addi	r2,r0,(#0x30)&0xff
 1859  000026f0  a0220000	sb	(r1),r2
 1860  000026f4  080000ec	j	L61_LF2
 1861  000026f8  54000000	nop; delay slot nop
 1862  000026fc          	L62_LF2:
 1863  000026fc  20010001	addi	r1,r0,#1
 1864  00002700  afc1fff4	sw	-12(r30),r1
 1865  00002704          	L64_LF2:
 1866  00002704  8fc1fff4	lw	r1,-12(r30)
 1867  00002708  8fc20000	lw	r2,(r30)
 1868  0000270c  0022082c	sle	r1,r1,r2
 1869  00002710  1420000c	bnez	r1,L66_LF2
 1870  00002714  54000000	nop; delay slot nop
 1871  00002718  08000024	j	L65_LF2
 1872  0000271c  54000000	nop; delay slot nop
 1873  00002720          	L67_LF2:
 1874  00002720          	L66_LF2:
 1875  00002720  8fc1fff4	lw	r1,-12(r30)
 1876  00002724  00011820	add	r3,r0,r1
 1877  00002728  50620002	slli	r2,r3,#0x2
 1878  0000272c  00411020	add	r2,r2,r1
 1879  00002730  50410001	slli	r1,r2,#0x1
 1880  00002734  afc1fff4	sw	-12(r30),r1
 1881  00002738  0bffffc8	j	L64_LF2
 1882  0000273c  54000000	nop; delay slot nop
 1883  00002740          	L65_LF2:
 1884  00002740  54000000	nop
 1885  00002744          	L68_LF2:
 1886  00002744  8fc1fff4	lw	r1,-12(r30)
 1887  00002748  2002000a	addi	r2,r0,#10
 1888  0000274c  00200035	movi2fp	f0,r1
 1889  00002750  00400835	movi2fp	f1,r2
 1890  00002754  0401000f	div	f0,f0,f1
 1891  00002758  00000834	movfp2i	r1,f0
 1892  0000275c  afc1fff4	sw	-12(r30),r1
 1893  00002760  8fc10004	lw	r1,4(r30)
 1894  00002764  20220001	addi	r2,r1,#1
 1895  00002768  afc20004	sw	4(r30),r2
 1896  0000276c  8fc20000	lw	r2,(r30)
 1897  00002770  8fc3fff4	lw	r3,-12(r30)
 1898  00002774  00400035	movi2fp	f0,r2
 1899  00002778  00600835	movi2fp	f1,r3
 1900  0000277c  0401000f	div	f0,f0,f1
 1901  00002780  00001034	movfp2i	r2,f0
 1902  00002784  00021820	add	r3,r0,r2
 1903  00002788  20620030	addi	r2,r3,#48
 1904  0000278c  a0220000	sb	(r1),r2
 1905  00002790  8fc10000	lw	r1,(r30)
 1906  00002794  8fc3fff4	lw	r3,-12(r30)
 1907  00002798  00200035	movi2fp	f0,r1
 1908  0000279c  00600835	movi2fp	f1,r3
 1909  000027a0  0401000f	div	f0,f0,f1
 1910  000027a4  00001034	movfp2i	r2,f0
 1911  000027a8  8fc3fff4	lw	r3,-12(r30)
 1912  000027ac  00400035	movi2fp	f0,r2
 1913  000027b0  00600835	movi2fp	f1,r3
 1914  000027b4  0401000e	mult	f0,f0,f1
 1915  000027b8  00001034	movfp2i	r2,f0
 1916  000027bc  00220822	sub	r1,r1,r2
 1917  000027c0  afc10000	sw	(r30),r1
 1918  000027c4          	L70_LF2:
 1919  000027c4  8fc1fff4	lw	r1,-12(r30)
 1920  000027c8  6c220001	sgti	r2,r1,#1
 1921  000027cc  1440000c	bnez	r2,L71_LF2
 1922  000027d0  54000000	nop; delay slot nop
 1923  000027d4  0800000c	j	L61_LF2
 1924  000027d8  54000000	nop; delay slot nop
 1925  000027dc          	L71_LF2:
 1926  000027dc  0bffff64	j	L68_LF2
 1927  000027e0  54000000	nop; delay slot nop
 1928  000027e4          	L69_LF2:
 1929  000027e4          	L63_LF2:
 1930  000027e4          	L61_LF2:
 1931  000027e4  8fc10004	lw	r1,4(r30)
 1932  000027e8  20020000	addi	r2,r0,(#0x0)&0xff
 1933  000027ec  a0220000	sb	(r1),r2
 1934  000027f0          	L59_LF2:
 1935  000027f0  8fa20000	lw	r2,0(r29)
 1936  000027f4  8fa30004	lw	r3,4(r29)
 1937  000027f8  8fdffff8	lw	r31,-8(r30)
 1938  000027fc  001ee820	add	r29,r0,r30
 1939  00002800  8fdefffc	lw	r30,-4(r30)
 1940  00002804  4be00000	jr	r31
 1941  00002808  54000000	nop
 1942  0000280c          	.endproc _ditoa
 1943  0000280c          	.align 2
 1944  0000280c          	.proc _dstrtol
 1945  0000280c          	.global _dstrtol
 1946  0000280c          	_dstrtol:
 1947                      ;  Function 'dstrtol'; 16 bytes of locals, 1 regs to save.
 1948  0000280c  afbefffc	sw	-4(r29),r30; push fp
 1949  00002810  001df020	add	r30,r0,r29; fp = sp
 1950  00002814  afbffff8	sw	-8(r29),r31; push ret addr
 1951  00002818  2fbd0020	subui	r29,r29,#32; alloc local storage
 1952  0000281c  afa20000	sw	0(r29),r2
 1953  00002820  20010000	addi	r1,r0,#0
 1954  00002824  afc1fff4	sw	-12(r30),r1
 1955  00002828          	L73_LF2:
 1956  00002828  8fc10000	lw	r1,(r30)
 1957  0000282c  90220000	lbu	r2,(r1)
 1958  00002830  60410020	seqi	r1,r2,#32
 1959  00002834  14200034	bnez	r1,L75_LF2
 1960  00002838  54000000	nop; delay slot nop
 1961  0000283c  8fc10000	lw	r1,(r30)
 1962  00002840  90220000	lbu	r2,(r1)
 1963  00002844  60410009	seqi	r1,r2,#9
 1964  00002848  14200020	bnez	r1,L75_LF2
 1965  0000284c  54000000	nop; delay slot nop
 1966  00002850  8fc10000	lw	r1,(r30)
 1967  00002854  90220000	lbu	r2,(r1)
 1968  00002858  6041000a	seqi	r1,r2,#10
 1969  0000285c  1420000c	bnez	r1,L75_LF2
 1970  00002860  54000000	nop; delay slot nop
 1971  00002864  0800001c	j	L74_LF2
 1972  00002868  54000000	nop; delay slot nop
 1973  0000286c          	L75_LF2:
 1974  0000286c  8fc20000	lw	r2,(r30)
 1975  00002870  20410001	addi	r1,r2,#1
 1976  00002874  00011020	add	r2,r0,r1
 1977  00002878  afc20000	sw	(r30),r2
 1978  0000287c  0bffffa8	j	L73_LF2
 1979  00002880  54000000	nop; delay slot nop
 1980  00002884          	L74_LF2:
 1981  00002884  8fc10004	lw	r1,4(r30)
 1982  00002888  64220000	snei	r2,r1,#0
 1983  0000288c  10400010	beqz	r2,L76_LF2
 1984  00002890  54000000	nop; delay slot nop
 1985  00002894  8fc10004	lw	r1,4(r30)
 1986  00002898  8fc20000	lw	r2,(r30)
 1987  0000289c  ac220000	sw	(r1),r2
 1988  000028a0          	L76_LF2:
 1989  000028a0  8fc10000	lw	r1,(r30)
 1990  000028a4  90220000	lbu	r2,(r1)
 1991  000028a8  64410000	snei	r1,r2,#0
 1992  000028ac  14200010	bnez	r1,L77_LF2
 1993  000028b0  54000000	nop; delay slot nop
 1994  000028b4  8fc1fff4	lw	r1,-12(r30)
 1995  000028b8  08000294	j	L72_LF2
 1996  000028bc  54000000	nop; delay slot nop
 1997  000028c0          	L77_LF2:
 1998  000028c0  8fc10000	lw	r1,(r30)
 1999  000028c4  90220000	lbu	r2,(r1)
 2000  000028c8  6041002d	seqi	r1,r2,#45
 2001  000028cc  10200024	beqz	r1,L78_LF2
 2002  000028d0  54000000	nop; delay slot nop
 2003  000028d4  2001ffff	addi	r1,r0,#-1
 2004  000028d8  afc1ffec	sw	-20(r30),r1
 2005  000028dc  8fc20000	lw	r2,(r30)
 2006  000028e0  20410001	addi	r1,r2,#1
 2007  000028e4  00011020	add	r2,r0,r1
 2008  000028e8  afc20000	sw	(r30),r2
 2009  000028ec  0800000c	j	L79_LF2
 2010  000028f0  54000000	nop; delay slot nop
 2011  000028f4          	L78_LF2:
 2012  000028f4  20010001	addi	r1,r0,#1
 2013  000028f8  afc1ffec	sw	-20(r30),r1
 2014  000028fc          	L79_LF2:
 2015  000028fc  8fc10008	lw	r1,8(r30)
 2016  00002900  64220000	snei	r2,r1,#0
 2017  00002904  14400090	bnez	r2,L80_LF2
 2018  00002908  54000000	nop; delay slot nop
 2019  0000290c  8fc10000	lw	r1,(r30)
 2020  00002910  90220000	lbu	r2,(r1)
 2021  00002914  60410030	seqi	r1,r2,#48
 2022  00002918  10200074	beqz	r1,L81_LF2
 2023  0000291c  54000000	nop; delay slot nop
 2024  00002920  8fc20000	lw	r2,(r30)
 2025  00002924  20410001	addi	r1,r2,#1
 2026  00002928  00011020	add	r2,r0,r1
 2027  0000292c  afc20000	sw	(r30),r2
 2028  00002930  8fc10000	lw	r1,(r30)
 2029  00002934  90220000	lbu	r2,(r1)
 2030  00002938  60410078	seqi	r1,r2,#120
 2031  0000293c  14200020	bnez	r1,L83_LF2
 2032  00002940  54000000	nop; delay slot nop
 2033  00002944  8fc10000	lw	r1,(r30)
 2034  00002948  90220000	lbu	r2,(r1)
 2035  0000294c  60410058	seqi	r1,r2,#88
 2036  00002950  1420000c	bnez	r1,L83_LF2
 2037  00002954  54000000	nop; delay slot nop
 2038  00002958  08000024	j	L82_LF2
 2039  0000295c  54000000	nop; delay slot nop
 2040  00002960          	L83_LF2:
 2041  00002960  20010010	addi	r1,r0,#16
 2042  00002964  afc10008	sw	8(r30),r1
 2043  00002968  8fc20000	lw	r2,(r30)
 2044  0000296c  20410001	addi	r1,r2,#1
 2045  00002970  00011020	add	r2,r0,r1
 2046  00002974  afc20000	sw	(r30),r2
 2047  00002978  0800000c	j	L84_LF2
 2048  0000297c  54000000	nop; delay slot nop
 2049  00002980          	L82_LF2:
 2050  00002980  20010008	addi	r1,r0,#8
 2051  00002984  afc10008	sw	8(r30),r1
 2052  00002988          	L84_LF2:
 2053  00002988  0800000c	j	L80_LF2
 2054  0000298c  54000000	nop; delay slot nop
 2055  00002990          	L81_LF2:
 2056  00002990  2001000a	addi	r1,r0,#10
 2057  00002994  afc10008	sw	8(r30),r1
 2058  00002998          	L85_LF2:
 2059  00002998          	L80_LF2:
 2060  00002998  8fc10008	lw	r1,8(r30)
 2061  0000299c  70220000	slei	r2,r1,#0
 2062  000029a0  1440001c	bnez	r2,L87_LF2
 2063  000029a4  54000000	nop; delay slot nop
 2064  000029a8  8fc10008	lw	r1,8(r30)
 2065  000029ac  6c220010	sgti	r2,r1,#16
 2066  000029b0  1440000c	bnez	r2,L87_LF2
 2067  000029b4  54000000	nop; delay slot nop
 2068  000029b8  08000010	j	L86_LF2
 2069  000029bc  54000000	nop; delay slot nop
 2070  000029c0          	L87_LF2:
 2071  000029c0  8fc1fff4	lw	r1,-12(r30)
 2072  000029c4  08000188	j	L72_LF2
 2073  000029c8  54000000	nop; delay slot nop
 2074  000029cc          	L86_LF2:
 2075  000029cc  54000000	nop
 2076  000029d0          	L88_LF2:
 2077  000029d0  8fc10000	lw	r1,(r30)
 2078  000029d4  90220000	lbu	r2,(r1)
 2079  000029d8  6c41002f	sgtui	r1,r2,#47
 2080  000029dc  10200030	beqz	r1,L91_LF2
 2081  000029e0  54000000	nop; delay slot nop
 2082  000029e4  8fc10000	lw	r1,(r30)
 2083  000029e8  90220000	lbu	r2,(r1)
 2084  000029ec  70410039	sleui	r1,r2,#57
 2085  000029f0  1020001c	beqz	r1,L91_LF2
 2086  000029f4  54000000	nop; delay slot nop
 2087  000029f8  8fc10000	lw	r1,(r30)
 2088  000029fc  90220000	lbu	r2,(r1)
 2089  00002a00  2041ffd0	addi	r1,r2,#-48
 2090  00002a04  afc1fff0	sw	-16(r30),r1
 2091  00002a08  0800008c	j	L92_LF2
 2092  00002a0c  54000000	nop; delay slot nop
 2093  00002a10          	L91_LF2:
 2094  00002a10  8fc10000	lw	r1,(r30)
 2095  00002a14  90220000	lbu	r2,(r1)
 2096  00002a18  6c410060	sgtui	r1,r2,#96
 2097  00002a1c  10200030	beqz	r1,L93_LF2
 2098  00002a20  54000000	nop; delay slot nop
 2099  00002a24  8fc10000	lw	r1,(r30)
 2100  00002a28  90220000	lbu	r2,(r1)
 2101  00002a2c  7041007a	sleui	r1,r2,#122
 2102  00002a30  1020001c	beqz	r1,L93_LF2
 2103  00002a34  54000000	nop; delay slot nop
 2104  00002a38  8fc10000	lw	r1,(r30)
 2105  00002a3c  90220000	lbu	r2,(r1)
 2106  00002a40  2041ffa9	addi	r1,r2,#-87
 2107  00002a44  afc1fff0	sw	-16(r30),r1
 2108  00002a48  0800004c	j	L92_LF2
 2109  00002a4c  54000000	nop; delay slot nop
 2110  00002a50          	L93_LF2:
 2111  00002a50  8fc10000	lw	r1,(r30)
 2112  00002a54  90220000	lbu	r2,(r1)
 2113  00002a58  6c410040	sgtui	r1,r2,#64
 2114  00002a5c  10200030	beqz	r1,L95_LF2
 2115  00002a60  54000000	nop; delay slot nop
 2116  00002a64  8fc10000	lw	r1,(r30)
 2117  00002a68  90220000	lbu	r2,(r1)
 2118  00002a6c  7041005a	sleui	r1,r2,#90
 2119  00002a70  1020001c	beqz	r1,L95_LF2
 2120  00002a74  54000000	nop; delay slot nop
 2121  00002a78  8fc10000	lw	r1,(r30)
 2122  00002a7c  90220000	lbu	r2,(r1)
 2123  00002a80  2041ffc9	addi	r1,r2,#-55
 2124  00002a84  afc1fff0	sw	-16(r30),r1
 2125  00002a88  0800000c	j	L92_LF2
 2126  00002a8c  54000000	nop; delay slot nop
 2127  00002a90          	L95_LF2:
 2128  00002a90  200103e8	addi	r1,r0,#1000
 2129  00002a94  afc1fff0	sw	-16(r30),r1
 2130  00002a98          	L96_LF2:
 2131  00002a98          	L94_LF2:
 2132  00002a98          	L92_LF2:
 2133  00002a98  8fc1fff0	lw	r1,-16(r30)
 2134  00002a9c  8fc20008	lw	r2,8(r30)
 2135  00002aa0  0022082a	slt	r1,r1,r2
 2136  00002aa4  10200040	beqz	r1,L90_LF2
 2137  00002aa8  54000000	nop; delay slot nop
 2138  00002aac  8fc1fff4	lw	r1,-12(r30)
 2139  00002ab0  8fc20008	lw	r2,8(r30)
 2140  00002ab4  00200035	movi2fp	f0,r1
 2141  00002ab8  00400835	movi2fp	f1,r2
 2142  00002abc  0401000e	mult	f0,f0,f1
 2143  00002ac0  00000834	movfp2i	r1,f0
 2144  00002ac4  afc1fff4	sw	-12(r30),r1
 2145  00002ac8  8fc1fff4	lw	r1,-12(r30)
 2146  00002acc  8fc2fff0	lw	r2,-16(r30)
 2147  00002ad0  00220820	add	r1,r1,r2
 2148  00002ad4  afc1fff4	sw	-12(r30),r1
 2149  00002ad8  8fc20000	lw	r2,(r30)
 2150  00002adc  20410001	addi	r1,r2,#1
 2151  00002ae0  00011020	add	r2,r0,r1
 2152  00002ae4  afc20000	sw	(r30),r2
 2153  00002ae8          	L97_LF2:
 2154  00002ae8          	L90_LF2:
 2155  00002ae8  8fc1fff0	lw	r1,-16(r30)
 2156  00002aec  8fc20008	lw	r2,8(r30)
 2157  00002af0  0022082a	slt	r1,r1,r2
 2158  00002af4  1420000c	bnez	r1,L98_LF2
 2159  00002af8  54000000	nop; delay slot nop
 2160  00002afc  0800000c	j	L89_LF2
 2161  00002b00  54000000	nop; delay slot nop
 2162  00002b04          	L98_LF2:
 2163  00002b04  0bfffec8	j	L88_LF2
 2164  00002b08  54000000	nop; delay slot nop
 2165  00002b0c          	L89_LF2:
 2166  00002b0c  8fc10004	lw	r1,4(r30)
 2167  00002b10  64220000	snei	r2,r1,#0
 2168  00002b14  10400010	beqz	r2,L99_LF2
 2169  00002b18  54000000	nop; delay slot nop
 2170  00002b1c  8fc10004	lw	r1,4(r30)
 2171  00002b20  8fc20000	lw	r2,(r30)
 2172  00002b24  ac220000	sw	(r1),r2
 2173  00002b28          	L99_LF2:
 2174  00002b28  8fc1fff4	lw	r1,-12(r30)
 2175  00002b2c  8fc2ffec	lw	r2,-20(r30)
 2176  00002b30  00200035	movi2fp	f0,r1
 2177  00002b34  00400835	movi2fp	f1,r2
 2178  00002b38  0401000e	mult	f0,f0,f1
 2179  00002b3c  00000834	movfp2i	r1,f0
 2180  00002b40  afc1fff4	sw	-12(r30),r1
 2181  00002b44  8fc1fff4	lw	r1,-12(r30)
 2182  00002b48  08000004	j	L72_LF2
 2183  00002b4c  54000000	nop; delay slot nop
 2184  00002b50          	L72_LF2:
 2185  00002b50  8fa20000	lw	r2,0(r29)
 2186  00002b54  8fdffff8	lw	r31,-8(r30)
 2187  00002b58  001ee820	add	r29,r0,r30
 2188  00002b5c  8fdefffc	lw	r30,-4(r30)
 2189  00002b60  4be00000	jr	r31
 2190  00002b64  54000000	nop
 2191  00002b68          	.endproc _dstrtol
 2192  00002b68          	.align 2
 2193  00002b68          	.proc _bcopy
 2194  00002b68          	.global _bcopy
 2195  00002b68          	_bcopy:
 2196                      ;  Function 'bcopy'; 0 bytes of locals, 2 regs to save.
 2197  00002b68  afbefffc	sw	-4(r29),r30; push fp
 2198  00002b6c  001df020	add	r30,r0,r29; fp = sp
 2199  00002b70  afbffff8	sw	-8(r29),r31; push ret addr
 2200  00002b74  2fbd0010	subui	r29,r29,#16; alloc local storage
 2201  00002b78  afa20000	sw	0(r29),r2
 2202  00002b7c  afa30004	sw	4(r29),r3
 2203  00002b80  54000000	nop
 2204  00002b84          	L101_LF2:
 2205  00002b84  8fc10008	lw	r1,8(r30)
 2206  00002b88  2022ffff	addi	r2,r1,#-1
 2207  00002b8c  afc20008	sw	8(r30),r2
 2208  00002b90  6c210000	sgti	r1,r1,#0
 2209  00002b94  1420000c	bnez	r1,L103_LF2
 2210  00002b98  54000000	nop; delay slot nop
 2211  00002b9c  0800002c	j	L102_LF2
 2212  00002ba0  54000000	nop; delay slot nop
 2213  00002ba4          	L103_LF2:
 2214  00002ba4  8fc10004	lw	r1,4(r30)
 2215  00002ba8  20220001	addi	r2,r1,#1
 2216  00002bac  afc20004	sw	4(r30),r2
 2217  00002bb0  8fc20000	lw	r2,(r30)
 2218  00002bb4  20430001	addi	r3,r2,#1
 2219  00002bb8  afc30000	sw	(r30),r3
 2220  00002bbc  80420000	lb	r2,(r2)
 2221  00002bc0  a0220000	sb	(r1),r2
 2222  00002bc4  0bffffbc	j	L101_LF2
 2223  00002bc8  54000000	nop; delay slot nop
 2224  00002bcc          	L102_LF2:
 2225  00002bcc          	L100_LF2:
 2226  00002bcc  8fa20000	lw	r2,0(r29)
 2227  00002bd0  8fa30004	lw	r3,4(r29)
 2228  00002bd4  8fdffff8	lw	r31,-8(r30)
 2229  00002bd8  001ee820	add	r29,r0,r30
 2230  00002bdc  8fdefffc	lw	r30,-4(r30)
 2231  00002be0  4be00000	jr	r31
 2232  00002be4  54000000	nop
 2233  00002be8          	.endproc _bcopy
 2234  00002be8          	.align 2
 2235  00002be8          	.proc _bzero
 2236  00002be8          	.global _bzero
 2237  00002be8          	_bzero:
 2238                      ;  Function 'bzero'; 0 bytes of locals, 1 regs to save.
 2239  00002be8  afbefffc	sw	-4(r29),r30; push fp
 2240  00002bec  001df020	add	r30,r0,r29; fp = sp
 2241  00002bf0  afbffff8	sw	-8(r29),r31; push ret addr
 2242  00002bf4  2fbd0010	subui	r29,r29,#16; alloc local storage
 2243  00002bf8  afa20000	sw	0(r29),r2
 2244  00002bfc  54000000	nop
 2245  00002c00          	L105_LF2:
 2246  00002c00  8fc10004	lw	r1,4(r30)
 2247  00002c04  2022ffff	addi	r2,r1,#-1
 2248  00002c08  afc20004	sw	4(r30),r2
 2249  00002c0c  6c210000	sgti	r1,r1,#0
 2250  00002c10  1420000c	bnez	r1,L107_LF2
 2251  00002c14  54000000	nop; delay slot nop
 2252  00002c18  08000020	j	L106_LF2
 2253  00002c1c  54000000	nop; delay slot nop
 2254  00002c20          	L107_LF2:
 2255  00002c20  8fc10000	lw	r1,(r30)
 2256  00002c24  20220001	addi	r2,r1,#1
 2257  00002c28  afc20000	sw	(r30),r2
 2258  00002c2c  20020000	addi	r2,r0,(#0x0)&0xff
 2259  00002c30  a0220000	sb	(r1),r2
 2260  00002c34  0bffffc8	j	L105_LF2
 2261  00002c38  54000000	nop; delay slot nop
 2262  00002c3c          	L106_LF2:
 2263  00002c3c          	L104_LF2:
 2264  00002c3c  8fa20000	lw	r2,0(r29)
 2265  00002c40  8fdffff8	lw	r31,-8(r30)
 2266  00002c44  001ee820	add	r29,r0,r30
 2267  00002c48  8fdefffc	lw	r30,-4(r30)
 2268  00002c4c  4be00000	jr	r31
 2269  00002c50  54000000	nop
 2270  00002c54          	.endproc _bzero
 2271  00002c54          	.align 2
 2272  00002c54          	.proc _min
 2273  00002c54          	.global _min
 2274  00002c54          	_min:
 2275                      ;  Function 'min'; 0 bytes of locals, 2 regs to save.
 2276  00002c54  afbefffc	sw	-4(r29),r30; push fp
 2277  00002c58  001df020	add	r30,r0,r29; fp = sp
 2278  00002c5c  afbffff8	sw	-8(r29),r31; push ret addr
 2279  00002c60  2fbd0010	subui	r29,r29,#16; alloc local storage
 2280  00002c64  afa20000	sw	0(r29),r2
 2281  00002c68  afa30004	sw	4(r29),r3
 2282  00002c6c  8fc10000	lw	r1,(r30)
 2283  00002c70  8fc20004	lw	r2,4(r30)
 2284  00002c74  0022182c	sle	r3,r1,r2
 2285  00002c78  14600008	bnez	r3,L109_LF2
 2286  00002c7c  54000000	nop; delay slot nop
 2287  00002c80  8fc10004	lw	r1,4(r30)
 2288  00002c84          	L109_LF2:
 2289  00002c84  08000004	j	L108_LF2
 2290  00002c88  54000000	nop; delay slot nop
 2291  00002c8c          	L108_LF2:
 2292  00002c8c  8fa20000	lw	r2,0(r29)
 2293  00002c90  8fa30004	lw	r3,4(r29)
 2294  00002c94  8fdffff8	lw	r31,-8(r30)
 2295  00002c98  001ee820	add	r29,r0,r30
 2296  00002c9c  8fdefffc	lw	r30,-4(r30)
 2297  00002ca0  4be00000	jr	r31
 2298  00002ca4  54000000	nop
 2299  00002ca8          	.endproc _min
 2300  00002ca8          	.align 2
 2301  00002ca8          	.proc _max
 2302  00002ca8          	.global _max
 2303  00002ca8          	_max:
 2304                      ;  Function 'max'; 0 bytes of locals, 2 regs to save.
 2305  00002ca8  afbefffc	sw	-4(r29),r30; push fp
 2306  00002cac  001df020	add	r30,r0,r29; fp = sp
 2307  00002cb0  afbffff8	sw	-8(r29),r31; push ret addr
 2308  00002cb4  2fbd0010	subui	r29,r29,#16; alloc local storage
 2309  00002cb8  afa20000	sw	0(r29),r2
 2310  00002cbc  afa30004	sw	4(r29),r3
 2311  00002cc0  8fc10000	lw	r1,(r30)
 2312  00002cc4  8fc20004	lw	r2,4(r30)
 2313  00002cc8  0022182d	sge	r3,r1,r2
 2314  00002ccc  14600008	bnez	r3,L111_LF2
 2315  00002cd0  54000000	nop; delay slot nop
 2316  00002cd4  8fc10004	lw	r1,4(r30)
 2317  00002cd8          	L111_LF2:
 2318  00002cd8  08000004	j	L110_LF2
 2319  00002cdc  54000000	nop; delay slot nop
 2320  00002ce0          	L110_LF2:
 2321  00002ce0  8fa20000	lw	r2,0(r29)
 2322  00002ce4  8fa30004	lw	r3,4(r29)
 2323  00002ce8  8fdffff8	lw	r31,-8(r30)
 2324  00002cec  001ee820	add	r29,r0,r30
 2325  00002cf0  8fdefffc	lw	r30,-4(r30)
 2326  00002cf4  4be00000	jr	r31
 2327  00002cf8  54000000	nop
 2328  00002cfc          	.endproc _max
 2329                      ;;; Ethan L. Miller, 1999.  Released to the public domain
 2330                      ;;;
 2331                      ;;; Most of the traps are called in files from libtraps.
 2334  00002cfc          	.align 2
 2335  00002cfc          	.proc _exit
 2336  00002cfc          	.global _exit
 2337  00002cfc          	_exit:
 2338  00002cfc  44000300	trap	#0x300
 2339  00002d00  4be00000	jr	r31
 2340  00002d04  54000000	nop
 2341  00002d08          	.endproc _exit
 2343                      ; for the benefit of gcc.
 2344  00002d08          	.proc ___main
 2345  00002d08          	.global ___main
 2346  00002d08          	___main:
 2347  00002d08  4be00000	jr	r31
 2348  00002d0c  54000000	nop
 2349  00002d10          	.endproc ___main
 2350  00002d10          	.text
 2351  00002d10          	.global _etext
 2352  00002d10          	_etext:
 2353  00002d10          	.align 3
 2354  00002d10          	.data
 2355  00003109          	.global _edata
 2356  00003109          	_edata:
